<?xml version="1.0" encoding="utf-8" ?>
<!DOCTYPE html PUBLIC "-//W3C//DTD XHTML 1.0 Strict//EN"
        "http://www.w3.org/TR/xhtml1/DTD/xhtml1-strict.dtd">
<html xmlns="http://www.w3.org/1999/xhtml" xml:lang="" lang="">
<head>
  <title>Test Results Report - StreamTest</title>
  <meta http-equiv="Content-Type" content="text/html;charset=utf-8" />
  <meta name="description" content="TestNG unit test results." />
  <link href="reportng.css" rel="stylesheet" type="text/css" />
    <script type="text/javascript" src="reportng.js"></script>
</head>
<body>
<h1>StreamTest</h1>
<p>
  Test duration: 28.171s
</p>



  <table class="resultsTable">
    <tr><th colspan="3" class="header failed">Failed Tests</th></tr>
          <tr>
        <td colspan="3" class="group">com.epam.testexternalpart.tests.StreamTest</td>
      </tr>
            
<tr>
  <td class="method">
                  testAddNewValidStream
      </td>
  <td class="duration">
    2.655s
  </td>
  <td class="result">
        
          <i>Method arguments: </i><span class="arguments">"Sssssss"</span><br />
    
            <div class="testOutput">
                        <br /><b><font size = 2 color = #000099>Check the possibility of adding new stream with valid name</font></b><br/>
                                <br /><font size = 2 color = #000000>Click on [AddStreamButton]</font>
                                <br /><font size = 2 color = #000000>Create new Stream with name Sssssss</font>
                                <br /><font size = 2 color = #000000>Click on [AddStreamButton]</font>
                  </div>
    

        <a href="javascript:toggleElement('exception-0', 'block')" title="Click to expand/collapse"><b>org.openqa.selenium.NoSuchElementException: no such element<br/>
&nbsp; (Session info: chrome=39.0.2171.99)<br/>
&nbsp; (Driver info: chromedriver=2.9.248315,platform=Windows NT 6.1 SP1 x86_64) (WARNING: The server did not provide any stacktrace information)<br/>
Command duration or timeout: 20 milliseconds<br/>
For documentation on this error, please visit: http://seleniumhq.org/exceptions/no_such_element.html<br/>
Build info: version: &apos;2.44.0&apos;, revision: &apos;76d78cf323ce037c5f92db6c1bba601c2ac43ad8&apos;, time: &apos;2014-10-23 13:11:40&apos;<br/>
System info: host: &apos;EPUAKHAW0329&apos;, ip: &apos;10.23.12.108&apos;, os.name: &apos;Windows 7&apos;, os.arch: &apos;amd64&apos;, os.version: &apos;6.1&apos;, java.version: &apos;1.7.0_67&apos;<br/>
Session ID: 9a0e5eecb51fbbaf6ee8e69af273a268<br/>
Driver info: org.openqa.selenium.chrome.ChromeDriver<br/>
Capabilities [{platform=XP, acceptSslCerts=true, javascriptEnabled=true, browserName=chrome, chrome={userDataDir=C:\Users\Olha_Myroliubova\AppData\Local\Temp\scoped_dir10236_20299}, rotatable=false, locationContextEnabled=true, version=39.0.2171.99, takesHeapSnapshot=true, cssSelectorsEnabled=true, databaseEnabled=false, handlesAlerts=true, browserConnectionEnabled=false, webStorageEnabled=true, nativeEvents=true, applicationCacheEnabled=false, takesScreenshot=true}]</b></a><br />
    <div class="stackTrace" id="exception-0">
              sun.reflect.GeneratedConstructorAccessor34.newInstance(Unknown Source)<br />
              sun.reflect.DelegatingConstructorAccessorImpl.newInstance(Unknown Source)<br />
              java.lang.reflect.Constructor.newInstance(Unknown Source)<br />
              org.openqa.selenium.remote.ErrorHandler.createThrowable(ErrorHandler.java:204)<br />
              org.openqa.selenium.remote.ErrorHandler.throwIfResponseFailed(ErrorHandler.java:156)<br />
              org.openqa.selenium.remote.RemoteWebDriver.execute(RemoteWebDriver.java:599)<br />
              org.openqa.selenium.remote.RemoteWebDriver.findElement(RemoteWebDriver.java:352)<br />
              org.openqa.selenium.remote.RemoteWebDriver.findElementByXPath(RemoteWebDriver.java:449)<br />
              org.openqa.selenium.By$ByXPath.findElement(By.java:357)<br />
              org.openqa.selenium.remote.RemoteWebDriver.findElement(RemoteWebDriver.java:344)<br />
              com.epam.testexternalpart.screen.departments.Departments.deleteAddedStream(Departments.java:254)<br />
              com.epam.testexternalpart.tests.StreamTest.testAddNewValidStream(StreamTest.java:16)<br />
              sun.reflect.NativeMethodAccessorImpl.invoke0(Native Method)<br />
              sun.reflect.NativeMethodAccessorImpl.invoke(Unknown Source)<br />
              sun.reflect.DelegatingMethodAccessorImpl.invoke(Unknown Source)<br />
              java.lang.reflect.Method.invoke(Unknown Source)<br />
              org.testng.internal.MethodInvocationHelper.invokeMethod(MethodInvocationHelper.java:84)<br />
              org.testng.internal.Invoker.invokeMethod(Invoker.java:714)<br />
              org.testng.internal.Invoker.invokeTestMethod(Invoker.java:901)<br />
              org.testng.internal.Invoker.invokeTestMethods(Invoker.java:1231)<br />
              org.testng.internal.TestMethodWorker.invokeTestMethods(TestMethodWorker.java:127)<br />
              org.testng.internal.TestMethodWorker.run(TestMethodWorker.java:111)<br />
              org.testng.TestRunner.privateRun(TestRunner.java:767)<br />
              org.testng.TestRunner.run(TestRunner.java:617)<br />
              org.testng.SuiteRunner.runTest(SuiteRunner.java:348)<br />
              org.testng.SuiteRunner.runSequentially(SuiteRunner.java:343)<br />
              org.testng.SuiteRunner.privateRun(SuiteRunner.java:305)<br />
              org.testng.SuiteRunner.run(SuiteRunner.java:254)<br />
              org.testng.SuiteRunnerWorker.runSuite(SuiteRunnerWorker.java:52)<br />
              org.testng.SuiteRunnerWorker.run(SuiteRunnerWorker.java:86)<br />
              org.testng.TestNG.runSuitesSequentially(TestNG.java:1224)<br />
              org.testng.TestNG.runSuitesLocally(TestNG.java:1149)<br />
              org.testng.TestNG.run(TestNG.java:1057)<br />
              org.apache.maven.surefire.testng.TestNGExecutor.run(TestNGExecutor.java:295)<br />
              org.apache.maven.surefire.testng.TestNGXmlTestSuite.execute(TestNGXmlTestSuite.java:84)<br />
              org.apache.maven.surefire.testng.TestNGProvider.invoke(TestNGProvider.java:90)<br />
              org.apache.maven.surefire.booter.ForkedBooter.invokeProviderInSameClassLoader(ForkedBooter.java:203)<br />
              org.apache.maven.surefire.booter.ForkedBooter.runSuitesInProcess(ForkedBooter.java:155)<br />
              org.apache.maven.surefire.booter.ForkedBooter.main(ForkedBooter.java:103)<br />
                </div>
      </td>
</tr>
<tr>
  <td class="method">
                  testAddNewValidStream
      </td>
  <td class="duration">
    2.700s
  </td>
  <td class="result">
        
          <i>Method arguments: </i><span class="arguments">"Hogwarts"</span><br />
    
            <div class="testOutput">
                        <br /><b><font size = 2 color = #000099>Check the possibility of adding new stream with valid name</font></b><br/>
                                <br /><font size = 2 color = #000000>Click on [AddStreamButton]</font>
                                <br /><font size = 2 color = #000000>Create new Stream with name Hogwarts</font>
                                <br /><font size = 2 color = #000000>Click on [AddStreamButton]</font>
                  </div>
    

        <a href="javascript:toggleElement('exception-1', 'block')" title="Click to expand/collapse"><b>org.openqa.selenium.NoSuchElementException: no such element<br/>
&nbsp; (Session info: chrome=39.0.2171.99)<br/>
&nbsp; (Driver info: chromedriver=2.9.248315,platform=Windows NT 6.1 SP1 x86_64) (WARNING: The server did not provide any stacktrace information)<br/>
Command duration or timeout: 18 milliseconds<br/>
For documentation on this error, please visit: http://seleniumhq.org/exceptions/no_such_element.html<br/>
Build info: version: &apos;2.44.0&apos;, revision: &apos;76d78cf323ce037c5f92db6c1bba601c2ac43ad8&apos;, time: &apos;2014-10-23 13:11:40&apos;<br/>
System info: host: &apos;EPUAKHAW0329&apos;, ip: &apos;10.23.12.108&apos;, os.name: &apos;Windows 7&apos;, os.arch: &apos;amd64&apos;, os.version: &apos;6.1&apos;, java.version: &apos;1.7.0_67&apos;<br/>
Session ID: 9a0e5eecb51fbbaf6ee8e69af273a268<br/>
Driver info: org.openqa.selenium.chrome.ChromeDriver<br/>
Capabilities [{platform=XP, acceptSslCerts=true, javascriptEnabled=true, browserName=chrome, chrome={userDataDir=C:\Users\Olha_Myroliubova\AppData\Local\Temp\scoped_dir10236_20299}, rotatable=false, locationContextEnabled=true, version=39.0.2171.99, takesHeapSnapshot=true, cssSelectorsEnabled=true, databaseEnabled=false, handlesAlerts=true, browserConnectionEnabled=false, webStorageEnabled=true, nativeEvents=true, applicationCacheEnabled=false, takesScreenshot=true}]</b></a><br />
    <div class="stackTrace" id="exception-1">
              sun.reflect.GeneratedConstructorAccessor34.newInstance(Unknown Source)<br />
              sun.reflect.DelegatingConstructorAccessorImpl.newInstance(Unknown Source)<br />
              java.lang.reflect.Constructor.newInstance(Unknown Source)<br />
              org.openqa.selenium.remote.ErrorHandler.createThrowable(ErrorHandler.java:204)<br />
              org.openqa.selenium.remote.ErrorHandler.throwIfResponseFailed(ErrorHandler.java:156)<br />
              org.openqa.selenium.remote.RemoteWebDriver.execute(RemoteWebDriver.java:599)<br />
              org.openqa.selenium.remote.RemoteWebDriver.findElement(RemoteWebDriver.java:352)<br />
              org.openqa.selenium.remote.RemoteWebDriver.findElementByXPath(RemoteWebDriver.java:449)<br />
              org.openqa.selenium.By$ByXPath.findElement(By.java:357)<br />
              org.openqa.selenium.remote.RemoteWebDriver.findElement(RemoteWebDriver.java:344)<br />
              com.epam.testexternalpart.screen.departments.Departments.deleteAddedStream(Departments.java:254)<br />
              com.epam.testexternalpart.tests.StreamTest.testAddNewValidStream(StreamTest.java:16)<br />
              sun.reflect.NativeMethodAccessorImpl.invoke0(Native Method)<br />
              sun.reflect.NativeMethodAccessorImpl.invoke(Unknown Source)<br />
              sun.reflect.DelegatingMethodAccessorImpl.invoke(Unknown Source)<br />
              java.lang.reflect.Method.invoke(Unknown Source)<br />
              org.testng.internal.MethodInvocationHelper.invokeMethod(MethodInvocationHelper.java:84)<br />
              org.testng.internal.Invoker.invokeMethod(Invoker.java:714)<br />
              org.testng.internal.Invoker.invokeTestMethod(Invoker.java:901)<br />
              org.testng.internal.Invoker.invokeTestMethods(Invoker.java:1231)<br />
              org.testng.internal.TestMethodWorker.invokeTestMethods(TestMethodWorker.java:127)<br />
              org.testng.internal.TestMethodWorker.run(TestMethodWorker.java:111)<br />
              org.testng.TestRunner.privateRun(TestRunner.java:767)<br />
              org.testng.TestRunner.run(TestRunner.java:617)<br />
              org.testng.SuiteRunner.runTest(SuiteRunner.java:348)<br />
              org.testng.SuiteRunner.runSequentially(SuiteRunner.java:343)<br />
              org.testng.SuiteRunner.privateRun(SuiteRunner.java:305)<br />
              org.testng.SuiteRunner.run(SuiteRunner.java:254)<br />
              org.testng.SuiteRunnerWorker.runSuite(SuiteRunnerWorker.java:52)<br />
              org.testng.SuiteRunnerWorker.run(SuiteRunnerWorker.java:86)<br />
              org.testng.TestNG.runSuitesSequentially(TestNG.java:1224)<br />
              org.testng.TestNG.runSuitesLocally(TestNG.java:1149)<br />
              org.testng.TestNG.run(TestNG.java:1057)<br />
              org.apache.maven.surefire.testng.TestNGExecutor.run(TestNGExecutor.java:295)<br />
              org.apache.maven.surefire.testng.TestNGXmlTestSuite.execute(TestNGXmlTestSuite.java:84)<br />
              org.apache.maven.surefire.testng.TestNGProvider.invoke(TestNGProvider.java:90)<br />
              org.apache.maven.surefire.booter.ForkedBooter.invokeProviderInSameClassLoader(ForkedBooter.java:203)<br />
              org.apache.maven.surefire.booter.ForkedBooter.runSuitesInProcess(ForkedBooter.java:155)<br />
              org.apache.maven.surefire.booter.ForkedBooter.main(ForkedBooter.java:103)<br />
                </div>
      </td>
</tr>
      </table>


  <table class="resultsTable">
    <tr><th colspan="3" class="header passed">Passed Tests</th></tr>
          <tr>
        <td colspan="3" class="group">com.epam.testexternalpart.tests.StreamTest</td>
      </tr>
            
<tr>
  <td class="method">
                  testAddNewInValidStream
      </td>
  <td class="duration">
    2.429s
  </td>
  <td class="result">
        
          <i>Method arguments: </i><span class="arguments">"!!!"</span><br />
    
            <div class="testOutput">
                        <br /><b><font size = 2 color = #000099>Check the possibility of adding with invalid name</font></b><br/>
                                <br /><font size = 2 color = #000000>Click on [AddStreamButton]</font>
                                <br /><font size = 2 color = #000000>Create new Stream with name !!!</font>
                                <br /><font size = 2 color = #000000>Click on [AddStreamButton]</font>
                                <br /><font size = 2 color = #000000>Checking the presence of the elemen [Added stream]</font>
                                <br /><font size = 2 color = #347C17>&nbsp;&nbsp;[Added stream]is Present</font>
                  </div>
    

      </td>
</tr>
<tr>
  <td class="method">
                  testAddNewInValidStream
      </td>
  <td class="duration">
    2.454s
  </td>
  <td class="result">
        
          <i>Method arguments: </i><span class="arguments">"12323.0"</span><br />
    
            <div class="testOutput">
                        <br /><b><font size = 2 color = #000099>Check the possibility of adding with invalid name</font></b><br/>
                                <br /><font size = 2 color = #000000>Click on [AddStreamButton]</font>
                                <br /><font size = 2 color = #000000>Create new Stream with name 12323.0</font>
                                <br /><font size = 2 color = #000000>Click on [AddStreamButton]</font>
                                <br /><font size = 2 color = #000000>Checking the presence of the elemen [Added stream]</font>
                                <br /><font size = 2 color = #347C17>&nbsp;&nbsp;[Added stream]is Present</font>
                  </div>
    

      </td>
</tr>
<tr>
  <td class="method">
                  testAddNewInValidStream
      </td>
  <td class="duration">
    2.443s
  </td>
  <td class="result">
        
          <i>Method arguments: </i><span class="arguments">""</span><br />
    
            <div class="testOutput">
                        <br /><b><font size = 2 color = #000099>Check the possibility of adding with invalid name</font></b><br/>
                                <br /><font size = 2 color = #000000>Click on [AddStreamButton]</font>
                                <br /><font size = 2 color = #000000>Create new Stream with name </font>
                                <br /><font size = 2 color = #000000>Click on [AddStreamButton]</font>
                                <br /><font size = 2 color = #000000>Checking the presence of the elemen [Added stream]</font>
                                <br /><font size = 2 color = #347C17>&nbsp;&nbsp;[Added stream]is Present</font>
                  </div>
    

      </td>
</tr>
<tr>
  <td class="method">
                  testAddNewInValidStream
      </td>
  <td class="duration">
    3.134s
  </td>
  <td class="result">
        
          <i>Method arguments: </i><span class="arguments">"…"</span><br />
    
            <div class="testOutput">
                        <br /><b><font size = 2 color = #000099>Check the possibility of adding with invalid name</font></b><br/>
                                <br /><font size = 2 color = #000000>Click on [AddStreamButton]</font>
                                <br /><font size = 2 color = #000000>Create new Stream with name …</font>
                                <br /><font size = 2 color = #000000>Click on [AddStreamButton]</font>
                                <br /><font size = 2 color = #000000>Checking the presence of the elemen [Added stream]</font>
                                <br /><font size = 2 color = #347C17>&nbsp;&nbsp;[Added stream]is Present</font>
                  </div>
    

      </td>
</tr>
<tr>
  <td class="method">
                  testEditStream
      </td>
  <td class="duration">
    2.460s
  </td>
  <td class="result">
        
          <i>Method arguments: </i><span class="arguments">"1.0"</span><br />
    
            <div class="testOutput">
                        <br /><b><font size = 2 color = #000099>Check the possibility of editingh stream</font></b><br/>
                                <br /><font size = 2 color = #000000>Click on [addStreamButton]</font>
                                <br /><font size = 2 color = #000000>Create new Stream with name 1.0</font>
                                <br /><font size = 2 color = #000000>Click on [AddStreamButton]</font>
                                <br /><font size = 2 color = #000000>Checking the presence of the elemen [Added stream]</font>
                                <br /><font size = 2 color = #347C17>&nbsp;&nbsp;[Added stream]is Present</font>
                  </div>
    

      </td>
</tr>
<tr>
  <td class="method">
                  testEditStream
      </td>
  <td class="duration">
    2.557s
  </td>
  <td class="result">
        
          <i>Method arguments: </i><span class="arguments">"2.0"</span><br />
    
            <div class="testOutput">
                        <br /><b><font size = 2 color = #000099>Check the possibility of editingh stream</font></b><br/>
                                <br /><font size = 2 color = #000000>Click on [addStreamButton]</font>
                                <br /><font size = 2 color = #000000>Create new Stream with name 2.0</font>
                                <br /><font size = 2 color = #000000>Click on [AddStreamButton]</font>
                                <br /><font size = 2 color = #000000>Checking the presence of the elemen [Added stream]</font>
                                <br /><font size = 2 color = #347C17>&nbsp;&nbsp;[Added stream]is Present</font>
                  </div>
    

      </td>
</tr>
      </table>
  
</body>
</html>
