<?xml version="1.0" encoding="UTF-8"?>
<!-- Generated by org.testng.reporters.JUnitXMLReporter -->
<testsuite hostname="EPUAKHAW0083" name="Default test" tests="12" failures="0" timestamp="14 Jan 2015 11:17:51 GMT" time="230.458" errors="0">
  <testcase name="checkAddStreamAccordingToDepartment" time="4.626" classname="com.epam.testexternalpart.tests.SmokeTest"/>
  <testcase name="checkElAllCandiadtesMenu" time="19.072" classname="com.epam.testexternalpart.tests.SmokeTest"/>
  <testcase name="checkElStreamPage" time="29.544" classname="com.epam.testexternalpart.tests.SmokeTest"/>
  <testcase name="checkElementsAddCandidate" time="22.724" classname="com.epam.testexternalpart.tests.SmokeTest"/>
  <testcase name="checkElementsEditCandidate" time="55.401" classname="com.epam.testexternalpart.tests.SmokeTest"/>
  <testcase name="checkElementsPresentAddDepartmentPage" time="10.518" classname="com.epam.testexternalpart.tests.SmokeTest"/>
  <testcase name="checkElementsPresentAddStreamPage" time="10.872" classname="com.epam.testexternalpart.tests.SmokeTest"/>
  <testcase name="checkElementsPresentDepartmentPage" time="0.453" classname="com.epam.testexternalpart.tests.SmokeTest"/>
  <testcase name="checkElementsViewCandidate" time="58.847" classname="com.epam.testexternalpart.tests.SmokeTest"/>
  <testcase name="checkEmailTemplatesPage" time="2.689" classname="com.epam.testexternalpart.tests.SmokeTest"/>
  <testcase name="checkMailSettingsMenu" time="0.001" classname="com.epam.testexternalpart.tests.SmokeTest"/>
  <testcase name="checkMenu" time="0.395" classname="com.epam.testexternalpart.tests.SmokeTest"/>
</testsuite> <!-- Default test -->
