<?xml version="1.0" encoding="UTF-8"?>
<!-- Generated by org.testng.reporters.JUnitXMLReporter -->
<testsuite hostname="EPUAKHAW0083" name="Default test" tests="14" failures="0" timestamp="22 Dec 2014 15:38:24 GMT" time="116.09" errors="0">
  <testcase name="checkElAllCandiadtesMenu" time="13.733" classname="com.epam.testexternalpart.tests.SmokeTest"/>
  <testcase name="checkElStreamPage" time="16.782" classname="com.epam.testexternalpart.tests.SmokeTest"/>
  <testcase name="checkElementsAddCandidate" time="8.924" classname="com.epam.testexternalpart.tests.SmokeTest"/>
  <testcase name="checkElementsEditCandidate" time="19.513" classname="com.epam.testexternalpart.tests.SmokeTest"/>
  <testcase name="checkElementsViewCandidate" time="27.953" classname="com.epam.testexternalpart.tests.SmokeTest"/>
  <testcase name="checkMenu" time="0.149" classname="com.epam.testexternalpart.tests.SmokeTest"/>
  <testcase name="testCheckElementsPresentAddDepartmentPage" time="3.663" classname="com.epam.testexternalpart.tests.SmokeTest"/>
  <testcase name="testCheckElementsPresentAddStreamPage" time="4.647" classname="com.epam.testexternalpart.tests.SmokeTest"/>
  <testcase name="testCheckElementsPresentDepartmentPage" time="0.247" classname="com.epam.testexternalpart.tests.SmokeTest"/>
  <testcase name="testcheckAddStreamPageInDepartmentAutoTest" time="1.138" classname="com.epam.testexternalpart.tests.SmokeTest"/>
  <testcase name="testcheckAddStreamPageInDepartmentFrontEnd" time="1.096" classname="com.epam.testexternalpart.tests.SmokeTest"/>
  <testcase name="testcheckAddStreamPageInDepartmentJava" time="1.22" classname="com.epam.testexternalpart.tests.SmokeTest"/>
  <testcase name="testcheckAddStreamPageInDepartmentNet" time="1.218" classname="com.epam.testexternalpart.tests.SmokeTest"/>
  <testcase name="testcheckAddStreamPageInDepartmentSofttest" time="1.219" classname="com.epam.testexternalpart.tests.SmokeTest"/>
</testsuite> <!-- Default test -->
