<?xml version="1.0" encoding="UTF-8" ?>
<testsuite failures="4" time="399.142" errors="0" skipped="0" tests="35" name="TestSuite">
  <properties>
[...]
</properties>
  <testcase time="0.821" classname="com.epam.testexternalpart.tests.SmokeTest" name="checkElAllCandiadtesMenu">
    <failure message="unknown error: Element is not clickable at point (36, 750). Other element would receive the click: &lt;label for=&quot;checkbox1&quot;&gt;...&lt;/label&gt;
  (Session info: chrome=39.0.2171.95)
  (Driver info: chromedriver=2.9.248315,platform=Windows NT 6.1 SP1 x86_64) (WARNING: The server did not provide any stacktrace information)
Command duration or timeout: 30 milliseconds
Build info: version: &apos;2.44.0&apos;, revision: &apos;76d78cf323ce037c5f92db6c1bba601c2ac43ad8&apos;, time: &apos;2014-10-23 13:11:40&apos;
System info: host: &apos;EPUAKHAW0329&apos;, ip: &apos;10.23.12.108&apos;, os.name: &apos;Windows 7&apos;, os.arch: &apos;amd64&apos;, os.version: &apos;6.1&apos;, java.version: &apos;1.7.0_67&apos;
Session ID: 19358bcb3af24d5654e627460d0fd9b5
Driver info: org.openqa.selenium.chrome.ChromeDriver
Capabilities [{platform=XP, acceptSslCerts=true, javascriptEnabled=true, browserName=chrome, chrome={userDataDir=C:\Users\Olha_Myroliubova\AppData\Local\Temp\scoped_dir19040_13570}, rotatable=false, locationContextEnabled=true, version=39.0.2171.95, takesHeapSnapshot=true, cssSelectorsEnabled=true, databaseEnabled=false, handlesAlerts=true, browserConnectionEnabled=false, webStorageEnabled=true, nativeEvents=true, applicationCacheEnabled=false, takesScreenshot=true}]" type="org.openqa.selenium.WebDriverException">org.openqa.selenium.WebDriverException: unknown error: Element is not clickable at point (36, 750). Other element would receive the click: &lt;label for=&quot;checkbox1&quot;&gt;...&lt;/label&gt;
  (Session info: chrome=39.0.2171.95)
  (Driver info: chromedriver=2.9.248315,platform=Windows NT 6.1 SP1 x86_64) (WARNING: The server did not provide any stacktrace information)
Command duration or timeout: 30 milliseconds
Build info: version: &apos;2.44.0&apos;, revision: &apos;76d78cf323ce037c5f92db6c1bba601c2ac43ad8&apos;, time: &apos;2014-10-23 13:11:40&apos;
System info: host: &apos;EPUAKHAW0329&apos;, ip: &apos;10.23.12.108&apos;, os.name: &apos;Windows 7&apos;, os.arch: &apos;amd64&apos;, os.version: &apos;6.1&apos;, java.version: &apos;1.7.0_67&apos;
Session ID: 19358bcb3af24d5654e627460d0fd9b5
Driver info: org.openqa.selenium.chrome.ChromeDriver
Capabilities [{platform=XP, acceptSslCerts=true, javascriptEnabled=true, browserName=chrome, chrome={userDataDir=C:\Users\Olha_Myroliubova\AppData\Local\Temp\scoped_dir19040_13570}, rotatable=false, locationContextEnabled=true, version=39.0.2171.95, takesHeapSnapshot=true, cssSelectorsEnabled=true, databaseEnabled=false, handlesAlerts=true, browserConnectionEnabled=false, webStorageEnabled=true, nativeEvents=true, applicationCacheEnabled=false, takesScreenshot=true}]
	at sun.reflect.NativeConstructorAccessorImpl.newInstance0(Native Method)
	at sun.reflect.NativeConstructorAccessorImpl.newInstance(Unknown Source)
	at sun.reflect.DelegatingConstructorAccessorImpl.newInstance(Unknown Source)
	at java.lang.reflect.Constructor.newInstance(Unknown Source)
	at org.openqa.selenium.remote.ErrorHandler.createThrowable(ErrorHandler.java:204)
	at org.openqa.selenium.remote.ErrorHandler.throwIfResponseFailed(ErrorHandler.java:156)
	at org.openqa.selenium.remote.RemoteWebDriver.execute(RemoteWebDriver.java:599)
	at org.openqa.selenium.remote.RemoteWebElement.execute(RemoteWebElement.java:268)
	at org.openqa.selenium.remote.RemoteWebElement.click(RemoteWebElement.java:79)
	at sun.reflect.NativeMethodAccessorImpl.invoke0(Native Method)
	at sun.reflect.NativeMethodAccessorImpl.invoke(Unknown Source)
	at sun.reflect.DelegatingMethodAccessorImpl.invoke(Unknown Source)
	at java.lang.reflect.Method.invoke(Unknown Source)
	at org.openqa.selenium.support.pagefactory.internal.LocatingElementHandler.invoke(LocatingElementHandler.java:50)
	at com.sun.proxy.$Proxy9.click(Unknown Source)
	at com.epam.testexternalpart.screen.AllCandidatesPage.checkEnableColumnByCheckBox(AllCandidatesPage.java:298)
	at com.epam.testexternalpart.screen.AllCandidatesPage.checkColumnsAccordingToCheckBox(AllCandidatesPage.java:278)
	at com.epam.testexternalpart.tests.SmokeTest.checkElAllCandiadtesMenu(SmokeTest.java:149)
</failure>
    <system-out>[TestRunner] Running the tests in &apos;smokeMenuTest&apos; with parallel mode:false
[RunInfo] Adding method selector: org.testng.internal.XmlMethodSelector@561c2c45 priority: 10
[TestClass] Creating TestClass for [ClassImpl class=com.epam.testexternalpart.tests.SmokeTest]
[TestClass] Adding method SmokeTest.testCheckElementsPresentAddStreamPage()[pri:0, instance:null] on TestClass class com.epam.testexternalpart.tests.SmokeTest
[TestClass] Adding method SmokeTest.testcheckAddStreamPageInDepartmentJava()[pri:0, instance:null] on TestClass class com.epam.testexternalpart.tests.SmokeTest
[TestClass] Adding method SmokeTest.checkElementsEditCandidate(java.lang.String, java.lang.String)[pri:0, instance:null] on TestClass class com.epam.testexternalpart.tests.SmokeTest
[TestClass] Adding method SmokeTest.testcheckAddStreamPageInDepartmentAutoTest()[pri:0, instance:null] on TestClass class com.epam.testexternalpart.tests.SmokeTest
[TestClass] Adding method SmokeTest.testcheckAddStreamPageInDepartmentFrontEnd()[pri:0, instance:null] on TestClass class com.epam.testexternalpart.tests.SmokeTest
[TestClass] Adding method SmokeTest.checkMenu()[pri:0, instance:null] on TestClass class com.epam.testexternalpart.tests.SmokeTest
[TestClass] Adding method SmokeTest.checkElementsViewCandidate(java.lang.String, java.lang.String)[pri:0, instance:null] on TestClass class com.epam.testexternalpart.tests.SmokeTest
[TestClass] Adding method SmokeTest.testcheckAddStreamPageInDepartmentSofttest()[pri:0, instance:null] on TestClass class com.epam.testexternalpart.tests.SmokeTest
[TestClass] Adding method SmokeTest.testCheckElementsPresentAddDepartmentPage()[pri:0, instance:null] on TestClass class com.epam.testexternalpart.tests.SmokeTest
[TestClass] Adding method SmokeTest.checkElementsAddCandidate(java.lang.String)[pri:0, instance:null] on TestClass class com.epam.testexternalpart.tests.SmokeTest
[TestClass] Adding method SmokeTest.testCheckElementsPresentDepartmentPage()[pri:0, instance:null] on TestClass class com.epam.testexternalpart.tests.SmokeTest
[TestClass] Adding method SmokeTest.checkElStreamPage(java.lang.String)[pri:0, instance:null] on TestClass class com.epam.testexternalpart.tests.SmokeTest
[TestClass] Adding method SmokeTest.testcheckAddStreamPageInDepartmentNet()[pri:0, instance:null] on TestClass class com.epam.testexternalpart.tests.SmokeTest
[TestClass] Adding method SmokeTest.checkElAllCandiadtesMenu(java.lang.String)[pri:0, instance:null] on TestClass class com.epam.testexternalpart.tests.SmokeTest
[XmlMethodSelector] Including method com.epam.testexternalpart.core.init()
[XmlMethodSelector] Including method com.epam.testexternalpart.core.tearDown()
[XmlMethodSelector] Including method com.epam.testexternalpart.core.startPage()
[XmlMethodSelector] Including method com.epam.testexternalpart.tests.testCheckElementsPresentAddStreamPage()
[XmlMethodSelector] Including method com.epam.testexternalpart.tests.testcheckAddStreamPageInDepartmentJava()
[XmlMethodSelector] Including method com.epam.testexternalpart.tests.checkElementsEditCandidate()
[XmlMethodSelector] Including method com.epam.testexternalpart.tests.testcheckAddStreamPageInDepartmentAutoTest()
[XmlMethodSelector] Including method com.epam.testexternalpart.tests.testcheckAddStreamPageInDepartmentFrontEnd()
[XmlMethodSelector] Including method com.epam.testexternalpart.tests.checkMenu()
[XmlMethodSelector] Including method com.epam.testexternalpart.tests.checkElementsViewCandidate()
[XmlMethodSelector] Including method com.epam.testexternalpart.tests.testcheckAddStreamPageInDepartmentSofttest()
[XmlMethodSelector] Including method com.epam.testexternalpart.tests.testCheckElementsPresentAddDepartmentPage()
[XmlMethodSelector] Including method com.epam.testexternalpart.tests.checkElementsAddCandidate()
[XmlMethodSelector] Including method com.epam.testexternalpart.tests.testCheckElementsPresentDepartmentPage()
[XmlMethodSelector] Including method com.epam.testexternalpart.tests.checkElStreamPage()
[XmlMethodSelector] Including method com.epam.testexternalpart.tests.testcheckAddStreamPageInDepartmentNet()
[XmlMethodSelector] Including method com.epam.testexternalpart.tests.checkElAllCandiadtesMenu()
[TestRunner] Running the tests in &apos;DepartmentTest&apos; with parallel mode:false
[RunInfo] Adding method selector: org.testng.internal.XmlMethodSelector@37b2fdc6 priority: 10
[TestClass] Creating TestClass for [ClassImpl class=com.epam.testexternalpart.tests.DepartmentTest]
[TestClass] Adding method DepartmentTest.testAddDepartmentWithValidName(java.lang.String)[pri:0, instance:null] on TestClass class com.epam.testexternalpart.tests.DepartmentTest
[TestClass] Adding method DepartmentTest.testEditDepartmentName(java.lang.String, java.lang.String)[pri:0, instance:null] on TestClass class com.epam.testexternalpart.tests.DepartmentTest
[TestClass] Adding method DepartmentTest.testAddDepartment(java.lang.String)[pri:0, instance:null] on TestClass class com.epam.testexternalpart.tests.DepartmentTest
[XmlMethodSelector] Including method com.epam.testexternalpart.core.init()
[XmlMethodSelector] Including method com.epam.testexternalpart.core.tearDown()
[XmlMethodSelector] Including method com.epam.testexternalpart.core.startPage()
[XmlMethodSelector] Including method com.epam.testexternalpart.tests.testAddDepartmentWithValidName()
[XmlMethodSelector] Including method com.epam.testexternalpart.tests.testEditDepartmentName()
[XmlMethodSelector] Including method com.epam.testexternalpart.tests.testAddDepartment()
[TestRunner] Running the tests in &apos;StreamTest&apos; with parallel mode:false
[RunInfo] Adding method selector: org.testng.internal.XmlMethodSelector@6bf053f priority: 10
[TestClass] Creating TestClass for [ClassImpl class=com.epam.testexternalpart.tests.StreamTest]
[TestClass] Adding method StreamTest.testEditStream(java.lang.String)[pri:0, instance:null] on TestClass class com.epam.testexternalpart.tests.StreamTest
[TestClass] Adding method StreamTest.testAddNewValidStream(java.lang.String)[pri:0, instance:null] on TestClass class com.epam.testexternalpart.tests.StreamTest
[TestClass] Adding method StreamTest.testAddNewInValidStream(java.lang.String)[pri:0, instance:null] on TestClass class com.epam.testexternalpart.tests.StreamTest
[XmlMethodSelector] Including method com.epam.testexternalpart.core.init()
[XmlMethodSelector] Including method com.epam.testexternalpart.core.tearDown()
[XmlMethodSelector] Including method com.epam.testexternalpart.core.startPage()
[XmlMethodSelector] Including method com.epam.testexternalpart.tests.testEditStream()
[XmlMethodSelector] Including method com.epam.testexternalpart.tests.testAddNewValidStream()
[XmlMethodSelector] Including method com.epam.testexternalpart.tests.testAddNewInValidStream()
[TestRunner] Running the tests in &apos;CandidateTest&apos; with parallel mode:false
[RunInfo] Adding method selector: org.testng.internal.XmlMethodSelector@4de8ce62 priority: 10
[TestClass] Creating TestClass for [ClassImpl class=com.epam.testexternalpart.tests.AddCandidateTest]
[TestClass] Adding method AddCandidateTest.changeStatus(java.lang.String, java.lang.String, java.lang.String, java.lang.String, java.lang.String, java.lang.String)[pri:0, instance:null] on TestClass class com.epam.testexternalpart.tests.AddCandidateTest
[TestClass] Adding method AddCandidateTest.deleteAllCandidates(java.lang.String)[pri:0, instance:null] on TestClass class com.epam.testexternalpart.tests.AddCandidateTest
[TestClass] Adding method AddCandidateTest.bannWithButton(java.lang.String)[pri:0, instance:null] on TestClass class com.epam.testexternalpart.tests.AddCandidateTest
[TestClass] Adding method AddCandidateTest.addCandidateManually(java.lang.String)[pri:0, instance:null] on TestClass class com.epam.testexternalpart.tests.AddCandidateTest
[TestClass] Adding method AddCandidateTest.addCandidate(java.lang.String)[pri:0, instance:null] on TestClass class com.epam.testexternalpart.tests.AddCandidateTest
[XmlMethodSelector] Including method com.epam.testexternalpart.core.init()
[XmlMethodSelector] Including method com.epam.testexternalpart.core.tearDown()
[XmlMethodSelector] Including method com.epam.testexternalpart.core.startPage()
[XmlMethodSelector] Including method com.epam.testexternalpart.tests.changeStatus()
[XmlMethodSelector] Including method com.epam.testexternalpart.tests.deleteAllCandidates()
[XmlMethodSelector] Including method com.epam.testexternalpart.tests.bannWithButton()
[XmlMethodSelector] Including method com.epam.testexternalpart.tests.addCandidateManually()
[XmlMethodSelector] Including method com.epam.testexternalpart.tests.addCandidate()
[TestRunner] Running the tests in &apos;SeveralStreamTest&apos; with parallel mode:false
[RunInfo] Adding method selector: org.testng.internal.XmlMethodSelector@74e42433 priority: 10
[TestClass] Creating TestClass for [ClassImpl class=com.epam.testexternalpart.tests.SeveralStreamTest]
[TestClass] Adding method SeveralStreamTest.addCandidateToSeveralDepartment(java.lang.String)[pri:0, instance:null] on TestClass class com.epam.testexternalpart.tests.SeveralStreamTest
[XmlMethodSelector] Including method com.epam.testexternalpart.core.init()
[XmlMethodSelector] Including method com.epam.testexternalpart.core.tearDown()
[XmlMethodSelector] Including method com.epam.testexternalpart.core.startPage()
[XmlMethodSelector] Including method com.epam.testexternalpart.tests.addCandidateToSeveralDepartment()
[TestRunner] Running the tests in &apos;SearchStreamTest&apos; with parallel mode:false
[RunInfo] Adding method selector: org.testng.internal.XmlMethodSelector@3acc0a7c priority: 10
[TestClass] Creating TestClass for [ClassImpl class=com.epam.testexternalpart.tests.SearchTest]
[TestClass] Adding method SearchTest.streamSearch(java.lang.String, java.lang.String, java.lang.String, java.lang.String, java.lang.String)[pri:0, instance:null] on TestClass class com.epam.testexternalpart.tests.SearchTest
[XmlMethodSelector] Including method com.epam.testexternalpart.core.init()
[XmlMethodSelector] Including method com.epam.testexternalpart.core.tearDown()
[XmlMethodSelector] Including method com.epam.testexternalpart.core.startPage()
[XmlMethodSelector] Including method com.epam.testexternalpart.tests.streamSearch()
[TestRunner] Running the tests in &apos;PlaceForTestingTest&apos; with parallel mode:false
[RunInfo] Adding method selector: org.testng.internal.XmlMethodSelector@529b2735 priority: 10
[TestClass] Creating TestClass for [ClassImpl class=com.epam.testexternalpart.tests.PlaceForTestingTest]
[TestClass] Adding method PlaceForTestingTest.deleteNewPlaceForTesting(java.lang.String, java.lang.String, java.lang.String, java.lang.String)[pri:0, instance:null] on TestClass class com.epam.testexternalpart.tests.PlaceForTestingTest
[TestClass] Adding method PlaceForTestingTest.editNewPlaceForTesting(java.lang.String, java.lang.String, java.lang.String, java.lang.String, java.lang.String, java.lang.String, java.lang.String, java.lang.String)[pri:0, instance:null] on TestClass class com.epam.testexternalpart.tests.PlaceForTestingTest
[TestClass] Adding method PlaceForTestingTest.addNewPlaceForTesting(java.lang.String, java.lang.String, java.lang.String, java.lang.String)[pri:0, instance:null] on TestClass class com.epam.testexternalpart.tests.PlaceForTestingTest
[XmlMethodSelector] Including method com.epam.testexternalpart.core.init()
[XmlMethodSelector] Including method com.epam.testexternalpart.core.tearDown()
[XmlMethodSelector] Including method com.epam.testexternalpart.core.startPage()
[XmlMethodSelector] Including method com.epam.testexternalpart.tests.deleteNewPlaceForTesting()
[XmlMethodSelector] Including method com.epam.testexternalpart.tests.editNewPlaceForTesting()
[XmlMethodSelector] Including method com.epam.testexternalpart.tests.addNewPlaceForTesting()
[SuiteRunner] Created 7 TestRunners
[TestRunner] Running test smokeMenuTest on 1  classes,  included groups:[] excluded groups:[]
===== Test class
com.epam.testexternalpart.tests.SmokeTest
  @BeforeClass BaseTest.init()[pri:0, instance:com.epam.testexternalpart.tests.SmokeTest@5316d7bd]
  @BeforeMethod BaseTest.startPage()[pri:0, instance:com.epam.testexternalpart.tests.SmokeTest@5316d7bd]
    @Test SmokeTest.testCheckElementsPresentAddStreamPage()[pri:0, instance:com.epam.testexternalpart.tests.SmokeTest@5316d7bd]
    @Test SmokeTest.testcheckAddStreamPageInDepartmentJava()[pri:0, instance:com.epam.testexternalpart.tests.SmokeTest@5316d7bd]
    @Test SmokeTest.checkElementsEditCandidate(java.lang.String, java.lang.String)[pri:0, instance:com.epam.testexternalpart.tests.SmokeTest@5316d7bd]
    @Test SmokeTest.testcheckAddStreamPageInDepartmentAutoTest()[pri:0, instance:com.epam.testexternalpart.tests.SmokeTest@5316d7bd]
    @Test SmokeTest.testcheckAddStreamPageInDepartmentFrontEnd()[pri:0, instance:com.epam.testexternalpart.tests.SmokeTest@5316d7bd]
    @Test SmokeTest.checkMenu()[pri:0, instance:com.epam.testexternalpart.tests.SmokeTest@5316d7bd]
    @Test SmokeTest.checkElementsViewCandidate(java.lang.String, java.lang.String)[pri:0, instance:com.epam.testexternalpart.tests.SmokeTest@5316d7bd]
    @Test SmokeTest.testcheckAddStreamPageInDepartmentSofttest()[pri:0, instance:com.epam.testexternalpart.tests.SmokeTest@5316d7bd]
    @Test SmokeTest.testCheckElementsPresentAddDepartmentPage()[pri:0, instance:com.epam.testexternalpart.tests.SmokeTest@5316d7bd]
    @Test SmokeTest.checkElementsAddCandidate(java.lang.String)[pri:0, instance:com.epam.testexternalpart.tests.SmokeTest@5316d7bd]
    @Test SmokeTest.testCheckElementsPresentDepartmentPage()[pri:0, instance:com.epam.testexternalpart.tests.SmokeTest@5316d7bd]
    @Test SmokeTest.checkElStreamPage(java.lang.String)[pri:0, instance:com.epam.testexternalpart.tests.SmokeTest@5316d7bd]
    @Test SmokeTest.testcheckAddStreamPageInDepartmentNet()[pri:0, instance:com.epam.testexternalpart.tests.SmokeTest@5316d7bd]
    @Test SmokeTest.checkElAllCandiadtesMenu(java.lang.String)[pri:0, instance:com.epam.testexternalpart.tests.SmokeTest@5316d7bd]
  @AfterClass BaseTest.tearDown()[pri:0, instance:com.epam.testexternalpart.tests.SmokeTest@5316d7bd]
======
[Invoker 806289164] Keeping method BaseTest.init()[pri:0, instance:com.epam.testexternalpart.tests.SmokeTest@5316d7bd] for class [TestClass name=class com.epam.testexternalpart.tests.SmokeTest]
[Invoker 806289164] Invoking @BeforeClass BaseTest.init()[pri:0, instance:com.epam.testexternalpart.tests.SmokeTest@5316d7bd]
[Invoker 806289164] Keeping method BaseTest.startPage()[pri:0, instance:com.epam.testexternalpart.tests.SmokeTest@5316d7bd] for class [TestClass name=class com.epam.testexternalpart.tests.SmokeTest]
[Invoker 806289164] Keeping method BaseTest.startPage()[pri:0, instance:com.epam.testexternalpart.tests.SmokeTest@5316d7bd] for class [TestClass name=class com.epam.testexternalpart.tests.SmokeTest]
[Invoker 806289164] Invoking @BeforeMethod BaseTest.startPage()[pri:0, instance:com.epam.testexternalpart.tests.SmokeTest@5316d7bd]
[Invoker 806289164] Invoking com.epam.testexternalpart.tests.SmokeTest.checkElAllCandiadtesMenu
Check all elements are present on CandiadtesMenu
Click on [allCandidatesButton]
Checking the presence of All Candidates text
Checking text of element All candidates title
Text of [All candidates title] is correct
All All Candidates text are present
Checking the presence of All Candidates menu - default columns
Checking text of element №
Text of [№] is correct
Checking text of element First Name
Text of [First Name] is correct
Checking text of element Last Name
Text of [Last Name] is correct
Checking text of element Middle Name
Text of [Middle Name] is correct
Checking text of element Phone
Text of [Phone] is correct
Checking text of element BirthDate
Text of [BirthDate] is correct
Checking text of element Email
Text of [Email] is correct
Checking text of element Fill Date
Text of [Fill Date] is correct
Checking text of element Stream
Text of [Stream] is correct
Checking text of element Department
Text of [Department] is correct
All Candidates menu -  default columns are present
Checking enable column Second phone by selecting check Box
</system-out>
    <system-err>Starting ChromeDriver (v2.9.248315) on port 43955
</system-err>
  </testcase>
  <testcase time="12.278" classname="com.epam.testexternalpart.tests.SmokeTest" name="checkElStreamPage">
    <failure message="unknown error: Element is not clickable at point (36, 718). Other element would receive the click: &lt;label for=&quot;checkbox1&quot;&gt;...&lt;/label&gt;
  (Session info: chrome=39.0.2171.95)
  (Driver info: chromedriver=2.9.248315,platform=Windows NT 6.1 SP1 x86_64) (WARNING: The server did not provide any stacktrace information)
Command duration or timeout: 30 milliseconds
Build info: version: &apos;2.44.0&apos;, revision: &apos;76d78cf323ce037c5f92db6c1bba601c2ac43ad8&apos;, time: &apos;2014-10-23 13:11:40&apos;
System info: host: &apos;EPUAKHAW0329&apos;, ip: &apos;10.23.12.108&apos;, os.name: &apos;Windows 7&apos;, os.arch: &apos;amd64&apos;, os.version: &apos;6.1&apos;, java.version: &apos;1.7.0_67&apos;
Session ID: 19358bcb3af24d5654e627460d0fd9b5
Driver info: org.openqa.selenium.chrome.ChromeDriver
Capabilities [{platform=XP, acceptSslCerts=true, javascriptEnabled=true, browserName=chrome, chrome={userDataDir=C:\Users\Olha_Myroliubova\AppData\Local\Temp\scoped_dir19040_13570}, rotatable=false, locationContextEnabled=true, version=39.0.2171.95, takesHeapSnapshot=true, cssSelectorsEnabled=true, databaseEnabled=false, handlesAlerts=true, browserConnectionEnabled=false, webStorageEnabled=true, nativeEvents=true, applicationCacheEnabled=false, takesScreenshot=true}]" type="org.openqa.selenium.WebDriverException">org.openqa.selenium.WebDriverException: unknown error: Element is not clickable at point (36, 718). Other element would receive the click: &lt;label for=&quot;checkbox1&quot;&gt;...&lt;/label&gt;
  (Session info: chrome=39.0.2171.95)
  (Driver info: chromedriver=2.9.248315,platform=Windows NT 6.1 SP1 x86_64) (WARNING: The server did not provide any stacktrace information)
Command duration or timeout: 30 milliseconds
Build info: version: &apos;2.44.0&apos;, revision: &apos;76d78cf323ce037c5f92db6c1bba601c2ac43ad8&apos;, time: &apos;2014-10-23 13:11:40&apos;
System info: host: &apos;EPUAKHAW0329&apos;, ip: &apos;10.23.12.108&apos;, os.name: &apos;Windows 7&apos;, os.arch: &apos;amd64&apos;, os.version: &apos;6.1&apos;, java.version: &apos;1.7.0_67&apos;
Session ID: 19358bcb3af24d5654e627460d0fd9b5
Driver info: org.openqa.selenium.chrome.ChromeDriver
Capabilities [{platform=XP, acceptSslCerts=true, javascriptEnabled=true, browserName=chrome, chrome={userDataDir=C:\Users\Olha_Myroliubova\AppData\Local\Temp\scoped_dir19040_13570}, rotatable=false, locationContextEnabled=true, version=39.0.2171.95, takesHeapSnapshot=true, cssSelectorsEnabled=true, databaseEnabled=false, handlesAlerts=true, browserConnectionEnabled=false, webStorageEnabled=true, nativeEvents=true, applicationCacheEnabled=false, takesScreenshot=true}]
	at sun.reflect.NativeConstructorAccessorImpl.newInstance0(Native Method)
	at sun.reflect.NativeConstructorAccessorImpl.newInstance(Unknown Source)
	at sun.reflect.DelegatingConstructorAccessorImpl.newInstance(Unknown Source)
	at java.lang.reflect.Constructor.newInstance(Unknown Source)
	at org.openqa.selenium.remote.ErrorHandler.createThrowable(ErrorHandler.java:204)
	at org.openqa.selenium.remote.ErrorHandler.throwIfResponseFailed(ErrorHandler.java:156)
	at org.openqa.selenium.remote.RemoteWebDriver.execute(RemoteWebDriver.java:599)
	at org.openqa.selenium.remote.RemoteWebElement.execute(RemoteWebElement.java:268)
	at org.openqa.selenium.remote.RemoteWebElement.click(RemoteWebElement.java:79)
	at sun.reflect.NativeMethodAccessorImpl.invoke0(Native Method)
	at sun.reflect.NativeMethodAccessorImpl.invoke(Unknown Source)
	at sun.reflect.DelegatingMethodAccessorImpl.invoke(Unknown Source)
	at java.lang.reflect.Method.invoke(Unknown Source)
	at org.openqa.selenium.support.pagefactory.internal.LocatingElementHandler.invoke(LocatingElementHandler.java:50)
	at com.sun.proxy.$Proxy9.click(Unknown Source)
	at com.epam.testexternalpart.screen.stream.StreamPage.checkEnableColumnByCheckBox(StreamPage.java:413)
	at com.epam.testexternalpart.screen.stream.StreamPage.checkColumnsAccordingToCheckBox(StreamPage.java:393)
	at com.epam.testexternalpart.tests.SmokeTest.checkElStreamPage(SmokeTest.java:74)
</failure>
    <system-out>[Invoker 806289164] Keeping method BaseTest.startPage()[pri:0, instance:com.epam.testexternalpart.tests.SmokeTest@5316d7bd] for class [TestClass name=class com.epam.testexternalpart.tests.SmokeTest]
[Invoker 806289164] Keeping method BaseTest.startPage()[pri:0, instance:com.epam.testexternalpart.tests.SmokeTest@5316d7bd] for class [TestClass name=class com.epam.testexternalpart.tests.SmokeTest]
[Invoker 806289164] Invoking @BeforeMethod BaseTest.startPage()[pri:0, instance:com.epam.testexternalpart.tests.SmokeTest@5316d7bd]
[Invoker 806289164] Invoking com.epam.testexternalpart.tests.SmokeTest.checkElStreamPage
Check all elements are present on StreamPage
Checking that click by selected stream reffering to Stream Page
Java - Java Spring 2015
Click on [First stream on first dep]
Checking the presence of the elemen [javaTab]
[javaTab]is Not Present
Check all elements are present With Export
Checking the presence of Stream&apos;s elements
Checking the presence of the elemen [Crumbs]
[Crumbs]is Present
Checking the presence of the elemen [Stream Assign Test Button]
[Stream Assign Test Button]is Present
Checking the presence of the elemen [Stream Bun Button]
[Stream Bun Button]is Present
Checking the presence of the elemen [Stream Delete Button]
[Stream Delete Button]is Present
Checking the presence of the elemen [Stream all Candidate Tab]
[Stream all Candidate Tab]is Present
Checking the presence of the elemen [Stream notTestedCandidate]
[Stream notTestedCandidate]is Present
Checking the presence of the elemen [Stream assigned To Test Tab]
[Stream assigned To Test Tab]is Present
Checking the presence of the elemen [Stream confirmed Tab]
[Stream confirmed Tab]is Present
Checking the presence of the elemen [Stream test Complete Tab]
[Stream test Complete Tab]is Present
Checking the presence of the elemen [Stream not Actual Tab]
[Stream not Actual Tab]is Present
Checking the presence of the elemen [Stream banned Tab]
[Stream banned Tab]is Present
Checking the presence of the elemen [Stream exportCandidateButton]
[Stream exportCandidateButton]is Present
Checking the presence of the elemen [Stream searchField]
[Stream searchField]is Present
Checking the presence of the elemen [Stream add Candidate Button]
[Stream add Candidate Button]is Present
Checking the presence of the elemen [Stream choose Candidate Button]
[Stream choose Candidate Button]is Present
Checking the presence of the elemen [Stream import Candidate Button]
[Stream import Candidate Button]is Present
All Streams elements are present
Checking the presence of Stream&apos;s text
Checking text of element Department title
Text of [Department title] is correct
All Departments text are present
Check all Defaul tColumns are present
Checking the presence of Stream&apos;s default columns
Checking text of element 
Text of [] is correct
Checking text of element №
Text of [№] is correct
Checking text of element First Name
Text of [First Name] is correct
Checking text of element Last Name
Text of [Last Name] is correct
Checking text of element Middle Name
Text of [Middle Name] is correct
Checking text of element Phone
Text of [Phone] is correct
Checking text of element BirthDate
Text of [BirthDate] is correct
Checking text of element Email
Text of [Email] is correct
Checking text of element Fill Date
Text of [Fill Date] is correct
Checking the presence of the elemen [Stream Create Button]
[Stream Create Button]is Present
All Streams default columns are present
Checking enable column Second phone by selecting check Box
</system-out>
  </testcase>
  <testcase time="22.547" classname="com.epam.testexternalpart.tests.SmokeTest" name="checkElementsAddCandidate"/>
  <testcase time="44.817" classname="com.epam.testexternalpart.tests.SmokeTest" name="checkElementsEditCandidate"/>
  <testcase time="21.661" classname="com.epam.testexternalpart.tests.SmokeTest" name="checkElementsViewCandidate">
    <failure message="unknown error: Element is not clickable at point (36, 737). Other element would receive the click: &lt;label for=&quot;checkbox1&quot;&gt;...&lt;/label&gt;
  (Session info: chrome=39.0.2171.95)
  (Driver info: chromedriver=2.9.248315,platform=Windows NT 6.1 SP1 x86_64) (WARNING: The server did not provide any stacktrace information)
Command duration or timeout: 57 milliseconds
Build info: version: &apos;2.44.0&apos;, revision: &apos;76d78cf323ce037c5f92db6c1bba601c2ac43ad8&apos;, time: &apos;2014-10-23 13:11:40&apos;
System info: host: &apos;EPUAKHAW0329&apos;, ip: &apos;10.23.12.108&apos;, os.name: &apos;Windows 7&apos;, os.arch: &apos;amd64&apos;, os.version: &apos;6.1&apos;, java.version: &apos;1.7.0_67&apos;
Session ID: 19358bcb3af24d5654e627460d0fd9b5
Driver info: org.openqa.selenium.chrome.ChromeDriver
Capabilities [{platform=XP, acceptSslCerts=true, javascriptEnabled=true, browserName=chrome, chrome={userDataDir=C:\Users\Olha_Myroliubova\AppData\Local\Temp\scoped_dir19040_13570}, rotatable=false, locationContextEnabled=true, version=39.0.2171.95, takesHeapSnapshot=true, cssSelectorsEnabled=true, databaseEnabled=false, handlesAlerts=true, browserConnectionEnabled=false, webStorageEnabled=true, nativeEvents=true, applicationCacheEnabled=false, takesScreenshot=true}]" type="org.openqa.selenium.WebDriverException">org.openqa.selenium.WebDriverException: unknown error: Element is not clickable at point (36, 737). Other element would receive the click: &lt;label for=&quot;checkbox1&quot;&gt;...&lt;/label&gt;
  (Session info: chrome=39.0.2171.95)
  (Driver info: chromedriver=2.9.248315,platform=Windows NT 6.1 SP1 x86_64) (WARNING: The server did not provide any stacktrace information)
Command duration or timeout: 57 milliseconds
Build info: version: &apos;2.44.0&apos;, revision: &apos;76d78cf323ce037c5f92db6c1bba601c2ac43ad8&apos;, time: &apos;2014-10-23 13:11:40&apos;
System info: host: &apos;EPUAKHAW0329&apos;, ip: &apos;10.23.12.108&apos;, os.name: &apos;Windows 7&apos;, os.arch: &apos;amd64&apos;, os.version: &apos;6.1&apos;, java.version: &apos;1.7.0_67&apos;
Session ID: 19358bcb3af24d5654e627460d0fd9b5
Driver info: org.openqa.selenium.chrome.ChromeDriver
Capabilities [{platform=XP, acceptSslCerts=true, javascriptEnabled=true, browserName=chrome, chrome={userDataDir=C:\Users\Olha_Myroliubova\AppData\Local\Temp\scoped_dir19040_13570}, rotatable=false, locationContextEnabled=true, version=39.0.2171.95, takesHeapSnapshot=true, cssSelectorsEnabled=true, databaseEnabled=false, handlesAlerts=true, browserConnectionEnabled=false, webStorageEnabled=true, nativeEvents=true, applicationCacheEnabled=false, takesScreenshot=true}]
	at sun.reflect.NativeConstructorAccessorImpl.newInstance0(Native Method)
	at sun.reflect.NativeConstructorAccessorImpl.newInstance(Unknown Source)
	at sun.reflect.DelegatingConstructorAccessorImpl.newInstance(Unknown Source)
	at java.lang.reflect.Constructor.newInstance(Unknown Source)
	at org.openqa.selenium.remote.ErrorHandler.createThrowable(ErrorHandler.java:204)
	at org.openqa.selenium.remote.ErrorHandler.throwIfResponseFailed(ErrorHandler.java:156)
	at org.openqa.selenium.remote.RemoteWebDriver.execute(RemoteWebDriver.java:599)
	at org.openqa.selenium.remote.RemoteWebElement.execute(RemoteWebElement.java:268)
	at org.openqa.selenium.remote.RemoteWebElement.click(RemoteWebElement.java:79)
	at com.epam.testexternalpart.screen.stream.StreamPage.checkTableAccordingToCandidadate(StreamPage.java:572)
	at com.epam.testexternalpart.tests.SmokeTest.checkElementsViewCandidate(SmokeTest.java:123)
</failure>
    <system-out>[Invoker 806289164] Keeping method BaseTest.startPage()[pri:0, instance:com.epam.testexternalpart.tests.SmokeTest@5316d7bd] for class [TestClass name=class com.epam.testexternalpart.tests.SmokeTest]
[Invoker 806289164] Keeping method BaseTest.startPage()[pri:0, instance:com.epam.testexternalpart.tests.SmokeTest@5316d7bd] for class [TestClass name=class com.epam.testexternalpart.tests.SmokeTest]
[Invoker 806289164] Invoking @BeforeMethod BaseTest.startPage()[pri:0, instance:com.epam.testexternalpart.tests.SmokeTest@5316d7bd]
[Invoker 806289164] Invoking com.epam.testexternalpart.tests.SmokeTest.checkElementsViewCandidate
Check all elements are present on ViewCandidatePage
Checking that click by selected stream reffering to Stream Page
Java - Java Spring 2015
Click on [First stream on first dep]
Checking the presence of the elemen [javaTab]
[javaTab]is Not Present
Checking that Stream Create Button reffering to Add Stream Page
Checking the presence of the elemen [add Candidate Button]
[add Candidate Button]is Not Present
Stream Create button reffering to Add Stream Page
Creating new candidate with fields-Petrov;Petr;Olololoevich;02.12.1993;sdhgjshgj@mail.ru;+380505465345;
Click on [Click Create Candidate Button]
</system-out>
  </testcase>
  <testcase time="10.051" classname="com.epam.testexternalpart.tests.SmokeTest" name="checkMenu">
    <failure message="logoNo element [logo] on the page  expected [true] but found [false]" type="java.lang.AssertionError">java.lang.AssertionError: logoNo element [logo] on the page  expected [true] but found [false]
	at org.testng.Assert.fail(Assert.java:94)
	at org.testng.Assert.failNotEquals(Assert.java:494)
	at org.testng.Assert.assertTrue(Assert.java:42)
	at com.epam.testexternalpart.screen.Components.isElementExist(Components.java:23)
	at com.epam.testexternalpart.screen.Menu.checkElementsPresent(Menu.java:57)
	at com.epam.testexternalpart.tests.SmokeTest.checkMenu(SmokeTest.java:156)
</failure>
    <system-out>[Invoker 806289164] Keeping method BaseTest.startPage()[pri:0, instance:com.epam.testexternalpart.tests.SmokeTest@5316d7bd] for class [TestClass name=class com.epam.testexternalpart.tests.SmokeTest]
[Invoker 806289164] Keeping method BaseTest.startPage()[pri:0, instance:com.epam.testexternalpart.tests.SmokeTest@5316d7bd] for class [TestClass name=class com.epam.testexternalpart.tests.SmokeTest]
[Invoker 806289164] Invoking @BeforeMethod BaseTest.startPage()[pri:0, instance:com.epam.testexternalpart.tests.SmokeTest@5316d7bd]
[Invoker 806289164] Invoking com.epam.testexternalpart.tests.SmokeTest.checkMenu
Check all elements are present on Menu
Checking the presence of Menu&apos;s elements
Checking the presence of the elemen [logo]
</system-out>
  </testcase>
  <testcase time="10.443" classname="com.epam.testexternalpart.tests.SmokeTest" name="testCheckElementsPresentAddDepartmentPage"/>
  <testcase time="11.123" classname="com.epam.testexternalpart.tests.SmokeTest" name="testCheckElementsPresentAddStreamPage"/>
  <testcase time="0.272" classname="com.epam.testexternalpart.tests.SmokeTest" name="testCheckElementsPresentDepartmentPage"/>
  <testcase time="0.556" classname="com.epam.testexternalpart.tests.SmokeTest" name="testcheckAddStreamPageInDepartmentAutoTest"/>
  <testcase time="0.543" classname="com.epam.testexternalpart.tests.SmokeTest" name="testcheckAddStreamPageInDepartmentFrontEnd"/>
  <testcase time="0.504" classname="com.epam.testexternalpart.tests.SmokeTest" name="testcheckAddStreamPageInDepartmentJava"/>
  <testcase time="0.509" classname="com.epam.testexternalpart.tests.SmokeTest" name="testcheckAddStreamPageInDepartmentNet"/>
  <testcase time="0.436" classname="com.epam.testexternalpart.tests.SmokeTest" name="testcheckAddStreamPageInDepartmentSofttest"/>
  <testcase time="10.453" classname="com.epam.testexternalpart.tests.DepartmentTest" name="testAddDepartment"/>
  <testcase time="21.864" classname="com.epam.testexternalpart.tests.DepartmentTest" name="testAddDepartmentWithValidName"/>
  <testcase time="32.869" classname="com.epam.testexternalpart.tests.DepartmentTest" name="testEditDepartmentName"/>
  <testcase time="0.81" classname="com.epam.testexternalpart.tests.StreamTest" name="testAddNewInValidStream"/>
  <testcase time="0.444" classname="com.epam.testexternalpart.tests.StreamTest" name="testAddNewInValidStream"/>
  <testcase time="0.44" classname="com.epam.testexternalpart.tests.StreamTest" name="testAddNewInValidStream"/>
  <testcase time="0.418" classname="com.epam.testexternalpart.tests.StreamTest" name="testAddNewInValidStream"/>
  <testcase time="1.5" classname="com.epam.testexternalpart.tests.StreamTest" name="testAddNewValidStream"/>
  <testcase time="1.507" classname="com.epam.testexternalpart.tests.StreamTest" name="testAddNewValidStream"/>
  <testcase time="0.461" classname="com.epam.testexternalpart.tests.StreamTest" name="testEditStream"/>
  <testcase time="0.423" classname="com.epam.testexternalpart.tests.StreamTest" name="testEditStream"/>
  <testcase time="2.382" classname="com.epam.testexternalpart.tests.AddCandidateTest" name="addCandidate"/>
  <testcase time="7.635" classname="com.epam.testexternalpart.tests.AddCandidateTest" name="addCandidateManually"/>
  <testcase time="19.632" classname="com.epam.testexternalpart.tests.AddCandidateTest" name="bannWithButton"/>
  <testcase time="122.226" classname="com.epam.testexternalpart.tests.AddCandidateTest" name="changeStatus"/>
  <testcase time="7.824" classname="com.epam.testexternalpart.tests.AddCandidateTest" name="deleteAllCandidates"/>
  <testcase time="5.774" classname="com.epam.testexternalpart.tests.SeveralStreamTest" name="addCandidateToSeveralDepartment"/>
  <testcase time="20.509" classname="com.epam.testexternalpart.tests.SearchTest" name="streamSearch"/>
  <testcase time="2.249" classname="com.epam.testexternalpart.tests.PlaceForTestingTest" name="addNewPlaceForTesting"/>
  <testcase time="1.007" classname="com.epam.testexternalpart.tests.PlaceForTestingTest" name="deleteNewPlaceForTesting"/>
  <testcase time="2.154" classname="com.epam.testexternalpart.tests.PlaceForTestingTest" name="editNewPlaceForTesting"/>
</testsuite>