<?xml version="1.0" encoding="UTF-8" ?>
<testsuite failures="1" time="286.431" errors="0" skipped="0" tests="35" name="TestSuite">
  <properties>
[...]
</properties>
  <testcase time="0.62" classname="com.epam.testexternalpart.tests.SmokeTest" name="checkElAllCandiadtesMenu"/>
  <testcase time="13.762" classname="com.epam.testexternalpart.tests.SmokeTest" name="checkElStreamPage"/>
  <testcase time="22.311" classname="com.epam.testexternalpart.tests.SmokeTest" name="checkElementsAddCandidate"/>
  <testcase time="0.001" classname="com.epam.testexternalpart.tests.SmokeTest" name="checkElementsEditCandidate"/>
  <testcase time="10.353" classname="com.epam.testexternalpart.tests.SmokeTest" name="checkElementsViewCandidate"/>
  <testcase time="0.247" classname="com.epam.testexternalpart.tests.SmokeTest" name="checkMenu"/>
  <testcase time="10.434" classname="com.epam.testexternalpart.tests.SmokeTest" name="testCheckElementsPresentAddDepartmentPage"/>
  <testcase time="11.014" classname="com.epam.testexternalpart.tests.SmokeTest" name="testCheckElementsPresentAddStreamPage"/>
  <testcase time="0.259" classname="com.epam.testexternalpart.tests.SmokeTest" name="testCheckElementsPresentDepartmentPage"/>
  <testcase time="0.463" classname="com.epam.testexternalpart.tests.SmokeTest" name="testcheckAddStreamPageInDepartmentAutoTest"/>
  <testcase time="0.478" classname="com.epam.testexternalpart.tests.SmokeTest" name="testcheckAddStreamPageInDepartmentFrontEnd"/>
  <testcase time="0.379" classname="com.epam.testexternalpart.tests.SmokeTest" name="testcheckAddStreamPageInDepartmentJava"/>
  <testcase time="0.381" classname="com.epam.testexternalpart.tests.SmokeTest" name="testcheckAddStreamPageInDepartmentNet"/>
  <testcase time="0.359" classname="com.epam.testexternalpart.tests.SmokeTest" name="testcheckAddStreamPageInDepartmentSofttest"/>
  <testcase time="10.396" classname="com.epam.testexternalpart.tests.DepartmentTest" name="testAddDepartment"/>
  <testcase time="21.699" classname="com.epam.testexternalpart.tests.DepartmentTest" name="testAddDepartmentWithValidName"/>
  <testcase time="32.579" classname="com.epam.testexternalpart.tests.DepartmentTest" name="testEditDepartmentName"/>
  <testcase time="0.696" classname="com.epam.testexternalpart.tests.StreamTest" name="testAddNewInValidStream"/>
  <testcase time="0.374" classname="com.epam.testexternalpart.tests.StreamTest" name="testAddNewInValidStream"/>
  <testcase time="0.397" classname="com.epam.testexternalpart.tests.StreamTest" name="testAddNewInValidStream"/>
  <testcase time="0.35" classname="com.epam.testexternalpart.tests.StreamTest" name="testAddNewInValidStream"/>
  <testcase time="1.417" classname="com.epam.testexternalpart.tests.StreamTest" name="testAddNewValidStream"/>
  <testcase time="1.41" classname="com.epam.testexternalpart.tests.StreamTest" name="testAddNewValidStream"/>
  <testcase time="0.411" classname="com.epam.testexternalpart.tests.StreamTest" name="testEditStream"/>
  <testcase time="0.37" classname="com.epam.testexternalpart.tests.StreamTest" name="testEditStream"/>
  <testcase time="2.246" classname="com.epam.testexternalpart.tests.AddCandidateTest" name="addCandidate"/>
  <testcase time="7.455" classname="com.epam.testexternalpart.tests.AddCandidateTest" name="addCandidateManually"/>
  <testcase time="19.565" classname="com.epam.testexternalpart.tests.AddCandidateTest" name="bannWithButton"/>
  <testcase time="16.054" classname="com.epam.testexternalpart.tests.AddCandidateTest" name="changeStatus"/>
  <testcase time="7.73" classname="com.epam.testexternalpart.tests.AddCandidateTest" name="deleteAllCandidates"/>
  <testcase time="4.702" classname="com.epam.testexternalpart.tests.SeveralStreamTest" name="addCandidateToSeveralDepartment"/>
  <testcase time="19.513" classname="com.epam.testexternalpart.tests.SearchTest" name="streamSearch">
    <failure message="Wrong data in new cand expected [true] but found [false]" type="java.lang.AssertionError">java.lang.AssertionError: Wrong data in new cand expected [true] but found [false]
	at org.testng.Assert.fail(Assert.java:94)
	at org.testng.Assert.failNotEquals(Assert.java:494)
	at org.testng.Assert.assertTrue(Assert.java:42)
	at com.epam.testexternalpart.screen.stream.StreamPage.checkCandExisting(StreamPage.java:492)
	at com.epam.testexternalpart.tests.SearchTest.streamSearch(SearchTest.java:27)
</failure>
    <system-out>[Invoker 191138085] Keeping method BaseTest.tearDown()[pri:0, instance:com.epam.testexternalpart.tests.SeveralStreamTest@cd7e6ef] for class [TestClass name=class com.epam.testexternalpart.tests.SeveralStreamTest]
[Invoker 191138085] Invoking @AfterClass BaseTest.tearDown()[pri:0, instance:com.epam.testexternalpart.tests.SeveralStreamTest@cd7e6ef]
===== Invoked methods
  BaseTest.init()[pri:0, instance:com.epam.testexternalpart.tests.SeveralStreamTest@cd7e6ef] 215475951
    SeveralStreamTest.addCandidateToSeveralDepartment(java.lang.String)[pri:0, instance:com.epam.testexternalpart.tests.SeveralStreamTest@cd7e6ef]Harry;Potter;James;02.12.2013;sdhgjshg1j@mail.ru;+380505465345;  215475951
  BaseTest.tearDown()[pri:0, instance:com.epam.testexternalpart.tests.SeveralStreamTest@cd7e6ef] 215475951
=====
[TestRunner] Running test SearchStreamTest on 1  classes,  included groups:[] excluded groups:[]
===== Test class
com.epam.testexternalpart.tests.SearchTest
  @BeforeClass BaseTest.init()[pri:0, instance:com.epam.testexternalpart.tests.SearchTest@2d1e165f]
  @BeforeMethod BaseTest.startPage()[pri:0, instance:com.epam.testexternalpart.tests.SearchTest@2d1e165f]
    @Test SearchTest.streamSearch(java.lang.String, java.lang.String, java.lang.String, java.lang.String, java.lang.String)[pri:0, instance:com.epam.testexternalpart.tests.SearchTest@2d1e165f]
  @AfterClass BaseTest.tearDown()[pri:0, instance:com.epam.testexternalpart.tests.SearchTest@2d1e165f]
======
[Invoker 191138085] Keeping method BaseTest.init()[pri:0, instance:com.epam.testexternalpart.tests.SearchTest@2d1e165f] for class [TestClass name=class com.epam.testexternalpart.tests.SearchTest]
[Invoker 191138085] Invoking @BeforeClass BaseTest.init()[pri:0, instance:com.epam.testexternalpart.tests.SearchTest@2d1e165f]
[Invoker 191138085] Keeping method BaseTest.startPage()[pri:0, instance:com.epam.testexternalpart.tests.SearchTest@2d1e165f] for class [TestClass name=class com.epam.testexternalpart.tests.SearchTest]
[Invoker 191138085] Keeping method BaseTest.startPage()[pri:0, instance:com.epam.testexternalpart.tests.SearchTest@2d1e165f] for class [TestClass name=class com.epam.testexternalpart.tests.SearchTest]
[Invoker 191138085] Invoking @BeforeMethod BaseTest.startPage()[pri:0, instance:com.epam.testexternalpart.tests.SearchTest@2d1e165f]
[Invoker 191138085] Invoking com.epam.testexternalpart.tests.SearchTest.streamSearch
Check search in Stream
Click on [First stream on first dep]
Create candidates for test
Click on [addCandidateBut]
Creating new candidate with fields-Ololo;Ololoev;Olololoevich;02.12.2013;sdhgjshgj@mail.ru;+380505465345;
Click on [Click Create Candidate Button]
Check if new candidate was added
candidate was added
Click on [addCandidateBut]
Creating new candidate with fields-Ololo1;Ololoev1;Olololoevich1;02.12.2013;sdhgjshgj1@mail.ru;+380505465346;
Click on [Click Create Candidate Button]
Check if new candidate was added
candidate was added
Click on [addCandidateBut]
Creating new candidate with fields-Ololo2;Ololoev2;Olololoevich2;02.12.2013;sdhgjshgj2@mail.ru;+380505465347;
Click on [Click Create Candidate Button]
Check if new candidate was added
</system-out>
  </testcase>
  <testcase time="2.612" classname="com.epam.testexternalpart.tests.PlaceForTestingTest" name="addNewPlaceForTesting"/>
  <testcase time="1.683" classname="com.epam.testexternalpart.tests.PlaceForTestingTest" name="deleteNewPlaceForTesting"/>
  <testcase time="2.032" classname="com.epam.testexternalpart.tests.PlaceForTestingTest" name="editNewPlaceForTesting"/>
</testsuite>