<?xml version="1.0" encoding="UTF-8"?>
<testsuite name="TestSuite" time="741.033" tests="67" errors="0" skipped="0" failures="3">
  <properties>
[...]
</properties>
  <testcase name="checkAddStreamAccordingToDepartment" classname="com.epam.testexternalpart.tests.SmokeTest" time="20.202"/>
  <testcase name="checkConcretSubgroup" classname="com.epam.testexternalpart.tests.SmokeTest" time="7.816"/>
  <testcase name="checkElAllCandiadtesMenu" classname="com.epam.testexternalpart.tests.SmokeTest" time="48.204"/>
  <testcase name="checkElStreamPage" classname="com.epam.testexternalpart.tests.SmokeTest" time="52.588"/>
  <testcase name="checkElementsAddCandidate" classname="com.epam.testexternalpart.tests.SmokeTest" time="4.2"/>
  <testcase name="checkElementsEditCandidate" classname="com.epam.testexternalpart.tests.SmokeTest" time="7.378"/>
  <testcase name="checkElementsPresentAddDepartmentPage" classname="com.epam.testexternalpart.tests.SmokeTest" time="0.522"/>
  <testcase name="checkElementsPresentAddStreamPage" classname="com.epam.testexternalpart.tests.SmokeTest" time="0.843"/>
  <testcase name="checkElementsPresentDepartmentPage" classname="com.epam.testexternalpart.tests.SmokeTest" time="0.233"/>
  <testcase name="checkElementsViewCandidate" classname="com.epam.testexternalpart.tests.SmokeTest" time="46.951"/>
  <testcase name="checkEmailTemplatesPage" classname="com.epam.testexternalpart.tests.SmokeTest" time="8.463"/>
  <testcase name="checkMailSettingsMenu" classname="com.epam.testexternalpart.tests.SmokeTest" time="0"/>
  <testcase name="checkMenu" classname="com.epam.testexternalpart.tests.SmokeTest" time="0.348"/>
  <testcase name="checkSubgroupPage" classname="com.epam.testexternalpart.tests.SmokeTest" time="2.872"/>
  <testcase name="testAddDepartment" classname="com.epam.testexternalpart.tests.DepartmentTest" time="0.537"/>
  <testcase name="testAddDepartmentWithValidName" classname="com.epam.testexternalpart.tests.DepartmentTest" time="3.544"/>
  <testcase name="testEditDepartmentName" classname="com.epam.testexternalpart.tests.DepartmentTest" time="5.506"/>
  <testcase name="testAddNewInValidStream" classname="com.epam.testexternalpart.tests.StreamTest" time="3"/>
  <testcase name="testAddNewInValidStream" classname="com.epam.testexternalpart.tests.StreamTest" time="2.583"/>
  <testcase name="testAddNewInValidStream" classname="com.epam.testexternalpart.tests.StreamTest" time="2.68"/>
  <testcase name="testAddNewInValidStream" classname="com.epam.testexternalpart.tests.StreamTest" time="2.54"/>
  <testcase name="testAddNewValidStream" classname="com.epam.testexternalpart.tests.StreamTest" time="5.131"/>
  <testcase name="testAddNewValidStream" classname="com.epam.testexternalpart.tests.StreamTest" time="5.168"/>
  <testcase name="testEditStream" classname="com.epam.testexternalpart.tests.StreamTest" time="2.562"/>
  <testcase name="testEditStream" classname="com.epam.testexternalpart.tests.StreamTest" time="2.564"/>
  <testcase name="addCandidate" classname="com.epam.testexternalpart.tests.AddCandidateTest" time="10.859"/>
  <testcase name="addCandidateManually" classname="com.epam.testexternalpart.tests.AddCandidateTest" time="13.476"/>
  <testcase name="bannWithButton" classname="com.epam.testexternalpart.tests.AddCandidateTest" time="23.117"/>
  <testcase name="changeStatus" classname="com.epam.testexternalpart.tests.AddCandidateTest" time="58.266"/>
  <testcase name="deleteAllCandidates" classname="com.epam.testexternalpart.tests.AddCandidateTest" time="10.003"/>
  <testcase name="addStream" classname="com.epam.testexternalpart.tests.AssigningToTest" time="6.4"/>
  <testcase name="addCandidates" classname="com.epam.testexternalpart.tests.AssigningToTest" time="10.626"/>
  <testcase name="addCandidates" classname="com.epam.testexternalpart.tests.AssigningToTest" time="10.495"/>
  <testcase name="addCandidates" classname="com.epam.testexternalpart.tests.AssigningToTest" time="10.601"/>
  <testcase name="addCandidates" classname="com.epam.testexternalpart.tests.AssigningToTest" time="10.594"/>
  <testcase name="addCandidates" classname="com.epam.testexternalpart.tests.AssigningToTest" time="10.591"/>
  <testcase name="addCandidates" classname="com.epam.testexternalpart.tests.AssigningToTest" time="10.605"/>
  <testcase name="addCandidates" classname="com.epam.testexternalpart.tests.AssigningToTest" time="10.812"/>
  <testcase name="checkNotTestedCand" classname="com.epam.testexternalpart.tests.AssigningToTest" time="5.182"/>
  <testcase name="checkNotTestedCand" classname="com.epam.testexternalpart.tests.AssigningToTest" time="5.17"/>
  <testcase name="checkNotTestedCand" classname="com.epam.testexternalpart.tests.AssigningToTest" time="5.203"/>
  <testcase name="checkNotTestedCand" classname="com.epam.testexternalpart.tests.AssigningToTest" time="5.218"/>
  <testcase name="checkNotTestedCand" classname="com.epam.testexternalpart.tests.AssigningToTest" time="5.209"/>
  <testcase name="checkNotTestedCand" classname="com.epam.testexternalpart.tests.AssigningToTest" time="5.177"/>
  <testcase name="checkNotTestedCand" classname="com.epam.testexternalpart.tests.AssigningToTest" time="5.177"/>
  <testcase name="assignTest" classname="com.epam.testexternalpart.tests.AssigningToTest" time="29.059"/>
  <testcase name="checkAssignedToTestCand" classname="com.epam.testexternalpart.tests.AssigningToTest" time="4.196"/>
  <testcase name="checkAssignedToTestCand" classname="com.epam.testexternalpart.tests.AssigningToTest" time="4.131"/>
  <testcase name="checkAssignedToTestCand" classname="com.epam.testexternalpart.tests.AssigningToTest" time="4.145"/>
  <testcase name="checkAssignedToTestCand" classname="com.epam.testexternalpart.tests.AssigningToTest" time="4.299"/>
  <testcase name="checkAssignedToTestCand" classname="com.epam.testexternalpart.tests.AssigningToTest" time="4.22"/>
  <testcase name="checkAssignedToTestCand" classname="com.epam.testexternalpart.tests.AssigningToTest" time="4.097"/>
  <testcase name="responseFromCandidates" classname="com.epam.testexternalpart.tests.AssigningToTest" time="96.451"/>
  <testcase name="checkConfirmedCand" classname="com.epam.testexternalpart.tests.AssigningToTest" time="4.129"/>
  <testcase name="checkNotActualCand" classname="com.epam.testexternalpart.tests.AssigningToTest" time="3.638">
    <failure message="expected [true] but found [false]" type="java.lang.AssertionError">java.lang.AssertionError: expected [true] but found [false]
	at org.testng.Assert.fail(Assert.java:94)
	at org.testng.Assert.failNotEquals(Assert.java:494)
	at org.testng.Assert.assertTrue(Assert.java:42)
	at org.testng.Assert.assertTrue(Assert.java:52)
	at com.epam.testexternalpart.screen.stream.StreamPage.checkCandidates(StreamPage.java:633)
	at com.epam.testexternalpart.tests.AssigningToTest.checkNotActualCand(AssigningToTest.java:91)
</failure>
    <system-out><![CDATA[[Invoker 1413653265] Keeping method BaseTest.startPage()[pri:0, instance:com.epam.testexternalpart.tests.AssigningToTest@5e5792a0] for class [TestClass name=class com.epam.testexternalpart.tests.AssigningToTest]
[Invoker 1413653265] Keeping method BaseTest.startPage()[pri:0, instance:com.epam.testexternalpart.tests.AssigningToTest@5e5792a0] for class [TestClass name=class com.epam.testexternalpart.tests.AssigningToTest]
[Invoker 1413653265] Invoking @BeforeMethod BaseTest.startPage()[pri:0, instance:com.epam.testexternalpart.tests.AssigningToTest@5e5792a0]
[Invoker 1413653265] Invoking com.epam.testexternalpart.tests.AssigningToTest.checkNotActualCand
Click on [Select stream on Department Page]
Checking the presence of the elemen [javaTab]
[javaTab]is Not Present
Click on [click notActualTab]
Checking not testing Candidates
]]></system-out>
  </testcase>
  <testcase name="checkNewTimeCand" classname="com.epam.testexternalpart.tests.AssigningToTest" time="5.227"/>
  <testcase name="checkNewTimeCand" classname="com.epam.testexternalpart.tests.AssigningToTest" time="5.164"/>
  <testcase name="invitateSecondTime" classname="com.epam.testexternalpart.tests.AssigningToTest" time="58.233"/>
  <testcase name="checkDublicateAnswer" classname="com.epam.testexternalpart.tests.AssigningToTest" time="18.226">
    <failure message="no such element&#10;  (Session info: chrome=39.0.2171.99)&#10;  (Driver info: chromedriver=2.9.248315,platform=Windows NT 6.3 x86_64) (WARNING: The server did not provide any stacktrace information)&#10;Command duration or timeout: 39 milliseconds&#10;For documentation on this error, please visit: http://seleniumhq.org/exceptions/no_such_element.html&#10;Build info: version: &apos;2.44.0&apos;, revision: &apos;76d78cf323ce037c5f92db6c1bba601c2ac43ad8&apos;, time: &apos;2014-10-23 13:11:40&apos;&#10;System info: host: &apos;EPUAKHAW0083&apos;, ip: &apos;192.168.56.1&apos;, os.name: &apos;Windows 8.1&apos;, os.arch: &apos;amd64&apos;, os.version: &apos;6.3&apos;, java.version: &apos;1.8.0_20&apos;&#10;Driver info: org.openqa.selenium.chrome.ChromeDriver&#10;Capabilities [{applicationCacheEnabled=false, rotatable=false, chrome={userDataDir=C:\Users\OLESIA~1\AppData\Local\Temp\scoped_dir6396_7319}, takesHeapSnapshot=true, databaseEnabled=false, handlesAlerts=true, version=39.0.2171.99, platform=WIN8_1, browserConnectionEnabled=false, nativeEvents=true, acceptSslCerts=true, locationContextEnabled=true, webStorageEnabled=true, browserName=chrome, takesScreenshot=true, javascriptEnabled=true, cssSelectorsEnabled=true}]&#10;Session ID: edf27e484570dfd2d8cb0d5fb7ab0f54" type="org.openqa.selenium.NoSuchElementException">org.openqa.selenium.NoSuchElementException: no such element
  (Session info: chrome=39.0.2171.99)
  (Driver info: chromedriver=2.9.248315,platform=Windows NT 6.3 x86_64) (WARNING: The server did not provide any stacktrace information)
Command duration or timeout: 39 milliseconds
For documentation on this error, please visit: http://seleniumhq.org/exceptions/no_such_element.html
Build info: version: '2.44.0', revision: '76d78cf323ce037c5f92db6c1bba601c2ac43ad8', time: '2014-10-23 13:11:40'
System info: host: 'EPUAKHAW0083', ip: '192.168.56.1', os.name: 'Windows 8.1', os.arch: 'amd64', os.version: '6.3', java.version: '1.8.0_20'
Driver info: org.openqa.selenium.chrome.ChromeDriver
Capabilities [{applicationCacheEnabled=false, rotatable=false, chrome={userDataDir=C:\Users\OLESIA~1\AppData\Local\Temp\scoped_dir6396_7319}, takesHeapSnapshot=true, databaseEnabled=false, handlesAlerts=true, version=39.0.2171.99, platform=WIN8_1, browserConnectionEnabled=false, nativeEvents=true, acceptSslCerts=true, locationContextEnabled=true, webStorageEnabled=true, browserName=chrome, takesScreenshot=true, javascriptEnabled=true, cssSelectorsEnabled=true}]
Session ID: edf27e484570dfd2d8cb0d5fb7ab0f54
	at sun.reflect.GeneratedConstructorAccessor36.newInstance(Unknown Source)
	at sun.reflect.DelegatingConstructorAccessorImpl.newInstance(DelegatingConstructorAccessorImpl.java:45)
	at java.lang.reflect.Constructor.newInstance(Constructor.java:408)
	at org.openqa.selenium.remote.ErrorHandler.createThrowable(ErrorHandler.java:204)
	at org.openqa.selenium.remote.ErrorHandler.throwIfResponseFailed(ErrorHandler.java:156)
	at org.openqa.selenium.remote.RemoteWebDriver.execute(RemoteWebDriver.java:599)
	at org.openqa.selenium.remote.RemoteWebDriver.findElement(RemoteWebDriver.java:352)
	at org.openqa.selenium.remote.RemoteWebDriver.findElementByXPath(RemoteWebDriver.java:449)
	at org.openqa.selenium.By$ByXPath.findElement(By.java:357)
	at org.openqa.selenium.remote.RemoteWebDriver.findElement(RemoteWebDriver.java:344)
	at org.openqa.selenium.support.pagefactory.DefaultElementLocator.findElement(DefaultElementLocator.java:59)
	at org.openqa.selenium.support.pagefactory.internal.LocatingElementHandler.invoke(LocatingElementHandler.java:37)
	at com.sun.proxy.$Proxy7.getText(Unknown Source)
	at com.epam.testexternalpart.screen.stream.assigningTest.emails.AnswerFromIUa.checkDublicateAnswerMessage(AnswerFromIUa.java:109)
	at com.epam.testexternalpart.tests.AssigningToTest.checkDublicateAnswer(AssigningToTest.java:124)
</failure>
    <system-out><![CDATA[[Invoker 1413653265] Keeping method BaseTest.startPage()[pri:0, instance:com.epam.testexternalpart.tests.AssigningToTest@5e5792a0] for class [TestClass name=class com.epam.testexternalpart.tests.AssigningToTest]
[Invoker 1413653265] Keeping method BaseTest.startPage()[pri:0, instance:com.epam.testexternalpart.tests.AssigningToTest@5e5792a0] for class [TestClass name=class com.epam.testexternalpart.tests.AssigningToTest]
[Invoker 1413653265] Invoking @BeforeMethod BaseTest.startPage()[pri:0, instance:com.epam.testexternalpart.tests.AssigningToTest@5e5792a0]
[Invoker 1413653265] Invoking com.epam.testexternalpart.tests.AssigningToTest.checkDublicateAnswer
Click on [settingsButton]
Click on [emailTemplatesButtton]
Click on [answerDuplicationTittle]
Click on [logginButton]
Click on [inputBoxRow]
]]></system-out>
    <system-err><![CDATA[Starting ChromeDriver (v2.9.248315) on port 36750
]]></system-err>
  </testcase>
  <testcase name="invitateThirdTime" classname="com.epam.testexternalpart.tests.AssigningToTest" time="59.201"/>
  <testcase name="checkBannedCandidate" classname="com.epam.testexternalpart.tests.AssigningToTest" time="4.124"/>
  <testcase name="addCandidateToSeveralDepartment" classname="com.epam.testexternalpart.tests.SeveralStreamTest" time="6.856">
    <failure message="Index: 2, Size: 0" type="java.lang.IndexOutOfBoundsException">java.lang.IndexOutOfBoundsException: Index: 2, Size: 0
	at java.util.ArrayList.rangeCheck(ArrayList.java:653)
	at java.util.ArrayList.get(ArrayList.java:429)
	at sun.reflect.GeneratedMethodAccessor9.invoke(Unknown Source)
	at sun.reflect.DelegatingMethodAccessorImpl.invoke(DelegatingMethodAccessorImpl.java:43)
	at java.lang.reflect.Method.invoke(Method.java:483)
	at org.openqa.selenium.support.pagefactory.internal.LocatingElementListHandler.invoke(LocatingElementListHandler.java:38)
	at com.sun.proxy.$Proxy8.get(Unknown Source)
	at com.epam.testexternalpart.tests.SeveralStreamTest.addCandidateToSeveralDepartment(SeveralStreamTest.java:16)
</failure>
    <system-out><![CDATA[[Invoker 1413653265] Keeping method BaseTest.tearDown()[pri:0, instance:com.epam.testexternalpart.tests.AssigningToTest@5e5792a0] for class [TestClass name=class com.epam.testexternalpart.tests.AssigningToTest]
[Invoker 1413653265] Invoking @AfterClass BaseTest.tearDown()[pri:0, instance:com.epam.testexternalpart.tests.AssigningToTest@5e5792a0]
===== Invoked methods
  BaseTest.init()[pri:0, instance:com.epam.testexternalpart.tests.AssigningToTest@5e5792a0] 1582797472
    AssigningToTest.addStream(java.lang.String)[pri:0, instance:com.epam.testexternalpart.tests.AssigningToTest@5e5792a0]Autumn 2015  1582797472
    AssigningToTest.addCandidates(java.lang.String, java.lang.String)[pri:0, instance:com.epam.testexternalpart.tests.AssigningToTest@5e5792a0]Autumn 2015 Олег;Ромашкин;Федорович;21.09.1990;pupkin379@rambler.ru;+397894164112;+097894164111;ХПИ;Компютерных наук;специалист;2004;2009;компьютерная академия ШАГ;основные понятия по Java;русский, украинский - разговорный, английский - со словарем  1582797472
    AssigningToTest.addCandidates(java.lang.String, java.lang.String)[pri:0, instance:com.epam.testexternalpart.tests.AssigningToTest@5e5792a0]Autumn 2015 Денис;Петрушкин;Геннадьевич;16.04.1991;pupkin379@i.ua;+087894156114;+097894164111;ХПИ;Компютерных наук;специалист;2004;2009;компьютерная академия ШАГ;основные понятия по Java;русский, украинский - разговорный, английский - со словарем  1582797472
    AssigningToTest.addCandidates(java.lang.String, java.lang.String)[pri:0, instance:com.epam.testexternalpart.tests.AssigningToTest@5e5792a0]Autumn 2015 Семен;Пяточкин;Сергеевич;04.02.1990;vasya.pupkin379@yandex.ru;+087894156114;+097894164111;ХПИ;Компютерных наук;специалист;2004;2009;компьютерная академия ШАГ;основные понятия по Java;русский, украинский - разговорный, английский - со словарем  1582797472
    AssigningToTest.addCandidates(java.lang.String, java.lang.String)[pri:0, instance:com.epam.testexternalpart.tests.AssigningToTest@5e5792a0]Autumn 2015 Илья;Сметанкин;Олегович;13.05.1992;student19843@mail.ru;+045894156114;+097894164111;ХПИ;Компютерных наук;специалист;2004;2009;компьютерная академия ШАГ;основные понятия по Java;русский, украинский - разговорный, английский - со словарем  1582797472
    AssigningToTest.addCandidates(java.lang.String, java.lang.String)[pri:0, instance:com.epam.testexternalpart.tests.AssigningToTest@5e5792a0]Autumn 2015 Лев;Топорин;Борисович;15.06.1992;student18844@gmail.com;+045894156114;+097894164111;ХПИ;Компютерных наук;специалист;2004;2009;компьютерная академия ШАГ;основные понятия по Java;русский, украинский - разговорный, английский - со словарем  1582797472
    AssigningToTest.addCandidates(java.lang.String, java.lang.String)[pri:0, instance:com.epam.testexternalpart.tests.AssigningToTest@5e5792a0]Autumn 2015 Леонид;Незнающий;Клементьевич;15.06.1992;student@com;+045894156114;+097894164111;ХПИ;Компютерных наук;специалист;2004;2009;компьютерная академия ШАГ;основные понятия по Java;русский, украинский - разговорный, английский - со словарем  1582797472
    AssigningToTest.addCandidates(java.lang.String, java.lang.String)[pri:0, instance:com.epam.testexternalpart.tests.AssigningToTest@5e5792a0]Autumn 2015 Кирилл;Хмельной;Артурович;15.06.1992;student19843@ukr.net;+045894156114;+097894164111;ХПИ;Компютерных наук;специалист;2004;2009;компьютерная академия ШАГ;основные понятия по Java;русский, украинский - разговорный, английский - со словарем  1582797472
    AssigningToTest.checkNotTestedCand(java.lang.String, java.lang.String, java.lang.String)[pri:0, instance:com.epam.testexternalpart.tests.AssigningToTest@5e5792a0]Autumn 2015 Кирилл;Хмельной;Артурович;15.06.1992;student19843@ukr.net;+045894156114 1.0  1582797472
    AssigningToTest.checkNotTestedCand(java.lang.String, java.lang.String, java.lang.String)[pri:0, instance:com.epam.testexternalpart.tests.AssigningToTest@5e5792a0]Autumn 2015 Леонид;Незнающий;Клементьевич;15.06.1992;student@com;+045894156114 2.0  1582797472
    AssigningToTest.checkNotTestedCand(java.lang.String, java.lang.String, java.lang.String)[pri:0, instance:com.epam.testexternalpart.tests.AssigningToTest@5e5792a0]Autumn 2015 Лев;Топорин;Борисович;15.06.1992;student18844@gmail.com;+045894156114 3.0  1582797472
    AssigningToTest.checkNotTestedCand(java.lang.String, java.lang.String, java.lang.String)[pri:0, instance:com.epam.testexternalpart.tests.AssigningToTest@5e5792a0]Autumn 2015 Илья;Сметанкин;Олегович;13.05.1992;student19843@mail.ru;+045894156114 4.0  1582797472
    AssigningToTest.checkNotTestedCand(java.lang.String, java.lang.String, java.lang.String)[pri:0, instance:com.epam.testexternalpart.tests.AssigningToTest@5e5792a0]Autumn 2015 Семен;Пяточкин;Сергеевич;04.02.1990;vasya.pupkin379@yandex.ru;+087894156114 5.0  1582797472
    AssigningToTest.checkNotTestedCand(java.lang.String, java.lang.String, java.lang.String)[pri:0, instance:com.epam.testexternalpart.tests.AssigningToTest@5e5792a0]Autumn 2015 Денис;Петрушкин;Геннадьевич;16.04.1991;pupkin379@i.ua;+087894156114 6.0  1582797472
    AssigningToTest.checkNotTestedCand(java.lang.String, java.lang.String, java.lang.String)[pri:0, instance:com.epam.testexternalpart.tests.AssigningToTest@5e5792a0]Autumn 2015 Олег;Ромашкин;Федорович;21.09.1990;pupkin379@rambler.ru;+397894164112 7.0  1582797472
    AssigningToTest.assignTest(java.lang.String)[pri:0, instance:com.epam.testexternalpart.tests.AssigningToTest@5e5792a0]Autumn 2015  1582797472
    AssigningToTest.checkAssignedToTestCand(java.lang.String, java.lang.String, java.lang.String)[pri:0, instance:com.epam.testexternalpart.tests.AssigningToTest@5e5792a0]Autumn 2015 Кирилл;Хмельной;Артурович;15.06.1992;student19843@ukr.net;+045894156114 1.0  1582797472
    AssigningToTest.checkAssignedToTestCand(java.lang.String, java.lang.String, java.lang.String)[pri:0, instance:com.epam.testexternalpart.tests.AssigningToTest@5e5792a0]Autumn 2015 Лев;Топорин;Борисович;15.06.1992;student18844@gmail.com;+045894156114 2.0  1582797472
    AssigningToTest.checkAssignedToTestCand(java.lang.String, java.lang.String, java.lang.String)[pri:0, instance:com.epam.testexternalpart.tests.AssigningToTest@5e5792a0]Autumn 2015 Илья;Сметанкин;Олегович;13.05.1992;student19843@mail.ru;+045894156114 3.0  1582797472
    AssigningToTest.checkAssignedToTestCand(java.lang.String, java.lang.String, java.lang.String)[pri:0, instance:com.epam.testexternalpart.tests.AssigningToTest@5e5792a0]Autumn 2015 Семен;Пяточкин;Сергеевич;04.02.1990;vasya.pupkin379@yandex.ru;+087894156114 4.0  1582797472
    AssigningToTest.checkAssignedToTestCand(java.lang.String, java.lang.String, java.lang.String)[pri:0, instance:com.epam.testexternalpart.tests.AssigningToTest@5e5792a0]Autumn 2015 Денис;Петрушкин;Геннадьевич;16.04.1991;pupkin379@i.ua;+087894156114 5.0  1582797472
    AssigningToTest.checkAssignedToTestCand(java.lang.String, java.lang.String, java.lang.String)[pri:0, instance:com.epam.testexternalpart.tests.AssigningToTest@5e5792a0]Autumn 2015 Олег;Ромашкин;Федорович;21.09.1990;pupkin379@rambler.ru;+397894164112 6.0  1582797472
    AssigningToTest.responseFromCandidates()[pri:0, instance:com.epam.testexternalpart.tests.AssigningToTest@5e5792a0] 1582797472
    AssigningToTest.checkConfirmedCand(java.lang.String, java.lang.String, java.lang.String)[pri:0, instance:com.epam.testexternalpart.tests.AssigningToTest@5e5792a0]Autumn 2015 Денис;Петрушкин;Геннадьевич;16.04.1991;pupkin379@i.ua;+087894156114 1.0  1582797472
    AssigningToTest.checkNotActualCand(java.lang.String, java.lang.String, java.lang.String)[pri:0, instance:com.epam.testexternalpart.tests.AssigningToTest@5e5792a0]Autumn 2015 Семен;Пяточкин;Сергеевич;04.02.1990;vasya.pupkin379@yandex.ru;+087894156114 1.0  1582797472
    AssigningToTest.checkNewTimeCand(java.lang.String, java.lang.String, java.lang.String)[pri:0, instance:com.epam.testexternalpart.tests.AssigningToTest@5e5792a0]Autumn 2015 Леонид;Незнающий;Клементьевич;15.06.1992;student@com;+045894156114 1.0  1582797472
    AssigningToTest.checkNewTimeCand(java.lang.String, java.lang.String, java.lang.String)[pri:0, instance:com.epam.testexternalpart.tests.AssigningToTest@5e5792a0]Autumn 2015 Олег;Ромашкин;Федорович;21.09.1990;pupkin379@rambler.ru;+397894164112 2.0  1582797472
    AssigningToTest.invitateSecondTime(java.lang.String)[pri:0, instance:com.epam.testexternalpart.tests.AssigningToTest@5e5792a0]Autumn 2015  1582797472
    AssigningToTest.checkDublicateAnswer()[pri:0, instance:com.epam.testexternalpart.tests.AssigningToTest@5e5792a0] 1582797472
    AssigningToTest.invitateThirdTime(java.lang.String)[pri:0, instance:com.epam.testexternalpart.tests.AssigningToTest@5e5792a0]Autumn 2015  1582797472
    AssigningToTest.checkBannedCandidate(java.lang.String, java.lang.String, java.lang.String)[pri:0, instance:com.epam.testexternalpart.tests.AssigningToTest@5e5792a0]Autumn 2015 Олег;Ромашкин;Федорович;21.09.1990;pupkin379@rambler.ru;+397894164112 1.0  1582797472
  BaseTest.tearDown()[pri:0, instance:com.epam.testexternalpart.tests.AssigningToTest@5e5792a0] 1582797472
=====
[TestRunner] Running test SeveralStreamTest on 1  classes,  included groups:[] excluded groups:[]
===== Test class
com.epam.testexternalpart.tests.SeveralStreamTest
  @BeforeClass BaseTest.init()[pri:0, instance:com.epam.testexternalpart.tests.SeveralStreamTest@ae45eb6]
  @BeforeMethod BaseTest.startPage()[pri:0, instance:com.epam.testexternalpart.tests.SeveralStreamTest@ae45eb6]
    @Test SeveralStreamTest.addCandidateToSeveralDepartment(java.lang.String)[pri:0, instance:com.epam.testexternalpart.tests.SeveralStreamTest@ae45eb6]
  @AfterClass BaseTest.tearDown()[pri:0, instance:com.epam.testexternalpart.tests.SeveralStreamTest@ae45eb6]
======
[Invoker 1413653265] Keeping method BaseTest.init()[pri:0, instance:com.epam.testexternalpart.tests.SeveralStreamTest@ae45eb6] for class [TestClass name=class com.epam.testexternalpart.tests.SeveralStreamTest]
[Invoker 1413653265] Invoking @BeforeClass BaseTest.init()[pri:0, instance:com.epam.testexternalpart.tests.SeveralStreamTest@ae45eb6]
[Invoker 1413653265] Keeping method BaseTest.startPage()[pri:0, instance:com.epam.testexternalpart.tests.SeveralStreamTest@ae45eb6] for class [TestClass name=class com.epam.testexternalpart.tests.SeveralStreamTest]
[Invoker 1413653265] Keeping method BaseTest.startPage()[pri:0, instance:com.epam.testexternalpart.tests.SeveralStreamTest@ae45eb6] for class [TestClass name=class com.epam.testexternalpart.tests.SeveralStreamTest]
[Invoker 1413653265] Invoking @BeforeMethod BaseTest.startPage()[pri:0, instance:com.epam.testexternalpart.tests.SeveralStreamTest@ae45eb6]
[Invoker 1413653265] Invoking com.epam.testexternalpart.tests.SeveralStreamTest.addCandidateToSeveralDepartment
Click on [Click first_stream]
Click on [Click addCandidateButton]
Creating new candidate with fields-Harry;Potter;James;02.12.2013;sdhgjshg1j@mail.ru;+380505465345;
Click on [Click Create Candidate Button]
Checking the presence of the elemen [Create Profile Create Button]
[Create Profile Create Button]is Not Present
Click on [Click on crumbs]
]]></system-out>
    <system-err><![CDATA[Starting ChromeDriver (v2.9.248315) on port 45470
]]></system-err>
  </testcase>
  <testcase name="allCandidatesSearch" classname="com.epam.testexternalpart.tests.SearchTest" time="36.709"/>
  <testcase name="streamSearch" classname="com.epam.testexternalpart.tests.SearchTest" time="34.655"/>
  <testcase name="addNewPlaceForTesting" classname="com.epam.testexternalpart.tests.PlaceForTestingTest" time="9.645"/>
  <testcase name="deleteNewPlaceForTesting" classname="com.epam.testexternalpart.tests.PlaceForTestingTest" time="3.524"/>
  <testcase name="editNewPlaceForTesting" classname="com.epam.testexternalpart.tests.PlaceForTestingTest" time="8.331"/>
</testsuite>