<?xml version="1.0" encoding="UTF-8"?>
<testsuite name="TestSuite" time="1,966.766" tests="38" errors="0" skipped="2" failures="10">
  <properties>
[...]
</properties>
  <testcase name="checkAddStreamAccordingToDepartment" classname="com.epam.testexternalpart.tests.SmokeTest" time="19.864"/>
  <testcase name="checkConcretSubgroup" classname="com.epam.testexternalpart.tests.SmokeTest" time="2.59"/>
  <testcase name="checkElAllCandiadtesMenu" classname="com.epam.testexternalpart.tests.SmokeTest" time="1.7">
    <failure message="stale element reference: element is not attached to the page document&#10;  (Session info: chrome=39.0.2171.95)&#10;  (Driver info: chromedriver=2.9.248315,platform=Windows NT 6.1 SP1 x86_64) (WARNING: The server did not provide any stacktrace information)&#10;Command duration or timeout: 8 milliseconds&#10;For documentation on this error, please visit: http://seleniumhq.org/exceptions/stale_element_reference.html&#10;Build info: version: &apos;2.44.0&apos;, revision: &apos;76d78cf323ce037c5f92db6c1bba601c2ac43ad8&apos;, time: &apos;2014-10-23 13:11:40&apos;&#10;System info: host: &apos;EPUAKHAW0501&apos;, ip: &apos;10.23.14.67&apos;, os.name: &apos;Windows 7&apos;, os.arch: &apos;amd64&apos;, os.version: &apos;6.1&apos;, java.version: &apos;1.7.0_71&apos;&#10;Session ID: 3bb52d5d63a327d6b6f1347bb9171c38&#10;Driver info: org.openqa.selenium.chrome.ChromeDriver&#10;Capabilities [{platform=XP, acceptSslCerts=true, javascriptEnabled=true, browserName=chrome, chrome={userDataDir=C:\Users\Olha_Borodkina\AppData\Local\Temp\scoped_dir3020_1077}, rotatable=false, locationContextEnabled=true, version=39.0.2171.95, takesHeapSnapshot=true, cssSelectorsEnabled=true, databaseEnabled=false, handlesAlerts=true, browserConnectionEnabled=false, webStorageEnabled=true, nativeEvents=true, applicationCacheEnabled=false, takesScreenshot=true}]" type="org.openqa.selenium.StaleElementReferenceException">org.openqa.selenium.StaleElementReferenceException: stale element reference: element is not attached to the page document
  (Session info: chrome=39.0.2171.95)
  (Driver info: chromedriver=2.9.248315,platform=Windows NT 6.1 SP1 x86_64) (WARNING: The server did not provide any stacktrace information)
Command duration or timeout: 8 milliseconds
For documentation on this error, please visit: http://seleniumhq.org/exceptions/stale_element_reference.html
Build info: version: '2.44.0', revision: '76d78cf323ce037c5f92db6c1bba601c2ac43ad8', time: '2014-10-23 13:11:40'
System info: host: 'EPUAKHAW0501', ip: '10.23.14.67', os.name: 'Windows 7', os.arch: 'amd64', os.version: '6.1', java.version: '1.7.0_71'
Session ID: 3bb52d5d63a327d6b6f1347bb9171c38
Driver info: org.openqa.selenium.chrome.ChromeDriver
Capabilities [{platform=XP, acceptSslCerts=true, javascriptEnabled=true, browserName=chrome, chrome={userDataDir=C:\Users\Olha_Borodkina\AppData\Local\Temp\scoped_dir3020_1077}, rotatable=false, locationContextEnabled=true, version=39.0.2171.95, takesHeapSnapshot=true, cssSelectorsEnabled=true, databaseEnabled=false, handlesAlerts=true, browserConnectionEnabled=false, webStorageEnabled=true, nativeEvents=true, applicationCacheEnabled=false, takesScreenshot=true}]
	at sun.reflect.NativeConstructorAccessorImpl.newInstance0(Native Method)
	at sun.reflect.NativeConstructorAccessorImpl.newInstance(NativeConstructorAccessorImpl.java:57)
	at sun.reflect.DelegatingConstructorAccessorImpl.newInstance(DelegatingConstructorAccessorImpl.java:45)
	at java.lang.reflect.Constructor.newInstance(Constructor.java:526)
	at org.openqa.selenium.remote.ErrorHandler.createThrowable(ErrorHandler.java:204)
	at org.openqa.selenium.remote.ErrorHandler.throwIfResponseFailed(ErrorHandler.java:156)
	at org.openqa.selenium.remote.RemoteWebDriver.execute(RemoteWebDriver.java:599)
	at org.openqa.selenium.remote.RemoteWebElement.execute(RemoteWebElement.java:268)
	at org.openqa.selenium.remote.RemoteWebElement.getTagName(RemoteWebElement.java:117)
	at com.epam.testexternalpart.screen.Components.checkElementText(Components.java:101)
	at com.epam.testexternalpart.screen.AllCandidatesPage.checkElementsPresent(AllCandidatesPage.java:295)
	at com.epam.testexternalpart.tests.SmokeTest.checkElAllCandiadtesMenu(SmokeTest.java:119)
</failure>
    <system-out><![CDATA[[Invoker 1226918419] Keeping method BaseTest.startPage()[pri:0, instance:com.epam.testexternalpart.tests.SmokeTest@3e3ca41c] for class [TestClass name=class com.epam.testexternalpart.tests.SmokeTest]
[Invoker 1226918419] Keeping method BaseTest.startPage()[pri:0, instance:com.epam.testexternalpart.tests.SmokeTest@3e3ca41c] for class [TestClass name=class com.epam.testexternalpart.tests.SmokeTest]
[Invoker 1226918419] Invoking @BeforeMethod BaseTest.startPage()[pri:0, instance:com.epam.testexternalpart.tests.SmokeTest@3e3ca41c]
[Invoker 1226918419] Invoking com.epam.testexternalpart.tests.SmokeTest.checkElAllCandiadtesMenu
Check all elements are present on CandiadtesMenu
Click on [allCandidatesButton]
Check the presence of all text on All Candidates menu Page
Checking text of element All candidates title
Text of [All candidates title] is correct
Checking partial text of element Crumbs
Text of [Crumbs] is correct
All text on All Candidates menu Page is present
Checking the presence of all elements on All Candidates Page
Checking the presence of default columns on All Candidates menu - 
Checking text of element №
]]></system-out>
  </testcase>
  <testcase name="checkElStreamPage" classname="com.epam.testexternalpart.tests.SmokeTest" time="6.267">
    <failure message="expected [true] but found [false]" type="java.lang.AssertionError">java.lang.AssertionError: expected [true] but found [false]
	at org.testng.Assert.fail(Assert.java:94)
	at org.testng.Assert.failNotEquals(Assert.java:494)
	at org.testng.Assert.assertTrue(Assert.java:42)
	at org.testng.Assert.assertTrue(Assert.java:52)
	at com.epam.testexternalpart.screen.stream.StreamPage.EnableColumnByCheckBox(StreamPage.java:443)
	at com.epam.testexternalpart.screen.stream.StreamPage.checkColumnsAccordingToCheckBox(StreamPage.java:417)
	at com.epam.testexternalpart.tests.SmokeTest.checkElStreamPage(SmokeTest.java:63)
</failure>
    <system-out><![CDATA[[Invoker 1226918419] Keeping method BaseTest.startPage()[pri:0, instance:com.epam.testexternalpart.tests.SmokeTest@3e3ca41c] for class [TestClass name=class com.epam.testexternalpart.tests.SmokeTest]
[Invoker 1226918419] Keeping method BaseTest.startPage()[pri:0, instance:com.epam.testexternalpart.tests.SmokeTest@3e3ca41c] for class [TestClass name=class com.epam.testexternalpart.tests.SmokeTest]
[Invoker 1226918419] Invoking @BeforeMethod BaseTest.startPage()[pri:0, instance:com.epam.testexternalpart.tests.SmokeTest@3e3ca41c]
[Invoker 1226918419] Invoking com.epam.testexternalpart.tests.SmokeTest.checkElStreamPage
Check all elements are present on StreamPage
Checking that click by selected stream reffering to Stream Page
Click on [First stream on first dep]
Checking the presence of the elemen [javaTab]
[javaTab]is Not Present
Checking the presence of all elements on Stream Page
Checking the presence of the elemen [Stream Assign Test Button]
[Stream Assign Test Button]is Present
Checking the presence of the elemen [Stream Bun Button]
[Stream Bun Button]is Present
Checking the presence of the elemen [Stream Delete Button]
[Stream Delete Button]is Present
Checking the presence of the elemen [Stream exportCandidateButton]
[Stream exportCandidateButton]is Present
Checking the presence of the elemen [Stream all Candidate Tab]
[Stream all Candidate Tab]is Present
Checking the presence of the elemen [Stream notTestedCandidate]
[Stream notTestedCandidate]is Present
Checking the presence of the elemen [Stream assigned To Test Tab]
[Stream assigned To Test Tab]is Present
Checking the presence of the elemen [Stream confirmed Tab]
[Stream confirmed Tab]is Present
Checking the presence of the elemen [Stream test Complete Tab]
[Stream test Complete Tab]is Present
Checking the presence of the elemen [Stream not Actual Tab]
[Stream not Actual Tab]is Present
Checking the presence of the elemen [Stream banned Tab]
[Stream banned Tab]is Present
Checking the presence of the elemen [Stream secondPhoneCheckBox]
[Stream secondPhoneCheckBox]is Present
Checking the presence of the elemen [Stream UniversityCheckBox]
[Stream UniversityCheckBox]is Present
Checking the presence of the elemen [Stream assigned facultyCheckBox]
[Stream assigned facultyCheckBox]is Present
Checking the presence of the elemen [Stream degreeCheckBox]
[Stream degreeCheckBox]is Present
Checking the presence of the elemen [Stream educationStartCheckBox]
[Stream educationStartCheckBox]is Present
Checking the presence of the elemen [Stream graduationYearCheckBox]
[Stream graduationYearCheckBox]is Present
Checking the presence of the elemen [Stream additionalEducationCheckBox]
[Stream additionalEducationCheckBox]is Present
Checking the presence of the elemen [Stream relevantSkillsCheckBox]
[Stream relevantSkillsCheckBox]is Present
Checking the presence of the elemen [Stream howKnowCheckBox]
[Stream howKnowCheckBox]is Present
Checking the presence of the elemen [Stream secondPhoneCheckBox]
[Stream secondPhoneCheckBox]is Present
Checking the presence of the elemen [Stream attemptCountCheckBox]
[Stream attemptCountCheckBox]is Present
Checking the presence of the elemen [Stream statusCheckBox]
[Stream statusCheckBox]is Present
Checking the presence of the elemen [Stream commentCheckBox]
[Stream commentCheckBox]is Present
Checking the presence of the elemen [Stream estimationCheckBox]
[Stream estimationCheckBox]is Present
Checking the presence of the elemen [Stream searchField]
[Stream searchField]is Present
Checking the presence of the elemen [Stream add Candidate Button]
[Stream add Candidate Button]is Present
All Streams elements are present
Checking the presence of all text on Stream Page
Checking text of element Department title
Text of [Department title] is correct
Checking partial text of element Crumbs
Text of [Crumbs] is correct
All text is present on Stream Page
Checking the presence of elements on Stream Page on All Candidates Tab
Checking the presence of the elemen [Stream choose Candidate Button]
[Stream choose Candidate Button]is Present
Checking the presence of the elemen [Stream import Candidate Button]
[Stream import Candidate Button]is Present
Click on [Test Completed Tab]
Checking the presence of elements on Stream Page on Test Completed Tab
Checking the presence of the elemen [Stream sendPossitiveResultsButton Button]
[Stream sendPossitiveResultsButton Button]is Present
Checking the presence of the elemen [Stream sendNegativeResultsButton Button]
[Stream sendNegativeResultsButton Button]is Present
Checking the presence of the elemen [Stream estimationCheckBox]
[Stream estimationCheckBox]is Present
Checking the presence of Stream's default columns
Checking text of element 
Text of [] is correct
Checking text of element №
Text of [№] is correct
Checking text of element First Name
Text of [First Name] is correct
Checking text of element Last Name
Text of [Last Name] is correct
Checking text of element Middle Name
Text of [Middle Name] is correct
Checking text of element Phone
Text of [Phone] is correct
Checking text of element BirthDate
Text of [BirthDate] is correct
Checking text of element Email
Text of [Email] is correct
Checking text of element Fill Date
Text of [Fill Date] is correct
Checking the presence of the elemen [Stream Create Button]
[Stream Create Button]is Present
All Streams default columns are present
Checking enable column Second phone by selected check Box
Click on [Second phone]
]]></system-out>
  </testcase>
  <testcase name="checkElementsAddCandidate" classname="com.epam.testexternalpart.tests.SmokeTest" time="3.401"/>
  <testcase name="checkElementsEditCandidate" classname="com.epam.testexternalpart.tests.SmokeTest" time="6.59">
    <failure message="expected [true] but found [false]" type="java.lang.AssertionError">java.lang.AssertionError: expected [true] but found [false]
	at org.testng.Assert.fail(Assert.java:94)
	at org.testng.Assert.failNotEquals(Assert.java:494)
	at org.testng.Assert.assertTrue(Assert.java:42)
	at org.testng.Assert.assertTrue(Assert.java:52)
	at com.epam.testexternalpart.screen.profile.EditProfilePage.checkTextAccordingToFields(EditProfilePage.java:214)
	at com.epam.testexternalpart.tests.SmokeTest.checkElementsEditCandidate(SmokeTest.java:107)
</failure>
    <system-out><![CDATA[[Invoker 1226918419] Keeping method BaseTest.startPage()[pri:0, instance:com.epam.testexternalpart.tests.SmokeTest@3e3ca41c] for class [TestClass name=class com.epam.testexternalpart.tests.SmokeTest]
[Invoker 1226918419] Keeping method BaseTest.startPage()[pri:0, instance:com.epam.testexternalpart.tests.SmokeTest@3e3ca41c] for class [TestClass name=class com.epam.testexternalpart.tests.SmokeTest]
[Invoker 1226918419] Invoking @BeforeMethod BaseTest.startPage()[pri:0, instance:com.epam.testexternalpart.tests.SmokeTest@3e3ca41c]
[Invoker 1226918419] Invoking com.epam.testexternalpart.tests.SmokeTest.checkElementsEditCandidate
Check all elements are present on EditCandidatePage
Checking that click by selected stream reffering to Stream Page
Click on [First stream on first dep]
Checking the presence of the elemen [javaTab]
[javaTab]is Not Present
Checking that Stream Create Button reffering to Add Stream Page
Checking the presence of the elemen [add Candidate Button]
[add Candidate Button]is Not Present
Creating new candidate with fields-Petrov;Petr;Olololoevich;02.12.1993;sdhgjshgj@mail.ru;+380505465345;
Click on [Click Create Candidate Button]
Checking the presence of the elemen [Create Profile Create Button]
[Create Profile Create Button]is Not Present
Checking that double click on selected candidate reffering to Candidate View Page
Checking the presence of the elemen [add Candidate Button]
[add Candidate Button]is Not Present
Check Candidate View Page transfering to Edit Candidate
Checking the presence of the elemen [Profile Tittle]
[Profile Tittle]is Not Present
Check the presence of all elements on Edit Profile Page
Checking the presence of the elemen [Crumbs]
[Crumbs]is Present
Checking the presence of the elemen [firstNameInput]
[firstNameInput]is Present
Checking the presence of the elemen [lastNameInput]
[lastNameInput]is Present
Checking the presence of the elemen [middleNameInput]
[middleNameInput]is Present
Checking the presence of the elemen [birthDateInput]
[birthDateInput]is Present
Checking the presence of the elemen [emailInput]
[emailInput]is Present
Checking the presence of the elemen [phoneInput]
[phoneInput]is Present
Checking the presence of the elemen [phoneSecondaryInput]
[phoneSecondaryInput]is Present
Checking the presence of the elemen [universityNameInput]
[universityNameInput]is Present
Checking the presence of the elemen [facultyNameInput]
[facultyNameInput]is Present
Checking the presence of the elemen [degreeInput]
[degreeInput]is Present
Checking the presence of the elemen [educationStartinput]
[educationStartinput]is Present
Checking the presence of the elemen [graduationYearInput]
[graduationYearInput]is Present
Checking the presence of the elemen [additionalEducationInput]
[additionalEducationInput]is Present
Checking the presence of the elemen [relevantSkilsInput]
[relevantSkilsInput]is Present
Checking the presence of the elemen [languageInput]
[languageInput]is Present
Checking the presence of the elemen [refererInput]
[refererInput]is Present
Checking the presence of the elemen [attemptInput]
[attemptInput]is Present
Checking the presence of the elemen [streamNameInput]
[streamNameInput]is Present
Checking the presence of the elemen [statusInput]
[statusInput]is Present
Checking the presence of the elemen [filldateInput]
[filldateInput]is Present
Checking the presence of the elemen [commentInput]
[commentInput]is Present
Checking the presence of the elemen [mandatory_fields]
[mandatory_fields]is Present
Checking the presence of the elemen [mandatory_fields]
[mandatory_fields]is Present
Checking the presence of the elemen [mandatory_fields]
[mandatory_fields]is Present
Checking the presence of the elemen [mandatory_fields]
[mandatory_fields]is Present
Checking the presence of the elemen [mandatory_fields]
[mandatory_fields]is Present
Checking the presence of the elemen [mandatory_fields]
[mandatory_fields]is Present
Checking the presence of the elemen [Edit Profile Save Button]
[Edit Profile Save Button]is Present
Checking the presence of the elemen [Edit Profile Cancel Button]
[Edit Profile Cancel Button]is Present
All elements are present on Edit Profile Page
Check the presence of all text on Edit Profile Page
Check the presence of titles text on Edit Profile Page
Checking the presence of the elemen [Edit Profile select element]
[Edit Profile select element]is Present
Checking the presence of the elemen [Edit Profile Cancel Button]
[Edit Profile Cancel Button]is Present
Checking the presence of the elemen [Edit Profile Save Button]
[Edit Profile Save Button]is Present
Checking the presence of the elemen [Edit Profile Title]
[Edit Profile Title]is Present
Checking text of element First name
Text of [First name] is correct
Checking text of element Last name
Text of [Last name] is correct
Checking text of element Middle name
Text of [Middle name] is correct
Checking text of element Birth date
Text of [Birth date] is correct
Checking text of element Email
Text of [Email] is correct
Checking text of element Phone
Text of [Phone] is correct
Checking text of element Secondary phone
Text of [Secondary phone] is correct
Checking text of element University name
Text of [University name] is correct
Checking text of element Faculty name
Text of [Faculty name] is correct
Checking text of element Academic degree
Text of [Academic degree] is correct
Checking text of element Education start year
Text of [Education start year] is correct
Checking text of element Graduation year
Text of [Graduation year] is correct
Checking text of element Additional education
Text of [Additional education] is correct
Checking text of element Relevant skills
Text of [Relevant skills] is correct
Checking text of element Languages
Text of [Languages] is correct
Checking text of element Referrer
Text of [Referrer] is correct
Checking text of element Attempt count
Text of [Attempt count] is correct
Checking text of element Stream
Text of [Stream] is correct
Checking text of element Status
Text of [Status] is correct
Checking text of element Fill date
Text of [Fill date] is correct
Checking text of element Comment
Text of [Comment] is correct
All Title Text is present on Edit Profile Page
Check fields on  Edit Profile Page according to added fields of candiadte
]]></system-out>
  </testcase>
  <testcase name="checkElementsPresentAddDepartmentPage" classname="com.epam.testexternalpart.tests.SmokeTest" time="0.48"/>
  <testcase name="checkElementsPresentAddStreamPage" classname="com.epam.testexternalpart.tests.SmokeTest" time="0.723"/>
  <testcase name="checkElementsPresentDepartmentPage" classname="com.epam.testexternalpart.tests.SmokeTest" time="0.176"/>
  <testcase name="checkElementsViewCandidate" classname="com.epam.testexternalpart.tests.SmokeTest" time="4.909">
    <failure message="expected [true] but found [false]" type="java.lang.AssertionError">java.lang.AssertionError: expected [true] but found [false]
	at org.testng.Assert.fail(Assert.java:94)
	at org.testng.Assert.failNotEquals(Assert.java:494)
	at org.testng.Assert.assertTrue(Assert.java:42)
	at org.testng.Assert.assertTrue(Assert.java:52)
	at com.epam.testexternalpart.screen.stream.StreamPage.checkTableAccordingToCandidadate(StreamPage.java:594)
	at com.epam.testexternalpart.tests.SmokeTest.checkElementsViewCandidate(SmokeTest.java:86)
</failure>
    <system-out><![CDATA[[Invoker 1226918419] Keeping method BaseTest.startPage()[pri:0, instance:com.epam.testexternalpart.tests.SmokeTest@3e3ca41c] for class [TestClass name=class com.epam.testexternalpart.tests.SmokeTest]
[Invoker 1226918419] Keeping method BaseTest.startPage()[pri:0, instance:com.epam.testexternalpart.tests.SmokeTest@3e3ca41c] for class [TestClass name=class com.epam.testexternalpart.tests.SmokeTest]
[Invoker 1226918419] Invoking @BeforeMethod BaseTest.startPage()[pri:0, instance:com.epam.testexternalpart.tests.SmokeTest@3e3ca41c]
[Invoker 1226918419] Invoking com.epam.testexternalpart.tests.SmokeTest.checkElementsViewCandidate
Check all elements are present on ViewCandidatePage
Checking that click by selected stream reffering to Stream Page
Click on [First stream on first dep]
Checking the presence of the elemen [javaTab]
[javaTab]is Not Present
Checking that Stream Create Button reffering to Add Stream Page
Checking the presence of the elemen [add Candidate Button]
[add Candidate Button]is Not Present
Creating new candidate with fields-Petrov;Petr;Olololoevich;02.12.1993;sdhgjshgj@mail.ru;+380505465345;
Click on [Click Create Candidate Button]
Checking the presence of the elemen [Create Profile Create Button]
[Create Profile Create Button]is Not Present
Check table fields according to fields of new candidate
Click on [ckeckBox]
]]></system-out>
  </testcase>
  <testcase name="checkEmailTemplatesPage" classname="com.epam.testexternalpart.tests.SmokeTest" time="3.817">
    <failure message="expected [Available placeholders:] but found []" type="java.lang.AssertionError">java.lang.AssertionError: expected [Available placeholders:] but found []
	at org.testng.Assert.fail(Assert.java:94)
	at org.testng.Assert.failNotEquals(Assert.java:494)
	at org.testng.Assert.assertEquals(Assert.java:123)
	at org.testng.Assert.assertEquals(Assert.java:176)
	at org.testng.Assert.assertEquals(Assert.java:186)
	at com.epam.testexternalpart.screen.Components.checkElementText(Components.java:111)
	at com.epam.testexternalpart.screen.TemplatePage.checkElementsPresentInvitation(TemplatePage.java:189)
	at com.epam.testexternalpart.tests.SmokeTest.checkEmailTemplatesPage(SmokeTest.java:141)
</failure>
    <system-out><![CDATA[[Invoker 1226918419] Keeping method BaseTest.startPage()[pri:0, instance:com.epam.testexternalpart.tests.SmokeTest@3e3ca41c] for class [TestClass name=class com.epam.testexternalpart.tests.SmokeTest]
[Invoker 1226918419] Keeping method BaseTest.startPage()[pri:0, instance:com.epam.testexternalpart.tests.SmokeTest@3e3ca41c] for class [TestClass name=class com.epam.testexternalpart.tests.SmokeTest]
[Invoker 1226918419] Invoking @BeforeMethod BaseTest.startPage()[pri:0, instance:com.epam.testexternalpart.tests.SmokeTest@3e3ca41c]
[Invoker 1226918419] Invoking com.epam.testexternalpart.tests.SmokeTest.checkEmailTemplatesPage
Check all elements are present on Email Templates Page
Checking transfering to Email Template Page
Click on [Click on settingsButton]
Click on [Click on emailTemplates]
Check the presence text on Email Template Page
Checking partial text of element Crumbs
Text of [Crumbs] is correct
Checking text of element invitation Tittle
Text of [invitation Tittle] is correct
Checking text of element successfull Test Tittle
Text of [successfull Test Tittle] is correct
Checking text of element faild Test Tittle
Text of [faild Test Tittle] is correct
Checking text of element answerDuplicationTittle
Text of [answerDuplicationTittle] is correct
All text are present on Email Template Page
Click on [invitationTittle]
Checking the presence of all elements on Email Invitation Template Page
Checking text of element invitation Available placeholders Tittle
]]></system-out>
  </testcase>
  <testcase name="checkMailSettingsMenu" classname="com.epam.testexternalpart.tests.SmokeTest" time="0"/>
  <testcase name="checkMenu" classname="com.epam.testexternalpart.tests.SmokeTest" time="0.315"/>
  <testcase name="checkSubgroupPage" classname="com.epam.testexternalpart.tests.SmokeTest" time="2.579"/>
  <testcase name="testAddDepartment" classname="com.epam.testexternalpart.tests.DepartmentTest" time="0.397"/>
  <testcase name="testAddDepartmentWithValidName" classname="com.epam.testexternalpart.tests.DepartmentTest" time="3.28"/>
  <testcase name="testEditDepartmentName" classname="com.epam.testexternalpart.tests.DepartmentTest" time="5.549"/>
  <testcase name="testAddNewInValidStream" classname="com.epam.testexternalpart.tests.StreamTest" time="2.738"/>
  <testcase name="testAddNewInValidStream" classname="com.epam.testexternalpart.tests.StreamTest" time="2.525"/>
  <testcase name="testAddNewInValidStream" classname="com.epam.testexternalpart.tests.StreamTest" time="2.486"/>
  <testcase name="testAddNewInValidStream" classname="com.epam.testexternalpart.tests.StreamTest" time="2.498"/>
  <testcase name="testAddNewValidStream" classname="com.epam.testexternalpart.tests.StreamTest" time="5.228"/>
  <testcase name="testAddNewValidStream" classname="com.epam.testexternalpart.tests.StreamTest" time="5.082"/>
  <testcase name="testEditStream" classname="com.epam.testexternalpart.tests.StreamTest" time="2.492"/>
  <testcase name="testEditStream" classname="com.epam.testexternalpart.tests.StreamTest" time="2.498"/>
  <testcase name="addCandidate" classname="com.epam.testexternalpart.tests.AddCandidateTest" time="10.482"/>
  <testcase name="addCandidateManually" classname="com.epam.testexternalpart.tests.AddCandidateTest" time="12.956"/>
  <testcase name="bannWithButton" classname="com.epam.testexternalpart.tests.AddCandidateTest" time="9.805">
    <failure message="Wrong data in new cand expected [true] but found [false]" type="java.lang.AssertionError">java.lang.AssertionError: Wrong data in new cand expected [true] but found [false]
	at org.testng.Assert.fail(Assert.java:94)
	at org.testng.Assert.failNotEquals(Assert.java:494)
	at org.testng.Assert.assertTrue(Assert.java:42)
	at com.epam.testexternalpart.screen.stream.StreamPage.checkCandExisting(StreamPage.java:489)
	at com.epam.testexternalpart.tests.AddCandidateTest.bannWithButton(AddCandidateTest.java:86)
</failure>
    <system-out><![CDATA[[Invoker 1226918419] Keeping method BaseTest.startPage()[pri:0, instance:com.epam.testexternalpart.tests.AddCandidateTest@784ee63e] for class [TestClass name=class com.epam.testexternalpart.tests.AddCandidateTest]
[Invoker 1226918419] Keeping method BaseTest.startPage()[pri:0, instance:com.epam.testexternalpart.tests.AddCandidateTest@784ee63e] for class [TestClass name=class com.epam.testexternalpart.tests.AddCandidateTest]
[Invoker 1226918419] Invoking @BeforeMethod BaseTest.startPage()[pri:0, instance:com.epam.testexternalpart.tests.AddCandidateTest@784ee63e]
[Invoker 1226918419] Invoking com.epam.testexternalpart.tests.AddCandidateTest.bannWithButton
Chech Ban button work
Click on [First stream on first dep]
1-Create candidate
Click on [addCandidateBut]
Creating new candidate with fields-Ololo;Ololoev;Olololoevich;02.12.2013;sdhgjshgj@mail.ru;+380505465345;
Click on [Click Create Candidate Button]
Checking the presence of the elemen [Create Profile Create Button]
[Create Profile Create Button]is Not Present
Check if new candidate was added
]]></system-out>
  </testcase>
  <testcase name="changeStatus" classname="com.epam.testexternalpart.tests.AddCandidateTest" time="1,787.483"/>
  <testcase name="deleteAllCandidates" classname="com.epam.testexternalpart.tests.AddCandidateTest" time="0.018">
    <failure message="no such element&#10;  (Session info: chrome=39.0.2171.95)&#10;  (Driver info: chromedriver=2.9.248315,platform=Windows NT 6.1 SP1 x86_64) (WARNING: The server did not provide any stacktrace information)&#10;Command duration or timeout: 16 milliseconds&#10;For documentation on this error, please visit: http://seleniumhq.org/exceptions/no_such_element.html&#10;Build info: version: &apos;2.44.0&apos;, revision: &apos;76d78cf323ce037c5f92db6c1bba601c2ac43ad8&apos;, time: &apos;2014-10-23 13:11:40&apos;&#10;System info: host: &apos;EPUAKHAW0501&apos;, ip: &apos;10.23.14.67&apos;, os.name: &apos;Windows 7&apos;, os.arch: &apos;amd64&apos;, os.version: &apos;6.1&apos;, java.version: &apos;1.7.0_71&apos;&#10;Session ID: bf68ad7e4f7fee82515e59145cd020a1&#10;Driver info: org.openqa.selenium.chrome.ChromeDriver&#10;Capabilities [{platform=XP, acceptSslCerts=true, javascriptEnabled=true, browserName=chrome, chrome={userDataDir=C:\Users\Olha_Borodkina\AppData\Local\Temp\scoped_dir5552_7086}, rotatable=false, locationContextEnabled=true, version=39.0.2171.95, takesHeapSnapshot=true, cssSelectorsEnabled=true, databaseEnabled=false, handlesAlerts=true, browserConnectionEnabled=false, webStorageEnabled=true, nativeEvents=true, applicationCacheEnabled=false, takesScreenshot=true}]" type="org.openqa.selenium.NoSuchElementException">org.openqa.selenium.NoSuchElementException: no such element
  (Session info: chrome=39.0.2171.95)
  (Driver info: chromedriver=2.9.248315,platform=Windows NT 6.1 SP1 x86_64) (WARNING: The server did not provide any stacktrace information)
Command duration or timeout: 16 milliseconds
For documentation on this error, please visit: http://seleniumhq.org/exceptions/no_such_element.html
Build info: version: '2.44.0', revision: '76d78cf323ce037c5f92db6c1bba601c2ac43ad8', time: '2014-10-23 13:11:40'
System info: host: 'EPUAKHAW0501', ip: '10.23.14.67', os.name: 'Windows 7', os.arch: 'amd64', os.version: '6.1', java.version: '1.7.0_71'
Session ID: bf68ad7e4f7fee82515e59145cd020a1
Driver info: org.openqa.selenium.chrome.ChromeDriver
Capabilities [{platform=XP, acceptSslCerts=true, javascriptEnabled=true, browserName=chrome, chrome={userDataDir=C:\Users\Olha_Borodkina\AppData\Local\Temp\scoped_dir5552_7086}, rotatable=false, locationContextEnabled=true, version=39.0.2171.95, takesHeapSnapshot=true, cssSelectorsEnabled=true, databaseEnabled=false, handlesAlerts=true, browserConnectionEnabled=false, webStorageEnabled=true, nativeEvents=true, applicationCacheEnabled=false, takesScreenshot=true}]
	at sun.reflect.GeneratedConstructorAccessor37.newInstance(Unknown Source)
	at sun.reflect.DelegatingConstructorAccessorImpl.newInstance(DelegatingConstructorAccessorImpl.java:45)
	at java.lang.reflect.Constructor.newInstance(Constructor.java:526)
	at org.openqa.selenium.remote.ErrorHandler.createThrowable(ErrorHandler.java:204)
	at org.openqa.selenium.remote.ErrorHandler.throwIfResponseFailed(ErrorHandler.java:156)
	at org.openqa.selenium.remote.RemoteWebDriver.execute(RemoteWebDriver.java:599)
	at org.openqa.selenium.remote.RemoteWebDriver.findElement(RemoteWebDriver.java:352)
	at org.openqa.selenium.remote.RemoteWebDriver.findElementByXPath(RemoteWebDriver.java:449)
	at org.openqa.selenium.By$ByXPath.findElement(By.java:357)
	at org.openqa.selenium.remote.RemoteWebDriver.findElement(RemoteWebDriver.java:344)
	at com.epam.testexternalpart.screen.departments.Departments.getTableEl(Departments.java:248)
	at com.epam.testexternalpart.tests.AddCandidateTest.deleteAllCandidates(AddCandidateTest.java:34)
</failure>
    <system-out><![CDATA[[Invoker 1226918419] Keeping method BaseTest.startPage()[pri:0, instance:com.epam.testexternalpart.tests.AddCandidateTest@784ee63e] for class [TestClass name=class com.epam.testexternalpart.tests.AddCandidateTest]
[Invoker 1226918419] Keeping method BaseTest.startPage()[pri:0, instance:com.epam.testexternalpart.tests.AddCandidateTest@784ee63e] for class [TestClass name=class com.epam.testexternalpart.tests.AddCandidateTest]
[Invoker 1226918419] Invoking @BeforeMethod BaseTest.startPage()[pri:0, instance:com.epam.testexternalpart.tests.AddCandidateTest@784ee63e]
[Invoker 1226918419] Invoking com.epam.testexternalpart.tests.AddCandidateTest.deleteAllCandidates
Delete all Candidates
]]></system-out>
  </testcase>
  <testcase name="addCandidateToSeveralDepartment" classname="com.epam.testexternalpart.tests.SeveralStreamTest" time="6.881">
    <failure message="Index: 2, Size: 0" type="java.lang.IndexOutOfBoundsException">java.lang.IndexOutOfBoundsException: Index: 2, Size: 0
	at java.util.ArrayList.rangeCheck(ArrayList.java:635)
	at java.util.ArrayList.get(ArrayList.java:411)
	at sun.reflect.GeneratedMethodAccessor8.invoke(Unknown Source)
	at sun.reflect.DelegatingMethodAccessorImpl.invoke(DelegatingMethodAccessorImpl.java:43)
	at java.lang.reflect.Method.invoke(Method.java:606)
	at org.openqa.selenium.support.pagefactory.internal.LocatingElementListHandler.invoke(LocatingElementListHandler.java:38)
	at com.sun.proxy.$Proxy8.get(Unknown Source)
	at com.epam.testexternalpart.tests.SeveralStreamTest.addCandidateToSeveralDepartment(SeveralStreamTest.java:16)
</failure>
    <system-out><![CDATA[[Invoker 1226918419] Keeping method BaseTest.tearDown()[pri:0, instance:com.epam.testexternalpart.tests.AddCandidateTest@784ee63e] for class [TestClass name=class com.epam.testexternalpart.tests.AddCandidateTest]
[Invoker 1226918419] Invoking @AfterClass BaseTest.tearDown()[pri:0, instance:com.epam.testexternalpart.tests.AddCandidateTest@784ee63e]
===== Invoked methods
  BaseTest.init()[pri:0, instance:com.epam.testexternalpart.tests.AddCandidateTest@784ee63e] 2018436670
    AddCandidateTest.addCandidate(java.lang.String)[pri:0, instance:com.epam.testexternalpart.tests.AddCandidateTest@784ee63e]; ; ; ; ; ;  2018436670
    AddCandidateTest.addCandidateManually(java.lang.String)[pri:0, instance:com.epam.testexternalpart.tests.AddCandidateTest@784ee63e]Ololo;Ololoev;Olololoevich;02.12.2013;sdhgjshgj@mail.ru;+380505465345;  2018436670
    AddCandidateTest.bannWithButton(java.lang.String)[pri:0, instance:com.epam.testexternalpart.tests.AddCandidateTest@784ee63e]Ololo;Ololoev;Olololoevich;02.12.2013;sdhgjshgj@mail.ru;+380505465345;  2018436670
    AddCandidateTest.changeStatus(java.lang.String, java.lang.String, java.lang.String, java.lang.String, java.lang.String, java.lang.String)[pri:0, instance:com.epam.testexternalpart.tests.AddCandidateTest@784ee63e]Ololo;Ololoev;Olololoevich;02.12.2013;sdhgjshgj@mail.ru;+380505465345; confirmed test completed not actual banned 1;Ololo;Ololoev;Olololoevich;02.12.2013;sdhgjshgj@mail.ru;+380505465345;  2018436670
    AddCandidateTest.deleteAllCandidates(java.lang.String)[pri:0, instance:com.epam.testexternalpart.tests.AddCandidateTest@784ee63e]No matching records found  2018436670
  BaseTest.tearDown()[pri:0, instance:com.epam.testexternalpart.tests.AddCandidateTest@784ee63e] 2018436670
=====
[TestRunner] Running test SeveralStreamTest on 1  classes,  included groups:[] excluded groups:[]
===== Test class
com.epam.testexternalpart.tests.SeveralStreamTest
  @BeforeClass BaseTest.init()[pri:0, instance:com.epam.testexternalpart.tests.SeveralStreamTest@7cc09980]
  @BeforeMethod BaseTest.startPage()[pri:0, instance:com.epam.testexternalpart.tests.SeveralStreamTest@7cc09980]
    @Test SeveralStreamTest.addCandidateToSeveralDepartment(java.lang.String)[pri:0, instance:com.epam.testexternalpart.tests.SeveralStreamTest@7cc09980]
  @AfterClass BaseTest.tearDown()[pri:0, instance:com.epam.testexternalpart.tests.SeveralStreamTest@7cc09980]
======
[Invoker 1226918419] Keeping method BaseTest.init()[pri:0, instance:com.epam.testexternalpart.tests.SeveralStreamTest@7cc09980] for class [TestClass name=class com.epam.testexternalpart.tests.SeveralStreamTest]
[Invoker 1226918419] Invoking @BeforeClass BaseTest.init()[pri:0, instance:com.epam.testexternalpart.tests.SeveralStreamTest@7cc09980]
[Invoker 1226918419] Keeping method BaseTest.startPage()[pri:0, instance:com.epam.testexternalpart.tests.SeveralStreamTest@7cc09980] for class [TestClass name=class com.epam.testexternalpart.tests.SeveralStreamTest]
[Invoker 1226918419] Keeping method BaseTest.startPage()[pri:0, instance:com.epam.testexternalpart.tests.SeveralStreamTest@7cc09980] for class [TestClass name=class com.epam.testexternalpart.tests.SeveralStreamTest]
[Invoker 1226918419] Invoking @BeforeMethod BaseTest.startPage()[pri:0, instance:com.epam.testexternalpart.tests.SeveralStreamTest@7cc09980]
[Invoker 1226918419] Invoking com.epam.testexternalpart.tests.SeveralStreamTest.addCandidateToSeveralDepartment
Click on [Click first_stream]
Click on [Click addCandidateButton]
Creating new candidate with fields-Harry;Potter;James;02.12.2013;sdhgjshg1j@mail.ru;+380505465345;
Click on [Click Create Candidate Button]
Checking the presence of the elemen [Create Profile Create Button]
[Create Profile Create Button]is Not Present
Click on [Click on crumbs]
]]></system-out>
    <system-err><![CDATA[Starting ChromeDriver (v2.9.248315) on port 39449
]]></system-err>
  </testcase>
  <testcase name="allCandidatesSearch" classname="com.epam.testexternalpart.tests.SearchTest" time="21.557">
    <failure message="chrome not reachable&#10;  (Session info: chrome=39.0.2171.95)&#10;  (Driver info: chromedriver=2.9.248315,platform=Windows NT 6.1 SP1 x86_64) (WARNING: The server did not provide any stacktrace information)&#10;Command duration or timeout: 2.01 seconds&#10;Build info: version: &apos;2.44.0&apos;, revision: &apos;76d78cf323ce037c5f92db6c1bba601c2ac43ad8&apos;, time: &apos;2014-10-23 13:11:40&apos;&#10;System info: host: &apos;EPUAKHAW0501&apos;, ip: &apos;10.23.14.67&apos;, os.name: &apos;Windows 7&apos;, os.arch: &apos;amd64&apos;, os.version: &apos;6.1&apos;, java.version: &apos;1.7.0_71&apos;&#10;Session ID: 9ea6b3e8604dc90cb335f5d295a33c76&#10;Driver info: org.openqa.selenium.chrome.ChromeDriver&#10;Capabilities [{platform=XP, acceptSslCerts=true, javascriptEnabled=true, browserName=chrome, chrome={userDataDir=C:\Users\Olha_Borodkina\AppData\Local\Temp\scoped_dir6540_29378}, rotatable=false, locationContextEnabled=true, version=39.0.2171.95, takesHeapSnapshot=true, cssSelectorsEnabled=true, databaseEnabled=false, handlesAlerts=true, browserConnectionEnabled=false, webStorageEnabled=true, nativeEvents=true, applicationCacheEnabled=false, takesScreenshot=true}]" type="org.openqa.selenium.WebDriverException">org.openqa.selenium.WebDriverException: chrome not reachable
  (Session info: chrome=39.0.2171.95)
  (Driver info: chromedriver=2.9.248315,platform=Windows NT 6.1 SP1 x86_64) (WARNING: The server did not provide any stacktrace information)
Command duration or timeout: 2.01 seconds
Build info: version: '2.44.0', revision: '76d78cf323ce037c5f92db6c1bba601c2ac43ad8', time: '2014-10-23 13:11:40'
System info: host: 'EPUAKHAW0501', ip: '10.23.14.67', os.name: 'Windows 7', os.arch: 'amd64', os.version: '6.1', java.version: '1.7.0_71'
Session ID: 9ea6b3e8604dc90cb335f5d295a33c76
Driver info: org.openqa.selenium.chrome.ChromeDriver
Capabilities [{platform=XP, acceptSslCerts=true, javascriptEnabled=true, browserName=chrome, chrome={userDataDir=C:\Users\Olha_Borodkina\AppData\Local\Temp\scoped_dir6540_29378}, rotatable=false, locationContextEnabled=true, version=39.0.2171.95, takesHeapSnapshot=true, cssSelectorsEnabled=true, databaseEnabled=false, handlesAlerts=true, browserConnectionEnabled=false, webStorageEnabled=true, nativeEvents=true, applicationCacheEnabled=false, takesScreenshot=true}]
	at sun.reflect.NativeConstructorAccessorImpl.newInstance0(Native Method)
	at sun.reflect.NativeConstructorAccessorImpl.newInstance(NativeConstructorAccessorImpl.java:57)
	at sun.reflect.DelegatingConstructorAccessorImpl.newInstance(DelegatingConstructorAccessorImpl.java:45)
	at java.lang.reflect.Constructor.newInstance(Constructor.java:526)
	at org.openqa.selenium.remote.ErrorHandler.createThrowable(ErrorHandler.java:204)
	at org.openqa.selenium.remote.ErrorHandler.throwIfResponseFailed(ErrorHandler.java:156)
	at org.openqa.selenium.remote.RemoteWebDriver.execute(RemoteWebDriver.java:599)
	at org.openqa.selenium.remote.RemoteWebDriver.findElements(RemoteWebDriver.java:377)
	at org.openqa.selenium.remote.RemoteWebDriver.findElementsByXPath(RemoteWebDriver.java:453)
	at org.openqa.selenium.By$ByXPath.findElements(By.java:352)
	at org.openqa.selenium.remote.RemoteWebDriver.findElements(RemoteWebDriver.java:340)
	at org.openqa.selenium.support.pagefactory.DefaultElementLocator.findElements(DefaultElementLocator.java:75)
	at org.openqa.selenium.support.pagefactory.internal.LocatingElementListHandler.invoke(LocatingElementListHandler.java:35)
	at com.sun.proxy.$Proxy8.get(Unknown Source)
	at com.epam.testexternalpart.screen.stream.StreamPage.checkCandExisting(StreamPage.java:479)
	at com.epam.testexternalpart.tests.SearchTest.allCandidatesSearch(SearchTest.java:51)
</failure>
    <system-out><![CDATA[[Invoker 1226918419] Keeping method BaseTest.tearDown()[pri:0, instance:com.epam.testexternalpart.tests.SeveralStreamTest@7cc09980] for class [TestClass name=class com.epam.testexternalpart.tests.SeveralStreamTest]
[Invoker 1226918419] Invoking @AfterClass BaseTest.tearDown()[pri:0, instance:com.epam.testexternalpart.tests.SeveralStreamTest@7cc09980]
===== Invoked methods
  BaseTest.init()[pri:0, instance:com.epam.testexternalpart.tests.SeveralStreamTest@7cc09980] 2092996992
    SeveralStreamTest.addCandidateToSeveralDepartment(java.lang.String)[pri:0, instance:com.epam.testexternalpart.tests.SeveralStreamTest@7cc09980]Harry;Potter;James;02.12.2013;sdhgjshg1j@mail.ru;+380505465345;  2092996992
  BaseTest.tearDown()[pri:0, instance:com.epam.testexternalpart.tests.SeveralStreamTest@7cc09980] 2092996992
=====
[TestRunner] Running test SearchStreamTest on 1  classes,  included groups:[] excluded groups:[]
===== Test class
com.epam.testexternalpart.tests.SearchTest
  @BeforeClass BaseTest.init()[pri:0, instance:com.epam.testexternalpart.tests.SearchTest@3f82e8c2]
  @BeforeMethod BaseTest.startPage()[pri:0, instance:com.epam.testexternalpart.tests.SearchTest@3f82e8c2]
    @Test SearchTest.allCandidatesSearch(java.lang.String, java.lang.String, java.lang.String, java.lang.String, java.lang.String)[pri:0, instance:com.epam.testexternalpart.tests.SearchTest@3f82e8c2]
    @Test SearchTest.streamSearch(java.lang.String, java.lang.String, java.lang.String, java.lang.String, java.lang.String)[pri:0, instance:com.epam.testexternalpart.tests.SearchTest@3f82e8c2]
  @AfterClass BaseTest.tearDown()[pri:0, instance:com.epam.testexternalpart.tests.SearchTest@3f82e8c2]
======
[Invoker 1226918419] Keeping method BaseTest.init()[pri:0, instance:com.epam.testexternalpart.tests.SearchTest@3f82e8c2] for class [TestClass name=class com.epam.testexternalpart.tests.SearchTest]
[Invoker 1226918419] Invoking @BeforeClass BaseTest.init()[pri:0, instance:com.epam.testexternalpart.tests.SearchTest@3f82e8c2]
[Invoker 1226918419] Keeping method BaseTest.startPage()[pri:0, instance:com.epam.testexternalpart.tests.SearchTest@3f82e8c2] for class [TestClass name=class com.epam.testexternalpart.tests.SearchTest]
[Invoker 1226918419] Keeping method BaseTest.startPage()[pri:0, instance:com.epam.testexternalpart.tests.SearchTest@3f82e8c2] for class [TestClass name=class com.epam.testexternalpart.tests.SearchTest]
[Invoker 1226918419] Invoking @BeforeMethod BaseTest.startPage()[pri:0, instance:com.epam.testexternalpart.tests.SearchTest@3f82e8c2]
[Invoker 1226918419] Invoking com.epam.testexternalpart.tests.SearchTest.allCandidatesSearch
Check search in AllCandidatesPage
Click on [First stream on first dep]
Create candidates for test
Click on [addCandidateBut]
Creating new candidate with fields-Ololo;Ololoev;Olololoevich;02.12.2013;sdhgjshgj@mail.ru;+380505465345;
Click on [Click Create Candidate Button]
Checking the presence of the elemen [Create Profile Create Button]
[Create Profile Create Button]is Not Present
Check if new candidate was added
candidate was added
Click on [addCandidateBut]
Creating new candidate with fields-Ololo1;Ololoev1;Olololoevich1;02.12.2013;sdhgjshgj1@mail.ru;+380505465346;
Click on [Click Create Candidate Button]
Checking the presence of the elemen [Create Profile Create Button]
[Create Profile Create Button]is Not Present
Check if new candidate was added
]]></system-out>
    <system-err><![CDATA[Starting ChromeDriver (v2.9.248315) on port 38720
]]></system-err>
  </testcase>
  <testcase name="startPage" classname="com.epam.testexternalpart.tests.SearchTest" time="23.589">
    <failure message="chrome not reachable&#10;  (Session info: chrome=39.0.2171.95)&#10;  (Driver info: chromedriver=2.9.248315,platform=Windows NT 6.1 SP1 x86_64) (WARNING: The server did not provide any stacktrace information)&#10;Command duration or timeout: 2.00 seconds&#10;Build info: version: &apos;2.44.0&apos;, revision: &apos;76d78cf323ce037c5f92db6c1bba601c2ac43ad8&apos;, time: &apos;2014-10-23 13:11:40&apos;&#10;System info: host: &apos;EPUAKHAW0501&apos;, ip: &apos;10.23.14.67&apos;, os.name: &apos;Windows 7&apos;, os.arch: &apos;amd64&apos;, os.version: &apos;6.1&apos;, java.version: &apos;1.7.0_71&apos;&#10;Session ID: 9ea6b3e8604dc90cb335f5d295a33c76&#10;Driver info: org.openqa.selenium.chrome.ChromeDriver&#10;Capabilities [{platform=XP, acceptSslCerts=true, javascriptEnabled=true, browserName=chrome, chrome={userDataDir=C:\Users\Olha_Borodkina\AppData\Local\Temp\scoped_dir6540_29378}, rotatable=false, locationContextEnabled=true, version=39.0.2171.95, takesHeapSnapshot=true, cssSelectorsEnabled=true, databaseEnabled=false, handlesAlerts=true, browserConnectionEnabled=false, webStorageEnabled=true, nativeEvents=true, applicationCacheEnabled=false, takesScreenshot=true}]" type="org.openqa.selenium.WebDriverException">org.openqa.selenium.WebDriverException: chrome not reachable
  (Session info: chrome=39.0.2171.95)
  (Driver info: chromedriver=2.9.248315,platform=Windows NT 6.1 SP1 x86_64) (WARNING: The server did not provide any stacktrace information)
Command duration or timeout: 2.00 seconds
Build info: version: '2.44.0', revision: '76d78cf323ce037c5f92db6c1bba601c2ac43ad8', time: '2014-10-23 13:11:40'
System info: host: 'EPUAKHAW0501', ip: '10.23.14.67', os.name: 'Windows 7', os.arch: 'amd64', os.version: '6.1', java.version: '1.7.0_71'
Session ID: 9ea6b3e8604dc90cb335f5d295a33c76
Driver info: org.openqa.selenium.chrome.ChromeDriver
Capabilities [{platform=XP, acceptSslCerts=true, javascriptEnabled=true, browserName=chrome, chrome={userDataDir=C:\Users\Olha_Borodkina\AppData\Local\Temp\scoped_dir6540_29378}, rotatable=false, locationContextEnabled=true, version=39.0.2171.95, takesHeapSnapshot=true, cssSelectorsEnabled=true, databaseEnabled=false, handlesAlerts=true, browserConnectionEnabled=false, webStorageEnabled=true, nativeEvents=true, applicationCacheEnabled=false, takesScreenshot=true}]
	at sun.reflect.NativeConstructorAccessorImpl.newInstance0(Native Method)
	at sun.reflect.NativeConstructorAccessorImpl.newInstance(NativeConstructorAccessorImpl.java:57)
	at sun.reflect.DelegatingConstructorAccessorImpl.newInstance(DelegatingConstructorAccessorImpl.java:45)
	at java.lang.reflect.Constructor.newInstance(Constructor.java:526)
	at org.openqa.selenium.remote.ErrorHandler.createThrowable(ErrorHandler.java:204)
	at org.openqa.selenium.remote.ErrorHandler.throwIfResponseFailed(ErrorHandler.java:156)
	at org.openqa.selenium.remote.RemoteWebDriver.execute(RemoteWebDriver.java:599)
	at org.openqa.selenium.remote.RemoteWebDriver.get(RemoteWebDriver.java:304)
	at com.epam.testexternalpart.core.BaseTest.startPage(BaseTest.java:81)
	at sun.reflect.GeneratedMethodAccessor13.invoke(Unknown Source)
	at sun.reflect.DelegatingMethodAccessorImpl.invoke(DelegatingMethodAccessorImpl.java:43)
	at java.lang.reflect.Method.invoke(Method.java:606)
	at org.testng.internal.MethodInvocationHelper.invokeMethod(MethodInvocationHelper.java:84)
	at org.testng.internal.Invoker.invokeConfigurationMethod(Invoker.java:564)
	at org.testng.internal.Invoker.invokeConfigurations(Invoker.java:213)
	at org.testng.internal.Invoker.invokeMethod(Invoker.java:653)
	at org.testng.internal.Invoker.invokeTestMethod(Invoker.java:901)
	at org.testng.internal.Invoker.invokeTestMethods(Invoker.java:1231)
	at org.testng.internal.TestMethodWorker.invokeTestMethods(TestMethodWorker.java:127)
	at org.testng.internal.TestMethodWorker.run(TestMethodWorker.java:111)
	at org.testng.TestRunner.privateRun(TestRunner.java:767)
	at org.testng.TestRunner.run(TestRunner.java:617)
	at org.testng.SuiteRunner.runTest(SuiteRunner.java:348)
	at org.testng.SuiteRunner.runSequentially(SuiteRunner.java:343)
	at org.testng.SuiteRunner.privateRun(SuiteRunner.java:305)
	at org.testng.SuiteRunner.run(SuiteRunner.java:254)
	at org.testng.SuiteRunnerWorker.runSuite(SuiteRunnerWorker.java:52)
	at org.testng.SuiteRunnerWorker.run(SuiteRunnerWorker.java:86)
	at org.testng.TestNG.runSuitesSequentially(TestNG.java:1224)
	at org.testng.TestNG.runSuitesLocally(TestNG.java:1149)
	at org.testng.TestNG.run(TestNG.java:1057)
	at org.apache.maven.surefire.testng.TestNGExecutor.run(TestNGExecutor.java:295)
	at org.apache.maven.surefire.testng.TestNGXmlTestSuite.execute(TestNGXmlTestSuite.java:84)
	at org.apache.maven.surefire.testng.TestNGProvider.invoke(TestNGProvider.java:90)
	at org.apache.maven.surefire.booter.ForkedBooter.invokeProviderInSameClassLoader(ForkedBooter.java:203)
	at org.apache.maven.surefire.booter.ForkedBooter.runSuitesInProcess(ForkedBooter.java:155)
	at org.apache.maven.surefire.booter.ForkedBooter.main(ForkedBooter.java:103)
</failure>
    <system-out><![CDATA[[Invoker 1226918419] Keeping method BaseTest.startPage()[pri:0, instance:com.epam.testexternalpart.tests.SearchTest@3f82e8c2] for class [TestClass name=class com.epam.testexternalpart.tests.SearchTest]
[Invoker 1226918419] Keeping method BaseTest.startPage()[pri:0, instance:com.epam.testexternalpart.tests.SearchTest@3f82e8c2] for class [TestClass name=class com.epam.testexternalpart.tests.SearchTest]
[Invoker 1226918419] Invoking @BeforeMethod BaseTest.startPage()[pri:0, instance:com.epam.testexternalpart.tests.SearchTest@3f82e8c2]
Failed to invoke configuration method com.epam.testexternalpart.core.BaseTest.startPage:chrome not reachable
  (Session info: chrome=39.0.2171.95)
  (Driver info: chromedriver=2.9.248315,platform=Windows NT 6.1 SP1 x86_64) (WARNING: The server did not provide any stacktrace information)
Command duration or timeout: 2.00 seconds
Build info: version: '2.44.0', revision: '76d78cf323ce037c5f92db6c1bba601c2ac43ad8', time: '2014-10-23 13:11:40'
System info: host: 'EPUAKHAW0501', ip: '10.23.14.67', os.name: 'Windows 7', os.arch: 'amd64', os.version: '6.1', java.version: '1.7.0_71'
Session ID: 9ea6b3e8604dc90cb335f5d295a33c76
Driver info: org.openqa.selenium.chrome.ChromeDriver
Capabilities [{platform=XP, acceptSslCerts=true, javascriptEnabled=true, browserName=chrome, chrome={userDataDir=C:\Users\Olha_Borodkina\AppData\Local\Temp\scoped_dir6540_29378}, rotatable=false, locationContextEnabled=true, version=39.0.2171.95, takesHeapSnapshot=true, cssSelectorsEnabled=true, databaseEnabled=false, handlesAlerts=true, browserConnectionEnabled=false, webStorageEnabled=true, nativeEvents=true, applicationCacheEnabled=false, takesScreenshot=true}]
]]></system-out>
  </testcase>
  <testcase name="streamSearch" classname="com.epam.testexternalpart.tests.SearchTest" time="0">
    <skipped/>
  </testcase>
  <testcase name="tearDown" classname="com.epam.testexternalpart.tests.SearchTest" time="0">
    <skipped/>
    <system-out><![CDATA[[Invoker 1226918419] Keeping method BaseTest.tearDown()[pri:0, instance:com.epam.testexternalpart.tests.SearchTest@3f82e8c2] for class [TestClass name=class com.epam.testexternalpart.tests.SearchTest]
]]></system-out>
  </testcase>
  <testcase name="addNewPlaceForTesting" classname="com.epam.testexternalpart.tests.PlaceForTestingTest" time="9.599"/>
  <testcase name="deleteNewPlaceForTesting" classname="com.epam.testexternalpart.tests.PlaceForTestingTest" time="3.102"/>
  <testcase name="editNewPlaceForTesting" classname="com.epam.testexternalpart.tests.PlaceForTestingTest" time="8.199"/>
</testsuite>