<?xml version="1.0" encoding="UTF-8"?>
<testsuite name="TestSuite" time="1,317.477" tests="67" errors="0" skipped="0" failures="7">
  <properties>
[...]
</properties>
  <testcase name="checkAddStreamAccordingToDepartment" classname="com.epam.testexternalpart.tests.SmokeTest" time="19.921"/>
  <testcase name="checkConcretSubgroup" classname="com.epam.testexternalpart.tests.SmokeTest" time="7.5"/>
  <testcase name="checkElAllCandiadtesMenu" classname="com.epam.testexternalpart.tests.SmokeTest" time="45.699"/>
  <testcase name="checkElStreamPage" classname="com.epam.testexternalpart.tests.SmokeTest" time="2.996">
    <failure message="expected [true] but found [false]" type="java.lang.AssertionError">java.lang.AssertionError: expected [true] but found [false]
	at org.testng.Assert.fail(Assert.java:94)
	at org.testng.Assert.failNotEquals(Assert.java:494)
	at org.testng.Assert.assertTrue(Assert.java:42)
	at org.testng.Assert.assertTrue(Assert.java:52)
	at com.epam.testexternalpart.screen.Components.checkElementPartialText(Components.java:132)
	at com.epam.testexternalpart.screen.stream.StreamPage.checkTextPresent(StreamPage.java:460)
	at com.epam.testexternalpart.tests.SmokeTest.checkElStreamPage(SmokeTest.java:63)
</failure>
    <system-out><![CDATA[[Invoker 188787161] Keeping method BaseTest.startPage()[pri:0, instance:com.epam.testexternalpart.tests.SmokeTest@7c101ac] for class [TestClass name=class com.epam.testexternalpart.tests.SmokeTest]
[Invoker 188787161] Keeping method BaseTest.startPage()[pri:0, instance:com.epam.testexternalpart.tests.SmokeTest@7c101ac] for class [TestClass name=class com.epam.testexternalpart.tests.SmokeTest]
[Invoker 188787161] Invoking @BeforeMethod BaseTest.startPage()[pri:0, instance:com.epam.testexternalpart.tests.SmokeTest@7c101ac]
[Invoker 188787161] Invoking com.epam.testexternalpart.tests.SmokeTest.checkElStreamPage
Check all elements are present on StreamPage
Checking that click by selected stream reffering to Stream Page
Click on [First stream on first dep]
Checking the presence of the elemen [javaTab]
[javaTab]is Not Present
Checking the presence of all elements on Stream Page
Checking the presence of the elemen [Stream Assign Test Button]
[Stream Assign Test Button]is Present
Checking the presence of the elemen [Stream Bun Button]
[Stream Bun Button]is Present
Checking the presence of the elemen [Stream Delete Button]
[Stream Delete Button]is Present
Checking the presence of the elemen [Stream exportCandidateButton]
[Stream exportCandidateButton]is Present
Checking the presence of the elemen [Stream all Candidate Tab]
[Stream all Candidate Tab]is Present
Checking the presence of the elemen [Stream notTestedCandidate]
[Stream notTestedCandidate]is Present
Checking the presence of the elemen [Stream assigned To Test Tab]
[Stream assigned To Test Tab]is Present
Checking the presence of the elemen [Stream confirmed Tab]
[Stream confirmed Tab]is Present
Checking the presence of the elemen [Stream test Complete Tab]
[Stream test Complete Tab]is Present
Checking the presence of the elemen [Stream not Actual Tab]
[Stream not Actual Tab]is Present
Checking the presence of the elemen [Stream banned Tab]
[Stream banned Tab]is Present
Checking the presence of the elemen [Stream secondPhoneCheckBox]
[Stream secondPhoneCheckBox]is Present
Checking the presence of the elemen [Stream UniversityCheckBox]
[Stream UniversityCheckBox]is Present
Checking the presence of the elemen [Stream assigned facultyCheckBox]
[Stream assigned facultyCheckBox]is Present
Checking the presence of the elemen [Stream degreeCheckBox]
[Stream degreeCheckBox]is Present
Checking the presence of the elemen [Stream educationStartCheckBox]
[Stream educationStartCheckBox]is Present
Checking the presence of the elemen [Stream graduationYearCheckBox]
[Stream graduationYearCheckBox]is Present
Checking the presence of the elemen [Stream additionalEducationCheckBox]
[Stream additionalEducationCheckBox]is Present
Checking the presence of the elemen [Stream relevantSkillsCheckBox]
[Stream relevantSkillsCheckBox]is Present
Checking the presence of the elemen [Stream howKnowCheckBox]
[Stream howKnowCheckBox]is Present
Checking the presence of the elemen [Stream secondPhoneCheckBox]
[Stream secondPhoneCheckBox]is Present
Checking the presence of the elemen [Stream attemptCountCheckBox]
[Stream attemptCountCheckBox]is Present
Checking the presence of the elemen [Stream statusCheckBox]
[Stream statusCheckBox]is Present
Checking the presence of the elemen [Stream commentCheckBox]
[Stream commentCheckBox]is Present
Checking the presence of the elemen [Stream estimationCheckBox]
[Stream estimationCheckBox]is Present
Checking the presence of the elemen [Stream searchField]
[Stream searchField]is Present
Checking the presence of the elemen [Stream add Candidate Button]
[Stream add Candidate Button]is Present
All Streams elements are present
Checking the presence of all text on Stream Page
Checking text of element Department title
Text of [Department title] is correct
Checking partial text of element Crumbs
]]></system-out>
  </testcase>
  <testcase name="checkElementsAddCandidate" classname="com.epam.testexternalpart.tests.SmokeTest" time="3.442"/>
  <testcase name="checkElementsEditCandidate" classname="com.epam.testexternalpart.tests.SmokeTest" time="6.901"/>
  <testcase name="checkElementsPresentAddDepartmentPage" classname="com.epam.testexternalpart.tests.SmokeTest" time="0.391"/>
  <testcase name="checkElementsPresentAddStreamPage" classname="com.epam.testexternalpart.tests.SmokeTest" time="0.754"/>
  <testcase name="checkElementsPresentDepartmentPage" classname="com.epam.testexternalpart.tests.SmokeTest" time="0.193"/>
  <testcase name="checkElementsViewCandidate" classname="com.epam.testexternalpart.tests.SmokeTest" time="46.254"/>
  <testcase name="checkEmailTemplatesPage" classname="com.epam.testexternalpart.tests.SmokeTest" time="7.89"/>
  <testcase name="checkMailSettingsMenu" classname="com.epam.testexternalpart.tests.SmokeTest" time="0"/>
  <testcase name="checkMenu" classname="com.epam.testexternalpart.tests.SmokeTest" time="0.3"/>
  <testcase name="checkSubgroupPage" classname="com.epam.testexternalpart.tests.SmokeTest" time="2.764"/>
  <testcase name="testAddDepartment" classname="com.epam.testexternalpart.tests.DepartmentTest" time="0.37"/>
  <testcase name="testAddDepartmentWithValidName" classname="com.epam.testexternalpart.tests.DepartmentTest" time="3.219"/>
  <testcase name="testEditDepartmentName" classname="com.epam.testexternalpart.tests.DepartmentTest" time="5.127"/>
  <testcase name="testAddNewInValidStream" classname="com.epam.testexternalpart.tests.StreamTest" time="2.795"/>
  <testcase name="testAddNewInValidStream" classname="com.epam.testexternalpart.tests.StreamTest" time="2.424"/>
  <testcase name="testAddNewInValidStream" classname="com.epam.testexternalpart.tests.StreamTest" time="2.45"/>
  <testcase name="testAddNewInValidStream" classname="com.epam.testexternalpart.tests.StreamTest" time="2.434"/>
  <testcase name="testAddNewValidStream" classname="com.epam.testexternalpart.tests.StreamTest" time="5.025"/>
  <testcase name="testAddNewValidStream" classname="com.epam.testexternalpart.tests.StreamTest" time="5.013"/>
  <testcase name="testEditStream" classname="com.epam.testexternalpart.tests.StreamTest" time="2.462"/>
  <testcase name="testEditStream" classname="com.epam.testexternalpart.tests.StreamTest" time="2.608"/>
  <testcase name="addCandidate" classname="com.epam.testexternalpart.tests.AddCandidateTest" time="10.328"/>
  <testcase name="addCandidateManually" classname="com.epam.testexternalpart.tests.AddCandidateTest" time="13.021"/>
  <testcase name="bannWithButton" classname="com.epam.testexternalpart.tests.AddCandidateTest" time="22.515"/>
  <testcase name="changeStatus" classname="com.epam.testexternalpart.tests.AddCandidateTest" time="56.125"/>
  <testcase name="deleteAllCandidates" classname="com.epam.testexternalpart.tests.AddCandidateTest" time="9.732"/>
  <testcase name="addStream" classname="com.epam.testexternalpart.tests.AssigningToTest" time="1.901">
    <failure message="no such element&#10;  (Session info: chrome=39.0.2171.99)&#10;  (Driver info: chromedriver=2.9.248315,platform=Windows NT 6.1 SP1 x86_64) (WARNING: The server did not provide any stacktrace information)&#10;Command duration or timeout: 16 milliseconds&#10;For documentation on this error, please visit: http://seleniumhq.org/exceptions/no_such_element.html&#10;Build info: version: &apos;2.44.0&apos;, revision: &apos;76d78cf323ce037c5f92db6c1bba601c2ac43ad8&apos;, time: &apos;2014-10-23 13:11:40&apos;&#10;System info: host: &apos;EPUAKHAW0501&apos;, ip: &apos;10.23.14.67&apos;, os.name: &apos;Windows 7&apos;, os.arch: &apos;amd64&apos;, os.version: &apos;6.1&apos;, java.version: &apos;1.7.0_71&apos;&#10;Session ID: 9ce7d911c1941481369fde393069e751&#10;Driver info: org.openqa.selenium.chrome.ChromeDriver&#10;Capabilities [{platform=XP, acceptSslCerts=true, javascriptEnabled=true, browserName=chrome, chrome={userDataDir=C:\Users\Olha_Borodkina\AppData\Local\Temp\scoped_dir7944_5728}, rotatable=false, locationContextEnabled=true, version=39.0.2171.99, takesHeapSnapshot=true, cssSelectorsEnabled=true, databaseEnabled=false, handlesAlerts=true, browserConnectionEnabled=false, webStorageEnabled=true, nativeEvents=true, applicationCacheEnabled=false, takesScreenshot=true}]" type="org.openqa.selenium.NoSuchElementException">org.openqa.selenium.NoSuchElementException: no such element
  (Session info: chrome=39.0.2171.99)
  (Driver info: chromedriver=2.9.248315,platform=Windows NT 6.1 SP1 x86_64) (WARNING: The server did not provide any stacktrace information)
Command duration or timeout: 16 milliseconds
For documentation on this error, please visit: http://seleniumhq.org/exceptions/no_such_element.html
Build info: version: '2.44.0', revision: '76d78cf323ce037c5f92db6c1bba601c2ac43ad8', time: '2014-10-23 13:11:40'
System info: host: 'EPUAKHAW0501', ip: '10.23.14.67', os.name: 'Windows 7', os.arch: 'amd64', os.version: '6.1', java.version: '1.7.0_71'
Session ID: 9ce7d911c1941481369fde393069e751
Driver info: org.openqa.selenium.chrome.ChromeDriver
Capabilities [{platform=XP, acceptSslCerts=true, javascriptEnabled=true, browserName=chrome, chrome={userDataDir=C:\Users\Olha_Borodkina\AppData\Local\Temp\scoped_dir7944_5728}, rotatable=false, locationContextEnabled=true, version=39.0.2171.99, takesHeapSnapshot=true, cssSelectorsEnabled=true, databaseEnabled=false, handlesAlerts=true, browserConnectionEnabled=false, webStorageEnabled=true, nativeEvents=true, applicationCacheEnabled=false, takesScreenshot=true}]
	at sun.reflect.GeneratedConstructorAccessor37.newInstance(Unknown Source)
	at sun.reflect.DelegatingConstructorAccessorImpl.newInstance(DelegatingConstructorAccessorImpl.java:45)
	at java.lang.reflect.Constructor.newInstance(Constructor.java:526)
	at org.openqa.selenium.remote.ErrorHandler.createThrowable(ErrorHandler.java:204)
	at org.openqa.selenium.remote.ErrorHandler.throwIfResponseFailed(ErrorHandler.java:156)
	at org.openqa.selenium.remote.RemoteWebDriver.execute(RemoteWebDriver.java:599)
	at org.openqa.selenium.remote.RemoteWebDriver.findElement(RemoteWebDriver.java:352)
	at org.openqa.selenium.remote.RemoteWebDriver.findElementByXPath(RemoteWebDriver.java:449)
	at org.openqa.selenium.By$ByXPath.findElement(By.java:357)
	at org.openqa.selenium.remote.RemoteWebDriver.findElement(RemoteWebDriver.java:344)
	at com.epam.testexternalpart.screen.departments.Departments.clickSelectedStream(Departments.java:180)
	at com.epam.testexternalpart.tests.AssigningToTest.addStream(AssigningToTest.java:17)
</failure>
    <system-out><![CDATA[[Invoker 188787161] Keeping method BaseTest.tearDown()[pri:0, instance:com.epam.testexternalpart.tests.AddCandidateTest@605514f9] for class [TestClass name=class com.epam.testexternalpart.tests.AddCandidateTest]
[Invoker 188787161] Invoking @AfterClass BaseTest.tearDown()[pri:0, instance:com.epam.testexternalpart.tests.AddCandidateTest@605514f9]
===== Invoked methods
  BaseTest.init()[pri:0, instance:com.epam.testexternalpart.tests.AddCandidateTest@605514f9] 1616188665
    AddCandidateTest.addCandidate(java.lang.String)[pri:0, instance:com.epam.testexternalpart.tests.AddCandidateTest@605514f9]; ; ; ; ; ;  1616188665
    AddCandidateTest.addCandidateManually(java.lang.String)[pri:0, instance:com.epam.testexternalpart.tests.AddCandidateTest@605514f9]Ololo;Ololoev;Olololoevich;02.12.2013;sdhgjshgj@mail.ru;+380505465345;  1616188665
    AddCandidateTest.bannWithButton(java.lang.String)[pri:0, instance:com.epam.testexternalpart.tests.AddCandidateTest@605514f9]Ololo;Ololoev;Olololoevich;02.12.2013;sdhgjshgj@mail.ru;+380505465345;  1616188665
    AddCandidateTest.changeStatus(java.lang.String, java.lang.String, java.lang.String, java.lang.String, java.lang.String, java.lang.String)[pri:0, instance:com.epam.testexternalpart.tests.AddCandidateTest@605514f9]Ololo;Ololoev;Olololoevich;02.12.2013;sdhgjshgj@mail.ru;+380505465345; confirmed test completed not actual banned 1;Ololo;Ololoev;Olololoevich;02.12.2013;sdhgjshgj@mail.ru;+380505465345;  1616188665
    AddCandidateTest.deleteAllCandidates(java.lang.String)[pri:0, instance:com.epam.testexternalpart.tests.AddCandidateTest@605514f9]No matching records found  1616188665
  BaseTest.tearDown()[pri:0, instance:com.epam.testexternalpart.tests.AddCandidateTest@605514f9] 1616188665
=====
[TestRunner] Running test AssigningToTestTest on 1  classes,  included groups:[] excluded groups:[]
===== Test class
com.epam.testexternalpart.tests.AssigningToTest
  @BeforeClass BaseTest.init()[pri:0, instance:com.epam.testexternalpart.tests.AssigningToTest@352cebd2]
  @BeforeMethod BaseTest.startPage()[pri:0, instance:com.epam.testexternalpart.tests.AssigningToTest@352cebd2]
    @Test AssigningToTest.checkNotTestedCand(java.lang.String, java.lang.String, java.lang.String)[pri:0, instance:com.epam.testexternalpart.tests.AssigningToTest@352cebd2]
    @Test AssigningToTest.checkNewTimeCand(java.lang.String, java.lang.String, java.lang.String)[pri:0, instance:com.epam.testexternalpart.tests.AssigningToTest@352cebd2]
    @Test AssigningToTest.checkDublicateAnswer()[pri:0, instance:com.epam.testexternalpart.tests.AssigningToTest@352cebd2]
    @Test AssigningToTest.addStream(java.lang.String)[pri:0, instance:com.epam.testexternalpart.tests.AssigningToTest@352cebd2]
    @Test AssigningToTest.invitateSecondTime(java.lang.String)[pri:0, instance:com.epam.testexternalpart.tests.AssigningToTest@352cebd2]
    @Test AssigningToTest.checkAssignedToTestCand(java.lang.String, java.lang.String, java.lang.String)[pri:0, instance:com.epam.testexternalpart.tests.AssigningToTest@352cebd2]
    @Test AssigningToTest.assignTest(java.lang.String)[pri:0, instance:com.epam.testexternalpart.tests.AssigningToTest@352cebd2]
    @Test AssigningToTest.responseFromCandidates()[pri:0, instance:com.epam.testexternalpart.tests.AssigningToTest@352cebd2]
    @Test AssigningToTest.addCandidates(java.lang.String, java.lang.String)[pri:0, instance:com.epam.testexternalpart.tests.AssigningToTest@352cebd2]
    @Test AssigningToTest.checkBannedCandidate(java.lang.String, java.lang.String, java.lang.String)[pri:0, instance:com.epam.testexternalpart.tests.AssigningToTest@352cebd2]
    @Test AssigningToTest.checkConfirmedCand(java.lang.String, java.lang.String, java.lang.String)[pri:0, instance:com.epam.testexternalpart.tests.AssigningToTest@352cebd2]
    @Test AssigningToTest.checkNotActualCand(java.lang.String, java.lang.String, java.lang.String)[pri:0, instance:com.epam.testexternalpart.tests.AssigningToTest@352cebd2]
    @Test AssigningToTest.invitateThirdTime(java.lang.String)[pri:0, instance:com.epam.testexternalpart.tests.AssigningToTest@352cebd2]
  @AfterClass BaseTest.tearDown()[pri:0, instance:com.epam.testexternalpart.tests.AssigningToTest@352cebd2]
======
[Invoker 188787161] Keeping method BaseTest.init()[pri:0, instance:com.epam.testexternalpart.tests.AssigningToTest@352cebd2] for class [TestClass name=class com.epam.testexternalpart.tests.AssigningToTest]
[Invoker 188787161] Invoking @BeforeClass BaseTest.init()[pri:0, instance:com.epam.testexternalpart.tests.AssigningToTest@352cebd2]
[Invoker 188787161] Keeping method BaseTest.startPage()[pri:0, instance:com.epam.testexternalpart.tests.AssigningToTest@352cebd2] for class [TestClass name=class com.epam.testexternalpart.tests.AssigningToTest]
[Invoker 188787161] Keeping method BaseTest.startPage()[pri:0, instance:com.epam.testexternalpart.tests.AssigningToTest@352cebd2] for class [TestClass name=class com.epam.testexternalpart.tests.AssigningToTest]
[Invoker 188787161] Invoking @BeforeMethod BaseTest.startPage()[pri:0, instance:com.epam.testexternalpart.tests.AssigningToTest@352cebd2]
[Invoker 188787161] Invoking com.epam.testexternalpart.tests.AssigningToTest.addStream
Checking that Stream Create Button reffering to Add Stream Page
Checking the presence of the elemen [java Tab]
[java Tab]is Not Present
Create new Stream with name Autumn 2015
Click on [AddStreamButton]
]]></system-out>
    <system-err><![CDATA[Starting ChromeDriver (v2.9.248315) on port 27710
]]></system-err>
  </testcase>
  <testcase name="addCandidates" classname="com.epam.testexternalpart.tests.AssigningToTest" time="10.07"/>
  <testcase name="addCandidates" classname="com.epam.testexternalpart.tests.AssigningToTest" time="9.469"/>
  <testcase name="addCandidates" classname="com.epam.testexternalpart.tests.AssigningToTest" time="9.435"/>
  <testcase name="addCandidates" classname="com.epam.testexternalpart.tests.AssigningToTest" time="9.442"/>
  <testcase name="addCandidates" classname="com.epam.testexternalpart.tests.AssigningToTest" time="9.377"/>
  <testcase name="addCandidates" classname="com.epam.testexternalpart.tests.AssigningToTest" time="9.39"/>
  <testcase name="addCandidates" classname="com.epam.testexternalpart.tests.AssigningToTest" time="9.395"/>
  <testcase name="checkNotTestedCand" classname="com.epam.testexternalpart.tests.AssigningToTest" time="4.979"/>
  <testcase name="checkNotTestedCand" classname="com.epam.testexternalpart.tests.AssigningToTest" time="5.011"/>
  <testcase name="checkNotTestedCand" classname="com.epam.testexternalpart.tests.AssigningToTest" time="4.998"/>
  <testcase name="checkNotTestedCand" classname="com.epam.testexternalpart.tests.AssigningToTest" time="5.008"/>
  <testcase name="checkNotTestedCand" classname="com.epam.testexternalpart.tests.AssigningToTest" time="4.99"/>
  <testcase name="checkNotTestedCand" classname="com.epam.testexternalpart.tests.AssigningToTest" time="4.993"/>
  <testcase name="checkNotTestedCand" classname="com.epam.testexternalpart.tests.AssigningToTest" time="5.024"/>
  <testcase name="assignTest" classname="com.epam.testexternalpart.tests.AssigningToTest" time="28.454">
    <failure message="Sending invitation is success! expected [true] but found [false]" type="java.lang.AssertionError">java.lang.AssertionError: Sending invitation is success! expected [true] but found [false]
	at org.testng.Assert.fail(Assert.java:94)
	at org.testng.Assert.failNotEquals(Assert.java:494)
	at org.testng.Assert.assertTrue(Assert.java:42)
	at com.epam.testexternalpart.screen.stream.assigningTest.AssignToTestPage.checkResults(AssignToTestPage.java:103)
	at com.epam.testexternalpart.tests.AssigningToTest.assignTest(AssigningToTest.java:43)
</failure>
    <system-out><![CDATA[[Invoker 188787161] Keeping method BaseTest.startPage()[pri:0, instance:com.epam.testexternalpart.tests.AssigningToTest@352cebd2] for class [TestClass name=class com.epam.testexternalpart.tests.AssigningToTest]
[Invoker 188787161] Keeping method BaseTest.startPage()[pri:0, instance:com.epam.testexternalpart.tests.AssigningToTest@352cebd2] for class [TestClass name=class com.epam.testexternalpart.tests.AssigningToTest]
[Invoker 188787161] Invoking @BeforeMethod BaseTest.startPage()[pri:0, instance:com.epam.testexternalpart.tests.AssigningToTest@352cebd2]
[Invoker 188787161] Invoking com.epam.testexternalpart.tests.AssigningToTest.assignTest
Click on [Select stream on Department Page]
Checking the presence of the elemen [javaTab]
[javaTab]is Not Present
Click on [Select cabdidates to assigning to test]
Click on [Click assignTestButton]
Send invitation to candidates
Click on [click sendInvitationButton]
Invitation were sent
Check results of sending invitation
Checking the presence of the elemen [Results pop up]
[Results pop up]is Present
]]></system-out>
  </testcase>
  <testcase name="checkAssignedToTestCand" classname="com.epam.testexternalpart.tests.AssigningToTest" time="3.948"/>
  <testcase name="checkAssignedToTestCand" classname="com.epam.testexternalpart.tests.AssigningToTest" time="3.976"/>
  <testcase name="checkAssignedToTestCand" classname="com.epam.testexternalpart.tests.AssigningToTest" time="3.962"/>
  <testcase name="checkAssignedToTestCand" classname="com.epam.testexternalpart.tests.AssigningToTest" time="3.969"/>
  <testcase name="checkAssignedToTestCand" classname="com.epam.testexternalpart.tests.AssigningToTest" time="3.992"/>
  <testcase name="checkAssignedToTestCand" classname="com.epam.testexternalpart.tests.AssigningToTest" time="4.011"/>
  <testcase name="responseFromCandidates" classname="com.epam.testexternalpart.tests.AssigningToTest" time="744.19">
    <failure type="java.lang.NullPointerException:">java.lang.NullPointerException: null
	at sun.reflect.GeneratedMethodAccessor13.invoke(Unknown Source)
	at sun.reflect.DelegatingMethodAccessorImpl.invoke(DelegatingMethodAccessorImpl.java:43)
	at java.lang.reflect.Method.invoke(Method.java:606)
	at org.openqa.selenium.support.pagefactory.internal.LocatingElementHandler.invoke(LocatingElementHandler.java:50)
	at com.sun.proxy.$Proxy7.isDisplayed(Unknown Source)
	at org.openqa.selenium.support.ui.ExpectedConditions.elementIfVisible(ExpectedConditions.java:227)
	at org.openqa.selenium.support.ui.ExpectedConditions.access$100(ExpectedConditions.java:39)
	at org.openqa.selenium.support.ui.ExpectedConditions$7.apply(ExpectedConditions.java:213)
	at org.openqa.selenium.support.ui.ExpectedConditions$7.apply(ExpectedConditions.java:210)
	at org.openqa.selenium.support.ui.ExpectedConditions$18.apply(ExpectedConditions.java:563)
	at org.openqa.selenium.support.ui.ExpectedConditions$18.apply(ExpectedConditions.java:556)
	at org.openqa.selenium.support.ui.FluentWait.until(FluentWait.java:208)
	at com.epam.testexternalpart.screen.Components.clickElement(Components.java:81)
	at com.epam.testexternalpart.screen.stream.assigningTest.emails.AnswerFromYandex.enterIntoUnreadMessage(AnswerFromYandex.java:58)
	at com.epam.testexternalpart.tests.AssigningToTest.responseFromCandidates(AssigningToTest.java:69)
</failure>
    <system-out><![CDATA[[Invoker 188787161] Keeping method BaseTest.startPage()[pri:0, instance:com.epam.testexternalpart.tests.AssigningToTest@352cebd2] for class [TestClass name=class com.epam.testexternalpart.tests.AssigningToTest]
[Invoker 188787161] Keeping method BaseTest.startPage()[pri:0, instance:com.epam.testexternalpart.tests.AssigningToTest@352cebd2] for class [TestClass name=class com.epam.testexternalpart.tests.AssigningToTest]
[Invoker 188787161] Invoking @BeforeMethod BaseTest.startPage()[pri:0, instance:com.epam.testexternalpart.tests.AssigningToTest@352cebd2]
[Invoker 188787161] Invoking com.epam.testexternalpart.tests.AssigningToTest.responseFromCandidates
Click on [logginButton]
Click on [inputBoxRow]
Click on [confirmed Answer]
Click on [settingsButton]
Click on [logoutButton]
Click on [logginButton]
Click on [readMessages]
Click on [confirmed Answer]
Click on [settingsButton]
Click on [logoutButton]
Click on [logginButton]
Click on [inputBoxRow]
]]></system-out>
    <system-err><![CDATA[Starting ChromeDriver (v2.9.248315) on port 9888
Starting ChromeDriver (v2.9.248315) on port 36354
Starting ChromeDriver (v2.9.248315) on port 12398
[712.997][SEVERE]: Unable to receive message from renderer
]]></system-err>
  </testcase>
  <testcase name="checkConfirmedCand" classname="com.epam.testexternalpart.tests.AssigningToTest" time="4.361"/>
  <testcase name="checkNotActualCand" classname="com.epam.testexternalpart.tests.AssigningToTest" time="3.494">
    <failure message="expected [true] but found [false]" type="java.lang.AssertionError">java.lang.AssertionError: expected [true] but found [false]
	at org.testng.Assert.fail(Assert.java:94)
	at org.testng.Assert.failNotEquals(Assert.java:494)
	at org.testng.Assert.assertTrue(Assert.java:42)
	at org.testng.Assert.assertTrue(Assert.java:52)
	at com.epam.testexternalpart.screen.stream.StreamPage.checkCandidates(StreamPage.java:643)
	at com.epam.testexternalpart.tests.AssigningToTest.checkNotActualCand(AssigningToTest.java:91)
</failure>
    <system-out><![CDATA[[Invoker 188787161] Keeping method BaseTest.startPage()[pri:0, instance:com.epam.testexternalpart.tests.AssigningToTest@352cebd2] for class [TestClass name=class com.epam.testexternalpart.tests.AssigningToTest]
[Invoker 188787161] Keeping method BaseTest.startPage()[pri:0, instance:com.epam.testexternalpart.tests.AssigningToTest@352cebd2] for class [TestClass name=class com.epam.testexternalpart.tests.AssigningToTest]
[Invoker 188787161] Invoking @BeforeMethod BaseTest.startPage()[pri:0, instance:com.epam.testexternalpart.tests.AssigningToTest@352cebd2]
[Invoker 188787161] Invoking com.epam.testexternalpart.tests.AssigningToTest.checkNotActualCand
Click on [Select stream on Department Page]
Checking the presence of the elemen [javaTab]
[javaTab]is Not Present
Click on [click notActualTab]
Checking not testing Candidates
]]></system-out>
  </testcase>
  <testcase name="checkNewTimeCand" classname="com.epam.testexternalpart.tests.AssigningToTest" time="4.959"/>
  <testcase name="checkNewTimeCand" classname="com.epam.testexternalpart.tests.AssigningToTest" time="4.574">
    <failure message="expected [true] but found [false]" type="java.lang.AssertionError">java.lang.AssertionError: expected [true] but found [false]
	at org.testng.Assert.fail(Assert.java:94)
	at org.testng.Assert.failNotEquals(Assert.java:494)
	at org.testng.Assert.assertTrue(Assert.java:42)
	at org.testng.Assert.assertTrue(Assert.java:52)
	at com.epam.testexternalpart.screen.stream.StreamPage.checkCandidates(StreamPage.java:643)
	at com.epam.testexternalpart.tests.AssigningToTest.checkNewTimeCand(AssigningToTest.java:99)
</failure>
    <system-out><![CDATA[[Invoker 188787161] Keeping method BaseTest.startPage()[pri:0, instance:com.epam.testexternalpart.tests.AssigningToTest@352cebd2] for class [TestClass name=class com.epam.testexternalpart.tests.AssigningToTest]
[Invoker 188787161] Invoking @BeforeMethod BaseTest.startPage()[pri:0, instance:com.epam.testexternalpart.tests.AssigningToTest@352cebd2]
[Invoker 188787161] Invoking com.epam.testexternalpart.tests.AssigningToTest.checkNewTimeCand
Click on [Select stream on Department Page]
Checking the presence of the elemen [javaTab]
[javaTab]is Not Present
Click on [click notTestedCandidate]
Checking not testing Candidates
]]></system-out>
  </testcase>
  <testcase name="invitateSecondTime" classname="com.epam.testexternalpart.tests.AssigningToTest" time="45.994"/>
  <testcase name="checkDublicateAnswer" classname="com.epam.testexternalpart.tests.AssigningToTest" time="16.587">
    <failure message="expected [true] but found [false]" type="java.lang.AssertionError">java.lang.AssertionError: expected [true] but found [false]
	at org.testng.Assert.fail(Assert.java:94)
	at org.testng.Assert.failNotEquals(Assert.java:494)
	at org.testng.Assert.assertTrue(Assert.java:42)
	at org.testng.Assert.assertTrue(Assert.java:52)
	at com.epam.testexternalpart.screen.stream.assigningTest.emails.AnswerFromIUa.checkDublicateAnswerMessage(AnswerFromIUa.java:121)
	at com.epam.testexternalpart.tests.AssigningToTest.checkDublicateAnswer(AssigningToTest.java:124)
</failure>
    <system-out><![CDATA[[Invoker 188787161] Keeping method BaseTest.startPage()[pri:0, instance:com.epam.testexternalpart.tests.AssigningToTest@352cebd2] for class [TestClass name=class com.epam.testexternalpart.tests.AssigningToTest]
[Invoker 188787161] Keeping method BaseTest.startPage()[pri:0, instance:com.epam.testexternalpart.tests.AssigningToTest@352cebd2] for class [TestClass name=class com.epam.testexternalpart.tests.AssigningToTest]
[Invoker 188787161] Invoking @BeforeMethod BaseTest.startPage()[pri:0, instance:com.epam.testexternalpart.tests.AssigningToTest@352cebd2]
[Invoker 188787161] Invoking com.epam.testexternalpart.tests.AssigningToTest.checkDublicateAnswer
Click on [settingsButton]
Click on [emailTemplatesButtton]
Click on [answerDuplicationTittle]
Click on [logginButton]
Click on [inputBoxRow]
Уважаемый

]]></system-out>
    <system-err><![CDATA[Starting ChromeDriver (v2.9.248315) on port 29501
]]></system-err>
  </testcase>
  <testcase name="invitateThirdTime" classname="com.epam.testexternalpart.tests.AssigningToTest" time="44.011"/>
  <testcase name="checkBannedCandidate" classname="com.epam.testexternalpart.tests.AssigningToTest" time="4.066"/>
  <testcase name="addCandidateToSeveralDepartment" classname="com.epam.testexternalpart.tests.SeveralStreamTest" time="36.56"/>
  <testcase name="allCandidatesSearch" classname="com.epam.testexternalpart.tests.SearchTest" time="34.863"/>
  <testcase name="streamSearch" classname="com.epam.testexternalpart.tests.SearchTest" time="33.03"/>
  <testcase name="addNewPlaceForTesting" classname="com.epam.testexternalpart.tests.PlaceForTestingTest" time="9.017"/>
  <testcase name="deleteNewPlaceForTesting" classname="com.epam.testexternalpart.tests.PlaceForTestingTest" time="3.27"/>
  <testcase name="editNewPlaceForTesting" classname="com.epam.testexternalpart.tests.PlaceForTestingTest" time="7.999"/>
</testsuite>