<?xml version="1.0" encoding="UTF-8"?>
<testsuite name="TestSuite" time="0.543" tests="150" errors="0" skipped="142" failures="8">
  <properties>
[...]
</properties>
  <testcase name="init" classname="com.epam.testexternalpart.tests.SmokeTest" time="0.513">
    <failure message="The driver executable does not exist: D:\Internal_project\Test Framework 1.0\TestExternalPart\chromedriver.exe" type="java.lang.IllegalStateException"><![CDATA[java.lang.IllegalStateException: The driver executable does not exist: D:\Internal_project\Test Framework 1.0\TestExternalPart\chromedriver.exe
	at com.google.common.base.Preconditions.checkState(Preconditions.java:197)
	at org.openqa.selenium.remote.service.DriverService.checkExecutable(DriverService.java:117)
	at org.openqa.selenium.remote.service.DriverService.findExecutable(DriverService.java:112)
	at org.openqa.selenium.chrome.ChromeDriverService.createDefaultService(ChromeDriverService.java:89)
	at org.openqa.selenium.chrome.ChromeDriver.<init>(ChromeDriver.java:117)
	at com.epam.testexternalpart.core.WebDriverFactory.initDriver(WebDriverFactory.java:18)
	at com.epam.testexternalpart.core.BaseTest.init(BaseTest.java:72)
	at sun.reflect.NativeMethodAccessorImpl.invoke0(Native Method)
	at sun.reflect.NativeMethodAccessorImpl.invoke(NativeMethodAccessorImpl.java:57)
	at sun.reflect.DelegatingMethodAccessorImpl.invoke(DelegatingMethodAccessorImpl.java:43)
	at java.lang.reflect.Method.invoke(Method.java:606)
	at org.testng.internal.MethodInvocationHelper.invokeMethod(MethodInvocationHelper.java:84)
	at org.testng.internal.Invoker.invokeConfigurationMethod(Invoker.java:564)
	at org.testng.internal.Invoker.invokeConfigurations(Invoker.java:213)
	at org.testng.internal.Invoker.invokeConfigurations(Invoker.java:138)
	at org.testng.internal.TestMethodWorker.invokeBeforeClassMethods(TestMethodWorker.java:175)
	at org.testng.internal.TestMethodWorker.run(TestMethodWorker.java:107)
	at org.testng.TestRunner.privateRun(TestRunner.java:767)
	at org.testng.TestRunner.run(TestRunner.java:617)
	at org.testng.SuiteRunner.runTest(SuiteRunner.java:348)
	at org.testng.SuiteRunner.runSequentially(SuiteRunner.java:343)
	at org.testng.SuiteRunner.privateRun(SuiteRunner.java:305)
	at org.testng.SuiteRunner.run(SuiteRunner.java:254)
	at org.testng.SuiteRunnerWorker.runSuite(SuiteRunnerWorker.java:52)
	at org.testng.SuiteRunnerWorker.run(SuiteRunnerWorker.java:86)
	at org.testng.TestNG.runSuitesSequentially(TestNG.java:1224)
	at org.testng.TestNG.runSuitesLocally(TestNG.java:1149)
	at org.testng.TestNG.run(TestNG.java:1057)
	at org.apache.maven.surefire.testng.TestNGExecutor.run(TestNGExecutor.java:295)
	at org.apache.maven.surefire.testng.TestNGXmlTestSuite.execute(TestNGXmlTestSuite.java:84)
	at org.apache.maven.surefire.testng.TestNGProvider.invoke(TestNGProvider.java:90)
	at org.apache.maven.surefire.booter.ForkedBooter.invokeProviderInSameClassLoader(ForkedBooter.java:203)
	at org.apache.maven.surefire.booter.ForkedBooter.runSuitesInProcess(ForkedBooter.java:155)
	at org.apache.maven.surefire.booter.ForkedBooter.main(ForkedBooter.java:103)
]]></failure>
    <system-out><![CDATA[[TestRunner] Running the tests in 'smokeMenuTest' with parallel mode:false
[RunInfo] Adding method selector: org.testng.internal.XmlMethodSelector@37d179fb priority: 10
[TestClass] Creating TestClass for [ClassImpl class=com.epam.testexternalpart.tests.SmokeTest]
[TestClass] Adding method SmokeTest.checkElementsEditCandidate(java.lang.String, java.lang.String)[pri:0, instance:null] on TestClass class com.epam.testexternalpart.tests.SmokeTest
[TestClass] Adding method SmokeTest.checkAddStreamAccordingToDepartment()[pri:0, instance:null] on TestClass class com.epam.testexternalpart.tests.SmokeTest
[TestClass] Adding method SmokeTest.checkSubgroupPage()[pri:0, instance:null] on TestClass class com.epam.testexternalpart.tests.SmokeTest
[TestClass] Adding method SmokeTest.checkEmailTemplatesPage()[pri:0, instance:null] on TestClass class com.epam.testexternalpart.tests.SmokeTest
[TestClass] Adding method SmokeTest.checkMailSettingsMenu()[pri:0, instance:null] on TestClass class com.epam.testexternalpart.tests.SmokeTest
[TestClass] Adding method SmokeTest.checkElStreamPage(java.lang.String)[pri:0, instance:null] on TestClass class com.epam.testexternalpart.tests.SmokeTest
[TestClass] Adding method SmokeTest.checkElAllCandiadtesMenu(java.lang.String)[pri:0, instance:null] on TestClass class com.epam.testexternalpart.tests.SmokeTest
[TestClass] Adding method SmokeTest.checkElementsPresentAddStreamPage()[pri:0, instance:null] on TestClass class com.epam.testexternalpart.tests.SmokeTest
[TestClass] Adding method SmokeTest.checkMenu()[pri:0, instance:null] on TestClass class com.epam.testexternalpart.tests.SmokeTest
[TestClass] Adding method SmokeTest.checkElementsViewCandidate(java.lang.String, java.lang.String)[pri:0, instance:null] on TestClass class com.epam.testexternalpart.tests.SmokeTest
[TestClass] Adding method SmokeTest.checkConcretSubgroup()[pri:0, instance:null] on TestClass class com.epam.testexternalpart.tests.SmokeTest
[TestClass] Adding method SmokeTest.checkElementsPresentAddDepartmentPage()[pri:0, instance:null] on TestClass class com.epam.testexternalpart.tests.SmokeTest
[TestClass] Adding method SmokeTest.checkElementsAddCandidate(java.lang.String)[pri:0, instance:null] on TestClass class com.epam.testexternalpart.tests.SmokeTest
[TestClass] Adding method SmokeTest.checkElementsPresentDepartmentPage()[pri:0, instance:null] on TestClass class com.epam.testexternalpart.tests.SmokeTest
[XmlMethodSelector] Including method com.epam.testexternalpart.core.init()
[XmlMethodSelector] Including method com.epam.testexternalpart.core.tearDown()
[XmlMethodSelector] Including method com.epam.testexternalpart.core.startPage()
[XmlMethodSelector] Including method com.epam.testexternalpart.tests.checkElementsEditCandidate()
[XmlMethodSelector] Including method com.epam.testexternalpart.tests.checkAddStreamAccordingToDepartment()
[XmlMethodSelector] Including method com.epam.testexternalpart.tests.checkSubgroupPage()
[XmlMethodSelector] Including method com.epam.testexternalpart.tests.checkEmailTemplatesPage()
[XmlMethodSelector] Including method com.epam.testexternalpart.tests.checkMailSettingsMenu()
[XmlMethodSelector] Including method com.epam.testexternalpart.tests.checkElStreamPage()
[XmlMethodSelector] Including method com.epam.testexternalpart.tests.checkElAllCandiadtesMenu()
[XmlMethodSelector] Including method com.epam.testexternalpart.tests.checkElementsPresentAddStreamPage()
[XmlMethodSelector] Including method com.epam.testexternalpart.tests.checkMenu()
[XmlMethodSelector] Including method com.epam.testexternalpart.tests.checkElementsViewCandidate()
[XmlMethodSelector] Including method com.epam.testexternalpart.tests.checkConcretSubgroup()
[XmlMethodSelector] Including method com.epam.testexternalpart.tests.checkElementsPresentAddDepartmentPage()
[XmlMethodSelector] Including method com.epam.testexternalpart.tests.checkElementsAddCandidate()
[XmlMethodSelector] Including method com.epam.testexternalpart.tests.checkElementsPresentDepartmentPage()
[TestRunner] Running the tests in 'DepartmentTest' with parallel mode:false
[RunInfo] Adding method selector: org.testng.internal.XmlMethodSelector@6bd7fadd priority: 10
[TestClass] Creating TestClass for [ClassImpl class=com.epam.testexternalpart.tests.DepartmentTest]
[TestClass] Adding method DepartmentTest.testAddDepartmentWithValidName(java.lang.String)[pri:0, instance:null] on TestClass class com.epam.testexternalpart.tests.DepartmentTest
[TestClass] Adding method DepartmentTest.testEditDepartmentName(java.lang.String, java.lang.String)[pri:0, instance:null] on TestClass class com.epam.testexternalpart.tests.DepartmentTest
[TestClass] Adding method DepartmentTest.testAddDepartment(java.lang.String)[pri:0, instance:null] on TestClass class com.epam.testexternalpart.tests.DepartmentTest
[XmlMethodSelector] Including method com.epam.testexternalpart.core.init()
[XmlMethodSelector] Including method com.epam.testexternalpart.core.tearDown()
[XmlMethodSelector] Including method com.epam.testexternalpart.core.startPage()
[XmlMethodSelector] Including method com.epam.testexternalpart.tests.testAddDepartmentWithValidName()
[XmlMethodSelector] Including method com.epam.testexternalpart.tests.testEditDepartmentName()
[XmlMethodSelector] Including method com.epam.testexternalpart.tests.testAddDepartment()
[TestRunner] Running the tests in 'StreamTest' with parallel mode:false
[RunInfo] Adding method selector: org.testng.internal.XmlMethodSelector@229220cb priority: 10
[TestClass] Creating TestClass for [ClassImpl class=com.epam.testexternalpart.tests.StreamTest]
[TestClass] Adding method StreamTest.testEditStream(java.lang.String)[pri:0, instance:null] on TestClass class com.epam.testexternalpart.tests.StreamTest
[TestClass] Adding method StreamTest.testAddNewValidStream(java.lang.String)[pri:0, instance:null] on TestClass class com.epam.testexternalpart.tests.StreamTest
[TestClass] Adding method StreamTest.testAddNewInValidStream(java.lang.String)[pri:0, instance:null] on TestClass class com.epam.testexternalpart.tests.StreamTest
[XmlMethodSelector] Including method com.epam.testexternalpart.core.init()
[XmlMethodSelector] Including method com.epam.testexternalpart.core.tearDown()
[XmlMethodSelector] Including method com.epam.testexternalpart.core.startPage()
[XmlMethodSelector] Including method com.epam.testexternalpart.tests.testEditStream()
[XmlMethodSelector] Including method com.epam.testexternalpart.tests.testAddNewValidStream()
[XmlMethodSelector] Including method com.epam.testexternalpart.tests.testAddNewInValidStream()
[TestRunner] Running the tests in 'CandidateTest' with parallel mode:false
[RunInfo] Adding method selector: org.testng.internal.XmlMethodSelector@57380fc priority: 10
[TestClass] Creating TestClass for [ClassImpl class=com.epam.testexternalpart.tests.AddCandidateTest]
[TestClass] Adding method AddCandidateTest.changeStatus(java.lang.String, java.lang.String, java.lang.String, java.lang.String, java.lang.String, java.lang.String)[pri:0, instance:null] on TestClass class com.epam.testexternalpart.tests.AddCandidateTest
[TestClass] Adding method AddCandidateTest.deleteAllCandidates(java.lang.String)[pri:0, instance:null] on TestClass class com.epam.testexternalpart.tests.AddCandidateTest
[TestClass] Adding method AddCandidateTest.bannWithButton(java.lang.String)[pri:0, instance:null] on TestClass class com.epam.testexternalpart.tests.AddCandidateTest
[TestClass] Adding method AddCandidateTest.addCandidateManually(java.lang.String)[pri:0, instance:null] on TestClass class com.epam.testexternalpart.tests.AddCandidateTest
[TestClass] Adding method AddCandidateTest.addCandidate(java.lang.String)[pri:0, instance:null] on TestClass class com.epam.testexternalpart.tests.AddCandidateTest
[XmlMethodSelector] Including method com.epam.testexternalpart.core.init()
[XmlMethodSelector] Including method com.epam.testexternalpart.core.tearDown()
[XmlMethodSelector] Including method com.epam.testexternalpart.core.startPage()
[XmlMethodSelector] Including method com.epam.testexternalpart.tests.changeStatus()
[XmlMethodSelector] Including method com.epam.testexternalpart.tests.deleteAllCandidates()
[XmlMethodSelector] Including method com.epam.testexternalpart.tests.bannWithButton()
[XmlMethodSelector] Including method com.epam.testexternalpart.tests.addCandidateManually()
[XmlMethodSelector] Including method com.epam.testexternalpart.tests.addCandidate()
[TestRunner] Running the tests in 'AssigningToTestTest' with parallel mode:false
[RunInfo] Adding method selector: org.testng.internal.XmlMethodSelector@1bab05a3 priority: 10
[TestClass] Creating TestClass for [ClassImpl class=com.epam.testexternalpart.tests.AssigningToTest]
[TestClass] Adding method AssigningToTest.checkNotTestedCand(java.lang.String, java.lang.String, java.lang.String)[pri:0, instance:null] on TestClass class com.epam.testexternalpart.tests.AssigningToTest
[TestClass] Adding method AssigningToTest.checkNewTimeCand(java.lang.String, java.lang.String, java.lang.String)[pri:0, instance:null] on TestClass class com.epam.testexternalpart.tests.AssigningToTest
[TestClass] Adding method AssigningToTest.checkDublicateAnswer()[pri:0, instance:null] on TestClass class com.epam.testexternalpart.tests.AssigningToTest
[TestClass] Adding method AssigningToTest.addStream(java.lang.String)[pri:0, instance:null] on TestClass class com.epam.testexternalpart.tests.AssigningToTest
[TestClass] Adding method AssigningToTest.invitateSecondTime(java.lang.String)[pri:0, instance:null] on TestClass class com.epam.testexternalpart.tests.AssigningToTest
[TestClass] Adding method AssigningToTest.checkAssignedToTestCand(java.lang.String, java.lang.String, java.lang.String)[pri:0, instance:null] on TestClass class com.epam.testexternalpart.tests.AssigningToTest
[TestClass] Adding method AssigningToTest.assignTest(java.lang.String)[pri:0, instance:null] on TestClass class com.epam.testexternalpart.tests.AssigningToTest
[TestClass] Adding method AssigningToTest.responseFromCandidates()[pri:0, instance:null] on TestClass class com.epam.testexternalpart.tests.AssigningToTest
[TestClass] Adding method AssigningToTest.addCandidates(java.lang.String, java.lang.String)[pri:0, instance:null] on TestClass class com.epam.testexternalpart.tests.AssigningToTest
[TestClass] Adding method AssigningToTest.checkBannedCandidate(java.lang.String, java.lang.String, java.lang.String)[pri:0, instance:null] on TestClass class com.epam.testexternalpart.tests.AssigningToTest
[TestClass] Adding method AssigningToTest.checkConfirmedCand(java.lang.String, java.lang.String, java.lang.String)[pri:0, instance:null] on TestClass class com.epam.testexternalpart.tests.AssigningToTest
[TestClass] Adding method AssigningToTest.checkNotActualCand(java.lang.String, java.lang.String, java.lang.String)[pri:0, instance:null] on TestClass class com.epam.testexternalpart.tests.AssigningToTest
[TestClass] Adding method AssigningToTest.invitateThirdTime(java.lang.String)[pri:0, instance:null] on TestClass class com.epam.testexternalpart.tests.AssigningToTest
[XmlMethodSelector] Including method com.epam.testexternalpart.core.init()
[XmlMethodSelector] Including method com.epam.testexternalpart.core.tearDown()
[XmlMethodSelector] Including method com.epam.testexternalpart.core.startPage()
[XmlMethodSelector] Including method com.epam.testexternalpart.tests.checkNotTestedCand()
[XmlMethodSelector] Including method com.epam.testexternalpart.tests.checkNewTimeCand()
[XmlMethodSelector] Including method com.epam.testexternalpart.tests.checkDublicateAnswer()
[XmlMethodSelector] Including method com.epam.testexternalpart.tests.addStream()
[XmlMethodSelector] Including method com.epam.testexternalpart.tests.invitateSecondTime()
[XmlMethodSelector] Including method com.epam.testexternalpart.tests.checkAssignedToTestCand()
[XmlMethodSelector] Including method com.epam.testexternalpart.tests.assignTest()
[XmlMethodSelector] Including method com.epam.testexternalpart.tests.responseFromCandidates()
[XmlMethodSelector] Including method com.epam.testexternalpart.tests.addCandidates()
[XmlMethodSelector] Including method com.epam.testexternalpart.tests.checkBannedCandidate()
[XmlMethodSelector] Including method com.epam.testexternalpart.tests.checkConfirmedCand()
[XmlMethodSelector] Including method com.epam.testexternalpart.tests.checkNotActualCand()
[XmlMethodSelector] Including method com.epam.testexternalpart.tests.invitateThirdTime()
[TestRunner] Running the tests in 'SeveralStreamTest' with parallel mode:false
[RunInfo] Adding method selector: org.testng.internal.XmlMethodSelector@54231c3 priority: 10
[TestClass] Creating TestClass for [ClassImpl class=com.epam.testexternalpart.tests.SeveralStreamTest]
[TestClass] Adding method SeveralStreamTest.addCandidateToSeveralDepartment(java.lang.String)[pri:0, instance:null] on TestClass class com.epam.testexternalpart.tests.SeveralStreamTest
[XmlMethodSelector] Including method com.epam.testexternalpart.core.init()
[XmlMethodSelector] Including method com.epam.testexternalpart.core.tearDown()
[XmlMethodSelector] Including method com.epam.testexternalpart.core.startPage()
[XmlMethodSelector] Including method com.epam.testexternalpart.tests.addCandidateToSeveralDepartment()
[TestRunner] Running the tests in 'SearchStreamTest' with parallel mode:false
[RunInfo] Adding method selector: org.testng.internal.XmlMethodSelector@5679bca4 priority: 10
[TestClass] Creating TestClass for [ClassImpl class=com.epam.testexternalpart.tests.SearchTest]
[TestClass] Adding method SearchTest.allCandidatesSearch(java.lang.String, java.lang.String, java.lang.String, java.lang.String, java.lang.String)[pri:0, instance:null] on TestClass class com.epam.testexternalpart.tests.SearchTest
[TestClass] Adding method SearchTest.streamSearch(java.lang.String, java.lang.String, java.lang.String, java.lang.String, java.lang.String)[pri:0, instance:null] on TestClass class com.epam.testexternalpart.tests.SearchTest
[XmlMethodSelector] Including method com.epam.testexternalpart.core.init()
[XmlMethodSelector] Including method com.epam.testexternalpart.core.tearDown()
[XmlMethodSelector] Including method com.epam.testexternalpart.core.startPage()
[XmlMethodSelector] Including method com.epam.testexternalpart.tests.allCandidatesSearch()
[XmlMethodSelector] Including method com.epam.testexternalpart.tests.streamSearch()
[TestRunner] Running the tests in 'PlaceForTestingTest' with parallel mode:false
[RunInfo] Adding method selector: org.testng.internal.XmlMethodSelector@146e1cbf priority: 10
[TestClass] Creating TestClass for [ClassImpl class=com.epam.testexternalpart.tests.PlaceForTestingTest]
[TestClass] Adding method PlaceForTestingTest.deleteNewPlaceForTesting(java.lang.String, java.lang.String, java.lang.String, java.lang.String)[pri:0, instance:null] on TestClass class com.epam.testexternalpart.tests.PlaceForTestingTest
[TestClass] Adding method PlaceForTestingTest.editNewPlaceForTesting(java.lang.String, java.lang.String, java.lang.String, java.lang.String, java.lang.String, java.lang.String, java.lang.String, java.lang.String)[pri:0, instance:null] on TestClass class com.epam.testexternalpart.tests.PlaceForTestingTest
[TestClass] Adding method PlaceForTestingTest.addNewPlaceForTesting(java.lang.String, java.lang.String, java.lang.String, java.lang.String)[pri:0, instance:null] on TestClass class com.epam.testexternalpart.tests.PlaceForTestingTest
[XmlMethodSelector] Including method com.epam.testexternalpart.core.init()
[XmlMethodSelector] Including method com.epam.testexternalpart.core.tearDown()
[XmlMethodSelector] Including method com.epam.testexternalpart.core.startPage()
[XmlMethodSelector] Including method com.epam.testexternalpart.tests.deleteNewPlaceForTesting()
[XmlMethodSelector] Including method com.epam.testexternalpart.tests.editNewPlaceForTesting()
[XmlMethodSelector] Including method com.epam.testexternalpart.tests.addNewPlaceForTesting()
[SuiteRunner] Created 8 TestRunners
[TestRunner] Running test smokeMenuTest on 1  classes,  included groups:[] excluded groups:[]
===== Test class
com.epam.testexternalpart.tests.SmokeTest
  @BeforeClass BaseTest.init()[pri:0, instance:com.epam.testexternalpart.tests.SmokeTest@7c101ac]
  @BeforeMethod BaseTest.startPage()[pri:0, instance:com.epam.testexternalpart.tests.SmokeTest@7c101ac]
    @Test SmokeTest.checkElementsEditCandidate(java.lang.String, java.lang.String)[pri:0, instance:com.epam.testexternalpart.tests.SmokeTest@7c101ac]
    @Test SmokeTest.checkAddStreamAccordingToDepartment()[pri:0, instance:com.epam.testexternalpart.tests.SmokeTest@7c101ac]
    @Test SmokeTest.checkSubgroupPage()[pri:0, instance:com.epam.testexternalpart.tests.SmokeTest@7c101ac]
    @Test SmokeTest.checkEmailTemplatesPage()[pri:0, instance:com.epam.testexternalpart.tests.SmokeTest@7c101ac]
    @Test SmokeTest.checkMailSettingsMenu()[pri:0, instance:com.epam.testexternalpart.tests.SmokeTest@7c101ac]
    @Test SmokeTest.checkElStreamPage(java.lang.String)[pri:0, instance:com.epam.testexternalpart.tests.SmokeTest@7c101ac]
    @Test SmokeTest.checkElAllCandiadtesMenu(java.lang.String)[pri:0, instance:com.epam.testexternalpart.tests.SmokeTest@7c101ac]
    @Test SmokeTest.checkElementsPresentAddStreamPage()[pri:0, instance:com.epam.testexternalpart.tests.SmokeTest@7c101ac]
    @Test SmokeTest.checkMenu()[pri:0, instance:com.epam.testexternalpart.tests.SmokeTest@7c101ac]
    @Test SmokeTest.checkElementsViewCandidate(java.lang.String, java.lang.String)[pri:0, instance:com.epam.testexternalpart.tests.SmokeTest@7c101ac]
    @Test SmokeTest.checkConcretSubgroup()[pri:0, instance:com.epam.testexternalpart.tests.SmokeTest@7c101ac]
    @Test SmokeTest.checkElementsPresentAddDepartmentPage()[pri:0, instance:com.epam.testexternalpart.tests.SmokeTest@7c101ac]
    @Test SmokeTest.checkElementsAddCandidate(java.lang.String)[pri:0, instance:com.epam.testexternalpart.tests.SmokeTest@7c101ac]
    @Test SmokeTest.checkElementsPresentDepartmentPage()[pri:0, instance:com.epam.testexternalpart.tests.SmokeTest@7c101ac]
  @AfterClass BaseTest.tearDown()[pri:0, instance:com.epam.testexternalpart.tests.SmokeTest@7c101ac]
======
[Invoker 188787161] Keeping method BaseTest.init()[pri:0, instance:com.epam.testexternalpart.tests.SmokeTest@7c101ac] for class [TestClass name=class com.epam.testexternalpart.tests.SmokeTest]
[Invoker 188787161] Invoking @BeforeClass BaseTest.init()[pri:0, instance:com.epam.testexternalpart.tests.SmokeTest@7c101ac]
Failed to invoke configuration method com.epam.testexternalpart.core.BaseTest.init:The driver executable does not exist: D:\Internal_project\Test Framework 1.0\TestExternalPart\chromedriver.exe
]]></system-out>
  </testcase>
  <testcase name="startPage" classname="com.epam.testexternalpart.tests.SmokeTest" time="0">
    <skipped/>
    <system-out><![CDATA[[Invoker 188787161] Keeping method BaseTest.startPage()[pri:0, instance:com.epam.testexternalpart.tests.SmokeTest@7c101ac] for class [TestClass name=class com.epam.testexternalpart.tests.SmokeTest]
[Invoker 188787161] Keeping method BaseTest.startPage()[pri:0, instance:com.epam.testexternalpart.tests.SmokeTest@7c101ac] for class [TestClass name=class com.epam.testexternalpart.tests.SmokeTest]
]]></system-out>
  </testcase>
  <testcase name="startPage" classname="com.epam.testexternalpart.tests.SmokeTest" time="0">
    <skipped/>
    <system-out><![CDATA[[Invoker 188787161] Keeping method BaseTest.startPage()[pri:0, instance:com.epam.testexternalpart.tests.SmokeTest@7c101ac] for class [TestClass name=class com.epam.testexternalpart.tests.SmokeTest]
[Invoker 188787161] Keeping method BaseTest.startPage()[pri:0, instance:com.epam.testexternalpart.tests.SmokeTest@7c101ac] for class [TestClass name=class com.epam.testexternalpart.tests.SmokeTest]
]]></system-out>
  </testcase>
  <testcase name="startPage" classname="com.epam.testexternalpart.tests.SmokeTest" time="0">
    <skipped/>
    <system-out><![CDATA[[Invoker 188787161] Keeping method BaseTest.startPage()[pri:0, instance:com.epam.testexternalpart.tests.SmokeTest@7c101ac] for class [TestClass name=class com.epam.testexternalpart.tests.SmokeTest]
[Invoker 188787161] Keeping method BaseTest.startPage()[pri:0, instance:com.epam.testexternalpart.tests.SmokeTest@7c101ac] for class [TestClass name=class com.epam.testexternalpart.tests.SmokeTest]
]]></system-out>
  </testcase>
  <testcase name="startPage" classname="com.epam.testexternalpart.tests.SmokeTest" time="0">
    <skipped/>
    <system-out><![CDATA[[Invoker 188787161] Keeping method BaseTest.startPage()[pri:0, instance:com.epam.testexternalpart.tests.SmokeTest@7c101ac] for class [TestClass name=class com.epam.testexternalpart.tests.SmokeTest]
[Invoker 188787161] Keeping method BaseTest.startPage()[pri:0, instance:com.epam.testexternalpart.tests.SmokeTest@7c101ac] for class [TestClass name=class com.epam.testexternalpart.tests.SmokeTest]
]]></system-out>
  </testcase>
  <testcase name="startPage" classname="com.epam.testexternalpart.tests.SmokeTest" time="0">
    <skipped/>
    <system-out><![CDATA[[Invoker 188787161] Keeping method BaseTest.startPage()[pri:0, instance:com.epam.testexternalpart.tests.SmokeTest@7c101ac] for class [TestClass name=class com.epam.testexternalpart.tests.SmokeTest]
[Invoker 188787161] Keeping method BaseTest.startPage()[pri:0, instance:com.epam.testexternalpart.tests.SmokeTest@7c101ac] for class [TestClass name=class com.epam.testexternalpart.tests.SmokeTest]
]]></system-out>
  </testcase>
  <testcase name="startPage" classname="com.epam.testexternalpart.tests.SmokeTest" time="0">
    <skipped/>
    <system-out><![CDATA[[Invoker 188787161] Keeping method BaseTest.startPage()[pri:0, instance:com.epam.testexternalpart.tests.SmokeTest@7c101ac] for class [TestClass name=class com.epam.testexternalpart.tests.SmokeTest]
[Invoker 188787161] Keeping method BaseTest.startPage()[pri:0, instance:com.epam.testexternalpart.tests.SmokeTest@7c101ac] for class [TestClass name=class com.epam.testexternalpart.tests.SmokeTest]
]]></system-out>
  </testcase>
  <testcase name="startPage" classname="com.epam.testexternalpart.tests.SmokeTest" time="0">
    <skipped/>
    <system-out><![CDATA[[Invoker 188787161] Keeping method BaseTest.startPage()[pri:0, instance:com.epam.testexternalpart.tests.SmokeTest@7c101ac] for class [TestClass name=class com.epam.testexternalpart.tests.SmokeTest]
[Invoker 188787161] Keeping method BaseTest.startPage()[pri:0, instance:com.epam.testexternalpart.tests.SmokeTest@7c101ac] for class [TestClass name=class com.epam.testexternalpart.tests.SmokeTest]
]]></system-out>
  </testcase>
  <testcase name="startPage" classname="com.epam.testexternalpart.tests.SmokeTest" time="0">
    <skipped/>
    <system-out><![CDATA[[Invoker 188787161] Keeping method BaseTest.startPage()[pri:0, instance:com.epam.testexternalpart.tests.SmokeTest@7c101ac] for class [TestClass name=class com.epam.testexternalpart.tests.SmokeTest]
[Invoker 188787161] Keeping method BaseTest.startPage()[pri:0, instance:com.epam.testexternalpart.tests.SmokeTest@7c101ac] for class [TestClass name=class com.epam.testexternalpart.tests.SmokeTest]
]]></system-out>
  </testcase>
  <testcase name="startPage" classname="com.epam.testexternalpart.tests.SmokeTest" time="0">
    <skipped/>
    <system-out><![CDATA[[Invoker 188787161] Keeping method BaseTest.startPage()[pri:0, instance:com.epam.testexternalpart.tests.SmokeTest@7c101ac] for class [TestClass name=class com.epam.testexternalpart.tests.SmokeTest]
[Invoker 188787161] Keeping method BaseTest.startPage()[pri:0, instance:com.epam.testexternalpart.tests.SmokeTest@7c101ac] for class [TestClass name=class com.epam.testexternalpart.tests.SmokeTest]
]]></system-out>
  </testcase>
  <testcase name="startPage" classname="com.epam.testexternalpart.tests.SmokeTest" time="0">
    <skipped/>
    <system-out><![CDATA[[Invoker 188787161] Keeping method BaseTest.startPage()[pri:0, instance:com.epam.testexternalpart.tests.SmokeTest@7c101ac] for class [TestClass name=class com.epam.testexternalpart.tests.SmokeTest]
[Invoker 188787161] Keeping method BaseTest.startPage()[pri:0, instance:com.epam.testexternalpart.tests.SmokeTest@7c101ac] for class [TestClass name=class com.epam.testexternalpart.tests.SmokeTest]
]]></system-out>
  </testcase>
  <testcase name="startPage" classname="com.epam.testexternalpart.tests.SmokeTest" time="0">
    <skipped/>
    <system-out><![CDATA[[Invoker 188787161] Keeping method BaseTest.startPage()[pri:0, instance:com.epam.testexternalpart.tests.SmokeTest@7c101ac] for class [TestClass name=class com.epam.testexternalpart.tests.SmokeTest]
[Invoker 188787161] Keeping method BaseTest.startPage()[pri:0, instance:com.epam.testexternalpart.tests.SmokeTest@7c101ac] for class [TestClass name=class com.epam.testexternalpart.tests.SmokeTest]
]]></system-out>
  </testcase>
  <testcase name="startPage" classname="com.epam.testexternalpart.tests.SmokeTest" time="0">
    <skipped/>
    <system-out><![CDATA[[Invoker 188787161] Keeping method BaseTest.startPage()[pri:0, instance:com.epam.testexternalpart.tests.SmokeTest@7c101ac] for class [TestClass name=class com.epam.testexternalpart.tests.SmokeTest]
[Invoker 188787161] Keeping method BaseTest.startPage()[pri:0, instance:com.epam.testexternalpart.tests.SmokeTest@7c101ac] for class [TestClass name=class com.epam.testexternalpart.tests.SmokeTest]
]]></system-out>
  </testcase>
  <testcase name="startPage" classname="com.epam.testexternalpart.tests.SmokeTest" time="0">
    <skipped/>
    <system-out><![CDATA[[Invoker 188787161] Keeping method BaseTest.startPage()[pri:0, instance:com.epam.testexternalpart.tests.SmokeTest@7c101ac] for class [TestClass name=class com.epam.testexternalpart.tests.SmokeTest]
[Invoker 188787161] Keeping method BaseTest.startPage()[pri:0, instance:com.epam.testexternalpart.tests.SmokeTest@7c101ac] for class [TestClass name=class com.epam.testexternalpart.tests.SmokeTest]
]]></system-out>
  </testcase>
  <testcase name="startPage" classname="com.epam.testexternalpart.tests.SmokeTest" time="0">
    <skipped/>
    <system-out><![CDATA[[Invoker 188787161] Keeping method BaseTest.startPage()[pri:0, instance:com.epam.testexternalpart.tests.SmokeTest@7c101ac] for class [TestClass name=class com.epam.testexternalpart.tests.SmokeTest]
[Invoker 188787161] Keeping method BaseTest.startPage()[pri:0, instance:com.epam.testexternalpart.tests.SmokeTest@7c101ac] for class [TestClass name=class com.epam.testexternalpart.tests.SmokeTest]
]]></system-out>
  </testcase>
  <testcase name="checkAddStreamAccordingToDepartment" classname="com.epam.testexternalpart.tests.SmokeTest" time="0">
    <skipped/>
  </testcase>
  <testcase name="checkConcretSubgroup" classname="com.epam.testexternalpart.tests.SmokeTest" time="0">
    <skipped/>
  </testcase>
  <testcase name="checkElAllCandiadtesMenu" classname="com.epam.testexternalpart.tests.SmokeTest" time="0">
    <skipped/>
  </testcase>
  <testcase name="checkElStreamPage" classname="com.epam.testexternalpart.tests.SmokeTest" time="0">
    <skipped/>
  </testcase>
  <testcase name="checkElementsAddCandidate" classname="com.epam.testexternalpart.tests.SmokeTest" time="0">
    <skipped/>
  </testcase>
  <testcase name="checkElementsEditCandidate" classname="com.epam.testexternalpart.tests.SmokeTest" time="0">
    <skipped/>
  </testcase>
  <testcase name="checkElementsPresentAddDepartmentPage" classname="com.epam.testexternalpart.tests.SmokeTest" time="0">
    <skipped/>
  </testcase>
  <testcase name="checkElementsPresentAddStreamPage" classname="com.epam.testexternalpart.tests.SmokeTest" time="0">
    <skipped/>
  </testcase>
  <testcase name="checkElementsPresentDepartmentPage" classname="com.epam.testexternalpart.tests.SmokeTest" time="0">
    <skipped/>
  </testcase>
  <testcase name="checkElementsViewCandidate" classname="com.epam.testexternalpart.tests.SmokeTest" time="0">
    <skipped/>
  </testcase>
  <testcase name="checkEmailTemplatesPage" classname="com.epam.testexternalpart.tests.SmokeTest" time="0">
    <skipped/>
  </testcase>
  <testcase name="checkMailSettingsMenu" classname="com.epam.testexternalpart.tests.SmokeTest" time="0">
    <skipped/>
  </testcase>
  <testcase name="checkMenu" classname="com.epam.testexternalpart.tests.SmokeTest" time="0">
    <skipped/>
  </testcase>
  <testcase name="checkSubgroupPage" classname="com.epam.testexternalpart.tests.SmokeTest" time="0">
    <skipped/>
  </testcase>
  <testcase name="tearDown" classname="com.epam.testexternalpart.tests.SmokeTest" time="0">
    <skipped/>
    <system-out><![CDATA[[Invoker 188787161] Keeping method BaseTest.tearDown()[pri:0, instance:com.epam.testexternalpart.tests.SmokeTest@7c101ac] for class [TestClass name=class com.epam.testexternalpart.tests.SmokeTest]
]]></system-out>
  </testcase>
  <testcase name="init" classname="com.epam.testexternalpart.tests.DepartmentTest" time="0.01">
    <failure message="The driver executable does not exist: D:\Internal_project\Test Framework 1.0\TestExternalPart\chromedriver.exe" type="java.lang.IllegalStateException"><![CDATA[java.lang.IllegalStateException: The driver executable does not exist: D:\Internal_project\Test Framework 1.0\TestExternalPart\chromedriver.exe
	at com.google.common.base.Preconditions.checkState(Preconditions.java:197)
	at org.openqa.selenium.remote.service.DriverService.checkExecutable(DriverService.java:117)
	at org.openqa.selenium.remote.service.DriverService.findExecutable(DriverService.java:112)
	at org.openqa.selenium.chrome.ChromeDriverService.createDefaultService(ChromeDriverService.java:89)
	at org.openqa.selenium.chrome.ChromeDriver.<init>(ChromeDriver.java:117)
	at com.epam.testexternalpart.core.WebDriverFactory.initDriver(WebDriverFactory.java:18)
	at com.epam.testexternalpart.core.BaseTest.init(BaseTest.java:72)
	at sun.reflect.NativeMethodAccessorImpl.invoke0(Native Method)
	at sun.reflect.NativeMethodAccessorImpl.invoke(NativeMethodAccessorImpl.java:57)
	at sun.reflect.DelegatingMethodAccessorImpl.invoke(DelegatingMethodAccessorImpl.java:43)
	at java.lang.reflect.Method.invoke(Method.java:606)
	at org.testng.internal.MethodInvocationHelper.invokeMethod(MethodInvocationHelper.java:84)
	at org.testng.internal.Invoker.invokeConfigurationMethod(Invoker.java:564)
	at org.testng.internal.Invoker.invokeConfigurations(Invoker.java:213)
	at org.testng.internal.Invoker.invokeConfigurations(Invoker.java:138)
	at org.testng.internal.TestMethodWorker.invokeBeforeClassMethods(TestMethodWorker.java:175)
	at org.testng.internal.TestMethodWorker.run(TestMethodWorker.java:107)
	at org.testng.TestRunner.privateRun(TestRunner.java:767)
	at org.testng.TestRunner.run(TestRunner.java:617)
	at org.testng.SuiteRunner.runTest(SuiteRunner.java:348)
	at org.testng.SuiteRunner.runSequentially(SuiteRunner.java:343)
	at org.testng.SuiteRunner.privateRun(SuiteRunner.java:305)
	at org.testng.SuiteRunner.run(SuiteRunner.java:254)
	at org.testng.SuiteRunnerWorker.runSuite(SuiteRunnerWorker.java:52)
	at org.testng.SuiteRunnerWorker.run(SuiteRunnerWorker.java:86)
	at org.testng.TestNG.runSuitesSequentially(TestNG.java:1224)
	at org.testng.TestNG.runSuitesLocally(TestNG.java:1149)
	at org.testng.TestNG.run(TestNG.java:1057)
	at org.apache.maven.surefire.testng.TestNGExecutor.run(TestNGExecutor.java:295)
	at org.apache.maven.surefire.testng.TestNGXmlTestSuite.execute(TestNGXmlTestSuite.java:84)
	at org.apache.maven.surefire.testng.TestNGProvider.invoke(TestNGProvider.java:90)
	at org.apache.maven.surefire.booter.ForkedBooter.invokeProviderInSameClassLoader(ForkedBooter.java:203)
	at org.apache.maven.surefire.booter.ForkedBooter.runSuitesInProcess(ForkedBooter.java:155)
	at org.apache.maven.surefire.booter.ForkedBooter.main(ForkedBooter.java:103)
]]></failure>
    <system-out><![CDATA[===== Invoked methods
  BaseTest.init()[pri:0, instance:com.epam.testexternalpart.tests.SmokeTest@7c101ac] 130089388
    SmokeTest.checkAddStreamAccordingToDepartment()[pri:0, instance:com.epam.testexternalpart.tests.SmokeTest@7c101ac] 130089388
    SmokeTest.checkConcretSubgroup()[pri:0, instance:com.epam.testexternalpart.tests.SmokeTest@7c101ac] 130089388
    SmokeTest.checkElAllCandiadtesMenu(java.lang.String)[pri:0, instance:com.epam.testexternalpart.tests.SmokeTest@7c101ac]№;First Name;Last Name;Middle Name;Phone;BirthDate;Email;Fill Date;Stream;Department  130089388
    SmokeTest.checkElStreamPage(java.lang.String)[pri:0, instance:com.epam.testexternalpart.tests.SmokeTest@7c101ac];№;First Name;Last Name;Middle Name;Phone;BirthDate;Email;Fill Date  130089388
    SmokeTest.checkElementsAddCandidate(java.lang.String)[pri:0, instance:com.epam.testexternalpart.tests.SmokeTest@7c101ac]First name;Last name;Middle name;Birth date;Email;Phone;Secondary phone;University name;Faculty name;Academic degree;Education start year;Graduation year;Additional education;Relevant skills;Languages;Referrer;Attempt count;Stream;Status;Fill date;Comment  130089388
    SmokeTest.checkElementsEditCandidate(java.lang.String, java.lang.String)[pri:0, instance:com.epam.testexternalpart.tests.SmokeTest@7c101ac]Petrov;Petr;Olololoevich;02.12.1993;sdhgjshgj@mail.ru;+380505465345; First name;Last name;Middle name;Birth date;Email;Phone;Secondary phone;University name;Faculty name;Academic degree;Education start year;Graduation year;Additional education;Relevant skills;Languages;Referrer;Attempt count;Stream;Status;Fill date;Comment  130089388
    SmokeTest.checkElementsPresentAddDepartmentPage()[pri:0, instance:com.epam.testexternalpart.tests.SmokeTest@7c101ac] 130089388
    SmokeTest.checkElementsPresentAddStreamPage()[pri:0, instance:com.epam.testexternalpart.tests.SmokeTest@7c101ac] 130089388
    SmokeTest.checkElementsPresentDepartmentPage()[pri:0, instance:com.epam.testexternalpart.tests.SmokeTest@7c101ac] 130089388
    SmokeTest.checkElementsViewCandidate(java.lang.String, java.lang.String)[pri:0, instance:com.epam.testexternalpart.tests.SmokeTest@7c101ac]Petrov;Petr;Olololoevich;02.12.1993;sdhgjshgj@mail.ru;+380505465345; First name;Last name;Middle name;Birth date;Email;Primary phone number;Secondary phone number;University;Faculty;Degree;Education start date;Graduation date;Extra education;Relevant skills;Language;Referrer;Stream;Status;Attempt amount;Filling date;Comment  130089388
    SmokeTest.checkEmailTemplatesPage()[pri:0, instance:com.epam.testexternalpart.tests.SmokeTest@7c101ac] 130089388
    SmokeTest.checkMailSettingsMenu()[pri:0, instance:com.epam.testexternalpart.tests.SmokeTest@7c101ac] 130089388
    SmokeTest.checkMenu()[pri:0, instance:com.epam.testexternalpart.tests.SmokeTest@7c101ac] 130089388
    SmokeTest.checkSubgroupPage()[pri:0, instance:com.epam.testexternalpart.tests.SmokeTest@7c101ac] 130089388
=====
[TestRunner] Running test DepartmentTest on 1  classes,  included groups:[] excluded groups:[]
===== Test class
com.epam.testexternalpart.tests.DepartmentTest
  @BeforeClass BaseTest.init()[pri:0, instance:com.epam.testexternalpart.tests.DepartmentTest@2542e40c]
  @BeforeMethod BaseTest.startPage()[pri:0, instance:com.epam.testexternalpart.tests.DepartmentTest@2542e40c]
    @Test DepartmentTest.testAddDepartmentWithValidName(java.lang.String)[pri:0, instance:com.epam.testexternalpart.tests.DepartmentTest@2542e40c]
    @Test DepartmentTest.testEditDepartmentName(java.lang.String, java.lang.String)[pri:0, instance:com.epam.testexternalpart.tests.DepartmentTest@2542e40c]
    @Test DepartmentTest.testAddDepartment(java.lang.String)[pri:0, instance:com.epam.testexternalpart.tests.DepartmentTest@2542e40c]
  @AfterClass BaseTest.tearDown()[pri:0, instance:com.epam.testexternalpart.tests.DepartmentTest@2542e40c]
======
[Invoker 188787161] Keeping method BaseTest.init()[pri:0, instance:com.epam.testexternalpart.tests.DepartmentTest@2542e40c] for class [TestClass name=class com.epam.testexternalpart.tests.DepartmentTest]
[Invoker 188787161] Invoking @BeforeClass BaseTest.init()[pri:0, instance:com.epam.testexternalpart.tests.DepartmentTest@2542e40c]
Failed to invoke configuration method com.epam.testexternalpart.core.BaseTest.init:The driver executable does not exist: D:\Internal_project\Test Framework 1.0\TestExternalPart\chromedriver.exe
]]></system-out>
  </testcase>
  <testcase name="startPage" classname="com.epam.testexternalpart.tests.DepartmentTest" time="0">
    <skipped/>
    <system-out><![CDATA[[Invoker 188787161] Keeping method BaseTest.startPage()[pri:0, instance:com.epam.testexternalpart.tests.DepartmentTest@2542e40c] for class [TestClass name=class com.epam.testexternalpart.tests.DepartmentTest]
[Invoker 188787161] Keeping method BaseTest.startPage()[pri:0, instance:com.epam.testexternalpart.tests.DepartmentTest@2542e40c] for class [TestClass name=class com.epam.testexternalpart.tests.DepartmentTest]
]]></system-out>
  </testcase>
  <testcase name="startPage" classname="com.epam.testexternalpart.tests.DepartmentTest" time="0">
    <skipped/>
    <system-out><![CDATA[[Invoker 188787161] Keeping method BaseTest.startPage()[pri:0, instance:com.epam.testexternalpart.tests.DepartmentTest@2542e40c] for class [TestClass name=class com.epam.testexternalpart.tests.DepartmentTest]
[Invoker 188787161] Keeping method BaseTest.startPage()[pri:0, instance:com.epam.testexternalpart.tests.DepartmentTest@2542e40c] for class [TestClass name=class com.epam.testexternalpart.tests.DepartmentTest]
]]></system-out>
  </testcase>
  <testcase name="startPage" classname="com.epam.testexternalpart.tests.DepartmentTest" time="0">
    <skipped/>
    <system-out><![CDATA[[Invoker 188787161] Keeping method BaseTest.startPage()[pri:0, instance:com.epam.testexternalpart.tests.DepartmentTest@2542e40c] for class [TestClass name=class com.epam.testexternalpart.tests.DepartmentTest]
[Invoker 188787161] Keeping method BaseTest.startPage()[pri:0, instance:com.epam.testexternalpart.tests.DepartmentTest@2542e40c] for class [TestClass name=class com.epam.testexternalpart.tests.DepartmentTest]
]]></system-out>
  </testcase>
  <testcase name="testAddDepartment" classname="com.epam.testexternalpart.tests.DepartmentTest" time="0">
    <skipped/>
  </testcase>
  <testcase name="testAddDepartmentWithValidName" classname="com.epam.testexternalpart.tests.DepartmentTest" time="0">
    <skipped/>
  </testcase>
  <testcase name="testEditDepartmentName" classname="com.epam.testexternalpart.tests.DepartmentTest" time="0">
    <skipped/>
  </testcase>
  <testcase name="tearDown" classname="com.epam.testexternalpart.tests.DepartmentTest" time="0">
    <skipped/>
    <system-out><![CDATA[[Invoker 188787161] Keeping method BaseTest.tearDown()[pri:0, instance:com.epam.testexternalpart.tests.DepartmentTest@2542e40c] for class [TestClass name=class com.epam.testexternalpart.tests.DepartmentTest]
]]></system-out>
  </testcase>
  <testcase name="init" classname="com.epam.testexternalpart.tests.StreamTest" time="0.01">
    <failure message="The driver executable does not exist: D:\Internal_project\Test Framework 1.0\TestExternalPart\chromedriver.exe" type="java.lang.IllegalStateException"><![CDATA[java.lang.IllegalStateException: The driver executable does not exist: D:\Internal_project\Test Framework 1.0\TestExternalPart\chromedriver.exe
	at com.google.common.base.Preconditions.checkState(Preconditions.java:197)
	at org.openqa.selenium.remote.service.DriverService.checkExecutable(DriverService.java:117)
	at org.openqa.selenium.remote.service.DriverService.findExecutable(DriverService.java:112)
	at org.openqa.selenium.chrome.ChromeDriverService.createDefaultService(ChromeDriverService.java:89)
	at org.openqa.selenium.chrome.ChromeDriver.<init>(ChromeDriver.java:117)
	at com.epam.testexternalpart.core.WebDriverFactory.initDriver(WebDriverFactory.java:18)
	at com.epam.testexternalpart.core.BaseTest.init(BaseTest.java:72)
	at sun.reflect.NativeMethodAccessorImpl.invoke0(Native Method)
	at sun.reflect.NativeMethodAccessorImpl.invoke(NativeMethodAccessorImpl.java:57)
	at sun.reflect.DelegatingMethodAccessorImpl.invoke(DelegatingMethodAccessorImpl.java:43)
	at java.lang.reflect.Method.invoke(Method.java:606)
	at org.testng.internal.MethodInvocationHelper.invokeMethod(MethodInvocationHelper.java:84)
	at org.testng.internal.Invoker.invokeConfigurationMethod(Invoker.java:564)
	at org.testng.internal.Invoker.invokeConfigurations(Invoker.java:213)
	at org.testng.internal.Invoker.invokeConfigurations(Invoker.java:138)
	at org.testng.internal.TestMethodWorker.invokeBeforeClassMethods(TestMethodWorker.java:175)
	at org.testng.internal.TestMethodWorker.run(TestMethodWorker.java:107)
	at org.testng.TestRunner.privateRun(TestRunner.java:767)
	at org.testng.TestRunner.run(TestRunner.java:617)
	at org.testng.SuiteRunner.runTest(SuiteRunner.java:348)
	at org.testng.SuiteRunner.runSequentially(SuiteRunner.java:343)
	at org.testng.SuiteRunner.privateRun(SuiteRunner.java:305)
	at org.testng.SuiteRunner.run(SuiteRunner.java:254)
	at org.testng.SuiteRunnerWorker.runSuite(SuiteRunnerWorker.java:52)
	at org.testng.SuiteRunnerWorker.run(SuiteRunnerWorker.java:86)
	at org.testng.TestNG.runSuitesSequentially(TestNG.java:1224)
	at org.testng.TestNG.runSuitesLocally(TestNG.java:1149)
	at org.testng.TestNG.run(TestNG.java:1057)
	at org.apache.maven.surefire.testng.TestNGExecutor.run(TestNGExecutor.java:295)
	at org.apache.maven.surefire.testng.TestNGXmlTestSuite.execute(TestNGXmlTestSuite.java:84)
	at org.apache.maven.surefire.testng.TestNGProvider.invoke(TestNGProvider.java:90)
	at org.apache.maven.surefire.booter.ForkedBooter.invokeProviderInSameClassLoader(ForkedBooter.java:203)
	at org.apache.maven.surefire.booter.ForkedBooter.runSuitesInProcess(ForkedBooter.java:155)
	at org.apache.maven.surefire.booter.ForkedBooter.main(ForkedBooter.java:103)
]]></failure>
    <system-out><![CDATA[===== Invoked methods
  BaseTest.init()[pri:0, instance:com.epam.testexternalpart.tests.DepartmentTest@2542e40c] 625140748
    DepartmentTest.testAddDepartment(java.lang.String)[pri:0, instance:com.epam.testexternalpart.tests.DepartmentTest@2542e40c]…..  625140748
    DepartmentTest.testAddDepartmentWithValidName(java.lang.String)[pri:0, instance:com.epam.testexternalpart.tests.DepartmentTest@2542e40c]NewDep  625140748
    DepartmentTest.testEditDepartmentName(java.lang.String, java.lang.String)[pri:0, instance:com.epam.testexternalpart.tests.DepartmentTest@2542e40c]depNameFirst depNameSecond  625140748
=====
[TestRunner] Running test StreamTest on 1  classes,  included groups:[] excluded groups:[]
===== Test class
com.epam.testexternalpart.tests.StreamTest
  @BeforeClass BaseTest.init()[pri:0, instance:com.epam.testexternalpart.tests.StreamTest@453cfd6e]
  @BeforeMethod BaseTest.startPage()[pri:0, instance:com.epam.testexternalpart.tests.StreamTest@453cfd6e]
    @Test StreamTest.testEditStream(java.lang.String)[pri:0, instance:com.epam.testexternalpart.tests.StreamTest@453cfd6e]
    @Test StreamTest.testAddNewValidStream(java.lang.String)[pri:0, instance:com.epam.testexternalpart.tests.StreamTest@453cfd6e]
    @Test StreamTest.testAddNewInValidStream(java.lang.String)[pri:0, instance:com.epam.testexternalpart.tests.StreamTest@453cfd6e]
  @AfterClass BaseTest.tearDown()[pri:0, instance:com.epam.testexternalpart.tests.StreamTest@453cfd6e]
======
[Invoker 188787161] Keeping method BaseTest.init()[pri:0, instance:com.epam.testexternalpart.tests.StreamTest@453cfd6e] for class [TestClass name=class com.epam.testexternalpart.tests.StreamTest]
[Invoker 188787161] Invoking @BeforeClass BaseTest.init()[pri:0, instance:com.epam.testexternalpart.tests.StreamTest@453cfd6e]
Failed to invoke configuration method com.epam.testexternalpart.core.BaseTest.init:The driver executable does not exist: D:\Internal_project\Test Framework 1.0\TestExternalPart\chromedriver.exe
]]></system-out>
  </testcase>
  <testcase name="startPage" classname="com.epam.testexternalpart.tests.StreamTest" time="0">
    <skipped/>
    <system-out><![CDATA[[Invoker 188787161] Keeping method BaseTest.startPage()[pri:0, instance:com.epam.testexternalpart.tests.StreamTest@453cfd6e] for class [TestClass name=class com.epam.testexternalpart.tests.StreamTest]
[Invoker 188787161] Keeping method BaseTest.startPage()[pri:0, instance:com.epam.testexternalpart.tests.StreamTest@453cfd6e] for class [TestClass name=class com.epam.testexternalpart.tests.StreamTest]
]]></system-out>
  </testcase>
  <testcase name="startPage" classname="com.epam.testexternalpart.tests.StreamTest" time="0">
    <skipped/>
    <system-out><![CDATA[[Invoker 188787161] Keeping method BaseTest.startPage()[pri:0, instance:com.epam.testexternalpart.tests.StreamTest@453cfd6e] for class [TestClass name=class com.epam.testexternalpart.tests.StreamTest]
]]></system-out>
  </testcase>
  <testcase name="startPage" classname="com.epam.testexternalpart.tests.StreamTest" time="0">
    <skipped/>
    <system-out><![CDATA[[Invoker 188787161] Keeping method BaseTest.startPage()[pri:0, instance:com.epam.testexternalpart.tests.StreamTest@453cfd6e] for class [TestClass name=class com.epam.testexternalpart.tests.StreamTest]
]]></system-out>
  </testcase>
  <testcase name="startPage" classname="com.epam.testexternalpart.tests.StreamTest" time="0">
    <skipped/>
    <system-out><![CDATA[[Invoker 188787161] Keeping method BaseTest.startPage()[pri:0, instance:com.epam.testexternalpart.tests.StreamTest@453cfd6e] for class [TestClass name=class com.epam.testexternalpart.tests.StreamTest]
]]></system-out>
  </testcase>
  <testcase name="startPage" classname="com.epam.testexternalpart.tests.StreamTest" time="0">
    <skipped/>
    <system-out><![CDATA[[Invoker 188787161] Keeping method BaseTest.startPage()[pri:0, instance:com.epam.testexternalpart.tests.StreamTest@453cfd6e] for class [TestClass name=class com.epam.testexternalpart.tests.StreamTest]
[Invoker 188787161] Keeping method BaseTest.startPage()[pri:0, instance:com.epam.testexternalpart.tests.StreamTest@453cfd6e] for class [TestClass name=class com.epam.testexternalpart.tests.StreamTest]
]]></system-out>
  </testcase>
  <testcase name="startPage" classname="com.epam.testexternalpart.tests.StreamTest" time="0">
    <skipped/>
    <system-out><![CDATA[[Invoker 188787161] Keeping method BaseTest.startPage()[pri:0, instance:com.epam.testexternalpart.tests.StreamTest@453cfd6e] for class [TestClass name=class com.epam.testexternalpart.tests.StreamTest]
]]></system-out>
  </testcase>
  <testcase name="startPage" classname="com.epam.testexternalpart.tests.StreamTest" time="0">
    <skipped/>
    <system-out><![CDATA[[Invoker 188787161] Keeping method BaseTest.startPage()[pri:0, instance:com.epam.testexternalpart.tests.StreamTest@453cfd6e] for class [TestClass name=class com.epam.testexternalpart.tests.StreamTest]
[Invoker 188787161] Keeping method BaseTest.startPage()[pri:0, instance:com.epam.testexternalpart.tests.StreamTest@453cfd6e] for class [TestClass name=class com.epam.testexternalpart.tests.StreamTest]
]]></system-out>
  </testcase>
  <testcase name="startPage" classname="com.epam.testexternalpart.tests.StreamTest" time="0">
    <skipped/>
    <system-out><![CDATA[[Invoker 188787161] Keeping method BaseTest.startPage()[pri:0, instance:com.epam.testexternalpart.tests.StreamTest@453cfd6e] for class [TestClass name=class com.epam.testexternalpart.tests.StreamTest]
]]></system-out>
  </testcase>
  <testcase name="testAddNewInValidStream" classname="com.epam.testexternalpart.tests.StreamTest" time="0">
    <skipped/>
  </testcase>
  <testcase name="testAddNewInValidStream" classname="com.epam.testexternalpart.tests.StreamTest" time="0">
    <skipped/>
  </testcase>
  <testcase name="testAddNewInValidStream" classname="com.epam.testexternalpart.tests.StreamTest" time="0">
    <skipped/>
  </testcase>
  <testcase name="testAddNewInValidStream" classname="com.epam.testexternalpart.tests.StreamTest" time="0">
    <skipped/>
  </testcase>
  <testcase name="testAddNewValidStream" classname="com.epam.testexternalpart.tests.StreamTest" time="0">
    <skipped/>
  </testcase>
  <testcase name="testAddNewValidStream" classname="com.epam.testexternalpart.tests.StreamTest" time="0">
    <skipped/>
  </testcase>
  <testcase name="testEditStream" classname="com.epam.testexternalpart.tests.StreamTest" time="0">
    <skipped/>
  </testcase>
  <testcase name="testEditStream" classname="com.epam.testexternalpart.tests.StreamTest" time="0">
    <skipped/>
  </testcase>
  <testcase name="tearDown" classname="com.epam.testexternalpart.tests.StreamTest" time="0">
    <skipped/>
    <system-out><![CDATA[[Invoker 188787161] Keeping method BaseTest.tearDown()[pri:0, instance:com.epam.testexternalpart.tests.StreamTest@453cfd6e] for class [TestClass name=class com.epam.testexternalpart.tests.StreamTest]
]]></system-out>
  </testcase>
  <testcase name="init" classname="com.epam.testexternalpart.tests.AddCandidateTest" time="0">
    <failure message="The driver executable does not exist: D:\Internal_project\Test Framework 1.0\TestExternalPart\chromedriver.exe" type="java.lang.IllegalStateException"><![CDATA[java.lang.IllegalStateException: The driver executable does not exist: D:\Internal_project\Test Framework 1.0\TestExternalPart\chromedriver.exe
	at com.google.common.base.Preconditions.checkState(Preconditions.java:197)
	at org.openqa.selenium.remote.service.DriverService.checkExecutable(DriverService.java:117)
	at org.openqa.selenium.remote.service.DriverService.findExecutable(DriverService.java:112)
	at org.openqa.selenium.chrome.ChromeDriverService.createDefaultService(ChromeDriverService.java:89)
	at org.openqa.selenium.chrome.ChromeDriver.<init>(ChromeDriver.java:117)
	at com.epam.testexternalpart.core.WebDriverFactory.initDriver(WebDriverFactory.java:18)
	at com.epam.testexternalpart.core.BaseTest.init(BaseTest.java:72)
	at sun.reflect.NativeMethodAccessorImpl.invoke0(Native Method)
	at sun.reflect.NativeMethodAccessorImpl.invoke(NativeMethodAccessorImpl.java:57)
	at sun.reflect.DelegatingMethodAccessorImpl.invoke(DelegatingMethodAccessorImpl.java:43)
	at java.lang.reflect.Method.invoke(Method.java:606)
	at org.testng.internal.MethodInvocationHelper.invokeMethod(MethodInvocationHelper.java:84)
	at org.testng.internal.Invoker.invokeConfigurationMethod(Invoker.java:564)
	at org.testng.internal.Invoker.invokeConfigurations(Invoker.java:213)
	at org.testng.internal.Invoker.invokeConfigurations(Invoker.java:138)
	at org.testng.internal.TestMethodWorker.invokeBeforeClassMethods(TestMethodWorker.java:175)
	at org.testng.internal.TestMethodWorker.run(TestMethodWorker.java:107)
	at org.testng.TestRunner.privateRun(TestRunner.java:767)
	at org.testng.TestRunner.run(TestRunner.java:617)
	at org.testng.SuiteRunner.runTest(SuiteRunner.java:348)
	at org.testng.SuiteRunner.runSequentially(SuiteRunner.java:343)
	at org.testng.SuiteRunner.privateRun(SuiteRunner.java:305)
	at org.testng.SuiteRunner.run(SuiteRunner.java:254)
	at org.testng.SuiteRunnerWorker.runSuite(SuiteRunnerWorker.java:52)
	at org.testng.SuiteRunnerWorker.run(SuiteRunnerWorker.java:86)
	at org.testng.TestNG.runSuitesSequentially(TestNG.java:1224)
	at org.testng.TestNG.runSuitesLocally(TestNG.java:1149)
	at org.testng.TestNG.run(TestNG.java:1057)
	at org.apache.maven.surefire.testng.TestNGExecutor.run(TestNGExecutor.java:295)
	at org.apache.maven.surefire.testng.TestNGXmlTestSuite.execute(TestNGXmlTestSuite.java:84)
	at org.apache.maven.surefire.testng.TestNGProvider.invoke(TestNGProvider.java:90)
	at org.apache.maven.surefire.booter.ForkedBooter.invokeProviderInSameClassLoader(ForkedBooter.java:203)
	at org.apache.maven.surefire.booter.ForkedBooter.runSuitesInProcess(ForkedBooter.java:155)
	at org.apache.maven.surefire.booter.ForkedBooter.main(ForkedBooter.java:103)
]]></failure>
    <system-out><![CDATA[===== Invoked methods
  BaseTest.init()[pri:0, instance:com.epam.testexternalpart.tests.StreamTest@453cfd6e] 1161624942
    StreamTest.testAddNewInValidStream(java.lang.String)[pri:0, instance:com.epam.testexternalpart.tests.StreamTest@453cfd6e]…  1161624942
    StreamTest.testAddNewInValidStream(java.lang.String)[pri:0, instance:com.epam.testexternalpart.tests.StreamTest@453cfd6e]  1161624942
    StreamTest.testAddNewInValidStream(java.lang.String)[pri:0, instance:com.epam.testexternalpart.tests.StreamTest@453cfd6e]12323.0  1161624942
    StreamTest.testAddNewInValidStream(java.lang.String)[pri:0, instance:com.epam.testexternalpart.tests.StreamTest@453cfd6e]!!!  1161624942
    StreamTest.testAddNewValidStream(java.lang.String)[pri:0, instance:com.epam.testexternalpart.tests.StreamTest@453cfd6e]Hogwarts  1161624942
    StreamTest.testAddNewValidStream(java.lang.String)[pri:0, instance:com.epam.testexternalpart.tests.StreamTest@453cfd6e]Sssssss  1161624942
    StreamTest.testEditStream(java.lang.String)[pri:0, instance:com.epam.testexternalpart.tests.StreamTest@453cfd6e]1.0  1161624942
    StreamTest.testEditStream(java.lang.String)[pri:0, instance:com.epam.testexternalpart.tests.StreamTest@453cfd6e]2.0  1161624942
=====
[TestRunner] Running test CandidateTest on 1  classes,  included groups:[] excluded groups:[]
===== Test class
com.epam.testexternalpart.tests.AddCandidateTest
  @BeforeClass BaseTest.init()[pri:0, instance:com.epam.testexternalpart.tests.AddCandidateTest@605514f9]
  @BeforeMethod BaseTest.startPage()[pri:0, instance:com.epam.testexternalpart.tests.AddCandidateTest@605514f9]
    @Test AddCandidateTest.changeStatus(java.lang.String, java.lang.String, java.lang.String, java.lang.String, java.lang.String, java.lang.String)[pri:0, instance:com.epam.testexternalpart.tests.AddCandidateTest@605514f9]
    @Test AddCandidateTest.deleteAllCandidates(java.lang.String)[pri:0, instance:com.epam.testexternalpart.tests.AddCandidateTest@605514f9]
    @Test AddCandidateTest.bannWithButton(java.lang.String)[pri:0, instance:com.epam.testexternalpart.tests.AddCandidateTest@605514f9]
    @Test AddCandidateTest.addCandidateManually(java.lang.String)[pri:0, instance:com.epam.testexternalpart.tests.AddCandidateTest@605514f9]
    @Test AddCandidateTest.addCandidate(java.lang.String)[pri:0, instance:com.epam.testexternalpart.tests.AddCandidateTest@605514f9]
  @AfterClass BaseTest.tearDown()[pri:0, instance:com.epam.testexternalpart.tests.AddCandidateTest@605514f9]
======
[Invoker 188787161] Keeping method BaseTest.init()[pri:0, instance:com.epam.testexternalpart.tests.AddCandidateTest@605514f9] for class [TestClass name=class com.epam.testexternalpart.tests.AddCandidateTest]
[Invoker 188787161] Invoking @BeforeClass BaseTest.init()[pri:0, instance:com.epam.testexternalpart.tests.AddCandidateTest@605514f9]
Failed to invoke configuration method com.epam.testexternalpart.core.BaseTest.init:The driver executable does not exist: D:\Internal_project\Test Framework 1.0\TestExternalPart\chromedriver.exe
]]></system-out>
  </testcase>
  <testcase name="startPage" classname="com.epam.testexternalpart.tests.AddCandidateTest" time="0">
    <skipped/>
    <system-out><![CDATA[[Invoker 188787161] Keeping method BaseTest.startPage()[pri:0, instance:com.epam.testexternalpart.tests.AddCandidateTest@605514f9] for class [TestClass name=class com.epam.testexternalpart.tests.AddCandidateTest]
[Invoker 188787161] Keeping method BaseTest.startPage()[pri:0, instance:com.epam.testexternalpart.tests.AddCandidateTest@605514f9] for class [TestClass name=class com.epam.testexternalpart.tests.AddCandidateTest]
]]></system-out>
  </testcase>
  <testcase name="startPage" classname="com.epam.testexternalpart.tests.AddCandidateTest" time="0">
    <skipped/>
    <system-out><![CDATA[[Invoker 188787161] Keeping method BaseTest.startPage()[pri:0, instance:com.epam.testexternalpart.tests.AddCandidateTest@605514f9] for class [TestClass name=class com.epam.testexternalpart.tests.AddCandidateTest]
[Invoker 188787161] Keeping method BaseTest.startPage()[pri:0, instance:com.epam.testexternalpart.tests.AddCandidateTest@605514f9] for class [TestClass name=class com.epam.testexternalpart.tests.AddCandidateTest]
]]></system-out>
  </testcase>
  <testcase name="startPage" classname="com.epam.testexternalpart.tests.AddCandidateTest" time="0">
    <skipped/>
    <system-out><![CDATA[[Invoker 188787161] Keeping method BaseTest.startPage()[pri:0, instance:com.epam.testexternalpart.tests.AddCandidateTest@605514f9] for class [TestClass name=class com.epam.testexternalpart.tests.AddCandidateTest]
[Invoker 188787161] Keeping method BaseTest.startPage()[pri:0, instance:com.epam.testexternalpart.tests.AddCandidateTest@605514f9] for class [TestClass name=class com.epam.testexternalpart.tests.AddCandidateTest]
]]></system-out>
  </testcase>
  <testcase name="startPage" classname="com.epam.testexternalpart.tests.AddCandidateTest" time="0">
    <skipped/>
    <system-out><![CDATA[[Invoker 188787161] Keeping method BaseTest.startPage()[pri:0, instance:com.epam.testexternalpart.tests.AddCandidateTest@605514f9] for class [TestClass name=class com.epam.testexternalpart.tests.AddCandidateTest]
[Invoker 188787161] Keeping method BaseTest.startPage()[pri:0, instance:com.epam.testexternalpart.tests.AddCandidateTest@605514f9] for class [TestClass name=class com.epam.testexternalpart.tests.AddCandidateTest]
]]></system-out>
  </testcase>
  <testcase name="startPage" classname="com.epam.testexternalpart.tests.AddCandidateTest" time="0">
    <skipped/>
    <system-out><![CDATA[[Invoker 188787161] Keeping method BaseTest.startPage()[pri:0, instance:com.epam.testexternalpart.tests.AddCandidateTest@605514f9] for class [TestClass name=class com.epam.testexternalpart.tests.AddCandidateTest]
[Invoker 188787161] Keeping method BaseTest.startPage()[pri:0, instance:com.epam.testexternalpart.tests.AddCandidateTest@605514f9] for class [TestClass name=class com.epam.testexternalpart.tests.AddCandidateTest]
]]></system-out>
  </testcase>
  <testcase name="addCandidate" classname="com.epam.testexternalpart.tests.AddCandidateTest" time="0">
    <skipped/>
  </testcase>
  <testcase name="addCandidateManually" classname="com.epam.testexternalpart.tests.AddCandidateTest" time="0">
    <skipped/>
  </testcase>
  <testcase name="bannWithButton" classname="com.epam.testexternalpart.tests.AddCandidateTest" time="0">
    <skipped/>
  </testcase>
  <testcase name="changeStatus" classname="com.epam.testexternalpart.tests.AddCandidateTest" time="0">
    <skipped/>
  </testcase>
  <testcase name="deleteAllCandidates" classname="com.epam.testexternalpart.tests.AddCandidateTest" time="0">
    <skipped/>
  </testcase>
  <testcase name="tearDown" classname="com.epam.testexternalpart.tests.AddCandidateTest" time="0">
    <skipped/>
    <system-out><![CDATA[[Invoker 188787161] Keeping method BaseTest.tearDown()[pri:0, instance:com.epam.testexternalpart.tests.AddCandidateTest@605514f9] for class [TestClass name=class com.epam.testexternalpart.tests.AddCandidateTest]
]]></system-out>
  </testcase>
  <testcase name="init" classname="com.epam.testexternalpart.tests.AssigningToTest" time="0">
    <failure message="The driver executable does not exist: D:\Internal_project\Test Framework 1.0\TestExternalPart\chromedriver.exe" type="java.lang.IllegalStateException"><![CDATA[java.lang.IllegalStateException: The driver executable does not exist: D:\Internal_project\Test Framework 1.0\TestExternalPart\chromedriver.exe
	at com.google.common.base.Preconditions.checkState(Preconditions.java:197)
	at org.openqa.selenium.remote.service.DriverService.checkExecutable(DriverService.java:117)
	at org.openqa.selenium.remote.service.DriverService.findExecutable(DriverService.java:112)
	at org.openqa.selenium.chrome.ChromeDriverService.createDefaultService(ChromeDriverService.java:89)
	at org.openqa.selenium.chrome.ChromeDriver.<init>(ChromeDriver.java:117)
	at com.epam.testexternalpart.core.WebDriverFactory.initDriver(WebDriverFactory.java:18)
	at com.epam.testexternalpart.core.BaseTest.init(BaseTest.java:72)
	at sun.reflect.NativeMethodAccessorImpl.invoke0(Native Method)
	at sun.reflect.NativeMethodAccessorImpl.invoke(NativeMethodAccessorImpl.java:57)
	at sun.reflect.DelegatingMethodAccessorImpl.invoke(DelegatingMethodAccessorImpl.java:43)
	at java.lang.reflect.Method.invoke(Method.java:606)
	at org.testng.internal.MethodInvocationHelper.invokeMethod(MethodInvocationHelper.java:84)
	at org.testng.internal.Invoker.invokeConfigurationMethod(Invoker.java:564)
	at org.testng.internal.Invoker.invokeConfigurations(Invoker.java:213)
	at org.testng.internal.Invoker.invokeConfigurations(Invoker.java:138)
	at org.testng.internal.TestMethodWorker.invokeBeforeClassMethods(TestMethodWorker.java:175)
	at org.testng.internal.TestMethodWorker.run(TestMethodWorker.java:107)
	at org.testng.TestRunner.privateRun(TestRunner.java:767)
	at org.testng.TestRunner.run(TestRunner.java:617)
	at org.testng.SuiteRunner.runTest(SuiteRunner.java:348)
	at org.testng.SuiteRunner.runSequentially(SuiteRunner.java:343)
	at org.testng.SuiteRunner.privateRun(SuiteRunner.java:305)
	at org.testng.SuiteRunner.run(SuiteRunner.java:254)
	at org.testng.SuiteRunnerWorker.runSuite(SuiteRunnerWorker.java:52)
	at org.testng.SuiteRunnerWorker.run(SuiteRunnerWorker.java:86)
	at org.testng.TestNG.runSuitesSequentially(TestNG.java:1224)
	at org.testng.TestNG.runSuitesLocally(TestNG.java:1149)
	at org.testng.TestNG.run(TestNG.java:1057)
	at org.apache.maven.surefire.testng.TestNGExecutor.run(TestNGExecutor.java:295)
	at org.apache.maven.surefire.testng.TestNGXmlTestSuite.execute(TestNGXmlTestSuite.java:84)
	at org.apache.maven.surefire.testng.TestNGProvider.invoke(TestNGProvider.java:90)
	at org.apache.maven.surefire.booter.ForkedBooter.invokeProviderInSameClassLoader(ForkedBooter.java:203)
	at org.apache.maven.surefire.booter.ForkedBooter.runSuitesInProcess(ForkedBooter.java:155)
	at org.apache.maven.surefire.booter.ForkedBooter.main(ForkedBooter.java:103)
]]></failure>
    <system-out><![CDATA[===== Invoked methods
  BaseTest.init()[pri:0, instance:com.epam.testexternalpart.tests.AddCandidateTest@605514f9] 1616188665
    AddCandidateTest.addCandidate(java.lang.String)[pri:0, instance:com.epam.testexternalpart.tests.AddCandidateTest@605514f9]; ; ; ; ; ;  1616188665
    AddCandidateTest.addCandidateManually(java.lang.String)[pri:0, instance:com.epam.testexternalpart.tests.AddCandidateTest@605514f9]Ololo;Ololoev;Olololoevich;02.12.2013;sdhgjshgj@mail.ru;+380505465345;  1616188665
    AddCandidateTest.bannWithButton(java.lang.String)[pri:0, instance:com.epam.testexternalpart.tests.AddCandidateTest@605514f9]Ololo;Ololoev;Olololoevich;02.12.2013;sdhgjshgj@mail.ru;+380505465345;  1616188665
    AddCandidateTest.changeStatus(java.lang.String, java.lang.String, java.lang.String, java.lang.String, java.lang.String, java.lang.String)[pri:0, instance:com.epam.testexternalpart.tests.AddCandidateTest@605514f9]Ololo;Ololoev;Olololoevich;02.12.2013;sdhgjshgj@mail.ru;+380505465345; confirmed test completed not actual banned 1;Ololo;Ololoev;Olololoevich;02.12.2013;sdhgjshgj@mail.ru;+380505465345;  1616188665
    AddCandidateTest.deleteAllCandidates(java.lang.String)[pri:0, instance:com.epam.testexternalpart.tests.AddCandidateTest@605514f9]No matching records found  1616188665
=====
[TestRunner] Running test AssigningToTestTest on 1  classes,  included groups:[] excluded groups:[]
===== Test class
com.epam.testexternalpart.tests.AssigningToTest
  @BeforeClass BaseTest.init()[pri:0, instance:com.epam.testexternalpart.tests.AssigningToTest@352cebd2]
  @BeforeMethod BaseTest.startPage()[pri:0, instance:com.epam.testexternalpart.tests.AssigningToTest@352cebd2]
    @Test AssigningToTest.checkNotTestedCand(java.lang.String, java.lang.String, java.lang.String)[pri:0, instance:com.epam.testexternalpart.tests.AssigningToTest@352cebd2]
    @Test AssigningToTest.checkNewTimeCand(java.lang.String, java.lang.String, java.lang.String)[pri:0, instance:com.epam.testexternalpart.tests.AssigningToTest@352cebd2]
    @Test AssigningToTest.checkDublicateAnswer()[pri:0, instance:com.epam.testexternalpart.tests.AssigningToTest@352cebd2]
    @Test AssigningToTest.addStream(java.lang.String)[pri:0, instance:com.epam.testexternalpart.tests.AssigningToTest@352cebd2]
    @Test AssigningToTest.invitateSecondTime(java.lang.String)[pri:0, instance:com.epam.testexternalpart.tests.AssigningToTest@352cebd2]
    @Test AssigningToTest.checkAssignedToTestCand(java.lang.String, java.lang.String, java.lang.String)[pri:0, instance:com.epam.testexternalpart.tests.AssigningToTest@352cebd2]
    @Test AssigningToTest.assignTest(java.lang.String)[pri:0, instance:com.epam.testexternalpart.tests.AssigningToTest@352cebd2]
    @Test AssigningToTest.responseFromCandidates()[pri:0, instance:com.epam.testexternalpart.tests.AssigningToTest@352cebd2]
    @Test AssigningToTest.addCandidates(java.lang.String, java.lang.String)[pri:0, instance:com.epam.testexternalpart.tests.AssigningToTest@352cebd2]
    @Test AssigningToTest.checkBannedCandidate(java.lang.String, java.lang.String, java.lang.String)[pri:0, instance:com.epam.testexternalpart.tests.AssigningToTest@352cebd2]
    @Test AssigningToTest.checkConfirmedCand(java.lang.String, java.lang.String, java.lang.String)[pri:0, instance:com.epam.testexternalpart.tests.AssigningToTest@352cebd2]
    @Test AssigningToTest.checkNotActualCand(java.lang.String, java.lang.String, java.lang.String)[pri:0, instance:com.epam.testexternalpart.tests.AssigningToTest@352cebd2]
    @Test AssigningToTest.invitateThirdTime(java.lang.String)[pri:0, instance:com.epam.testexternalpart.tests.AssigningToTest@352cebd2]
  @AfterClass BaseTest.tearDown()[pri:0, instance:com.epam.testexternalpart.tests.AssigningToTest@352cebd2]
======
[Invoker 188787161] Keeping method BaseTest.init()[pri:0, instance:com.epam.testexternalpart.tests.AssigningToTest@352cebd2] for class [TestClass name=class com.epam.testexternalpart.tests.AssigningToTest]
[Invoker 188787161] Invoking @BeforeClass BaseTest.init()[pri:0, instance:com.epam.testexternalpart.tests.AssigningToTest@352cebd2]
Failed to invoke configuration method com.epam.testexternalpart.core.BaseTest.init:The driver executable does not exist: D:\Internal_project\Test Framework 1.0\TestExternalPart\chromedriver.exe
]]></system-out>
  </testcase>
  <testcase name="startPage" classname="com.epam.testexternalpart.tests.AssigningToTest" time="0">
    <skipped/>
    <system-out><![CDATA[[Invoker 188787161] Keeping method BaseTest.startPage()[pri:0, instance:com.epam.testexternalpart.tests.AssigningToTest@352cebd2] for class [TestClass name=class com.epam.testexternalpart.tests.AssigningToTest]
[Invoker 188787161] Keeping method BaseTest.startPage()[pri:0, instance:com.epam.testexternalpart.tests.AssigningToTest@352cebd2] for class [TestClass name=class com.epam.testexternalpart.tests.AssigningToTest]
]]></system-out>
  </testcase>
  <testcase name="startPage" classname="com.epam.testexternalpart.tests.AssigningToTest" time="0">
    <skipped/>
    <system-out><![CDATA[[Invoker 188787161] Keeping method BaseTest.startPage()[pri:0, instance:com.epam.testexternalpart.tests.AssigningToTest@352cebd2] for class [TestClass name=class com.epam.testexternalpart.tests.AssigningToTest]
[Invoker 188787161] Keeping method BaseTest.startPage()[pri:0, instance:com.epam.testexternalpart.tests.AssigningToTest@352cebd2] for class [TestClass name=class com.epam.testexternalpart.tests.AssigningToTest]
]]></system-out>
  </testcase>
  <testcase name="startPage" classname="com.epam.testexternalpart.tests.AssigningToTest" time="0">
    <skipped/>
    <system-out><![CDATA[[Invoker 188787161] Keeping method BaseTest.startPage()[pri:0, instance:com.epam.testexternalpart.tests.AssigningToTest@352cebd2] for class [TestClass name=class com.epam.testexternalpart.tests.AssigningToTest]
]]></system-out>
  </testcase>
  <testcase name="startPage" classname="com.epam.testexternalpart.tests.AssigningToTest" time="0">
    <skipped/>
    <system-out><![CDATA[[Invoker 188787161] Keeping method BaseTest.startPage()[pri:0, instance:com.epam.testexternalpart.tests.AssigningToTest@352cebd2] for class [TestClass name=class com.epam.testexternalpart.tests.AssigningToTest]
]]></system-out>
  </testcase>
  <testcase name="startPage" classname="com.epam.testexternalpart.tests.AssigningToTest" time="0">
    <skipped/>
    <system-out><![CDATA[[Invoker 188787161] Keeping method BaseTest.startPage()[pri:0, instance:com.epam.testexternalpart.tests.AssigningToTest@352cebd2] for class [TestClass name=class com.epam.testexternalpart.tests.AssigningToTest]
]]></system-out>
  </testcase>
  <testcase name="startPage" classname="com.epam.testexternalpart.tests.AssigningToTest" time="0">
    <skipped/>
    <system-out><![CDATA[[Invoker 188787161] Keeping method BaseTest.startPage()[pri:0, instance:com.epam.testexternalpart.tests.AssigningToTest@352cebd2] for class [TestClass name=class com.epam.testexternalpart.tests.AssigningToTest]
]]></system-out>
  </testcase>
  <testcase name="startPage" classname="com.epam.testexternalpart.tests.AssigningToTest" time="0">
    <skipped/>
    <system-out><![CDATA[[Invoker 188787161] Keeping method BaseTest.startPage()[pri:0, instance:com.epam.testexternalpart.tests.AssigningToTest@352cebd2] for class [TestClass name=class com.epam.testexternalpart.tests.AssigningToTest]
]]></system-out>
  </testcase>
  <testcase name="startPage" classname="com.epam.testexternalpart.tests.AssigningToTest" time="0">
    <skipped/>
    <system-out><![CDATA[[Invoker 188787161] Keeping method BaseTest.startPage()[pri:0, instance:com.epam.testexternalpart.tests.AssigningToTest@352cebd2] for class [TestClass name=class com.epam.testexternalpart.tests.AssigningToTest]
]]></system-out>
  </testcase>
  <testcase name="startPage" classname="com.epam.testexternalpart.tests.AssigningToTest" time="0">
    <skipped/>
    <system-out><![CDATA[[Invoker 188787161] Keeping method BaseTest.startPage()[pri:0, instance:com.epam.testexternalpart.tests.AssigningToTest@352cebd2] for class [TestClass name=class com.epam.testexternalpart.tests.AssigningToTest]
[Invoker 188787161] Keeping method BaseTest.startPage()[pri:0, instance:com.epam.testexternalpart.tests.AssigningToTest@352cebd2] for class [TestClass name=class com.epam.testexternalpart.tests.AssigningToTest]
]]></system-out>
  </testcase>
  <testcase name="startPage" classname="com.epam.testexternalpart.tests.AssigningToTest" time="0">
    <skipped/>
    <system-out><![CDATA[[Invoker 188787161] Keeping method BaseTest.startPage()[pri:0, instance:com.epam.testexternalpart.tests.AssigningToTest@352cebd2] for class [TestClass name=class com.epam.testexternalpart.tests.AssigningToTest]
]]></system-out>
  </testcase>
  <testcase name="startPage" classname="com.epam.testexternalpart.tests.AssigningToTest" time="0">
    <skipped/>
    <system-out><![CDATA[[Invoker 188787161] Keeping method BaseTest.startPage()[pri:0, instance:com.epam.testexternalpart.tests.AssigningToTest@352cebd2] for class [TestClass name=class com.epam.testexternalpart.tests.AssigningToTest]
]]></system-out>
  </testcase>
  <testcase name="startPage" classname="com.epam.testexternalpart.tests.AssigningToTest" time="0">
    <skipped/>
    <system-out><![CDATA[[Invoker 188787161] Keeping method BaseTest.startPage()[pri:0, instance:com.epam.testexternalpart.tests.AssigningToTest@352cebd2] for class [TestClass name=class com.epam.testexternalpart.tests.AssigningToTest]
]]></system-out>
  </testcase>
  <testcase name="startPage" classname="com.epam.testexternalpart.tests.AssigningToTest" time="0">
    <skipped/>
    <system-out><![CDATA[[Invoker 188787161] Keeping method BaseTest.startPage()[pri:0, instance:com.epam.testexternalpart.tests.AssigningToTest@352cebd2] for class [TestClass name=class com.epam.testexternalpart.tests.AssigningToTest]
]]></system-out>
  </testcase>
  <testcase name="startPage" classname="com.epam.testexternalpart.tests.AssigningToTest" time="0">
    <skipped/>
    <system-out><![CDATA[[Invoker 188787161] Keeping method BaseTest.startPage()[pri:0, instance:com.epam.testexternalpart.tests.AssigningToTest@352cebd2] for class [TestClass name=class com.epam.testexternalpart.tests.AssigningToTest]
]]></system-out>
  </testcase>
  <testcase name="startPage" classname="com.epam.testexternalpart.tests.AssigningToTest" time="0">
    <skipped/>
    <system-out><![CDATA[[Invoker 188787161] Keeping method BaseTest.startPage()[pri:0, instance:com.epam.testexternalpart.tests.AssigningToTest@352cebd2] for class [TestClass name=class com.epam.testexternalpart.tests.AssigningToTest]
]]></system-out>
  </testcase>
  <testcase name="startPage" classname="com.epam.testexternalpart.tests.AssigningToTest" time="0">
    <skipped/>
    <system-out><![CDATA[[Invoker 188787161] Keeping method BaseTest.startPage()[pri:0, instance:com.epam.testexternalpart.tests.AssigningToTest@352cebd2] for class [TestClass name=class com.epam.testexternalpart.tests.AssigningToTest]
[Invoker 188787161] Keeping method BaseTest.startPage()[pri:0, instance:com.epam.testexternalpart.tests.AssigningToTest@352cebd2] for class [TestClass name=class com.epam.testexternalpart.tests.AssigningToTest]
]]></system-out>
  </testcase>
  <testcase name="startPage" classname="com.epam.testexternalpart.tests.AssigningToTest" time="0">
    <skipped/>
    <system-out><![CDATA[[Invoker 188787161] Keeping method BaseTest.startPage()[pri:0, instance:com.epam.testexternalpart.tests.AssigningToTest@352cebd2] for class [TestClass name=class com.epam.testexternalpart.tests.AssigningToTest]
[Invoker 188787161] Keeping method BaseTest.startPage()[pri:0, instance:com.epam.testexternalpart.tests.AssigningToTest@352cebd2] for class [TestClass name=class com.epam.testexternalpart.tests.AssigningToTest]
]]></system-out>
  </testcase>
  <testcase name="startPage" classname="com.epam.testexternalpart.tests.AssigningToTest" time="0">
    <skipped/>
    <system-out><![CDATA[[Invoker 188787161] Keeping method BaseTest.startPage()[pri:0, instance:com.epam.testexternalpart.tests.AssigningToTest@352cebd2] for class [TestClass name=class com.epam.testexternalpart.tests.AssigningToTest]
]]></system-out>
  </testcase>
  <testcase name="startPage" classname="com.epam.testexternalpart.tests.AssigningToTest" time="0">
    <skipped/>
    <system-out><![CDATA[[Invoker 188787161] Keeping method BaseTest.startPage()[pri:0, instance:com.epam.testexternalpart.tests.AssigningToTest@352cebd2] for class [TestClass name=class com.epam.testexternalpart.tests.AssigningToTest]
]]></system-out>
  </testcase>
  <testcase name="startPage" classname="com.epam.testexternalpart.tests.AssigningToTest" time="0">
    <skipped/>
    <system-out><![CDATA[[Invoker 188787161] Keeping method BaseTest.startPage()[pri:0, instance:com.epam.testexternalpart.tests.AssigningToTest@352cebd2] for class [TestClass name=class com.epam.testexternalpart.tests.AssigningToTest]
]]></system-out>
  </testcase>
  <testcase name="startPage" classname="com.epam.testexternalpart.tests.AssigningToTest" time="0">
    <skipped/>
    <system-out><![CDATA[[Invoker 188787161] Keeping method BaseTest.startPage()[pri:0, instance:com.epam.testexternalpart.tests.AssigningToTest@352cebd2] for class [TestClass name=class com.epam.testexternalpart.tests.AssigningToTest]
]]></system-out>
  </testcase>
  <testcase name="startPage" classname="com.epam.testexternalpart.tests.AssigningToTest" time="0">
    <skipped/>
    <system-out><![CDATA[[Invoker 188787161] Keeping method BaseTest.startPage()[pri:0, instance:com.epam.testexternalpart.tests.AssigningToTest@352cebd2] for class [TestClass name=class com.epam.testexternalpart.tests.AssigningToTest]
]]></system-out>
  </testcase>
  <testcase name="startPage" classname="com.epam.testexternalpart.tests.AssigningToTest" time="0">
    <skipped/>
    <system-out><![CDATA[[Invoker 188787161] Keeping method BaseTest.startPage()[pri:0, instance:com.epam.testexternalpart.tests.AssigningToTest@352cebd2] for class [TestClass name=class com.epam.testexternalpart.tests.AssigningToTest]
[Invoker 188787161] Keeping method BaseTest.startPage()[pri:0, instance:com.epam.testexternalpart.tests.AssigningToTest@352cebd2] for class [TestClass name=class com.epam.testexternalpart.tests.AssigningToTest]
]]></system-out>
  </testcase>
  <testcase name="startPage" classname="com.epam.testexternalpart.tests.AssigningToTest" time="0">
    <skipped/>
    <system-out><![CDATA[[Invoker 188787161] Keeping method BaseTest.startPage()[pri:0, instance:com.epam.testexternalpart.tests.AssigningToTest@352cebd2] for class [TestClass name=class com.epam.testexternalpart.tests.AssigningToTest]
[...]
    AssigningToTest.checkAssignedToTestCand(java.lang.String, java.lang.String, java.lang.String)[pri:0, instance:com.epam.testexternalpart.tests.AssigningToTest@352cebd2]Autumn 2015 Семен;Пяточкин;Сергеевич;04.02.1990;vasya.pupkin379@yandex.ru;+087894156114 4.0  892136402
    AssigningToTest.checkAssignedToTestCand(java.lang.String, java.lang.String, java.lang.String)[pri:0, instance:com.epam.testexternalpart.tests.AssigningToTest@352cebd2]Autumn 2015 Денис;Петрушкин;Геннадьевич;16.04.1991;pupkin379@i.ua;+087894156114 5.0  892136402
    AssigningToTest.checkAssignedToTestCand(java.lang.String, java.lang.String, java.lang.String)[pri:0, instance:com.epam.testexternalpart.tests.AssigningToTest@352cebd2]Autumn 2015 Олег;Ромашкин;Федорович;21.09.1990;pupkin379@rambler.ru;+397894164112 6.0  892136402
    AssigningToTest.responseFromCandidates()[pri:0, instance:com.epam.testexternalpart.tests.AssigningToTest@352cebd2] 892136402
    AssigningToTest.checkConfirmedCand(java.lang.String, java.lang.String, java.lang.String)[pri:0, instance:com.epam.testexternalpart.tests.AssigningToTest@352cebd2]Autumn 2015 Денис;Петрушкин;Геннадьевич;16.04.1991;pupkin379@i.ua;+087894156114 1.0  892136402
    AssigningToTest.checkNotActualCand(java.lang.String, java.lang.String, java.lang.String)[pri:0, instance:com.epam.testexternalpart.tests.AssigningToTest@352cebd2]Autumn 2015 Семен;Пяточкин;Сергеевич;04.02.1990;vasya.pupkin379@yandex.ru;+087894156114 1.0  892136402
    AssigningToTest.checkNewTimeCand(java.lang.String, java.lang.String, java.lang.String)[pri:0, instance:com.epam.testexternalpart.tests.AssigningToTest@352cebd2]Autumn 2015 Леонид;Незнающий;Клементьевич;15.06.1992;student@com;+045894156114 1.0  892136402
    AssigningToTest.checkNewTimeCand(java.lang.String, java.lang.String, java.lang.String)[pri:0, instance:com.epam.testexternalpart.tests.AssigningToTest@352cebd2]Autumn 2015 Олег;Ромашкин;Федорович;21.09.1990;pupkin379@rambler.ru;+397894164112 2.0  892136402
    AssigningToTest.invitateSecondTime(java.lang.String)[pri:0, instance:com.epam.testexternalpart.tests.AssigningToTest@352cebd2]Autumn 2015  892136402
    AssigningToTest.checkDublicateAnswer()[pri:0, instance:com.epam.testexternalpart.tests.AssigningToTest@352cebd2] 892136402
    AssigningToTest.invitateThirdTime(java.lang.String)[pri:0, instance:com.epam.testexternalpart.tests.AssigningToTest@352cebd2]Autumn 2015  892136402
    AssigningToTest.checkBannedCandidate(java.lang.String, java.lang.String, java.lang.String)[pri:0, instance:com.epam.testexternalpart.tests.AssigningToTest@352cebd2]Autumn 2015 Олег;Ромашкин;Федорович;21.09.1990;pupkin379@rambler.ru;+397894164112 1.0  892136402
=====
[TestRunner] Running test SeveralStreamTest on 1  classes,  included groups:[] excluded groups:[]
===== Test class
com.epam.testexternalpart.tests.SeveralStreamTest
  @BeforeClass BaseTest.init()[pri:0, instance:com.epam.testexternalpart.tests.SeveralStreamTest@3c4a19e2]
  @BeforeMethod BaseTest.startPage()[pri:0, instance:com.epam.testexternalpart.tests.SeveralStreamTest@3c4a19e2]
    @Test SeveralStreamTest.addCandidateToSeveralDepartment(java.lang.String)[pri:0, instance:com.epam.testexternalpart.tests.SeveralStreamTest@3c4a19e2]
  @AfterClass BaseTest.tearDown()[pri:0, instance:com.epam.testexternalpart.tests.SeveralStreamTest@3c4a19e2]
======
[Invoker 188787161] Keeping method BaseTest.init()[pri:0, instance:com.epam.testexternalpart.tests.SeveralStreamTest@3c4a19e2] for class [TestClass name=class com.epam.testexternalpart.tests.SeveralStreamTest]
[Invoker 188787161] Invoking @BeforeClass BaseTest.init()[pri:0, instance:com.epam.testexternalpart.tests.SeveralStreamTest@3c4a19e2]
Failed to invoke configuration method com.epam.testexternalpart.core.BaseTest.init:The driver executable does not exist: D:\Internal_project\Test Framework 1.0\TestExternalPart\chromedriver.exe
]]></system-out>
  </testcase>
  <testcase name="startPage" classname="com.epam.testexternalpart.tests.SeveralStreamTest" time="0">
    <skipped/>
    <system-out><![CDATA[[Invoker 188787161] Keeping method BaseTest.startPage()[pri:0, instance:com.epam.testexternalpart.tests.SeveralStreamTest@3c4a19e2] for class [TestClass name=class com.epam.testexternalpart.tests.SeveralStreamTest]
[Invoker 188787161] Keeping method BaseTest.startPage()[pri:0, instance:com.epam.testexternalpart.tests.SeveralStreamTest@3c4a19e2] for class [TestClass name=class com.epam.testexternalpart.tests.SeveralStreamTest]
]]></system-out>
  </testcase>
  <testcase name="addCandidateToSeveralDepartment" classname="com.epam.testexternalpart.tests.SeveralStreamTest" time="0">
    <skipped/>
  </testcase>
  <testcase name="tearDown" classname="com.epam.testexternalpart.tests.SeveralStreamTest" time="0">
    <skipped/>
    <system-out><![CDATA[[Invoker 188787161] Keeping method BaseTest.tearDown()[pri:0, instance:com.epam.testexternalpart.tests.SeveralStreamTest@3c4a19e2] for class [TestClass name=class com.epam.testexternalpart.tests.SeveralStreamTest]
]]></system-out>
  </testcase>
  <testcase name="init" classname="com.epam.testexternalpart.tests.SearchTest" time="0.01">
    <failure message="The driver executable does not exist: D:\Internal_project\Test Framework 1.0\TestExternalPart\chromedriver.exe" type="java.lang.IllegalStateException"><![CDATA[java.lang.IllegalStateException: The driver executable does not exist: D:\Internal_project\Test Framework 1.0\TestExternalPart\chromedriver.exe
	at com.google.common.base.Preconditions.checkState(Preconditions.java:197)
	at org.openqa.selenium.remote.service.DriverService.checkExecutable(DriverService.java:117)
	at org.openqa.selenium.remote.service.DriverService.findExecutable(DriverService.java:112)
	at org.openqa.selenium.chrome.ChromeDriverService.createDefaultService(ChromeDriverService.java:89)
	at org.openqa.selenium.chrome.ChromeDriver.<init>(ChromeDriver.java:117)
	at com.epam.testexternalpart.core.WebDriverFactory.initDriver(WebDriverFactory.java:18)
	at com.epam.testexternalpart.core.BaseTest.init(BaseTest.java:72)
	at sun.reflect.NativeMethodAccessorImpl.invoke0(Native Method)
	at sun.reflect.NativeMethodAccessorImpl.invoke(NativeMethodAccessorImpl.java:57)
	at sun.reflect.DelegatingMethodAccessorImpl.invoke(DelegatingMethodAccessorImpl.java:43)
	at java.lang.reflect.Method.invoke(Method.java:606)
	at org.testng.internal.MethodInvocationHelper.invokeMethod(MethodInvocationHelper.java:84)
	at org.testng.internal.Invoker.invokeConfigurationMethod(Invoker.java:564)
	at org.testng.internal.Invoker.invokeConfigurations(Invoker.java:213)
	at org.testng.internal.Invoker.invokeConfigurations(Invoker.java:138)
	at org.testng.internal.TestMethodWorker.invokeBeforeClassMethods(TestMethodWorker.java:175)
	at org.testng.internal.TestMethodWorker.run(TestMethodWorker.java:107)
	at org.testng.TestRunner.privateRun(TestRunner.java:767)
	at org.testng.TestRunner.run(TestRunner.java:617)
	at org.testng.SuiteRunner.runTest(SuiteRunner.java:348)
	at org.testng.SuiteRunner.runSequentially(SuiteRunner.java:343)
	at org.testng.SuiteRunner.privateRun(SuiteRunner.java:305)
	at org.testng.SuiteRunner.run(SuiteRunner.java:254)
	at org.testng.SuiteRunnerWorker.runSuite(SuiteRunnerWorker.java:52)
	at org.testng.SuiteRunnerWorker.run(SuiteRunnerWorker.java:86)
	at org.testng.TestNG.runSuitesSequentially(TestNG.java:1224)
	at org.testng.TestNG.runSuitesLocally(TestNG.java:1149)
	at org.testng.TestNG.run(TestNG.java:1057)
	at org.apache.maven.surefire.testng.TestNGExecutor.run(TestNGExecutor.java:295)
	at org.apache.maven.surefire.testng.TestNGXmlTestSuite.execute(TestNGXmlTestSuite.java:84)
	at org.apache.maven.surefire.testng.TestNGProvider.invoke(TestNGProvider.java:90)
	at org.apache.maven.surefire.booter.ForkedBooter.invokeProviderInSameClassLoader(ForkedBooter.java:203)
	at org.apache.maven.surefire.booter.ForkedBooter.runSuitesInProcess(ForkedBooter.java:155)
	at org.apache.maven.surefire.booter.ForkedBooter.main(ForkedBooter.java:103)
]]></failure>
    <system-out><![CDATA[===== Invoked methods
  BaseTest.init()[pri:0, instance:com.epam.testexternalpart.tests.SeveralStreamTest@3c4a19e2] 1011489250
    SeveralStreamTest.addCandidateToSeveralDepartment(java.lang.String)[pri:0, instance:com.epam.testexternalpart.tests.SeveralStreamTest@3c4a19e2]Harry;Potter;James;02.12.2013;sdhgjshg1j@mail.ru;+380505465345;  1011489250
=====
[TestRunner] Running test SearchStreamTest on 1  classes,  included groups:[] excluded groups:[]
===== Test class
com.epam.testexternalpart.tests.SearchTest
  @BeforeClass BaseTest.init()[pri:0, instance:com.epam.testexternalpart.tests.SearchTest@79cfb151]
  @BeforeMethod BaseTest.startPage()[pri:0, instance:com.epam.testexternalpart.tests.SearchTest@79cfb151]
    @Test SearchTest.allCandidatesSearch(java.lang.String, java.lang.String, java.lang.String, java.lang.String, java.lang.String)[pri:0, instance:com.epam.testexternalpart.tests.SearchTest@79cfb151]
    @Test SearchTest.streamSearch(java.lang.String, java.lang.String, java.lang.String, java.lang.String, java.lang.String)[pri:0, instance:com.epam.testexternalpart.tests.SearchTest@79cfb151]
  @AfterClass BaseTest.tearDown()[pri:0, instance:com.epam.testexternalpart.tests.SearchTest@79cfb151]
======
[Invoker 188787161] Keeping method BaseTest.init()[pri:0, instance:com.epam.testexternalpart.tests.SearchTest@79cfb151] for class [TestClass name=class com.epam.testexternalpart.tests.SearchTest]
[Invoker 188787161] Invoking @BeforeClass BaseTest.init()[pri:0, instance:com.epam.testexternalpart.tests.SearchTest@79cfb151]
Failed to invoke configuration method com.epam.testexternalpart.core.BaseTest.init:The driver executable does not exist: D:\Internal_project\Test Framework 1.0\TestExternalPart\chromedriver.exe
]]></system-out>
  </testcase>
  <testcase name="startPage" classname="com.epam.testexternalpart.tests.SearchTest" time="0">
    <skipped/>
    <system-out><![CDATA[[Invoker 188787161] Keeping method BaseTest.startPage()[pri:0, instance:com.epam.testexternalpart.tests.SearchTest@79cfb151] for class [TestClass name=class com.epam.testexternalpart.tests.SearchTest]
[Invoker 188787161] Keeping method BaseTest.startPage()[pri:0, instance:com.epam.testexternalpart.tests.SearchTest@79cfb151] for class [TestClass name=class com.epam.testexternalpart.tests.SearchTest]
]]></system-out>
  </testcase>
  <testcase name="startPage" classname="com.epam.testexternalpart.tests.SearchTest" time="0">
    <skipped/>
    <system-out><![CDATA[[Invoker 188787161] Keeping method BaseTest.startPage()[pri:0, instance:com.epam.testexternalpart.tests.SearchTest@79cfb151] for class [TestClass name=class com.epam.testexternalpart.tests.SearchTest]
[Invoker 188787161] Keeping method BaseTest.startPage()[pri:0, instance:com.epam.testexternalpart.tests.SearchTest@79cfb151] for class [TestClass name=class com.epam.testexternalpart.tests.SearchTest]
]]></system-out>
  </testcase>
  <testcase name="allCandidatesSearch" classname="com.epam.testexternalpart.tests.SearchTest" time="0">
    <skipped/>
  </testcase>
  <testcase name="streamSearch" classname="com.epam.testexternalpart.tests.SearchTest" time="0">
    <skipped/>
  </testcase>
  <testcase name="tearDown" classname="com.epam.testexternalpart.tests.SearchTest" time="0">
    <skipped/>
    <system-out><![CDATA[[Invoker 188787161] Keeping method BaseTest.tearDown()[pri:0, instance:com.epam.testexternalpart.tests.SearchTest@79cfb151] for class [TestClass name=class com.epam.testexternalpart.tests.SearchTest]
]]></system-out>
  </testcase>
  <testcase name="init" classname="com.epam.testexternalpart.tests.PlaceForTestingTest" time="0">
    <failure message="The driver executable does not exist: D:\Internal_project\Test Framework 1.0\TestExternalPart\chromedriver.exe" type="java.lang.IllegalStateException"><![CDATA[java.lang.IllegalStateException: The driver executable does not exist: D:\Internal_project\Test Framework 1.0\TestExternalPart\chromedriver.exe
	at com.google.common.base.Preconditions.checkState(Preconditions.java:197)
	at org.openqa.selenium.remote.service.DriverService.checkExecutable(DriverService.java:117)
	at org.openqa.selenium.remote.service.DriverService.findExecutable(DriverService.java:112)
	at org.openqa.selenium.chrome.ChromeDriverService.createDefaultService(ChromeDriverService.java:89)
	at org.openqa.selenium.chrome.ChromeDriver.<init>(ChromeDriver.java:117)
	at com.epam.testexternalpart.core.WebDriverFactory.initDriver(WebDriverFactory.java:18)
	at com.epam.testexternalpart.core.BaseTest.init(BaseTest.java:72)
	at sun.reflect.NativeMethodAccessorImpl.invoke0(Native Method)
	at sun.reflect.NativeMethodAccessorImpl.invoke(NativeMethodAccessorImpl.java:57)
	at sun.reflect.DelegatingMethodAccessorImpl.invoke(DelegatingMethodAccessorImpl.java:43)
	at java.lang.reflect.Method.invoke(Method.java:606)
	at org.testng.internal.MethodInvocationHelper.invokeMethod(MethodInvocationHelper.java:84)
	at org.testng.internal.Invoker.invokeConfigurationMethod(Invoker.java:564)
	at org.testng.internal.Invoker.invokeConfigurations(Invoker.java:213)
	at org.testng.internal.Invoker.invokeConfigurations(Invoker.java:138)
	at org.testng.internal.TestMethodWorker.invokeBeforeClassMethods(TestMethodWorker.java:175)
	at org.testng.internal.TestMethodWorker.run(TestMethodWorker.java:107)
	at org.testng.TestRunner.privateRun(TestRunner.java:767)
	at org.testng.TestRunner.run(TestRunner.java:617)
	at org.testng.SuiteRunner.runTest(SuiteRunner.java:348)
	at org.testng.SuiteRunner.runSequentially(SuiteRunner.java:343)
	at org.testng.SuiteRunner.privateRun(SuiteRunner.java:305)
	at org.testng.SuiteRunner.run(SuiteRunner.java:254)
	at org.testng.SuiteRunnerWorker.runSuite(SuiteRunnerWorker.java:52)
	at org.testng.SuiteRunnerWorker.run(SuiteRunnerWorker.java:86)
	at org.testng.TestNG.runSuitesSequentially(TestNG.java:1224)
	at org.testng.TestNG.runSuitesLocally(TestNG.java:1149)
	at org.testng.TestNG.run(TestNG.java:1057)
	at org.apache.maven.surefire.testng.TestNGExecutor.run(TestNGExecutor.java:295)
	at org.apache.maven.surefire.testng.TestNGXmlTestSuite.execute(TestNGXmlTestSuite.java:84)
	at org.apache.maven.surefire.testng.TestNGProvider.invoke(TestNGProvider.java:90)
	at org.apache.maven.surefire.booter.ForkedBooter.invokeProviderInSameClassLoader(ForkedBooter.java:203)
	at org.apache.maven.surefire.booter.ForkedBooter.runSuitesInProcess(ForkedBooter.java:155)
	at org.apache.maven.surefire.booter.ForkedBooter.main(ForkedBooter.java:103)
]]></failure>
    <system-out><![CDATA[===== Invoked methods
  BaseTest.init()[pri:0, instance:com.epam.testexternalpart.tests.SearchTest@79cfb151] 2043654481
    SearchTest.allCandidatesSearch(java.lang.String, java.lang.String, java.lang.String, java.lang.String, java.lang.String)[pri:0, instance:com.epam.testexternalpart.tests.SearchTest@79cfb151]Ololo;Ololoev;Olololoevich;02.12.2013;sdhgjshgj@mail.ru;+380505465345; Ololo1;Ololoev1;Olololoevich1;02.12.2013;sdhgjshgj1@mail.ru;+380505465346; Ololo2;Ololoev2;Olololoevich2;02.12.2013;sdhgjshgj2@mail.ru;+380505465347; Ololo1 Ololoev  2043654481
    SearchTest.streamSearch(java.lang.String, java.lang.String, java.lang.String, java.lang.String, java.lang.String)[pri:0, instance:com.epam.testexternalpart.tests.SearchTest@79cfb151]Ololo;Ololoev;Olololoevich;02.12.2013;sdhgjshgj@mail.ru;+380505465345; Ololo1;Ololoev1;Olololoevich1;02.12.2013;sdhgjshgj1@mail.ru;+380505465346; Ololo2;Ololoev2;Olololoevich2;02.12.2013;sdhgjshgj2@mail.ru;+380505465347; Ololo1 Ololoev  2043654481
=====
[TestRunner] Running test PlaceForTestingTest on 1  classes,  included groups:[] excluded groups:[]
===== Test class
com.epam.testexternalpart.tests.PlaceForTestingTest
  @BeforeClass BaseTest.init()[pri:0, instance:com.epam.testexternalpart.tests.PlaceForTestingTest@28864ae7]
  @BeforeMethod BaseTest.startPage()[pri:0, instance:com.epam.testexternalpart.tests.PlaceForTestingTest@28864ae7]
    @Test PlaceForTestingTest.deleteNewPlaceForTesting(java.lang.String, java.lang.String, java.lang.String, java.lang.String)[pri:0, instance:com.epam.testexternalpart.tests.PlaceForTestingTest@28864ae7]
    @Test PlaceForTestingTest.editNewPlaceForTesting(java.lang.String, java.lang.String, java.lang.String, java.lang.String, java.lang.String, java.lang.String, java.lang.String, java.lang.String)[pri:0, instance:com.epam.testexternalpart.tests.PlaceForTestingTest@28864ae7]
    @Test PlaceForTestingTest.addNewPlaceForTesting(java.lang.String, java.lang.String, java.lang.String, java.lang.String)[pri:0, instance:com.epam.testexternalpart.tests.PlaceForTestingTest@28864ae7]
  @AfterClass BaseTest.tearDown()[pri:0, instance:com.epam.testexternalpart.tests.PlaceForTestingTest@28864ae7]
======
[Invoker 188787161] Keeping method BaseTest.init()[pri:0, instance:com.epam.testexternalpart.tests.PlaceForTestingTest@28864ae7] for class [TestClass name=class com.epam.testexternalpart.tests.PlaceForTestingTest]
[Invoker 188787161] Invoking @BeforeClass BaseTest.init()[pri:0, instance:com.epam.testexternalpart.tests.PlaceForTestingTest@28864ae7]
Failed to invoke configuration method com.epam.testexternalpart.core.BaseTest.init:The driver executable does not exist: D:\Internal_project\Test Framework 1.0\TestExternalPart\chromedriver.exe
]]></system-out>
  </testcase>
  <testcase name="startPage" classname="com.epam.testexternalpart.tests.PlaceForTestingTest" time="0">
    <skipped/>
    <system-out><![CDATA[[Invoker 188787161] Keeping method BaseTest.startPage()[pri:0, instance:com.epam.testexternalpart.tests.PlaceForTestingTest@28864ae7] for class [TestClass name=class com.epam.testexternalpart.tests.PlaceForTestingTest]
[Invoker 188787161] Keeping method BaseTest.startPage()[pri:0, instance:com.epam.testexternalpart.tests.PlaceForTestingTest@28864ae7] for class [TestClass name=class com.epam.testexternalpart.tests.PlaceForTestingTest]
]]></system-out>
  </testcase>
  <testcase name="startPage" classname="com.epam.testexternalpart.tests.PlaceForTestingTest" time="0">
    <skipped/>
    <system-out><![CDATA[[Invoker 188787161] Keeping method BaseTest.startPage()[pri:0, instance:com.epam.testexternalpart.tests.PlaceForTestingTest@28864ae7] for class [TestClass name=class com.epam.testexternalpart.tests.PlaceForTestingTest]
[Invoker 188787161] Keeping method BaseTest.startPage()[pri:0, instance:com.epam.testexternalpart.tests.PlaceForTestingTest@28864ae7] for class [TestClass name=class com.epam.testexternalpart.tests.PlaceForTestingTest]
]]></system-out>
  </testcase>
  <testcase name="startPage" classname="com.epam.testexternalpart.tests.PlaceForTestingTest" time="0">
    <skipped/>
    <system-out><![CDATA[[Invoker 188787161] Keeping method BaseTest.startPage()[pri:0, instance:com.epam.testexternalpart.tests.PlaceForTestingTest@28864ae7] for class [TestClass name=class com.epam.testexternalpart.tests.PlaceForTestingTest]
[Invoker 188787161] Keeping method BaseTest.startPage()[pri:0, instance:com.epam.testexternalpart.tests.PlaceForTestingTest@28864ae7] for class [TestClass name=class com.epam.testexternalpart.tests.PlaceForTestingTest]
]]></system-out>
  </testcase>
  <testcase name="addNewPlaceForTesting" classname="com.epam.testexternalpart.tests.PlaceForTestingTest" time="0">
    <skipped/>
  </testcase>
  <testcase name="deleteNewPlaceForTesting" classname="com.epam.testexternalpart.tests.PlaceForTestingTest" time="0">
    <skipped/>
  </testcase>
  <testcase name="editNewPlaceForTesting" classname="com.epam.testexternalpart.tests.PlaceForTestingTest" time="0">
    <skipped/>
  </testcase>
  <testcase name="tearDown" classname="com.epam.testexternalpart.tests.PlaceForTestingTest" time="0">
    <skipped/>
    <system-out><![CDATA[[Invoker 188787161] Keeping method BaseTest.tearDown()[pri:0, instance:com.epam.testexternalpart.tests.PlaceForTestingTest@28864ae7] for class [TestClass name=class com.epam.testexternalpart.tests.PlaceForTestingTest]
]]></system-out>
  </testcase>
</testsuite>