<?xml version="1.0" encoding="UTF-8"?>
<testsuite name="TestSuite" time="739.683" tests="67" errors="0" skipped="0" failures="3">
  <properties>
[...]
</properties>
  <testcase name="checkAddStreamAccordingToDepartment" classname="com.epam.testexternalpart.tests.SmokeTest" time="20.215"/>
  <testcase name="checkConcretSubgroup" classname="com.epam.testexternalpart.tests.SmokeTest" time="7.611"/>
  <testcase name="checkElAllCandiadtesMenu" classname="com.epam.testexternalpart.tests.SmokeTest" time="48.406"/>
  <testcase name="checkElStreamPage" classname="com.epam.testexternalpart.tests.SmokeTest" time="53.161"/>
  <testcase name="checkElementsAddCandidate" classname="com.epam.testexternalpart.tests.SmokeTest" time="4.096"/>
  <testcase name="checkElementsEditCandidate" classname="com.epam.testexternalpart.tests.SmokeTest" time="7.339"/>
  <testcase name="checkElementsPresentAddDepartmentPage" classname="com.epam.testexternalpart.tests.SmokeTest" time="0.528"/>
  <testcase name="checkElementsPresentAddStreamPage" classname="com.epam.testexternalpart.tests.SmokeTest" time="0.909"/>
  <testcase name="checkElementsPresentDepartmentPage" classname="com.epam.testexternalpart.tests.SmokeTest" time="0.226"/>
  <testcase name="checkElementsViewCandidate" classname="com.epam.testexternalpart.tests.SmokeTest" time="48.868"/>
  <testcase name="checkEmailTemplatesPage" classname="com.epam.testexternalpart.tests.SmokeTest" time="8.362"/>
  <testcase name="checkMailSettingsMenu" classname="com.epam.testexternalpart.tests.SmokeTest" time="0"/>
  <testcase name="checkMenu" classname="com.epam.testexternalpart.tests.SmokeTest" time="0.365"/>
  <testcase name="checkSubgroupPage" classname="com.epam.testexternalpart.tests.SmokeTest" time="2.893"/>
  <testcase name="testAddDepartment" classname="com.epam.testexternalpart.tests.DepartmentTest" time="0.588"/>
  <testcase name="testAddDepartmentWithValidName" classname="com.epam.testexternalpart.tests.DepartmentTest" time="3.529"/>
  <testcase name="testEditDepartmentName" classname="com.epam.testexternalpart.tests.DepartmentTest" time="5.439"/>
  <testcase name="testAddNewInValidStream" classname="com.epam.testexternalpart.tests.StreamTest" time="2.989"/>
  <testcase name="testAddNewInValidStream" classname="com.epam.testexternalpart.tests.StreamTest" time="2.563"/>
  <testcase name="testAddNewInValidStream" classname="com.epam.testexternalpart.tests.StreamTest" time="2.595"/>
  <testcase name="testAddNewInValidStream" classname="com.epam.testexternalpart.tests.StreamTest" time="2.598"/>
  <testcase name="testAddNewValidStream" classname="com.epam.testexternalpart.tests.StreamTest" time="5.229"/>
  <testcase name="testAddNewValidStream" classname="com.epam.testexternalpart.tests.StreamTest" time="5.269"/>
  <testcase name="testEditStream" classname="com.epam.testexternalpart.tests.StreamTest" time="2.543"/>
  <testcase name="testEditStream" classname="com.epam.testexternalpart.tests.StreamTest" time="2.536"/>
  <testcase name="addCandidate" classname="com.epam.testexternalpart.tests.AddCandidateTest" time="10.79"/>
  <testcase name="addCandidateManually" classname="com.epam.testexternalpart.tests.AddCandidateTest" time="13.621"/>
  <testcase name="bannWithButton" classname="com.epam.testexternalpart.tests.AddCandidateTest" time="23.145"/>
  <testcase name="changeStatus" classname="com.epam.testexternalpart.tests.AddCandidateTest" time="58.428"/>
  <testcase name="deleteAllCandidates" classname="com.epam.testexternalpart.tests.AddCandidateTest" time="10.054"/>
  <testcase name="addStream" classname="com.epam.testexternalpart.tests.AssigningToTest" time="4.253"/>
  <testcase name="addCandidates" classname="com.epam.testexternalpart.tests.AssigningToTest" time="10.433"/>
  <testcase name="addCandidates" classname="com.epam.testexternalpart.tests.AssigningToTest" time="10.366"/>
  <testcase name="addCandidates" classname="com.epam.testexternalpart.tests.AssigningToTest" time="10.364"/>
  <testcase name="addCandidates" classname="com.epam.testexternalpart.tests.AssigningToTest" time="10.493"/>
  <testcase name="addCandidates" classname="com.epam.testexternalpart.tests.AssigningToTest" time="10.64"/>
  <testcase name="addCandidates" classname="com.epam.testexternalpart.tests.AssigningToTest" time="10.383"/>
  <testcase name="addCandidates" classname="com.epam.testexternalpart.tests.AssigningToTest" time="10.354"/>
  <testcase name="checkNotTestedCand" classname="com.epam.testexternalpart.tests.AssigningToTest" time="5.129"/>
  <testcase name="checkNotTestedCand" classname="com.epam.testexternalpart.tests.AssigningToTest" time="5.15"/>
  <testcase name="checkNotTestedCand" classname="com.epam.testexternalpart.tests.AssigningToTest" time="5.147"/>
  <testcase name="checkNotTestedCand" classname="com.epam.testexternalpart.tests.AssigningToTest" time="5.189"/>
  <testcase name="checkNotTestedCand" classname="com.epam.testexternalpart.tests.AssigningToTest" time="5.159"/>
  <testcase name="checkNotTestedCand" classname="com.epam.testexternalpart.tests.AssigningToTest" time="5.175"/>
  <testcase name="checkNotTestedCand" classname="com.epam.testexternalpart.tests.AssigningToTest" time="5.189"/>
  <testcase name="assignTest" classname="com.epam.testexternalpart.tests.AssigningToTest" time="28.904"/>
  <testcase name="checkAssignedToTestCand" classname="com.epam.testexternalpart.tests.AssigningToTest" time="4.137"/>
  <testcase name="checkAssignedToTestCand" classname="com.epam.testexternalpart.tests.AssigningToTest" time="4.056"/>
  <testcase name="checkAssignedToTestCand" classname="com.epam.testexternalpart.tests.AssigningToTest" time="4.388"/>
  <testcase name="checkAssignedToTestCand" classname="com.epam.testexternalpart.tests.AssigningToTest" time="4.189"/>
  <testcase name="checkAssignedToTestCand" classname="com.epam.testexternalpart.tests.AssigningToTest" time="4.111"/>
  <testcase name="checkAssignedToTestCand" classname="com.epam.testexternalpart.tests.AssigningToTest" time="4.169"/>
  <testcase name="responseFromCandidates" classname="com.epam.testexternalpart.tests.AssigningToTest" time="81.336"/>
  <testcase name="checkConfirmedCand" classname="com.epam.testexternalpart.tests.AssigningToTest" time="4.147"/>
  <testcase name="checkNotActualCand" classname="com.epam.testexternalpart.tests.AssigningToTest" time="3.589">
    <failure message="expected [true] but found [false]" type="java.lang.AssertionError">java.lang.AssertionError: expected [true] but found [false]
	at org.testng.Assert.fail(Assert.java:94)
	at org.testng.Assert.failNotEquals(Assert.java:494)
	at org.testng.Assert.assertTrue(Assert.java:42)
	at org.testng.Assert.assertTrue(Assert.java:52)
	at com.epam.testexternalpart.screen.stream.StreamPage.checkCandidates(StreamPage.java:647)
	at com.epam.testexternalpart.tests.AssigningToTest.checkNotActualCand(AssigningToTest.java:91)
</failure>
    <system-out><![CDATA[[Invoker 1413653265] Keeping method BaseTest.startPage()[pri:0, instance:com.epam.testexternalpart.tests.AssigningToTest@5e5792a0] for class [TestClass name=class com.epam.testexternalpart.tests.AssigningToTest]
[Invoker 1413653265] Keeping method BaseTest.startPage()[pri:0, instance:com.epam.testexternalpart.tests.AssigningToTest@5e5792a0] for class [TestClass name=class com.epam.testexternalpart.tests.AssigningToTest]
[Invoker 1413653265] Invoking @BeforeMethod BaseTest.startPage()[pri:0, instance:com.epam.testexternalpart.tests.AssigningToTest@5e5792a0]
[Invoker 1413653265] Invoking com.epam.testexternalpart.tests.AssigningToTest.checkNotActualCand
Click on [Select stream on Department Page]
Checking the presence of the elemen [javaTab]
[javaTab]is Not Present
Click on [click notActualTab]
Checking not testing Candidates
]]></system-out>
  </testcase>
  <testcase name="checkNewTimeCand" classname="com.epam.testexternalpart.tests.AssigningToTest" time="5.123"/>
  <testcase name="checkNewTimeCand" classname="com.epam.testexternalpart.tests.AssigningToTest" time="5.096"/>
  <testcase name="invitateSecondTime" classname="com.epam.testexternalpart.tests.AssigningToTest" time="46.898"/>
  <testcase name="checkDublicateAnswer" classname="com.epam.testexternalpart.tests.AssigningToTest" time="21.346">
    <failure message="expected [true] but found [false]" type="java.lang.AssertionError">java.lang.AssertionError: expected [true] but found [false]
	at org.testng.Assert.fail(Assert.java:94)
	at org.testng.Assert.failNotEquals(Assert.java:494)
	at org.testng.Assert.assertTrue(Assert.java:42)
	at org.testng.Assert.assertTrue(Assert.java:52)
	at com.epam.testexternalpart.screen.stream.assigningTest.emails.AnswerFromIUa.checkDublicateAnswerMessage(AnswerFromIUa.java:120)
	at com.epam.testexternalpart.tests.AssigningToTest.checkDublicateAnswer(AssigningToTest.java:124)
</failure>
    <system-out><![CDATA[[Invoker 1413653265] Keeping method BaseTest.startPage()[pri:0, instance:com.epam.testexternalpart.tests.AssigningToTest@5e5792a0] for class [TestClass name=class com.epam.testexternalpart.tests.AssigningToTest]
[Invoker 1413653265] Keeping method BaseTest.startPage()[pri:0, instance:com.epam.testexternalpart.tests.AssigningToTest@5e5792a0] for class [TestClass name=class com.epam.testexternalpart.tests.AssigningToTest]
[Invoker 1413653265] Invoking @BeforeMethod BaseTest.startPage()[pri:0, instance:com.epam.testexternalpart.tests.AssigningToTest@5e5792a0]
[Invoker 1413653265] Invoking com.epam.testexternalpart.tests.AssigningToTest.checkDublicateAnswer
Click on [settingsButton]
Click on [emailTemplatesButtton]
Click on [answerDuplicationTittle]
Click on [logginButton]
Click on [inputBoxRow]
Уважаемый]]></system-out>
    <system-err><![CDATA[Starting ChromeDriver (v2.9.248315) on port 31656
]]></system-err>
  </testcase>
  <testcase name="invitateThirdTime" classname="com.epam.testexternalpart.tests.AssigningToTest" time="50.294"/>
  <testcase name="checkBannedCandidate" classname="com.epam.testexternalpart.tests.AssigningToTest" time="3.617">
    <failure message="expected [true] but found [false]" type="java.lang.AssertionError">java.lang.AssertionError: expected [true] but found [false]
	at org.testng.Assert.fail(Assert.java:94)
	at org.testng.Assert.failNotEquals(Assert.java:494)
	at org.testng.Assert.assertTrue(Assert.java:42)
	at org.testng.Assert.assertTrue(Assert.java:52)
	at com.epam.testexternalpart.screen.stream.StreamPage.checkCandidates(StreamPage.java:647)
	at com.epam.testexternalpart.tests.AssigningToTest.checkBannedCandidate(AssigningToTest.java:146)
</failure>
    <system-out><![CDATA[[Invoker 1413653265] Keeping method BaseTest.startPage()[pri:0, instance:com.epam.testexternalpart.tests.AssigningToTest@5e5792a0] for class [TestClass name=class com.epam.testexternalpart.tests.AssigningToTest]
[Invoker 1413653265] Keeping method BaseTest.startPage()[pri:0, instance:com.epam.testexternalpart.tests.AssigningToTest@5e5792a0] for class [TestClass name=class com.epam.testexternalpart.tests.AssigningToTest]
[Invoker 1413653265] Invoking @BeforeMethod BaseTest.startPage()[pri:0, instance:com.epam.testexternalpart.tests.AssigningToTest@5e5792a0]
[Invoker 1413653265] Invoking com.epam.testexternalpart.tests.AssigningToTest.checkBannedCandidate
Click on [Select stream on Department Page]
Checking the presence of the elemen [javaTab]
[javaTab]is Not Present
Click on [click bannedTab]
Checking not testing Candidates
]]></system-out>
  </testcase>
  <testcase name="addCandidateToSeveralDepartment" classname="com.epam.testexternalpart.tests.SeveralStreamTest" time="38.572"/>
  <testcase name="allCandidatesSearch" classname="com.epam.testexternalpart.tests.SearchTest" time="36.543"/>
  <testcase name="streamSearch" classname="com.epam.testexternalpart.tests.SearchTest" time="34.68"/>
  <testcase name="addNewPlaceForTesting" classname="com.epam.testexternalpart.tests.PlaceForTestingTest" time="9.503"/>
  <testcase name="deleteNewPlaceForTesting" classname="com.epam.testexternalpart.tests.PlaceForTestingTest" time="3.456"/>
  <testcase name="editNewPlaceForTesting" classname="com.epam.testexternalpart.tests.PlaceForTestingTest" time="8.389"/>
</testsuite>