<?xml version="1.0" encoding="UTF-8"?>
<testng-results skipped="0" failed="0" total="1" passed="1">
  <reporter-output>
  </reporter-output>
  <suite name="Default suite" duration-ms="12163" started-at="2014-12-01T18:50:49Z" finished-at="2014-12-01T18:51:01Z">
    <groups>
    </groups>
    <test name="Default test" duration-ms="12163" started-at="2014-12-01T18:50:49Z" finished-at="2014-12-01T18:51:01Z">
      <class name="com.epam.testexternalpart.tests.SmokeTest">
        <test-method status="PASS" signature="setUp()[pri:0, instance:com.epam.testexternalpart.tests.SmokeTest@7dc36524]" name="setUp" is-config="true" duration-ms="7747" started-at="2014-12-01T20:50:50Z" finished-at="2014-12-01T20:50:58Z">
          <reporter-output>
          </reporter-output>
        </test-method> <!-- setUp -->
        <test-method status="PASS" signature="testCreateNewCandidate(java.lang.String)[pri:0, instance:com.epam.testexternalpart.tests.SmokeTest@7dc36524]" name="testCreateNewCandidate" duration-ms="3150" started-at="2014-12-01T20:50:58Z" data-provider="testData" finished-at="2014-12-01T20:51:01Z">
          <params>
            <param index="0">
              <value>
                <![CDATA[Ololo;Ololoev;Olololoevich;02.12.2014;sdhgjshgj@mail.ru;+380505465345;]]>
              </value>
            </param>
          </params>
          <reporter-output>
          </reporter-output>
        </test-method> <!-- testCreateNewCandidate -->
        <test-method status="PASS" signature="tearDown()[pri:0, instance:com.epam.testexternalpart.tests.SmokeTest@7dc36524]" name="tearDown" is-config="true" duration-ms="18" started-at="2014-12-01T20:51:01Z" finished-at="2014-12-01T20:51:01Z">
          <reporter-output>
          </reporter-output>
        </test-method> <!-- tearDown -->
      </class> <!-- com.epam.testexternalpart.tests.SmokeTest -->
    </test> <!-- Default test -->
  </suite> <!-- Default suite -->
</testng-results>
