<?xml version="1.0" encoding="UTF-8"?>
<testng-results skipped="0" failed="0" total="1" passed="1">
  <reporter-output>
    <line>
      <![CDATA[<br /><font size = 2 color = #000000>Click on [Click on settingsButton]</font>]]>
    </line>
    <line>
      <![CDATA[<br /><font size = 2 color = #000000>Click on [Click on subgroupsButton]</font>]]>
    </line>
    <line>
      <![CDATA[<br /><font size = 2 color = #000000>Checking the presence of the elemen [Table is empty.]</font>]]>
    </line>
    <line>
      <![CDATA[<br /><font size = 2 color = #347C17>&nbsp;&nbsp;[Table is empty.]is Present</font>]]>
    </line>
    <line>
      <![CDATA[<br /><font size = 2 color = #000000>Checking text of element No matching records found</font>]]>
    </line>
    <line>
      <![CDATA[<br /><font size = 2 color = #347C17>&nbsp;&nbsp;Text of [No matching records found] is correct</font>]]>
    </line>
  </reporter-output>
  <suite name="Default suite" duration-ms="11442" started-at="2015-01-26T10:35:47Z" finished-at="2015-01-26T10:35:59Z">
    <groups>
    </groups>
    <test name="Default test" duration-ms="11442" started-at="2015-01-26T10:35:47Z" finished-at="2015-01-26T10:35:59Z">
      <class name="com.epam.testexternalpart.tests.SubgroupTest">
        <test-method status="PASS" signature="init()[pri:0, instance:com.epam.testexternalpart.tests.SubgroupTest@13a8e59b]" name="init" is-config="true" duration-ms="6161" started-at="2015-01-26T12:35:47Z" finished-at="2015-01-26T12:35:53Z">
          <reporter-output>
          </reporter-output>
        </test-method> <!-- init -->
        <test-method status="PASS" signature="startPage()[pri:0, instance:com.epam.testexternalpart.tests.SubgroupTest@13a8e59b]" name="startPage" is-config="true" duration-ms="186" started-at="2015-01-26T12:35:53Z" finished-at="2015-01-26T12:35:54Z">
          <reporter-output>
          </reporter-output>
        </test-method> <!-- startPage -->
        <test-method status="PASS" signature="checkCreateSubgroupTest()[pri:0, instance:com.epam.testexternalpart.tests.SubgroupTest@13a8e59b]" name="checkCreateSubgroupTest" duration-ms="2656" started-at="2015-01-26T12:35:54Z" finished-at="2015-01-26T12:35:56Z">
          <reporter-output>
            <line>
              <![CDATA[<br /><font size = 2 color = #000000>Click on [Click on settingsButton]</font>]]>
            </line>
            <line>
              <![CDATA[<br /><font size = 2 color = #000000>Click on [Click on subgroupsButton]</font>]]>
            </line>
            <line>
              <![CDATA[<br /><font size = 2 color = #000000>Checking the presence of the elemen [Table is empty.]</font>]]>
            </line>
            <line>
              <![CDATA[<br /><font size = 2 color = #347C17>&nbsp;&nbsp;[Table is empty.]is Present</font>]]>
            </line>
            <line>
              <![CDATA[<br /><font size = 2 color = #000000>Checking text of element No matching records found</font>]]>
            </line>
            <line>
              <![CDATA[<br /><font size = 2 color = #347C17>&nbsp;&nbsp;Text of [No matching records found] is correct</font>]]>
            </line>
          </reporter-output>
        </test-method> <!-- checkCreateSubgroupTest -->
        <test-method status="PASS" signature="tearDown()[pri:0, instance:com.epam.testexternalpart.tests.SubgroupTest@13a8e59b]" name="tearDown" is-config="true" duration-ms="2428" started-at="2015-01-26T12:35:56Z" finished-at="2015-01-26T12:35:59Z">
          <reporter-output>
          </reporter-output>
        </test-method> <!-- tearDown -->
      </class> <!-- com.epam.testexternalpart.tests.SubgroupTest -->
    </test> <!-- Default test -->
  </suite> <!-- Default suite -->
</testng-results>
