<?xml version="1.0" encoding="UTF-8"?>
<testng-results skipped="0" failed="0" total="1" passed="1">
  <reporter-output>
    <line>
      <![CDATA[<br /><b><font size = 2 color = #000099>Chech Ban button work</font></b><br/>]]>
    </line>
    <line>
      <![CDATA[<br /><font size = 2 color = #000000>Click on [First stream on first dep]</font>]]>
    </line>
    <line>
      <![CDATA[<br><b><font size = 2 color = #000000>1-Create candidate</font></b><br>]]>
    </line>
    <line>
      <![CDATA[<br /><font size = 2 color = #000000>Click on [addCandidateBut]</font>]]>
    </line>
    <line>
      <![CDATA[<br /><font size = 2 color = #000000>Creating new candidate with fields-Ololo;Ololoev;Olololoevich;02.12.2013;sdhgjshgj@mail.ru;+380505465345;</font>]]>
    </line>
    <line>
      <![CDATA[<br /><font size = 2 color = #000000>Click on [Click Create Candidate Button]</font>]]>
    </line>
    <line>
      <![CDATA[<br /><font size = 2 color = #000000>Check if new candidate was added</font>]]>
    </line>
    <line>
      <![CDATA[<br /><font size = 2 color = #347C17>&nbsp;&nbsp;candidate was added</font>]]>
    </line>
    <line>
      <![CDATA[<br><b><font size = 2 color = #000000>2-Ban Candidate</font></b><br>]]>
    </line>
    <line>
      <![CDATA[<br /><font size = 2 color = #000000>Click on [CheckboxForFirst]</font>]]>
    </line>
    <line>
      <![CDATA[<br /><font size = 2 color = #000000>Click on [BanButton]</font>]]>
    </line>
    <line>
      <![CDATA[<br /><font size = 2 color = #000000>Click on [banButtPopap]</font>]]>
    </line>
    <line>
      <![CDATA[<br><b><font size = 2 color = #000000>3-Check candidat's displaying on "Banned" tab</font></b><br>]]>
    </line>
    <line>
      <![CDATA[<br /><font size = 2 color = #000000>Click on [notTestedCandidate]</font>]]>
    </line>
    <line>
      <![CDATA[<br /><font size = 2 color = #000000>Check if new candidate was added</font>]]>
    </line>
    <line>
      <![CDATA[<br /><font size = 2 color = #347C17>&nbsp;&nbsp;candidate was added</font>]]>
    </line>
    <line>
      <![CDATA[<br /><font size = 2 color = #000000>Click on [check-box of last cand]</font>]]>
    </line>
    <line>
      <![CDATA[<br /><font size = 2 color = #000000>Click on [deleteButton]</font>]]>
    </line>
    <line>
      <![CDATA[<br /><font size = 2 color = #000000>Checking the presence of the elemen [delCandPopAp]</font>]]>
    </line>
    <line>
      <![CDATA[<br /><font size = 2 color = #347C17>&nbsp;&nbsp;[delCandPopAp]is Present</font>]]>
    </line>
    <line>
      <![CDATA[<br /><font size = 2 color = #000000>Click on [deleteCandPopApButton]</font>]]>
    </line>
  </reporter-output>
  <suite name="Default suite" duration-ms="23316" started-at="2015-01-09T16:31:54Z" finished-at="2015-01-09T16:32:17Z">
    <groups>
    </groups>
    <test name="Default test" duration-ms="23316" started-at="2015-01-09T16:31:54Z" finished-at="2015-01-09T16:32:17Z">
      <class name="com.epam.testexternalpart.tests.AddCandidateTest">
        <test-method status="PASS" signature="init()[pri:0, instance:com.epam.testexternalpart.tests.AddCandidateTest@967e8c]" name="init" is-config="true" duration-ms="3720" started-at="2015-01-09T18:31:54Z" finished-at="2015-01-09T18:31:57Z">
          <reporter-output>
          </reporter-output>
        </test-method> <!-- init -->
        <test-method status="PASS" signature="startPage()[pri:0, instance:com.epam.testexternalpart.tests.AddCandidateTest@967e8c]" name="startPage" is-config="true" duration-ms="196" started-at="2015-01-09T18:31:58Z" finished-at="2015-01-09T18:31:58Z">
          <reporter-output>
          </reporter-output>
        </test-method> <!-- startPage -->
        <test-method status="PASS" signature="bannWithButton(java.lang.String)[pri:0, instance:com.epam.testexternalpart.tests.AddCandidateTest@967e8c]" name="bannWithButton" duration-ms="14547" started-at="2015-01-09T18:31:58Z" data-provider="testData" finished-at="2015-01-09T18:32:13Z">
          <params>
            <param index="0">
              <value>
                <![CDATA[Ololo;Ololoev;Olololoevich;02.12.2013;sdhgjshgj@mail.ru;+380505465345;]]>
              </value>
            </param>
          </params>
          <reporter-output>
            <line>
              <![CDATA[<br /><b><font size = 2 color = #000099>Chech Ban button work</font></b><br/>]]>
            </line>
            <line>
              <![CDATA[<br /><font size = 2 color = #000000>Click on [First stream on first dep]</font>]]>
            </line>
            <line>
              <![CDATA[<br><b><font size = 2 color = #000000>1-Create candidate</font></b><br>]]>
            </line>
            <line>
              <![CDATA[<br /><font size = 2 color = #000000>Click on [addCandidateBut]</font>]]>
            </line>
            <line>
              <![CDATA[<br /><font size = 2 color = #000000>Creating new candidate with fields-Ololo;Ololoev;Olololoevich;02.12.2013;sdhgjshgj@mail.ru;+380505465345;</font>]]>
            </line>
            <line>
              <![CDATA[<br /><font size = 2 color = #000000>Click on [Click Create Candidate Button]</font>]]>
            </line>
            <line>
              <![CDATA[<br /><font size = 2 color = #000000>Check if new candidate was added</font>]]>
            </line>
            <line>
              <![CDATA[<br /><font size = 2 color = #347C17>&nbsp;&nbsp;candidate was added</font>]]>
            </line>
            <line>
              <![CDATA[<br><b><font size = 2 color = #000000>2-Ban Candidate</font></b><br>]]>
            </line>
            <line>
              <![CDATA[<br /><font size = 2 color = #000000>Click on [CheckboxForFirst]</font>]]>
            </line>
            <line>
              <![CDATA[<br /><font size = 2 color = #000000>Click on [BanButton]</font>]]>
            </line>
            <line>
              <![CDATA[<br /><font size = 2 color = #000000>Click on [banButtPopap]</font>]]>
            </line>
            <line>
              <![CDATA[<br><b><font size = 2 color = #000000>3-Check candidat's displaying on "Banned" tab</font></b><br>]]>
            </line>
            <line>
              <![CDATA[<br /><font size = 2 color = #000000>Click on [notTestedCandidate]</font>]]>
            </line>
            <line>
              <![CDATA[<br /><font size = 2 color = #000000>Check if new candidate was added</font>]]>
            </line>
            <line>
              <![CDATA[<br /><font size = 2 color = #347C17>&nbsp;&nbsp;candidate was added</font>]]>
            </line>
            <line>
              <![CDATA[<br /><font size = 2 color = #000000>Click on [check-box of last cand]</font>]]>
            </line>
            <line>
              <![CDATA[<br /><font size = 2 color = #000000>Click on [deleteButton]</font>]]>
            </line>
            <line>
              <![CDATA[<br /><font size = 2 color = #000000>Checking the presence of the elemen [delCandPopAp]</font>]]>
            </line>
            <line>
              <![CDATA[<br /><font size = 2 color = #347C17>&nbsp;&nbsp;[delCandPopAp]is Present</font>]]>
            </line>
            <line>
              <![CDATA[<br /><font size = 2 color = #000000>Click on [deleteCandPopApButton]</font>]]>
            </line>
          </reporter-output>
        </test-method> <!-- bannWithButton -->
        <test-method status="PASS" signature="tearDown()[pri:0, instance:com.epam.testexternalpart.tests.AddCandidateTest@967e8c]" name="tearDown" is-config="true" duration-ms="4303" started-at="2015-01-09T18:32:13Z" finished-at="2015-01-09T18:32:17Z">
          <reporter-output>
          </reporter-output>
        </test-method> <!-- tearDown -->
      </class> <!-- com.epam.testexternalpart.tests.AddCandidateTest -->
    </test> <!-- Default test -->
  </suite> <!-- Default suite -->
</testng-results>
