<?xml version="1.0" encoding="UTF-8"?>
<testng-results skipped="0" failed="0" total="1" passed="1">
  <reporter-output>
    <line>
      <![CDATA[<br /><font size = 2 color = #000000>Click on [buttonLogin]</font>]]>
    </line>
    <line>
      <![CDATA[<br /><font size = 2 color = #000000>Click on [Click on settingsButton]</font>]]>
    </line>
    <line>
      <![CDATA[<br /><font size = 2 color = #000000>Click on [Click on subgroupsButton]</font>]]>
    </line>
    <line>
      <![CDATA[<br /><font size = 2 color = #000000>Checking the presence of the elemen [Table is empty.]</font>]]>
    </line>
    <line>
      <![CDATA[<br /><font size = 2 color = #347C17>&nbsp;&nbsp;[Table is empty.]is Present</font>]]>
    </line>
  </reporter-output>
  <suite name="Default suite" duration-ms="11822" started-at="2015-01-26T11:39:22Z" finished-at="2015-01-26T11:39:34Z">
    <groups>
    </groups>
    <test name="Default test" duration-ms="11822" started-at="2015-01-26T11:39:22Z" finished-at="2015-01-26T11:39:34Z">
      <class name="com.epam.testexternalpart.tests.SubgroupTest">
        <test-method status="PASS" signature="init()[pri:0, instance:com.epam.testexternalpart.tests.SubgroupTest@1d94ccbc]" name="init" is-config="true" duration-ms="6518" started-at="2015-01-26T13:39:22Z" finished-at="2015-01-26T13:39:28Z">
          <reporter-output>
            <line>
              <![CDATA[<br /><font size = 2 color = #000000>Click on [buttonLogin]</font>]]>
            </line>
          </reporter-output>
        </test-method> <!-- init -->
        <test-method status="PASS" signature="startPage()[pri:0, instance:com.epam.testexternalpart.tests.SubgroupTest@1d94ccbc]" name="startPage" is-config="true" duration-ms="201" started-at="2015-01-26T13:39:28Z" finished-at="2015-01-26T13:39:29Z">
          <reporter-output>
          </reporter-output>
        </test-method> <!-- startPage -->
        <test-method status="PASS" signature="checkSubgroupTest()[pri:0, instance:com.epam.testexternalpart.tests.SubgroupTest@1d94ccbc]" name="checkSubgroupTest" duration-ms="2639" started-at="2015-01-26T13:39:29Z" finished-at="2015-01-26T13:39:31Z">
          <reporter-output>
            <line>
              <![CDATA[<br /><font size = 2 color = #000000>Click on [Click on settingsButton]</font>]]>
            </line>
            <line>
              <![CDATA[<br /><font size = 2 color = #000000>Click on [Click on subgroupsButton]</font>]]>
            </line>
            <line>
              <![CDATA[<br /><font size = 2 color = #000000>Checking the presence of the elemen [Table is empty.]</font>]]>
            </line>
            <line>
              <![CDATA[<br /><font size = 2 color = #347C17>&nbsp;&nbsp;[Table is empty.]is Present</font>]]>
            </line>
          </reporter-output>
        </test-method> <!-- checkSubgroupTest -->
        <test-method status="PASS" signature="tearDown()[pri:0, instance:com.epam.testexternalpart.tests.SubgroupTest@1d94ccbc]" name="tearDown" is-config="true" duration-ms="2454" started-at="2015-01-26T13:39:31Z" finished-at="2015-01-26T13:39:34Z">
          <reporter-output>
          </reporter-output>
        </test-method> <!-- tearDown -->
      </class> <!-- com.epam.testexternalpart.tests.SubgroupTest -->
    </test> <!-- Default test -->
  </suite> <!-- Default suite -->
</testng-results>
