<?xml version="1.0" encoding="UTF-8"?>
<testng-results skipped="0" failed="1" total="1" passed="0">
  <reporter-output>
    <line>
      <![CDATA[<br /><b><font size = 2 color = #000099>Check adding Stream according to department Java</font></b><br/>]]>
    </line>
    <line>
      <![CDATA[<br /><font size = 2 color = #000000>Checking adding Stream according to Department</font>]]>
    </line>
    <line>
      <![CDATA[<br /><font size = 2 color = #000000>Click on ['Java' Tab]</font>]]>
    </line>
    <line>
      <![CDATA[<br /><font size = 2 color = #000000>Click on [add Stream Button]</font>]]>
    </line>
    <line>
      <![CDATA[<br /><font size = 2 color = #000000>Checking text of element AddStream department name tab 'Java'</font>]]>
    </line>
    <line>
      <![CDATA[<br /><font size = 2 color = #347C17>&nbsp;&nbsp;Text of [AddStream department name tab 'Java'] is correct</font>]]>
    </line>
    <line>
      <![CDATA[<br /><font size = 2 color = #000000>Click on [crumbs Back To Department Page]</font>]]>
    </line>
  </reporter-output>
  <suite name="Default suite" duration-ms="24623" started-at="2015-01-14T10:07:02Z" finished-at="2015-01-14T10:07:27Z">
    <groups>
    </groups>
    <test name="Default test" duration-ms="24623" started-at="2015-01-14T10:07:02Z" finished-at="2015-01-14T10:07:27Z">
      <class name="com.epam.testexternalpart.tests.SmokeTest">
        <test-method status="PASS" signature="init()[pri:0, instance:com.epam.testexternalpart.tests.SmokeTest@2c8d66b2]" name="init" is-config="true" duration-ms="13771" started-at="2015-01-14T12:07:02Z" finished-at="2015-01-14T12:07:16Z">
          <reporter-output>
          </reporter-output>
        </test-method> <!-- init -->
        <test-method status="PASS" signature="startPage()[pri:0, instance:com.epam.testexternalpart.tests.SmokeTest@2c8d66b2]" name="startPage" is-config="true" duration-ms="278" started-at="2015-01-14T12:07:16Z" finished-at="2015-01-14T12:07:16Z">
          <reporter-output>
          </reporter-output>
        </test-method> <!-- startPage -->
        <test-method status="FAIL" signature="checkAddStreamAccordingToDepartment()[pri:0, instance:com.epam.testexternalpart.tests.SmokeTest@2c8d66b2]" name="checkAddStreamAccordingToDepartment" duration-ms="5580" started-at="2015-01-14T12:07:16Z" finished-at="2015-01-14T12:07:22Z">
          <exception class="org.openqa.selenium.StaleElementReferenceException">
            <message>
              <![CDATA[stale element reference: element is not attached to the page document
  (Session info: chrome=39.0.2171.95)
  (Driver info: chromedriver=2.9.248315,platform=Windows NT 6.3 x86_64) (WARNING: The server did not provide any stacktrace information)
Command duration or timeout: 16 milliseconds
For documentation on this error, please visit: http://seleniumhq.org/exceptions/stale_element_reference.html
Build info: version: '2.44.0', revision: '76d78cf323ce037c5f92db6c1bba601c2ac43ad8', time: '2014-10-23 13:11:40'
System info: host: 'EPUAKHAW0083', ip: '192.168.56.1', os.name: 'Windows 8.1', os.arch: 'amd64', os.version: '6.3', java.version: '1.8.0_20'
Driver info: org.openqa.selenium.chrome.ChromeDriver
Capabilities [{applicationCacheEnabled=false, rotatable=false, chrome={userDataDir=C:\Users\OLESIA~1\AppData\Local\Temp\scoped_dir5936_6911}, takesHeapSnapshot=true, databaseEnabled=false, handlesAlerts=true, version=39.0.2171.95, platform=WIN8_1, browserConnectionEnabled=false, nativeEvents=true, acceptSslCerts=true, locationContextEnabled=true, webStorageEnabled=true, browserName=chrome, takesScreenshot=true, javascriptEnabled=true, cssSelectorsEnabled=true}]
Session ID: ff4159540bdac5b7f424e7a312f00c0d]]>
            </message>
            <full-stacktrace>
              <![CDATA[org.openqa.selenium.StaleElementReferenceException: stale element reference: element is not attached to the page document
  (Session info: chrome=39.0.2171.95)
  (Driver info: chromedriver=2.9.248315,platform=Windows NT 6.3 x86_64) (WARNING: The server did not provide any stacktrace information)
Command duration or timeout: 16 milliseconds
For documentation on this error, please visit: http://seleniumhq.org/exceptions/stale_element_reference.html
Build info: version: '2.44.0', revision: '76d78cf323ce037c5f92db6c1bba601c2ac43ad8', time: '2014-10-23 13:11:40'
System info: host: 'EPUAKHAW0083', ip: '192.168.56.1', os.name: 'Windows 8.1', os.arch: 'amd64', os.version: '6.3', java.version: '1.8.0_20'
Driver info: org.openqa.selenium.chrome.ChromeDriver
Capabilities [{applicationCacheEnabled=false, rotatable=false, chrome={userDataDir=C:\Users\OLESIA~1\AppData\Local\Temp\scoped_dir5936_6911}, takesHeapSnapshot=true, databaseEnabled=false, handlesAlerts=true, version=39.0.2171.95, platform=WIN8_1, browserConnectionEnabled=false, nativeEvents=true, acceptSslCerts=true, locationContextEnabled=true, webStorageEnabled=true, browserName=chrome, takesScreenshot=true, javascriptEnabled=true, cssSelectorsEnabled=true}]
Session ID: ff4159540bdac5b7f424e7a312f00c0d
	at sun.reflect.NativeConstructorAccessorImpl.newInstance0(Native Method)
	at sun.reflect.NativeConstructorAccessorImpl.newInstance(NativeConstructorAccessorImpl.java:62)
	at sun.reflect.DelegatingConstructorAccessorImpl.newInstance(DelegatingConstructorAccessorImpl.java:45)
	at java.lang.reflect.Constructor.newInstance(Constructor.java:408)
	at org.openqa.selenium.remote.ErrorHandler.createThrowable(ErrorHandler.java:204)
	at org.openqa.selenium.remote.ErrorHandler.throwIfResponseFailed(ErrorHandler.java:156)
	at org.openqa.selenium.remote.RemoteWebDriver.execute(RemoteWebDriver.java:599)
	at org.openqa.selenium.remote.RemoteWebElement.execute(RemoteWebElement.java:268)
	at org.openqa.selenium.remote.RemoteWebElement.getText(RemoteWebElement.java:152)
	at com.epam.testexternalpart.screen.departments.Departments.selectAndCheckDepartment(Departments.java:212)
	at com.epam.testexternalpart.tests.SmokeTest.checkAddStreamAccordingToDepartment(SmokeTest.java:44)
	at sun.reflect.NativeMethodAccessorImpl.invoke0(Native Method)
	at sun.reflect.NativeMethodAccessorImpl.invoke(NativeMethodAccessorImpl.java:62)
	at sun.reflect.DelegatingMethodAccessorImpl.invoke(DelegatingMethodAccessorImpl.java:43)
	at java.lang.reflect.Method.invoke(Method.java:483)
	at org.testng.internal.MethodInvocationHelper.invokeMethod(MethodInvocationHelper.java:84)
	at org.testng.internal.Invoker.invokeMethod(Invoker.java:714)
	at org.testng.internal.Invoker.invokeTestMethod(Invoker.java:901)
	at org.testng.internal.Invoker.invokeTestMethods(Invoker.java:1231)
	at org.testng.internal.TestMethodWorker.invokeTestMethods(TestMethodWorker.java:127)
	at org.testng.internal.TestMethodWorker.run(TestMethodWorker.java:111)
	at org.testng.TestRunner.privateRun(TestRunner.java:767)
	at org.testng.TestRunner.run(TestRunner.java:617)
	at org.testng.SuiteRunner.runTest(SuiteRunner.java:334)
	at org.testng.SuiteRunner.runSequentially(SuiteRunner.java:329)
	at org.testng.SuiteRunner.privateRun(SuiteRunner.java:291)
	at org.testng.SuiteRunner.run(SuiteRunner.java:240)
	at org.testng.SuiteRunnerWorker.runSuite(SuiteRunnerWorker.java:52)
	at org.testng.SuiteRunnerWorker.run(SuiteRunnerWorker.java:86)
	at org.testng.TestNG.runSuitesSequentially(TestNG.java:1224)
	at org.testng.TestNG.runSuitesLocally(TestNG.java:1149)
	at org.testng.TestNG.run(TestNG.java:1057)
	at org.testng.remote.RemoteTestNG.run(RemoteTestNG.java:111)
	at org.testng.remote.RemoteTestNG.initAndRun(RemoteTestNG.java:204)
	at org.testng.remote.RemoteTestNG.main(RemoteTestNG.java:175)
]]>
            </full-stacktrace>
          </exception> <!-- org.openqa.selenium.StaleElementReferenceException -->
          <reporter-output>
            <line>
              <![CDATA[<br /><b><font size = 2 color = #000099>Check adding Stream according to department Java</font></b><br/>]]>
            </line>
            <line>
              <![CDATA[<br /><font size = 2 color = #000000>Checking adding Stream according to Department</font>]]>
            </line>
            <line>
              <![CDATA[<br /><font size = 2 color = #000000>Click on ['Java' Tab]</font>]]>
            </line>
            <line>
              <![CDATA[<br /><font size = 2 color = #000000>Click on [add Stream Button]</font>]]>
            </line>
            <line>
              <![CDATA[<br /><font size = 2 color = #000000>Checking text of element AddStream department name tab 'Java'</font>]]>
            </line>
            <line>
              <![CDATA[<br /><font size = 2 color = #347C17>&nbsp;&nbsp;Text of [AddStream department name tab 'Java'] is correct</font>]]>
            </line>
            <line>
              <![CDATA[<br /><font size = 2 color = #000000>Click on [crumbs Back To Department Page]</font>]]>
            </line>
          </reporter-output>
        </test-method> <!-- checkAddStreamAccordingToDepartment -->
        <test-method status="PASS" signature="tearDown()[pri:0, instance:com.epam.testexternalpart.tests.SmokeTest@2c8d66b2]" name="tearDown" is-config="true" duration-ms="4959" started-at="2015-01-14T12:07:22Z" finished-at="2015-01-14T12:07:27Z">
          <reporter-output>
          </reporter-output>
        </test-method> <!-- tearDown -->
      </class> <!-- com.epam.testexternalpart.tests.SmokeTest -->
    </test> <!-- Default test -->
  </suite> <!-- Default suite -->
</testng-results>
