<?xml version="1.0" encoding="UTF-8"?>
<testng-results skipped="31" failed="0" total="31" passed="0">
  <reporter-output>
  </reporter-output>
  <suite name="Default suite" duration-ms="9858" started-at="2015-01-21T09:39:30Z" finished-at="2015-01-21T09:39:40Z">
    <groups>
    </groups>
    <test name="Default test" duration-ms="9858" started-at="2015-01-21T09:39:30Z" finished-at="2015-01-21T09:39:40Z">
      <class name="com.epam.testexternalpart.tests.AssigningToTest">
        <test-method status="FAIL" signature="init()[pri:0, instance:com.epam.testexternalpart.tests.AssigningToTest@75bd9247]" name="init" is-config="true" duration-ms="0" started-at="2015-01-21T11:39:30Z" finished-at="2015-01-21T11:39:30Z">
          <exception class="org.openqa.selenium.ElementNotVisibleException">
            <message>
              <![CDATA[element not visible
  (Session info: chrome=39.0.2171.99)
  (Driver info: chromedriver=2.9.248315,platform=Windows NT 6.3 x86_64) (WARNING: The server did not provide any stacktrace information)
Command duration or timeout: 20 milliseconds
Build info: version: '2.44.0', revision: '76d78cf323ce037c5f92db6c1bba601c2ac43ad8', time: '2014-10-23 13:11:40'
System info: host: 'EPUAKHAW0083', ip: '192.168.56.1', os.name: 'Windows 8.1', os.arch: 'amd64', os.version: '6.3', java.version: '1.8.0_20'
Driver info: org.openqa.selenium.chrome.ChromeDriver
Capabilities [{applicationCacheEnabled=false, rotatable=false, chrome={userDataDir=C:\Users\OLESIA~1\AppData\Local\Temp\scoped_dir3624_23048}, takesHeapSnapshot=true, databaseEnabled=false, handlesAlerts=true, version=39.0.2171.99, platform=WIN8_1, browserConnectionEnabled=false, nativeEvents=true, acceptSslCerts=true, locationContextEnabled=true, webStorageEnabled=true, browserName=chrome, takesScreenshot=true, javascriptEnabled=true, cssSelectorsEnabled=true}]
Session ID: 6e91b1350354cb57bf0c47e255b9db1d]]>
            </message>
            <full-stacktrace>
              <![CDATA[org.openqa.selenium.ElementNotVisibleException: element not visible
  (Session info: chrome=39.0.2171.99)
  (Driver info: chromedriver=2.9.248315,platform=Windows NT 6.3 x86_64) (WARNING: The server did not provide any stacktrace information)
Command duration or timeout: 20 milliseconds
Build info: version: '2.44.0', revision: '76d78cf323ce037c5f92db6c1bba601c2ac43ad8', time: '2014-10-23 13:11:40'
System info: host: 'EPUAKHAW0083', ip: '192.168.56.1', os.name: 'Windows 8.1', os.arch: 'amd64', os.version: '6.3', java.version: '1.8.0_20'
Driver info: org.openqa.selenium.chrome.ChromeDriver
Capabilities [{applicationCacheEnabled=false, rotatable=false, chrome={userDataDir=C:\Users\OLESIA~1\AppData\Local\Temp\scoped_dir3624_23048}, takesHeapSnapshot=true, databaseEnabled=false, handlesAlerts=true, version=39.0.2171.99, platform=WIN8_1, browserConnectionEnabled=false, nativeEvents=true, acceptSslCerts=true, locationContextEnabled=true, webStorageEnabled=true, browserName=chrome, takesScreenshot=true, javascriptEnabled=true, cssSelectorsEnabled=true}]
Session ID: 6e91b1350354cb57bf0c47e255b9db1d
	at sun.reflect.NativeConstructorAccessorImpl.newInstance0(Native Method)
	at sun.reflect.NativeConstructorAccessorImpl.newInstance(NativeConstructorAccessorImpl.java:62)
	at sun.reflect.DelegatingConstructorAccessorImpl.newInstance(DelegatingConstructorAccessorImpl.java:45)
	at java.lang.reflect.Constructor.newInstance(Constructor.java:408)
	at org.openqa.selenium.remote.ErrorHandler.createThrowable(ErrorHandler.java:204)
	at org.openqa.selenium.remote.ErrorHandler.throwIfResponseFailed(ErrorHandler.java:156)
	at org.openqa.selenium.remote.RemoteWebDriver.execute(RemoteWebDriver.java:599)
	at org.openqa.selenium.remote.RemoteWebElement.execute(RemoteWebElement.java:268)
	at org.openqa.selenium.remote.RemoteWebElement.click(RemoteWebElement.java:79)
	at sun.reflect.NativeMethodAccessorImpl.invoke0(Native Method)
	at sun.reflect.NativeMethodAccessorImpl.invoke(NativeMethodAccessorImpl.java:62)
	at sun.reflect.DelegatingMethodAccessorImpl.invoke(DelegatingMethodAccessorImpl.java:43)
	at java.lang.reflect.Method.invoke(Method.java:483)
	at org.openqa.selenium.support.pagefactory.internal.LocatingElementHandler.invoke(LocatingElementHandler.java:50)
	at com.sun.proxy.$Proxy8.click(Unknown Source)
	at com.epam.testexternalpart.screen.LoginPage.selectExternalPart(LoginPage.java:48)
	at com.epam.testexternalpart.core.BaseTest.init(BaseTest.java:77)
	at sun.reflect.NativeMethodAccessorImpl.invoke0(Native Method)
	at sun.reflect.NativeMethodAccessorImpl.invoke(NativeMethodAccessorImpl.java:62)
	at sun.reflect.DelegatingMethodAccessorImpl.invoke(DelegatingMethodAccessorImpl.java:43)
	at java.lang.reflect.Method.invoke(Method.java:483)
	at org.testng.internal.MethodInvocationHelper.invokeMethod(MethodInvocationHelper.java:84)
	at org.testng.internal.Invoker.invokeConfigurationMethod(Invoker.java:564)
	at org.testng.internal.Invoker.invokeConfigurations(Invoker.java:213)
	at org.testng.internal.Invoker.invokeConfigurations(Invoker.java:138)
	at org.testng.internal.TestMethodWorker.invokeBeforeClassMethods(TestMethodWorker.java:175)
	at org.testng.internal.TestMethodWorker.run(TestMethodWorker.java:107)
	at org.testng.TestRunner.privateRun(TestRunner.java:767)
	at org.testng.TestRunner.run(TestRunner.java:617)
	at org.testng.SuiteRunner.runTest(SuiteRunner.java:334)
	at org.testng.SuiteRunner.runSequentially(SuiteRunner.java:329)
	at org.testng.SuiteRunner.privateRun(SuiteRunner.java:291)
	at org.testng.SuiteRunner.run(SuiteRunner.java:240)
	at org.testng.SuiteRunnerWorker.runSuite(SuiteRunnerWorker.java:52)
	at org.testng.SuiteRunnerWorker.run(SuiteRunnerWorker.java:86)
	at org.testng.TestNG.runSuitesSequentially(TestNG.java:1224)
	at org.testng.TestNG.runSuitesLocally(TestNG.java:1149)
	at org.testng.TestNG.run(TestNG.java:1057)
	at org.testng.remote.RemoteTestNG.run(RemoteTestNG.java:111)
	at org.testng.remote.RemoteTestNG.initAndRun(RemoteTestNG.java:204)
	at org.testng.remote.RemoteTestNG.main(RemoteTestNG.java:175)
]]>
            </full-stacktrace>
          </exception> <!-- org.openqa.selenium.ElementNotVisibleException -->
          <reporter-output>
          </reporter-output>
        </test-method> <!-- init -->
        <test-method status="SKIP" signature="startPage()[pri:0, instance:com.epam.testexternalpart.tests.AssigningToTest@75bd9247]" name="startPage" is-config="true" duration-ms="0" started-at="2015-01-21T11:39:39Z" finished-at="2015-01-21T11:39:39Z">
          <reporter-output>
          </reporter-output>
        </test-method> <!-- startPage -->
        <test-method status="SKIP" signature="addStream(java.lang.String)[pri:0, instance:com.epam.testexternalpart.tests.AssigningToTest@75bd9247]" name="addStream" duration-ms="16" started-at="2015-01-21T11:39:39Z" data-provider="testData" finished-at="2015-01-21T11:39:39Z">
          <params>
            <param index="0">
              <value>
                <![CDATA[Autumn 2015]]>
              </value>
            </param>
          </params>
          <reporter-output>
          </reporter-output>
        </test-method> <!-- addStream -->
        <test-method status="SKIP" signature="addCandidates(java.lang.String, java.lang.String)[pri:0, instance:com.epam.testexternalpart.tests.AssigningToTest@75bd9247]" name="addCandidates" duration-ms="0" started-at="2015-01-21T11:39:39Z" data-provider="testData" finished-at="2015-01-21T11:39:39Z">
          <params>
            <param index="0">
              <value>
                <![CDATA[Autumn 2015]]>
              </value>
            </param>
            <param index="1">
              <value>
                <![CDATA[Семен;Пяточкин;Сергеевич;04.02.1990;vasya.pupkin379@yandex.ru;+087894156114;+097894164111;ХПИ;Компютерных наук;специалист;2004;2009;компьютерная академия ШАГ;основные понятия по Java;русский, украинский - разговорный, английский - со словарем]]>
              </value>
            </param>
          </params>
          <reporter-output>
          </reporter-output>
        </test-method> <!-- addCandidates -->
        <test-method status="SKIP" signature="startPage()[pri:0, instance:com.epam.testexternalpart.tests.AssigningToTest@75bd9247]" name="startPage" is-config="true" duration-ms="0" started-at="2015-01-21T11:39:39Z" finished-at="2015-01-21T11:39:39Z">
          <reporter-output>
          </reporter-output>
        </test-method> <!-- startPage -->
        <test-method status="SKIP" signature="addCandidates(java.lang.String, java.lang.String)[pri:0, instance:com.epam.testexternalpart.tests.AssigningToTest@75bd9247]" name="addCandidates" duration-ms="0" started-at="2015-01-21T11:39:39Z" data-provider="testData" finished-at="2015-01-21T11:39:39Z">
          <params>
            <param index="0">
              <value>
                <![CDATA[Autumn 2015]]>
              </value>
            </param>
            <param index="1">
              <value>
                <![CDATA[Денис;Петрушкин;Геннадьевич;16.04.1991;pupkin379@i.ua;+087894156114;+097894164111;ХПИ;Компютерных наук;специалист;2004;2009;компьютерная академия ШАГ;основные понятия по Java;русский, украинский - разговорный, английский - со словарем]]>
              </value>
            </param>
          </params>
          <reporter-output>
          </reporter-output>
        </test-method> <!-- addCandidates -->
        <test-method status="SKIP" signature="addCandidates(java.lang.String, java.lang.String)[pri:0, instance:com.epam.testexternalpart.tests.AssigningToTest@75bd9247]" name="addCandidates" duration-ms="16" started-at="2015-01-21T11:39:39Z" data-provider="testData" finished-at="2015-01-21T11:39:39Z">
          <params>
            <param index="0">
              <value>
                <![CDATA[Autumn 2015]]>
              </value>
            </param>
            <param index="1">
              <value>
                <![CDATA[Илья;Сметанкин;Олегович;13.05.1992;student19843@mail.ru;+045894156114;+097894164111;ХПИ;Компютерных наук;специалист;2004;2009;компьютерная академия ШАГ;основные понятия по Java;русский, украинский - разговорный, английский - со словарем]]>
              </value>
            </param>
          </params>
          <reporter-output>
          </reporter-output>
        </test-method> <!-- addCandidates -->
        <test-method status="SKIP" signature="startPage()[pri:0, instance:com.epam.testexternalpart.tests.AssigningToTest@75bd9247]" name="startPage" is-config="true" duration-ms="0" started-at="2015-01-21T11:39:39Z" finished-at="2015-01-21T11:39:39Z">
          <reporter-output>
          </reporter-output>
        </test-method> <!-- startPage -->
        <test-method status="SKIP" signature="startPage()[pri:0, instance:com.epam.testexternalpart.tests.AssigningToTest@75bd9247]" name="startPage" is-config="true" duration-ms="0" started-at="2015-01-21T11:39:39Z" finished-at="2015-01-21T11:39:39Z">
          <reporter-output>
          </reporter-output>
        </test-method> <!-- startPage -->
        <test-method status="SKIP" signature="addCandidates(java.lang.String, java.lang.String)[pri:0, instance:com.epam.testexternalpart.tests.AssigningToTest@75bd9247]" name="addCandidates" duration-ms="0" started-at="2015-01-21T11:39:39Z" data-provider="testData" finished-at="2015-01-21T11:39:39Z">
          <params>
            <param index="0">
              <value>
                <![CDATA[Autumn 2015]]>
              </value>
            </param>
            <param index="1">
              <value>
                <![CDATA[Олег;Ромашкин;Федорович;21.09.1990;pupkin379@rambler.ru;+397894164112;+097894164111;ХПИ;Компютерных наук;специалист;2004;2009;компьютерная академия ШАГ;основные понятия по Java;русский, украинский - разговорный, английский - со словарем]]>
              </value>
            </param>
          </params>
          <reporter-output>
          </reporter-output>
        </test-method> <!-- addCandidates -->
        <test-method status="SKIP" signature="startPage()[pri:0, instance:com.epam.testexternalpart.tests.AssigningToTest@75bd9247]" name="startPage" is-config="true" duration-ms="0" started-at="2015-01-21T11:39:39Z" finished-at="2015-01-21T11:39:39Z">
          <reporter-output>
          </reporter-output>
        </test-method> <!-- startPage -->
        <test-method status="SKIP" signature="addCandidates(java.lang.String, java.lang.String)[pri:0, instance:com.epam.testexternalpart.tests.AssigningToTest@75bd9247]" name="addCandidates" duration-ms="0" started-at="2015-01-21T11:39:39Z" data-provider="testData" finished-at="2015-01-21T11:39:39Z">
          <params>
            <param index="0">
              <value>
                <![CDATA[Autumn 2015]]>
              </value>
            </param>
            <param index="1">
              <value>
                <![CDATA[Леонид;Незнающий;Клементьевич;15.06.1992;student@com;+045894156114;+097894164111;ХПИ;Компютерных наук;специалист;2004;2009;компьютерная академия ШАГ;основные понятия по Java;русский, украинский - разговорный, английский - со словарем]]>
              </value>
            </param>
          </params>
          <reporter-output>
          </reporter-output>
        </test-method> <!-- addCandidates -->
        <test-method status="SKIP" signature="startPage()[pri:0, instance:com.epam.testexternalpart.tests.AssigningToTest@75bd9247]" name="startPage" is-config="true" duration-ms="0" started-at="2015-01-21T11:39:39Z" finished-at="2015-01-21T11:39:39Z">
          <reporter-output>
          </reporter-output>
        </test-method> <!-- startPage -->
        <test-method status="SKIP" signature="addCandidates(java.lang.String, java.lang.String)[pri:0, instance:com.epam.testexternalpart.tests.AssigningToTest@75bd9247]" name="addCandidates" duration-ms="0" started-at="2015-01-21T11:39:39Z" data-provider="testData" finished-at="2015-01-21T11:39:39Z">
          <params>
            <param index="0">
              <value>
                <![CDATA[Autumn 2015]]>
              </value>
            </param>
            <param index="1">
              <value>
                <![CDATA[Кирилл;Хмельной;Артурович;15.06.1992;student19843@ukr.net;+045894156114;+097894164111;ХПИ;Компютерных наук;специалист;2004;2009;компьютерная академия ШАГ;основные понятия по Java;русский, украинский - разговорный, английский - со словарем]]>
              </value>
            </param>
          </params>
          <reporter-output>
          </reporter-output>
        </test-method> <!-- addCandidates -->
        <test-method status="SKIP" signature="startPage()[pri:0, instance:com.epam.testexternalpart.tests.AssigningToTest@75bd9247]" name="startPage" is-config="true" duration-ms="0" started-at="2015-01-21T11:39:39Z" finished-at="2015-01-21T11:39:39Z">
          <reporter-output>
          </reporter-output>
        </test-method> <!-- startPage -->
        <test-method status="SKIP" signature="addCandidates(java.lang.String, java.lang.String)[pri:0, instance:com.epam.testexternalpart.tests.AssigningToTest@75bd9247]" name="addCandidates" duration-ms="0" started-at="2015-01-21T11:39:39Z" data-provider="testData" finished-at="2015-01-21T11:39:39Z">
          <params>
            <param index="0">
              <value>
                <![CDATA[Autumn 2015]]>
              </value>
            </param>
            <param index="1">
              <value>
                <![CDATA[Лев;Топорин;Борисович;15.06.1992;student18844@gmail.com;+045894156114;+097894164111;ХПИ;Компютерных наук;специалист;2004;2009;компьютерная академия ШАГ;основные понятия по Java;русский, украинский - разговорный, английский - со словарем]]>
              </value>
            </param>
          </params>
          <reporter-output>
          </reporter-output>
        </test-method> <!-- addCandidates -->
        <test-method status="SKIP" signature="startPage()[pri:0, instance:com.epam.testexternalpart.tests.AssigningToTest@75bd9247]" name="startPage" is-config="true" duration-ms="0" started-at="2015-01-21T11:39:39Z" finished-at="2015-01-21T11:39:39Z">
          <reporter-output>
          </reporter-output>
        </test-method> <!-- startPage -->
        <test-method status="SKIP" signature="startPage()[pri:0, instance:com.epam.testexternalpart.tests.AssigningToTest@75bd9247]" name="startPage" is-config="true" duration-ms="0" started-at="2015-01-21T11:39:40Z" finished-at="2015-01-21T11:39:40Z">
          <reporter-output>
          </reporter-output>
        </test-method> <!-- startPage -->
        <test-method status="SKIP" signature="checkNotTestedCand(java.lang.String, java.lang.String, java.lang.String)[pri:0, instance:com.epam.testexternalpart.tests.AssigningToTest@75bd9247]" name="checkNotTestedCand" duration-ms="0" started-at="2015-01-21T11:39:40Z" data-provider="testData" finished-at="2015-01-21T11:39:40Z">
          <params>
            <param index="0">
              <value>
                <![CDATA[Autumn 2015]]>
              </value>
            </param>
            <param index="1">
              <value>
                <![CDATA[Кирилл;Хмельной;Артурович;15.06.1992;student19843@ukr.net;+045894156114]]>
              </value>
            </param>
            <param index="2">
              <value>
                <![CDATA[1.0]]>
              </value>
            </param>
          </params>
          <reporter-output>
          </reporter-output>
        </test-method> <!-- checkNotTestedCand -->
        <test-method status="SKIP" signature="startPage()[pri:0, instance:com.epam.testexternalpart.tests.AssigningToTest@75bd9247]" name="startPage" is-config="true" duration-ms="0" started-at="2015-01-21T11:39:40Z" finished-at="2015-01-21T11:39:40Z">
          <reporter-output>
          </reporter-output>
        </test-method> <!-- startPage -->
        <test-method status="SKIP" signature="checkNotTestedCand(java.lang.String, java.lang.String, java.lang.String)[pri:0, instance:com.epam.testexternalpart.tests.AssigningToTest@75bd9247]" name="checkNotTestedCand" duration-ms="0" started-at="2015-01-21T11:39:40Z" data-provider="testData" finished-at="2015-01-21T11:39:40Z">
          <params>
            <param index="0">
              <value>
                <![CDATA[Autumn 2015]]>
              </value>
            </param>
            <param index="1">
              <value>
                <![CDATA[Семен;Пяточкин;Сергеевич;04.02.1990;vasya.pupkin379@yandex.ru;+087894156114]]>
              </value>
            </param>
            <param index="2">
              <value>
                <![CDATA[5.0]]>
              </value>
            </param>
          </params>
          <reporter-output>
          </reporter-output>
        </test-method> <!-- checkNotTestedCand -->
        <test-method status="SKIP" signature="checkNotTestedCand(java.lang.String, java.lang.String, java.lang.String)[pri:0, instance:com.epam.testexternalpart.tests.AssigningToTest@75bd9247]" name="checkNotTestedCand" duration-ms="0" started-at="2015-01-21T11:39:40Z" data-provider="testData" finished-at="2015-01-21T11:39:40Z">
          <params>
            <param index="0">
              <value>
                <![CDATA[Autumn 2015]]>
              </value>
            </param>
            <param index="1">
              <value>
                <![CDATA[Денис;Петрушкин;Геннадьевич;16.04.1991;pupkin379@i.ua;+087894156114]]>
              </value>
            </param>
            <param index="2">
              <value>
                <![CDATA[6.0]]>
              </value>
            </param>
          </params>
          <reporter-output>
          </reporter-output>
        </test-method> <!-- checkNotTestedCand -->
        <test-method status="SKIP" signature="checkNotTestedCand(java.lang.String, java.lang.String, java.lang.String)[pri:0, instance:com.epam.testexternalpart.tests.AssigningToTest@75bd9247]" name="checkNotTestedCand" duration-ms="0" started-at="2015-01-21T11:39:40Z" data-provider="testData" finished-at="2015-01-21T11:39:40Z">
          <params>
            <param index="0">
              <value>
                <![CDATA[Autumn 2015]]>
              </value>
            </param>
            <param index="1">
              <value>
                <![CDATA[Илья;Сметанкин;Олегович;13.05.1992;student19843@mail.ru;+045894156114]]>
              </value>
            </param>
            <param index="2">
              <value>
                <![CDATA[4.0]]>
              </value>
            </param>
          </params>
          <reporter-output>
          </reporter-output>
        </test-method> <!-- checkNotTestedCand -->
        <test-method status="SKIP" signature="checkNotTestedCand(java.lang.String, java.lang.String, java.lang.String)[pri:0, instance:com.epam.testexternalpart.tests.AssigningToTest@75bd9247]" name="checkNotTestedCand" duration-ms="0" started-at="2015-01-21T11:39:40Z" data-provider="testData" finished-at="2015-01-21T11:39:40Z">
          <params>
            <param index="0">
              <value>
                <![CDATA[Autumn 2015]]>
              </value>
            </param>
            <param index="1">
              <value>
                <![CDATA[Лев;Топорин;Борисович;15.06.1992;student18844@gmail.com;+045894156114]]>
              </value>
            </param>
            <param index="2">
              <value>
                <![CDATA[3.0]]>
              </value>
            </param>
          </params>
          <reporter-output>
          </reporter-output>
        </test-method> <!-- checkNotTestedCand -->
        <test-method status="SKIP" signature="startPage()[pri:0, instance:com.epam.testexternalpart.tests.AssigningToTest@75bd9247]" name="startPage" is-config="true" duration-ms="0" started-at="2015-01-21T11:39:40Z" finished-at="2015-01-21T11:39:40Z">
          <reporter-output>
          </reporter-output>
        </test-method> <!-- startPage -->
        <test-method status="SKIP" signature="startPage()[pri:0, instance:com.epam.testexternalpart.tests.AssigningToTest@75bd9247]" name="startPage" is-config="true" duration-ms="0" started-at="2015-01-21T11:39:40Z" finished-at="2015-01-21T11:39:40Z">
          <reporter-output>
          </reporter-output>
        </test-method> <!-- startPage -->
        <test-method status="SKIP" signature="startPage()[pri:0, instance:com.epam.testexternalpart.tests.AssigningToTest@75bd9247]" name="startPage" is-config="true" duration-ms="0" started-at="2015-01-21T11:39:40Z" finished-at="2015-01-21T11:39:40Z">
          <reporter-output>
          </reporter-output>
        </test-method> <!-- startPage -->
        <test-method status="SKIP" signature="startPage()[pri:0, instance:com.epam.testexternalpart.tests.AssigningToTest@75bd9247]" name="startPage" is-config="true" duration-ms="0" started-at="2015-01-21T11:39:40Z" finished-at="2015-01-21T11:39:40Z">
          <reporter-output>
          </reporter-output>
        </test-method> <!-- startPage -->
        <test-method status="SKIP" signature="checkNotTestedCand(java.lang.String, java.lang.String, java.lang.String)[pri:0, instance:com.epam.testexternalpart.tests.AssigningToTest@75bd9247]" name="checkNotTestedCand" duration-ms="0" started-at="2015-01-21T11:39:40Z" data-provider="testData" finished-at="2015-01-21T11:39:40Z">
          <params>
            <param index="0">
              <value>
                <![CDATA[Autumn 2015]]>
              </value>
            </param>
            <param index="1">
              <value>
                <![CDATA[Леонид;Незнающий;Клементьевич;15.06.1992;student@com;+045894156114]]>
              </value>
            </param>
            <param index="2">
              <value>
                <![CDATA[2.0]]>
              </value>
            </param>
          </params>
          <reporter-output>
          </reporter-output>
        </test-method> <!-- checkNotTestedCand -->
        <test-method status="SKIP" signature="checkNotTestedCand(java.lang.String, java.lang.String, java.lang.String)[pri:0, instance:com.epam.testexternalpart.tests.AssigningToTest@75bd9247]" name="checkNotTestedCand" duration-ms="0" started-at="2015-01-21T11:39:40Z" data-provider="testData" finished-at="2015-01-21T11:39:40Z">
          <params>
            <param index="0">
              <value>
                <![CDATA[Autumn 2015]]>
              </value>
            </param>
            <param index="1">
              <value>
                <![CDATA[Олег;Ромашкин;Федорович;21.09.1990;pupkin379@rambler.ru;+397894164112]]>
              </value>
            </param>
            <param index="2">
              <value>
                <![CDATA[7.0]]>
              </value>
            </param>
          </params>
          <reporter-output>
          </reporter-output>
        </test-method> <!-- checkNotTestedCand -->
        <test-method status="SKIP" signature="startPage()[pri:0, instance:com.epam.testexternalpart.tests.AssigningToTest@75bd9247]" name="startPage" is-config="true" duration-ms="0" started-at="2015-01-21T11:39:40Z" finished-at="2015-01-21T11:39:40Z">
          <reporter-output>
          </reporter-output>
        </test-method> <!-- startPage -->
        <test-method status="SKIP" signature="assignTest(java.lang.String)[pri:0, instance:com.epam.testexternalpart.tests.AssigningToTest@75bd9247]" name="assignTest" duration-ms="0" started-at="2015-01-21T11:39:40Z" data-provider="testData" finished-at="2015-01-21T11:39:40Z">
          <params>
            <param index="0">
              <value>
                <![CDATA[Autumn 2015]]>
              </value>
            </param>
          </params>
          <reporter-output>
          </reporter-output>
        </test-method> <!-- assignTest -->
        <test-method status="SKIP" signature="startPage()[pri:0, instance:com.epam.testexternalpart.tests.AssigningToTest@75bd9247]" name="startPage" is-config="true" duration-ms="0" started-at="2015-01-21T11:39:40Z" finished-at="2015-01-21T11:39:40Z">
          <reporter-output>
          </reporter-output>
        </test-method> <!-- startPage -->
        <test-method status="SKIP" signature="checkAssignedToTestCand(java.lang.String, java.lang.String, java.lang.String)[pri:0, instance:com.epam.testexternalpart.tests.AssigningToTest@75bd9247]" name="checkAssignedToTestCand" duration-ms="0" started-at="2015-01-21T11:39:40Z" data-provider="testData" finished-at="2015-01-21T11:39:40Z">
          <params>
            <param index="0">
              <value>
                <![CDATA[Autumn 2015]]>
              </value>
            </param>
            <param index="1">
              <value>
                <![CDATA[Семен;Пяточкин;Сергеевич;04.02.1990;vasya.pupkin379@yandex.ru;+087894156114]]>
              </value>
            </param>
            <param index="2">
              <value>
                <![CDATA[4.0]]>
              </value>
            </param>
          </params>
          <reporter-output>
          </reporter-output>
        </test-method> <!-- checkAssignedToTestCand -->
        <test-method status="SKIP" signature="checkAssignedToTestCand(java.lang.String, java.lang.String, java.lang.String)[pri:0, instance:com.epam.testexternalpart.tests.AssigningToTest@75bd9247]" name="checkAssignedToTestCand" duration-ms="0" started-at="2015-01-21T11:39:40Z" data-provider="testData" finished-at="2015-01-21T11:39:40Z">
          <params>
            <param index="0">
              <value>
                <![CDATA[Autumn 2015]]>
              </value>
            </param>
            <param index="1">
              <value>
                <![CDATA[Лев;Топорин;Борисович;15.06.1992;student18844@gmail.com;+045894156114]]>
              </value>
            </param>
            <param index="2">
              <value>
                <![CDATA[2.0]]>
              </value>
            </param>
          </params>
          <reporter-output>
          </reporter-output>
        </test-method> <!-- checkAssignedToTestCand -->
        <test-method status="SKIP" signature="startPage()[pri:0, instance:com.epam.testexternalpart.tests.AssigningToTest@75bd9247]" name="startPage" is-config="true" duration-ms="0" started-at="2015-01-21T11:39:40Z" finished-at="2015-01-21T11:39:40Z">
          <reporter-output>
          </reporter-output>
        </test-method> <!-- startPage -->
        <test-method status="SKIP" signature="startPage()[pri:0, instance:com.epam.testexternalpart.tests.AssigningToTest@75bd9247]" name="startPage" is-config="true" duration-ms="0" started-at="2015-01-21T11:39:40Z" finished-at="2015-01-21T11:39:40Z">
          <reporter-output>
          </reporter-output>
        </test-method> <!-- startPage -->
        <test-method status="SKIP" signature="startPage()[pri:0, instance:com.epam.testexternalpart.tests.AssigningToTest@75bd9247]" name="startPage" is-config="true" duration-ms="0" started-at="2015-01-21T11:39:40Z" finished-at="2015-01-21T11:39:40Z">
          <reporter-output>
          </reporter-output>
        </test-method> <!-- startPage -->
        <test-method status="SKIP" signature="checkAssignedToTestCand(java.lang.String, java.lang.String, java.lang.String)[pri:0, instance:com.epam.testexternalpart.tests.AssigningToTest@75bd9247]" name="checkAssignedToTestCand" duration-ms="0" started-at="2015-01-21T11:39:40Z" data-provider="testData" finished-at="2015-01-21T11:39:40Z">
          <params>
            <param index="0">
              <value>
                <![CDATA[Autumn 2015]]>
              </value>
            </param>
            <param index="1">
              <value>
                <![CDATA[Кирилл;Хмельной;Артурович;15.06.1992;student19843@ukr.net;+045894156114]]>
              </value>
            </param>
            <param index="2">
              <value>
                <![CDATA[1.0]]>
              </value>
            </param>
          </params>
          <reporter-output>
          </reporter-output>
        </test-method> <!-- checkAssignedToTestCand -->
        <test-method status="SKIP" signature="checkAssignedToTestCand(java.lang.String, java.lang.String, java.lang.String)[pri:0, instance:com.epam.testexternalpart.tests.AssigningToTest@75bd9247]" name="checkAssignedToTestCand" duration-ms="0" started-at="2015-01-21T11:39:40Z" data-provider="testData" finished-at="2015-01-21T11:39:40Z">
          <params>
            <param index="0">
              <value>
                <![CDATA[Autumn 2015]]>
              </value>
            </param>
            <param index="1">
              <value>
                <![CDATA[Илья;Сметанкин;Олегович;13.05.1992;student19843@mail.ru;+045894156114]]>
              </value>
            </param>
            <param index="2">
              <value>
                <![CDATA[3.0]]>
              </value>
            </param>
          </params>
          <reporter-output>
          </reporter-output>
        </test-method> <!-- checkAssignedToTestCand -->
        <test-method status="SKIP" signature="startPage()[pri:0, instance:com.epam.testexternalpart.tests.AssigningToTest@75bd9247]" name="startPage" is-config="true" duration-ms="0" started-at="2015-01-21T11:39:40Z" finished-at="2015-01-21T11:39:40Z">
          <reporter-output>
          </reporter-output>
        </test-method> <!-- startPage -->
        <test-method status="SKIP" signature="startPage()[pri:0, instance:com.epam.testexternalpart.tests.AssigningToTest@75bd9247]" name="startPage" is-config="true" duration-ms="0" started-at="2015-01-21T11:39:40Z" finished-at="2015-01-21T11:39:40Z">
          <reporter-output>
          </reporter-output>
        </test-method> <!-- startPage -->
        <test-method status="SKIP" signature="responseFromCandidates()[pri:0, instance:com.epam.testexternalpart.tests.AssigningToTest@75bd9247]" name="responseFromCandidates" duration-ms="0" started-at="2015-01-21T11:39:40Z" finished-at="2015-01-21T11:39:40Z">
          <reporter-output>
          </reporter-output>
        </test-method> <!-- responseFromCandidates -->
        <test-method status="SKIP" signature="checkAssignedToTestCand(java.lang.String, java.lang.String, java.lang.String)[pri:0, instance:com.epam.testexternalpart.tests.AssigningToTest@75bd9247]" name="checkAssignedToTestCand" duration-ms="0" started-at="2015-01-21T11:39:40Z" data-provider="testData" finished-at="2015-01-21T11:39:40Z">
          <params>
            <param index="0">
              <value>
                <![CDATA[Autumn 2015]]>
              </value>
            </param>
            <param index="1">
              <value>
                <![CDATA[Денис;Петрушкин;Геннадьевич;16.04.1991;pupkin379@i.ua;+087894156114]]>
              </value>
            </param>
            <param index="2">
              <value>
                <![CDATA[5.0]]>
              </value>
            </param>
          </params>
          <reporter-output>
          </reporter-output>
        </test-method> <!-- checkAssignedToTestCand -->
        <test-method status="SKIP" signature="startPage()[pri:0, instance:com.epam.testexternalpart.tests.AssigningToTest@75bd9247]" name="startPage" is-config="true" duration-ms="0" started-at="2015-01-21T11:39:40Z" finished-at="2015-01-21T11:39:40Z">
          <reporter-output>
          </reporter-output>
        </test-method> <!-- startPage -->
        <test-method status="SKIP" signature="checkAssignedToTestCand(java.lang.String, java.lang.String, java.lang.String)[pri:0, instance:com.epam.testexternalpart.tests.AssigningToTest@75bd9247]" name="checkAssignedToTestCand" duration-ms="0" started-at="2015-01-21T11:39:40Z" data-provider="testData" finished-at="2015-01-21T11:39:40Z">
          <params>
            <param index="0">
              <value>
                <![CDATA[Autumn 2015]]>
              </value>
            </param>
            <param index="1">
              <value>
                <![CDATA[Олег;Ромашкин;Федорович;21.09.1990;pupkin379@rambler.ru;+397894164112]]>
              </value>
            </param>
            <param index="2">
              <value>
                <![CDATA[6.0]]>
              </value>
            </param>
          </params>
          <reporter-output>
          </reporter-output>
        </test-method> <!-- checkAssignedToTestCand -->
        <test-method status="SKIP" signature="startPage()[pri:0, instance:com.epam.testexternalpart.tests.AssigningToTest@75bd9247]" name="startPage" is-config="true" duration-ms="0" started-at="2015-01-21T11:39:40Z" finished-at="2015-01-21T11:39:40Z">
          <reporter-output>
          </reporter-output>
        </test-method> <!-- startPage -->
        <test-method status="SKIP" signature="checkConfirmedCand(java.lang.String, java.lang.String, java.lang.String)[pri:0, instance:com.epam.testexternalpart.tests.AssigningToTest@75bd9247]" name="checkConfirmedCand" duration-ms="0" started-at="2015-01-21T11:39:40Z" data-provider="testData" finished-at="2015-01-21T11:39:40Z">
          <params>
            <param index="0">
              <value>
                <![CDATA[Autumn 2015]]>
              </value>
            </param>
            <param index="1">
              <value>
                <![CDATA[Денис;Петрушкин;Геннадьевич;16.04.1991;pupkin379@i.ua;+087894156114]]>
              </value>
            </param>
            <param index="2">
              <value>
                <![CDATA[1.0]]>
              </value>
            </param>
          </params>
          <reporter-output>
          </reporter-output>
        </test-method> <!-- checkConfirmedCand -->
        <test-method status="SKIP" signature="startPage()[pri:0, instance:com.epam.testexternalpart.tests.AssigningToTest@75bd9247]" name="startPage" is-config="true" duration-ms="0" started-at="2015-01-21T11:39:40Z" finished-at="2015-01-21T11:39:40Z">
          <reporter-output>
          </reporter-output>
        </test-method> <!-- startPage -->
        <test-method status="SKIP" signature="startPage()[pri:0, instance:com.epam.testexternalpart.tests.AssigningToTest@75bd9247]" name="startPage" is-config="true" duration-ms="0" started-at="2015-01-21T11:39:40Z" finished-at="2015-01-21T11:39:40Z">
          <reporter-output>
          </reporter-output>
        </test-method> <!-- startPage -->
        <test-method status="SKIP" signature="checkNotActualCand(java.lang.String, java.lang.String, java.lang.String)[pri:0, instance:com.epam.testexternalpart.tests.AssigningToTest@75bd9247]" name="checkNotActualCand" duration-ms="0" started-at="2015-01-21T11:39:40Z" data-provider="testData" finished-at="2015-01-21T11:39:40Z">
          <params>
            <param index="0">
              <value>
                <![CDATA[Autumn 2015]]>
              </value>
            </param>
            <param index="1">
              <value>
                <![CDATA[Семен;Пяточкин;Сергеевич;04.02.1990;vasya.pupkin379@yandex.ru;+087894156114]]>
              </value>
            </param>
            <param index="2">
              <value>
                <![CDATA[1.0]]>
              </value>
            </param>
          </params>
          <reporter-output>
          </reporter-output>
        </test-method> <!-- checkNotActualCand -->
        <test-method status="SKIP" signature="checkNewTimeCand(java.lang.String, java.lang.String, java.lang.String)[pri:0, instance:com.epam.testexternalpart.tests.AssigningToTest@75bd9247]" name="checkNewTimeCand" duration-ms="0" started-at="2015-01-21T11:39:40Z" data-provider="testData" finished-at="2015-01-21T11:39:40Z">
          <params>
            <param index="0">
              <value>
                <![CDATA[Autumn 2015]]>
              </value>
            </param>
            <param index="1">
              <value>
                <![CDATA[Олег;Ромашкин;Федорович;21.09.1990;pupkin379@rambler.ru;+397894164112]]>
              </value>
            </param>
            <param index="2">
              <value>
                <![CDATA[2.0]]>
              </value>
            </param>
          </params>
          <reporter-output>
          </reporter-output>
        </test-method> <!-- checkNewTimeCand -->
        <test-method status="SKIP" signature="startPage()[pri:0, instance:com.epam.testexternalpart.tests.AssigningToTest@75bd9247]" name="startPage" is-config="true" duration-ms="0" started-at="2015-01-21T11:39:40Z" finished-at="2015-01-21T11:39:40Z">
          <reporter-output>
          </reporter-output>
        </test-method> <!-- startPage -->
        <test-method status="SKIP" signature="startPage()[pri:0, instance:com.epam.testexternalpart.tests.AssigningToTest@75bd9247]" name="startPage" is-config="true" duration-ms="0" started-at="2015-01-21T11:39:40Z" finished-at="2015-01-21T11:39:40Z">
          <reporter-output>
          </reporter-output>
        </test-method> <!-- startPage -->
        <test-method status="SKIP" signature="checkNewTimeCand(java.lang.String, java.lang.String, java.lang.String)[pri:0, instance:com.epam.testexternalpart.tests.AssigningToTest@75bd9247]" name="checkNewTimeCand" duration-ms="0" started-at="2015-01-21T11:39:40Z" data-provider="testData" finished-at="2015-01-21T11:39:40Z">
          <params>
            <param index="0">
              <value>
                <![CDATA[Autumn 2015]]>
              </value>
            </param>
            <param index="1">
              <value>
                <![CDATA[Леонид;Незнающий;Клементьевич;15.06.1992;student@com;+045894156114]]>
              </value>
            </param>
            <param index="2">
              <value>
                <![CDATA[1.0]]>
              </value>
            </param>
          </params>
          <reporter-output>
          </reporter-output>
        </test-method> <!-- checkNewTimeCand -->
        <test-method status="SKIP" signature="startPage()[pri:0, instance:com.epam.testexternalpart.tests.AssigningToTest@75bd9247]" name="startPage" is-config="true" duration-ms="0" started-at="2015-01-21T11:39:40Z" finished-at="2015-01-21T11:39:40Z">
          <reporter-output>
          </reporter-output>
        </test-method> <!-- startPage -->
        <test-method status="SKIP" signature="checkDublicateAnswer()[pri:0, instance:com.epam.testexternalpart.tests.AssigningToTest@75bd9247]" name="checkDublicateAnswer" duration-ms="0" started-at="2015-01-21T11:39:40Z" finished-at="2015-01-21T11:39:40Z">
          <reporter-output>
          </reporter-output>
        </test-method> <!-- checkDublicateAnswer -->
        <test-method status="SKIP" signature="startPage()[pri:0, instance:com.epam.testexternalpart.tests.AssigningToTest@75bd9247]" name="startPage" is-config="true" duration-ms="0" started-at="2015-01-21T11:39:40Z" finished-at="2015-01-21T11:39:40Z">
          <reporter-output>
          </reporter-output>
        </test-method> <!-- startPage -->
        <test-method status="SKIP" signature="invitateSecondTime(java.lang.String)[pri:0, instance:com.epam.testexternalpart.tests.AssigningToTest@75bd9247]" name="invitateSecondTime" duration-ms="0" started-at="2015-01-21T11:39:40Z" data-provider="testData" finished-at="2015-01-21T11:39:40Z">
          <params>
            <param index="0">
              <value>
                <![CDATA[Autumn 2015]]>
              </value>
            </param>
          </params>
          <reporter-output>
          </reporter-output>
        </test-method> <!-- invitateSecondTime -->
        <test-method status="SKIP" signature="invitateThirdTime(java.lang.String)[pri:0, instance:com.epam.testexternalpart.tests.AssigningToTest@75bd9247]" name="invitateThirdTime" duration-ms="0" started-at="2015-01-21T11:39:40Z" data-provider="testData" finished-at="2015-01-21T11:39:40Z">
          <params>
            <param index="0">
              <value>
                <![CDATA[Autumn 2015]]>
              </value>
            </param>
          </params>
          <reporter-output>
          </reporter-output>
        </test-method> <!-- invitateThirdTime -->
        <test-method status="SKIP" signature="startPage()[pri:0, instance:com.epam.testexternalpart.tests.AssigningToTest@75bd9247]" name="startPage" is-config="true" duration-ms="0" started-at="2015-01-21T11:39:40Z" finished-at="2015-01-21T11:39:40Z">
          <reporter-output>
          </reporter-output>
        </test-method> <!-- startPage -->
        <test-method status="SKIP" signature="tearDown()[pri:0, instance:com.epam.testexternalpart.tests.AssigningToTest@75bd9247]" name="tearDown" is-config="true" duration-ms="0" started-at="2015-01-21T11:39:40Z" finished-at="2015-01-21T11:39:40Z">
          <reporter-output>
          </reporter-output>
        </test-method> <!-- tearDown -->
        <test-method status="SKIP" signature="startPage()[pri:0, instance:com.epam.testexternalpart.tests.AssigningToTest@75bd9247]" name="startPage" is-config="true" duration-ms="0" started-at="2015-01-21T11:39:40Z" finished-at="2015-01-21T11:39:40Z">
          <reporter-output>
          </reporter-output>
        </test-method> <!-- startPage -->
        <test-method status="SKIP" signature="checkBannedCandidate(java.lang.String, java.lang.String, java.lang.String)[pri:0, instance:com.epam.testexternalpart.tests.AssigningToTest@75bd9247]" name="checkBannedCandidate" duration-ms="0" started-at="2015-01-21T11:39:40Z" data-provider="testData" finished-at="2015-01-21T11:39:40Z">
          <params>
            <param index="0">
              <value>
                <![CDATA[Autumn 2015]]>
              </value>
            </param>
            <param index="1">
              <value>
                <![CDATA[Олег;Ромашкин;Федорович;21.09.1990;pupkin379@rambler.ru;+397894164112]]>
              </value>
            </param>
            <param index="2">
              <value>
                <![CDATA[1.0]]>
              </value>
            </param>
          </params>
          <reporter-output>
          </reporter-output>
        </test-method> <!-- checkBannedCandidate -->
      </class> <!-- com.epam.testexternalpart.tests.AssigningToTest -->
    </test> <!-- Default test -->
  </suite> <!-- Default suite -->
</testng-results>
