<?xml version="1.0" encoding="UTF-8"?>
<testng-results skipped="0" failed="0" total="4" passed="4">
  <reporter-output>
    <line>
      <![CDATA[<br /><font size = 2 color = #000000>Click on [buttonLogin]</font>]]>
    </line>
    <line>
      <![CDATA[<br /><b><font size = 2 color = #000099>Check search in AllCandidatesPage</font></b><br/>]]>
    </line>
    <line>
      <![CDATA[<br /><font size = 2 color = #000000>Click on [First stream on first dep]</font>]]>
    </line>
    <line>
      <![CDATA[<br><b><font size = 2 color = #000000>Create candidates for test</font></b><br>]]>
    </line>
    <line>
      <![CDATA[<br /><font size = 2 color = #000000>Click on [addCandidateBut]</font>]]>
    </line>
    <line>
      <![CDATA[<br /><font size = 2 color = #000000>Creating new candidate with fields-Ololo;Ololoev;Olololoevich;02.12.2013;sdhgjshgj@mail.ru;+380505465345;</font>]]>
    </line>
    <line>
      <![CDATA[<br /><font size = 2 color = #000000>Click on [Click Create Candidate Button]</font>]]>
    </line>
    <line>
      <![CDATA[<br /><font size = 2 color = #000000>Checking the presence of the elemen [Create Profile Create Button]</font>]]>
    </line>
    <line>
      <![CDATA[<br /><font size = 2 color = #347C17>&nbsp;&nbsp;[Create Profile Create Button]is Not Present</font>]]>
    </line>
    <line>
      <![CDATA[<br /><font size = 2 color = #000000>Click on [addCandidateBut]</font>]]>
    </line>
    <line>
      <![CDATA[<br /><font size = 2 color = #000000>Creating new candidate with fields-Ololo1;Ololoev1;Olololoevich1;02.12.2013;sdhgjshgj1@mail.ru;+380505465346;</font>]]>
    </line>
    <line>
      <![CDATA[<br /><font size = 2 color = #000000>Click on [Click Create Candidate Button]</font>]]>
    </line>
    <line>
      <![CDATA[<br /><font size = 2 color = #000000>Checking the presence of the elemen [Create Profile Create Button]</font>]]>
    </line>
    <line>
      <![CDATA[<br /><font size = 2 color = #347C17>&nbsp;&nbsp;[Create Profile Create Button]is Not Present</font>]]>
    </line>
    <line>
      <![CDATA[<br /><font size = 2 color = #000000>Click on [addCandidateBut]</font>]]>
    </line>
    <line>
      <![CDATA[<br /><font size = 2 color = #000000>Creating new candidate with fields-Ololo2;Ololoev2;Olololoevich2;02.12.2013;sdhgjshgj2@mail.ru;+380505465347;</font>]]>
    </line>
    <line>
      <![CDATA[<br /><font size = 2 color = #000000>Click on [Click Create Candidate Button]</font>]]>
    </line>
    <line>
      <![CDATA[<br /><font size = 2 color = #000000>Checking the presence of the elemen [Create Profile Create Button]</font>]]>
    </line>
    <line>
      <![CDATA[<br /><font size = 2 color = #347C17>&nbsp;&nbsp;[Create Profile Create Button]is Not Present</font>]]>
    </line>
    <line>
      <![CDATA[<br /><font size = 2 color = #000000>Click on [allCandidatesButton]</font>]]>
    </line>
    <line>
      <![CDATA[<br><b><font size = 2 color = #000000>Perform search for Ololo1</font></b><br>]]>
    </line>
    <line>
      <![CDATA[<br /><font size = 2 color = #000000>Search for [Ololo1]</font>]]>
    </line>
    <line>
      <![CDATA[<br><b><font size = 2 color = #000000>Perform search for Ololoev</font></b><br>]]>
    </line>
    <line>
      <![CDATA[<br /><font size = 2 color = #000000>Search for [Ololoev]</font>]]>
    </line>
    <line>
      <![CDATA[<br /><b><font size = 2 color = #000099>Check search in AllCandidatesPage</font></b><br/>]]>
    </line>
    <line>
      <![CDATA[<br /><font size = 2 color = #000000>Click on [First stream on first dep]</font>]]>
    </line>
    <line>
      <![CDATA[<br><b><font size = 2 color = #000000>Create candidates for test</font></b><br>]]>
    </line>
    <line>
      <![CDATA[<br /><font size = 2 color = #000000>Click on [addCandidateBut]</font>]]>
    </line>
    <line>
      <![CDATA[<br /><font size = 2 color = #000000>Creating new candidate with fields-Ololo;Ololoev;Olololoevich;02.12.2013;sdhgjshgj@mail.ru;+380505465345;</font>]]>
    </line>
    <line>
      <![CDATA[<br /><font size = 2 color = #000000>Click on [Click Create Candidate Button]</font>]]>
    </line>
    <line>
      <![CDATA[<br /><font size = 2 color = #000000>Checking the presence of the elemen [Create Profile Create Button]</font>]]>
    </line>
    <line>
      <![CDATA[<br /><font size = 2 color = #347C17>&nbsp;&nbsp;[Create Profile Create Button]is Not Present</font>]]>
    </line>
    <line>
      <![CDATA[<br /><font size = 2 color = #000000>Click on [addCandidateBut]</font>]]>
    </line>
    <line>
      <![CDATA[<br /><font size = 2 color = #000000>Creating new candidate with fields-Ololo1;Ololoev1;Olololoevich1;02.12.2013;sdhgjshgj1@mail.ru;+380505465346;</font>]]>
    </line>
    <line>
      <![CDATA[<br /><font size = 2 color = #000000>Click on [Click Create Candidate Button]</font>]]>
    </line>
    <line>
      <![CDATA[<br /><font size = 2 color = #000000>Checking the presence of the elemen [Create Profile Create Button]</font>]]>
    </line>
    <line>
      <![CDATA[<br /><font size = 2 color = #347C17>&nbsp;&nbsp;[Create Profile Create Button]is Not Present</font>]]>
    </line>
    <line>
      <![CDATA[<br /><font size = 2 color = #000000>Click on [addCandidateBut]</font>]]>
    </line>
    <line>
      <![CDATA[<br /><font size = 2 color = #000000>Creating new candidate with fields-Ololo2;Ololoev2;Olololoevich2;02.12.2013;sdhgjshgj2@mail.ru;+380505465347;</font>]]>
    </line>
    <line>
      <![CDATA[<br /><font size = 2 color = #000000>Click on [Click Create Candidate Button]</font>]]>
    </line>
    <line>
      <![CDATA[<br /><font size = 2 color = #000000>Checking the presence of the elemen [Create Profile Create Button]</font>]]>
    </line>
    <line>
      <![CDATA[<br /><font size = 2 color = #347C17>&nbsp;&nbsp;[Create Profile Create Button]is Not Present</font>]]>
    </line>
    <line>
      <![CDATA[<br /><font size = 2 color = #000000>Click on [allCandidatesButton]</font>]]>
    </line>
    <line>
      <![CDATA[<br><b><font size = 2 color = #000000>Perform search for mail</font></b><br>]]>
    </line>
    <line>
      <![CDATA[<br /><font size = 2 color = #000000>Search for [mail]</font>]]>
    </line>
    <line>
      <![CDATA[<br><b><font size = 2 color = #000000>Perform search for sdhgjshgj1</font></b><br>]]>
    </line>
    <line>
      <![CDATA[<br /><font size = 2 color = #000000>Search for [sdhgjshgj1]</font>]]>
    </line>
    <line>
      <![CDATA[<br /><b><font size = 2 color = #000099>Check search in Stream</font></b><br/>]]>
    </line>
    <line>
      <![CDATA[<br /><font size = 2 color = #000000>Click on [First stream on first dep]</font>]]>
    </line>
    <line>
      <![CDATA[<br><b><font size = 2 color = #000000>Create candidates for test</font></b><br>]]>
    </line>
    <line>
      <![CDATA[<br /><font size = 2 color = #000000>Click on [addCandidateBut]</font>]]>
    </line>
    <line>
      <![CDATA[<br /><font size = 2 color = #000000>Creating new candidate with fields-Ololo;Ololoev;Olololoevich;02.12.2013;sdhgjshgj@mail.ru;+380505465345;</font>]]>
    </line>
    <line>
      <![CDATA[<br /><font size = 2 color = #000000>Click on [Click Create Candidate Button]</font>]]>
    </line>
    <line>
      <![CDATA[<br /><font size = 2 color = #000000>Checking the presence of the elemen [Create Profile Create Button]</font>]]>
    </line>
    <line>
      <![CDATA[<br /><font size = 2 color = #347C17>&nbsp;&nbsp;[Create Profile Create Button]is Not Present</font>]]>
    </line>
    <line>
      <![CDATA[<br /><font size = 2 color = #000000>Click on [addCandidateBut]</font>]]>
    </line>
    <line>
      <![CDATA[<br /><font size = 2 color = #000000>Creating new candidate with fields-Ololo1;Ololoev1;Olololoevich1;02.12.2013;sdhgjshgj1@mail.ru;+380505465346;</font>]]>
    </line>
    <line>
      <![CDATA[<br /><font size = 2 color = #000000>Click on [Click Create Candidate Button]</font>]]>
    </line>
    <line>
      <![CDATA[<br /><font size = 2 color = #000000>Checking the presence of the elemen [Create Profile Create Button]</font>]]>
    </line>
    <line>
      <![CDATA[<br /><font size = 2 color = #347C17>&nbsp;&nbsp;[Create Profile Create Button]is Not Present</font>]]>
    </line>
    <line>
      <![CDATA[<br /><font size = 2 color = #000000>Click on [addCandidateBut]</font>]]>
    </line>
    <line>
      <![CDATA[<br /><font size = 2 color = #000000>Creating new candidate with fields-Ololo2;Ololoev2;Olololoevich2;02.12.2013;sdhgjshgj2@mail.ru;+380505465347;</font>]]>
    </line>
    <line>
      <![CDATA[<br /><font size = 2 color = #000000>Click on [Click Create Candidate Button]</font>]]>
    </line>
    <line>
      <![CDATA[<br /><font size = 2 color = #000000>Checking the presence of the elemen [Create Profile Create Button]</font>]]>
    </line>
    <line>
      <![CDATA[<br /><font size = 2 color = #347C17>&nbsp;&nbsp;[Create Profile Create Button]is Not Present</font>]]>
    </line>
    <line>
      <![CDATA[<br><b><font size = 2 color = #000000>Perform search for Ololo1</font></b><br>]]>
    </line>
    <line>
      <![CDATA[<br /><font size = 2 color = #000000>Search for [Ololo1]</font>]]>
    </line>
    <line>
      <![CDATA[<br><b><font size = 2 color = #000000>Perform search for Ololoev</font></b><br>]]>
    </line>
    <line>
      <![CDATA[<br /><font size = 2 color = #000000>Search for [Ololoev]</font>]]>
    </line>
    <line>
      <![CDATA[<br /><b><font size = 2 color = #000099>Check search in Stream</font></b><br/>]]>
    </line>
    <line>
      <![CDATA[<br /><font size = 2 color = #000000>Click on [First stream on first dep]</font>]]>
    </line>
    <line>
      <![CDATA[<br><b><font size = 2 color = #000000>Create candidates for test</font></b><br>]]>
    </line>
    <line>
      <![CDATA[<br /><font size = 2 color = #000000>Click on [addCandidateBut]</font>]]>
    </line>
    <line>
      <![CDATA[<br /><font size = 2 color = #000000>Creating new candidate with fields-Ololo;Ololoev;Olololoevich;02.12.2013;sdhgjshgj@mail.ru;+380505465345;</font>]]>
    </line>
    <line>
      <![CDATA[<br /><font size = 2 color = #000000>Click on [Click Create Candidate Button]</font>]]>
    </line>
    <line>
      <![CDATA[<br /><font size = 2 color = #000000>Checking the presence of the elemen [Create Profile Create Button]</font>]]>
    </line>
    <line>
      <![CDATA[<br /><font size = 2 color = #347C17>&nbsp;&nbsp;[Create Profile Create Button]is Not Present</font>]]>
    </line>
    <line>
      <![CDATA[<br /><font size = 2 color = #000000>Click on [addCandidateBut]</font>]]>
    </line>
    <line>
      <![CDATA[<br /><font size = 2 color = #000000>Creating new candidate with fields-Ololo1;Ololoev1;Olololoevich1;02.12.2013;sdhgjshgj1@mail.ru;+380505465346;</font>]]>
    </line>
    <line>
      <![CDATA[<br /><font size = 2 color = #000000>Click on [Click Create Candidate Button]</font>]]>
    </line>
    <line>
      <![CDATA[<br /><font size = 2 color = #000000>Checking the presence of the elemen [Create Profile Create Button]</font>]]>
    </line>
    <line>
      <![CDATA[<br /><font size = 2 color = #347C17>&nbsp;&nbsp;[Create Profile Create Button]is Not Present</font>]]>
    </line>
    <line>
      <![CDATA[<br /><font size = 2 color = #000000>Click on [addCandidateBut]</font>]]>
    </line>
    <line>
      <![CDATA[<br /><font size = 2 color = #000000>Creating new candidate with fields-Ololo2;Ololoev2;Olololoevich2;02.12.2013;sdhgjshgj2@mail.ru;+380505465347;</font>]]>
    </line>
    <line>
      <![CDATA[<br /><font size = 2 color = #000000>Click on [Click Create Candidate Button]</font>]]>
    </line>
    <line>
      <![CDATA[<br /><font size = 2 color = #000000>Checking the presence of the elemen [Create Profile Create Button]</font>]]>
    </line>
    <line>
      <![CDATA[<br /><font size = 2 color = #347C17>&nbsp;&nbsp;[Create Profile Create Button]is Not Present</font>]]>
    </line>
    <line>
      <![CDATA[<br><b><font size = 2 color = #000000>Perform search for mail</font></b><br>]]>
    </line>
    <line>
      <![CDATA[<br /><font size = 2 color = #000000>Search for [mail]</font>]]>
    </line>
    <line>
      <![CDATA[<br><b><font size = 2 color = #000000>Perform search for sdhgjshgj1</font></b><br>]]>
    </line>
    <line>
      <![CDATA[<br /><font size = 2 color = #000000>Search for [sdhgjshgj1]</font>]]>
    </line>
  </reporter-output>
  <suite name="Default suite" duration-ms="93858" started-at="2015-01-26T09:58:42Z" finished-at="2015-01-26T10:00:16Z">
    <groups>
    </groups>
    <test name="Default test" duration-ms="93858" started-at="2015-01-26T09:58:42Z" finished-at="2015-01-26T10:00:16Z">
      <class name="com.epam.testexternalpart.tests.SearchTest">
        <test-method status="PASS" signature="init()[pri:0, instance:com.epam.testexternalpart.tests.SearchTest@1100c7e4]" name="init" is-config="true" duration-ms="8300" started-at="2015-01-26T11:58:42Z" finished-at="2015-01-26T11:58:50Z">
          <reporter-output>
            <line>
              <![CDATA[<br /><font size = 2 color = #000000>Click on [buttonLogin]</font>]]>
            </line>
          </reporter-output>
        </test-method> <!-- init -->
        <test-method status="PASS" signature="startPage()[pri:0, instance:com.epam.testexternalpart.tests.SearchTest@1100c7e4]" name="startPage" is-config="true" duration-ms="258" started-at="2015-01-26T11:58:51Z" finished-at="2015-01-26T11:58:51Z">
          <reporter-output>
          </reporter-output>
        </test-method> <!-- startPage -->
        <test-method status="PASS" signature="allCandidatesSearch(java.lang.String, java.lang.String, java.lang.String, java.lang.String, java.lang.String)[pri:0, instance:com.epam.testexternalpart.tests.SearchTest@1100c7e4]" name="allCandidatesSearch" duration-ms="21891" started-at="2015-01-26T11:58:51Z" data-provider="testData" finished-at="2015-01-26T11:59:13Z">
          <params>
            <param index="0">
              <value>
                <![CDATA[Ololo;Ololoev;Olololoevich;02.12.2013;sdhgjshgj@mail.ru;+380505465345;]]>
              </value>
            </param>
            <param index="1">
              <value>
                <![CDATA[Ololo1;Ololoev1;Olololoevich1;02.12.2013;sdhgjshgj1@mail.ru;+380505465346;]]>
              </value>
            </param>
            <param index="2">
              <value>
                <![CDATA[Ololo2;Ololoev2;Olololoevich2;02.12.2013;sdhgjshgj2@mail.ru;+380505465347;]]>
              </value>
            </param>
            <param index="3">
              <value>
                <![CDATA[Ololo1]]>
              </value>
            </param>
            <param index="4">
              <value>
                <![CDATA[Ololoev]]>
              </value>
            </param>
          </params>
          <reporter-output>
            <line>
              <![CDATA[<br /><b><font size = 2 color = #000099>Check search in AllCandidatesPage</font></b><br/>]]>
            </line>
            <line>
              <![CDATA[<br /><font size = 2 color = #000000>Click on [First stream on first dep]</font>]]>
            </line>
            <line>
              <![CDATA[<br><b><font size = 2 color = #000000>Create candidates for test</font></b><br>]]>
            </line>
            <line>
              <![CDATA[<br /><font size = 2 color = #000000>Click on [addCandidateBut]</font>]]>
            </line>
            <line>
              <![CDATA[<br /><font size = 2 color = #000000>Creating new candidate with fields-Ololo;Ololoev;Olololoevich;02.12.2013;sdhgjshgj@mail.ru;+380505465345;</font>]]>
            </line>
            <line>
              <![CDATA[<br /><font size = 2 color = #000000>Click on [Click Create Candidate Button]</font>]]>
            </line>
            <line>
              <![CDATA[<br /><font size = 2 color = #000000>Checking the presence of the elemen [Create Profile Create Button]</font>]]>
            </line>
            <line>
              <![CDATA[<br /><font size = 2 color = #347C17>&nbsp;&nbsp;[Create Profile Create Button]is Not Present</font>]]>
            </line>
            <line>
              <![CDATA[<br /><font size = 2 color = #000000>Click on [addCandidateBut]</font>]]>
            </line>
            <line>
              <![CDATA[<br /><font size = 2 color = #000000>Creating new candidate with fields-Ololo1;Ololoev1;Olololoevich1;02.12.2013;sdhgjshgj1@mail.ru;+380505465346;</font>]]>
            </line>
            <line>
              <![CDATA[<br /><font size = 2 color = #000000>Click on [Click Create Candidate Button]</font>]]>
            </line>
            <line>
              <![CDATA[<br /><font size = 2 color = #000000>Checking the presence of the elemen [Create Profile Create Button]</font>]]>
            </line>
            <line>
              <![CDATA[<br /><font size = 2 color = #347C17>&nbsp;&nbsp;[Create Profile Create Button]is Not Present</font>]]>
            </line>
            <line>
              <![CDATA[<br /><font size = 2 color = #000000>Click on [addCandidateBut]</font>]]>
            </line>
            <line>
              <![CDATA[<br /><font size = 2 color = #000000>Creating new candidate with fields-Ololo2;Ololoev2;Olololoevich2;02.12.2013;sdhgjshgj2@mail.ru;+380505465347;</font>]]>
            </line>
            <line>
              <![CDATA[<br /><font size = 2 color = #000000>Click on [Click Create Candidate Button]</font>]]>
            </line>
            <line>
              <![CDATA[<br /><font size = 2 color = #000000>Checking the presence of the elemen [Create Profile Create Button]</font>]]>
            </line>
            <line>
              <![CDATA[<br /><font size = 2 color = #347C17>&nbsp;&nbsp;[Create Profile Create Button]is Not Present</font>]]>
            </line>
            <line>
              <![CDATA[<br /><font size = 2 color = #000000>Click on [allCandidatesButton]</font>]]>
            </line>
            <line>
              <![CDATA[<br><b><font size = 2 color = #000000>Perform search for Ololo1</font></b><br>]]>
            </line>
            <line>
              <![CDATA[<br /><font size = 2 color = #000000>Search for [Ololo1]</font>]]>
            </line>
            <line>
              <![CDATA[<br><b><font size = 2 color = #000000>Perform search for Ololoev</font></b><br>]]>
            </line>
            <line>
              <![CDATA[<br /><font size = 2 color = #000000>Search for [Ololoev]</font>]]>
            </line>
          </reporter-output>
        </test-method> <!-- allCandidatesSearch -->
        <test-method status="PASS" signature="startPage()[pri:0, instance:com.epam.testexternalpart.tests.SearchTest@1100c7e4]" name="startPage" is-config="true" duration-ms="144" started-at="2015-01-26T11:59:13Z" finished-at="2015-01-26T11:59:13Z">
          <reporter-output>
          </reporter-output>
        </test-method> <!-- startPage -->
        <test-method status="PASS" signature="allCandidatesSearch(java.lang.String, java.lang.String, java.lang.String, java.lang.String, java.lang.String)[pri:0, instance:com.epam.testexternalpart.tests.SearchTest@1100c7e4]" name="allCandidatesSearch" duration-ms="20955" started-at="2015-01-26T11:59:13Z" data-provider="testData" finished-at="2015-01-26T11:59:34Z">
          <params>
            <param index="0">
              <value>
                <![CDATA[Ololo;Ololoev;Olololoevich;02.12.2013;sdhgjshgj@mail.ru;+380505465345;]]>
              </value>
            </param>
            <param index="1">
              <value>
                <![CDATA[Ololo1;Ololoev1;Olololoevich1;02.12.2013;sdhgjshgj1@mail.ru;+380505465346;]]>
              </value>
            </param>
            <param index="2">
              <value>
                <![CDATA[Ololo2;Ololoev2;Olololoevich2;02.12.2013;sdhgjshgj2@mail.ru;+380505465347;]]>
              </value>
            </param>
            <param index="3">
              <value>
                <![CDATA[mail]]>
              </value>
            </param>
            <param index="4">
              <value>
                <![CDATA[sdhgjshgj1]]>
              </value>
            </param>
          </params>
          <reporter-output>
            <line>
              <![CDATA[<br /><b><font size = 2 color = #000099>Check search in AllCandidatesPage</font></b><br/>]]>
            </line>
            <line>
              <![CDATA[<br /><font size = 2 color = #000000>Click on [First stream on first dep]</font>]]>
            </line>
            <line>
              <![CDATA[<br><b><font size = 2 color = #000000>Create candidates for test</font></b><br>]]>
            </line>
            <line>
              <![CDATA[<br /><font size = 2 color = #000000>Click on [addCandidateBut]</font>]]>
            </line>
            <line>
              <![CDATA[<br /><font size = 2 color = #000000>Creating new candidate with fields-Ololo;Ololoev;Olololoevich;02.12.2013;sdhgjshgj@mail.ru;+380505465345;</font>]]>
            </line>
            <line>
              <![CDATA[<br /><font size = 2 color = #000000>Click on [Click Create Candidate Button]</font>]]>
            </line>
            <line>
              <![CDATA[<br /><font size = 2 color = #000000>Checking the presence of the elemen [Create Profile Create Button]</font>]]>
            </line>
            <line>
              <![CDATA[<br /><font size = 2 color = #347C17>&nbsp;&nbsp;[Create Profile Create Button]is Not Present</font>]]>
            </line>
            <line>
              <![CDATA[<br /><font size = 2 color = #000000>Click on [addCandidateBut]</font>]]>
            </line>
            <line>
              <![CDATA[<br /><font size = 2 color = #000000>Creating new candidate with fields-Ololo1;Ololoev1;Olololoevich1;02.12.2013;sdhgjshgj1@mail.ru;+380505465346;</font>]]>
            </line>
            <line>
              <![CDATA[<br /><font size = 2 color = #000000>Click on [Click Create Candidate Button]</font>]]>
            </line>
            <line>
              <![CDATA[<br /><font size = 2 color = #000000>Checking the presence of the elemen [Create Profile Create Button]</font>]]>
            </line>
            <line>
              <![CDATA[<br /><font size = 2 color = #347C17>&nbsp;&nbsp;[Create Profile Create Button]is Not Present</font>]]>
            </line>
            <line>
              <![CDATA[<br /><font size = 2 color = #000000>Click on [addCandidateBut]</font>]]>
            </line>
            <line>
              <![CDATA[<br /><font size = 2 color = #000000>Creating new candidate with fields-Ololo2;Ololoev2;Olololoevich2;02.12.2013;sdhgjshgj2@mail.ru;+380505465347;</font>]]>
            </line>
            <line>
              <![CDATA[<br /><font size = 2 color = #000000>Click on [Click Create Candidate Button]</font>]]>
            </line>
            <line>
              <![CDATA[<br /><font size = 2 color = #000000>Checking the presence of the elemen [Create Profile Create Button]</font>]]>
            </line>
            <line>
              <![CDATA[<br /><font size = 2 color = #347C17>&nbsp;&nbsp;[Create Profile Create Button]is Not Present</font>]]>
            </line>
            <line>
              <![CDATA[<br /><font size = 2 color = #000000>Click on [allCandidatesButton]</font>]]>
            </line>
            <line>
              <![CDATA[<br><b><font size = 2 color = #000000>Perform search for mail</font></b><br>]]>
            </line>
            <line>
              <![CDATA[<br /><font size = 2 color = #000000>Search for [mail]</font>]]>
            </line>
            <line>
              <![CDATA[<br><b><font size = 2 color = #000000>Perform search for sdhgjshgj1</font></b><br>]]>
            </line>
            <line>
              <![CDATA[<br /><font size = 2 color = #000000>Search for [sdhgjshgj1]</font>]]>
            </line>
          </reporter-output>
        </test-method> <!-- allCandidatesSearch -->
        <test-method status="PASS" signature="startPage()[pri:0, instance:com.epam.testexternalpart.tests.SearchTest@1100c7e4]" name="startPage" is-config="true" duration-ms="134" started-at="2015-01-26T11:59:34Z" finished-at="2015-01-26T11:59:34Z">
          <reporter-output>
          </reporter-output>
        </test-method> <!-- startPage -->
        <test-method status="PASS" signature="streamSearch(java.lang.String, java.lang.String, java.lang.String, java.lang.String, java.lang.String)[pri:0, instance:com.epam.testexternalpart.tests.SearchTest@1100c7e4]" name="streamSearch" duration-ms="18468" started-at="2015-01-26T11:59:34Z" data-provider="testData" finished-at="2015-01-26T11:59:53Z">
          <params>
            <param index="0">
              <value>
                <![CDATA[Ololo;Ololoev;Olololoevich;02.12.2013;sdhgjshgj@mail.ru;+380505465345;]]>
              </value>
            </param>
            <param index="1">
              <value>
                <![CDATA[Ololo1;Ololoev1;Olololoevich1;02.12.2013;sdhgjshgj1@mail.ru;+380505465346;]]>
              </value>
            </param>
            <param index="2">
              <value>
                <![CDATA[Ololo2;Ololoev2;Olololoevich2;02.12.2013;sdhgjshgj2@mail.ru;+380505465347;]]>
              </value>
            </param>
            <param index="3">
              <value>
                <![CDATA[Ololo1]]>
              </value>
            </param>
            <param index="4">
              <value>
                <![CDATA[Ololoev]]>
              </value>
            </param>
          </params>
          <reporter-output>
            <line>
              <![CDATA[<br /><b><font size = 2 color = #000099>Check search in Stream</font></b><br/>]]>
            </line>
            <line>
              <![CDATA[<br /><font size = 2 color = #000000>Click on [First stream on first dep]</font>]]>
            </line>
            <line>
              <![CDATA[<br><b><font size = 2 color = #000000>Create candidates for test</font></b><br>]]>
            </line>
            <line>
              <![CDATA[<br /><font size = 2 color = #000000>Click on [addCandidateBut]</font>]]>
            </line>
            <line>
              <![CDATA[<br /><font size = 2 color = #000000>Creating new candidate with fields-Ololo;Ololoev;Olololoevich;02.12.2013;sdhgjshgj@mail.ru;+380505465345;</font>]]>
            </line>
            <line>
              <![CDATA[<br /><font size = 2 color = #000000>Click on [Click Create Candidate Button]</font>]]>
            </line>
            <line>
              <![CDATA[<br /><font size = 2 color = #000000>Checking the presence of the elemen [Create Profile Create Button]</font>]]>
            </line>
            <line>
              <![CDATA[<br /><font size = 2 color = #347C17>&nbsp;&nbsp;[Create Profile Create Button]is Not Present</font>]]>
            </line>
            <line>
              <![CDATA[<br /><font size = 2 color = #000000>Click on [addCandidateBut]</font>]]>
            </line>
            <line>
              <![CDATA[<br /><font size = 2 color = #000000>Creating new candidate with fields-Ololo1;Ololoev1;Olololoevich1;02.12.2013;sdhgjshgj1@mail.ru;+380505465346;</font>]]>
            </line>
            <line>
              <![CDATA[<br /><font size = 2 color = #000000>Click on [Click Create Candidate Button]</font>]]>
            </line>
            <line>
              <![CDATA[<br /><font size = 2 color = #000000>Checking the presence of the elemen [Create Profile Create Button]</font>]]>
            </line>
            <line>
              <![CDATA[<br /><font size = 2 color = #347C17>&nbsp;&nbsp;[Create Profile Create Button]is Not Present</font>]]>
            </line>
            <line>
              <![CDATA[<br /><font size = 2 color = #000000>Click on [addCandidateBut]</font>]]>
            </line>
            <line>
              <![CDATA[<br /><font size = 2 color = #000000>Creating new candidate with fields-Ololo2;Ololoev2;Olololoevich2;02.12.2013;sdhgjshgj2@mail.ru;+380505465347;</font>]]>
            </line>
            <line>
              <![CDATA[<br /><font size = 2 color = #000000>Click on [Click Create Candidate Button]</font>]]>
            </line>
            <line>
              <![CDATA[<br /><font size = 2 color = #000000>Checking the presence of the elemen [Create Profile Create Button]</font>]]>
            </line>
            <line>
              <![CDATA[<br /><font size = 2 color = #347C17>&nbsp;&nbsp;[Create Profile Create Button]is Not Present</font>]]>
            </line>
            <line>
              <![CDATA[<br><b><font size = 2 color = #000000>Perform search for Ololo1</font></b><br>]]>
            </line>
            <line>
              <![CDATA[<br /><font size = 2 color = #000000>Search for [Ololo1]</font>]]>
            </line>
            <line>
              <![CDATA[<br><b><font size = 2 color = #000000>Perform search for Ololoev</font></b><br>]]>
            </line>
            <line>
              <![CDATA[<br /><font size = 2 color = #000000>Search for [Ololoev]</font>]]>
            </line>
          </reporter-output>
        </test-method> <!-- streamSearch -->
        <test-method status="PASS" signature="startPage()[pri:0, instance:com.epam.testexternalpart.tests.SearchTest@1100c7e4]" name="startPage" is-config="true" duration-ms="116" started-at="2015-01-26T11:59:53Z" finished-at="2015-01-26T11:59:53Z">
          <reporter-output>
          </reporter-output>
        </test-method> <!-- startPage -->
        <test-method status="PASS" signature="streamSearch(java.lang.String, java.lang.String, java.lang.String, java.lang.String, java.lang.String)[pri:0, instance:com.epam.testexternalpart.tests.SearchTest@1100c7e4]" name="streamSearch" duration-ms="20537" started-at="2015-01-26T11:59:53Z" data-provider="testData" finished-at="2015-01-26T12:00:13Z">
          <params>
            <param index="0">
              <value>
                <![CDATA[Ololo;Ololoev;Olololoevich;02.12.2013;sdhgjshgj@mail.ru;+380505465345;]]>
              </value>
            </param>
            <param index="1">
              <value>
                <![CDATA[Ololo1;Ololoev1;Olololoevich1;02.12.2013;sdhgjshgj1@mail.ru;+380505465346;]]>
              </value>
            </param>
            <param index="2">
              <value>
                <![CDATA[Ololo2;Ololoev2;Olololoevich2;02.12.2013;sdhgjshgj2@mail.ru;+380505465347;]]>
              </value>
            </param>
            <param index="3">
              <value>
                <![CDATA[mail]]>
              </value>
            </param>
            <param index="4">
              <value>
                <![CDATA[sdhgjshgj1]]>
              </value>
            </param>
          </params>
          <reporter-output>
            <line>
              <![CDATA[<br /><b><font size = 2 color = #000099>Check search in Stream</font></b><br/>]]>
            </line>
            <line>
              <![CDATA[<br /><font size = 2 color = #000000>Click on [First stream on first dep]</font>]]>
            </line>
            <line>
              <![CDATA[<br><b><font size = 2 color = #000000>Create candidates for test</font></b><br>]]>
            </line>
            <line>
              <![CDATA[<br /><font size = 2 color = #000000>Click on [addCandidateBut]</font>]]>
            </line>
            <line>
              <![CDATA[<br /><font size = 2 color = #000000>Creating new candidate with fields-Ololo;Ololoev;Olololoevich;02.12.2013;sdhgjshgj@mail.ru;+380505465345;</font>]]>
            </line>
            <line>
              <![CDATA[<br /><font size = 2 color = #000000>Click on [Click Create Candidate Button]</font>]]>
            </line>
            <line>
              <![CDATA[<br /><font size = 2 color = #000000>Checking the presence of the elemen [Create Profile Create Button]</font>]]>
            </line>
            <line>
              <![CDATA[<br /><font size = 2 color = #347C17>&nbsp;&nbsp;[Create Profile Create Button]is Not Present</font>]]>
            </line>
            <line>
              <![CDATA[<br /><font size = 2 color = #000000>Click on [addCandidateBut]</font>]]>
            </line>
            <line>
              <![CDATA[<br /><font size = 2 color = #000000>Creating new candidate with fields-Ololo1;Ololoev1;Olololoevich1;02.12.2013;sdhgjshgj1@mail.ru;+380505465346;</font>]]>
            </line>
            <line>
              <![CDATA[<br /><font size = 2 color = #000000>Click on [Click Create Candidate Button]</font>]]>
            </line>
            <line>
              <![CDATA[<br /><font size = 2 color = #000000>Checking the presence of the elemen [Create Profile Create Button]</font>]]>
            </line>
            <line>
              <![CDATA[<br /><font size = 2 color = #347C17>&nbsp;&nbsp;[Create Profile Create Button]is Not Present</font>]]>
            </line>
            <line>
              <![CDATA[<br /><font size = 2 color = #000000>Click on [addCandidateBut]</font>]]>
            </line>
            <line>
              <![CDATA[<br /><font size = 2 color = #000000>Creating new candidate with fields-Ololo2;Ololoev2;Olololoevich2;02.12.2013;sdhgjshgj2@mail.ru;+380505465347;</font>]]>
            </line>
            <line>
              <![CDATA[<br /><font size = 2 color = #000000>Click on [Click Create Candidate Button]</font>]]>
            </line>
            <line>
              <![CDATA[<br /><font size = 2 color = #000000>Checking the presence of the elemen [Create Profile Create Button]</font>]]>
            </line>
            <line>
              <![CDATA[<br /><font size = 2 color = #347C17>&nbsp;&nbsp;[Create Profile Create Button]is Not Present</font>]]>
            </line>
            <line>
              <![CDATA[<br><b><font size = 2 color = #000000>Perform search for mail</font></b><br>]]>
            </line>
            <line>
              <![CDATA[<br /><font size = 2 color = #000000>Search for [mail]</font>]]>
            </line>
            <line>
              <![CDATA[<br><b><font size = 2 color = #000000>Perform search for sdhgjshgj1</font></b><br>]]>
            </line>
            <line>
              <![CDATA[<br /><font size = 2 color = #000000>Search for [sdhgjshgj1]</font>]]>
            </line>
          </reporter-output>
        </test-method> <!-- streamSearch -->
        <test-method status="PASS" signature="tearDown()[pri:0, instance:com.epam.testexternalpart.tests.SearchTest@1100c7e4]" name="tearDown" is-config="true" duration-ms="2481" started-at="2015-01-26T12:00:13Z" finished-at="2015-01-26T12:00:16Z">
          <reporter-output>
          </reporter-output>
        </test-method> <!-- tearDown -->
      </class> <!-- com.epam.testexternalpart.tests.SearchTest -->
    </test> <!-- Default test -->
  </suite> <!-- Default suite -->
</testng-results>
