<?xml version="1.0" encoding="UTF-8"?>
<testng-results skipped="0" failed="1" total="1" passed="0">
  <reporter-output>
    <line>
      <![CDATA[<br /><b><font size = 2 color = #000099>Check the possibility of adding ñandidate manually</font></b><br/>]]>
    </line>
    <line>
      <![CDATA[<br /><font size = 2 color = #000000>Click on [First stream on first dep]</font>]]>
    </line>
  </reporter-output>
  <suite name="Default suite" duration-ms="33498" started-at="2015-01-19T10:34:34Z" finished-at="2015-01-19T10:35:08Z">
    <groups>
    </groups>
    <test name="Default test" duration-ms="33498" started-at="2015-01-19T10:34:34Z" finished-at="2015-01-19T10:35:08Z">
      <class name="com.epam.testexternalpart.tests.AddCandidateTest">
        <test-method status="PASS" signature="init()[pri:0, instance:com.epam.testexternalpart.tests.AddCandidateTest@6fe90d95]" name="init" is-config="true" duration-ms="31611" started-at="2015-01-19T12:34:34Z" finished-at="2015-01-19T12:35:06Z">
          <reporter-output>
          </reporter-output>
        </test-method> <!-- init -->
        <test-method status="PASS" signature="startPage()[pri:0, instance:com.epam.testexternalpart.tests.AddCandidateTest@6fe90d95]" name="startPage" is-config="true" duration-ms="250" started-at="2015-01-19T12:35:06Z" finished-at="2015-01-19T12:35:07Z">
          <reporter-output>
          </reporter-output>
        </test-method> <!-- startPage -->
        <test-method status="FAIL" signature="addCandidateManually(java.lang.String)[pri:0, instance:com.epam.testexternalpart.tests.AddCandidateTest@6fe90d95]" name="addCandidateManually" duration-ms="1097" started-at="2015-01-19T12:35:07Z" data-provider="testData" finished-at="2015-01-19T12:35:08Z">
          <params>
            <param index="0">
              <value>
                <![CDATA[Ololo;Ololoev;Olololoevich;02.12.2013;sdhgjshgj@mail.ru;+380505465345;]]>
              </value>
            </param>
          </params>
          <exception class="java.lang.NullPointerException">
            <full-stacktrace>
              <![CDATA[java.lang.NullPointerException
	at org.openqa.selenium.remote.RemoteWebElement.isDisplayed(RemoteWebElement.java:323)
	at org.openqa.selenium.support.ui.ExpectedConditions.elementIfVisible(ExpectedConditions.java:227)
	at org.openqa.selenium.support.ui.ExpectedConditions.access$100(ExpectedConditions.java:39)
	at org.openqa.selenium.support.ui.ExpectedConditions$7.apply(ExpectedConditions.java:213)
	at org.openqa.selenium.support.ui.ExpectedConditions$7.apply(ExpectedConditions.java:210)
	at org.openqa.selenium.support.ui.FluentWait.until(FluentWait.java:208)
	at com.epam.testexternalpart.screen.Components.clickElement(Components.java:79)
	at com.epam.testexternalpart.tests.AddCandidateTest.addCandidateManually(AddCandidateTest.java:13)
	at sun.reflect.NativeMethodAccessorImpl.invoke0(Native Method)
	at sun.reflect.NativeMethodAccessorImpl.invoke(Unknown Source)
	at sun.reflect.DelegatingMethodAccessorImpl.invoke(Unknown Source)
	at java.lang.reflect.Method.invoke(Unknown Source)
	at org.testng.internal.MethodInvocationHelper.invokeMethod(MethodInvocationHelper.java:84)
	at org.testng.internal.Invoker.invokeMethod(Invoker.java:714)
	at org.testng.internal.Invoker.invokeTestMethod(Invoker.java:901)
	at org.testng.internal.Invoker.invokeTestMethods(Invoker.java:1231)
	at org.testng.internal.TestMethodWorker.invokeTestMethods(TestMethodWorker.java:127)
	at org.testng.internal.TestMethodWorker.run(TestMethodWorker.java:111)
	at org.testng.TestRunner.privateRun(TestRunner.java:767)
	at org.testng.TestRunner.run(TestRunner.java:617)
	at org.testng.SuiteRunner.runTest(SuiteRunner.java:334)
	at org.testng.SuiteRunner.runSequentially(SuiteRunner.java:329)
	at org.testng.SuiteRunner.privateRun(SuiteRunner.java:291)
	at org.testng.SuiteRunner.run(SuiteRunner.java:240)
	at org.testng.SuiteRunnerWorker.runSuite(SuiteRunnerWorker.java:52)
	at org.testng.SuiteRunnerWorker.run(SuiteRunnerWorker.java:86)
	at org.testng.TestNG.runSuitesSequentially(TestNG.java:1224)
	at org.testng.TestNG.runSuitesLocally(TestNG.java:1149)
	at org.testng.TestNG.run(TestNG.java:1057)
	at org.testng.remote.RemoteTestNG.run(RemoteTestNG.java:111)
	at org.testng.remote.RemoteTestNG.initAndRun(RemoteTestNG.java:204)
	at org.testng.remote.RemoteTestNG.main(RemoteTestNG.java:175)
]]>
            </full-stacktrace>
          </exception> <!-- java.lang.NullPointerException -->
          <reporter-output>
            <line>
              <![CDATA[<br /><b><font size = 2 color = #000099>Check the possibility of adding ñandidate manually</font></b><br/>]]>
            </line>
            <line>
              <![CDATA[<br /><font size = 2 color = #000000>Click on [First stream on first dep]</font>]]>
            </line>
          </reporter-output>
        </test-method> <!-- addCandidateManually -->
        <test-method status="FAIL" signature="tearDown()[pri:0, instance:com.epam.testexternalpart.tests.AddCandidateTest@6fe90d95]" name="tearDown" is-config="true" duration-ms="0" started-at="2015-01-19T12:35:08Z" finished-at="2015-01-19T12:35:08Z">
          <exception class="org.openqa.selenium.NoSuchWindowException">
            <message>
              <![CDATA[no such window: target window already closed
from unknown error: web view not found
  (Session info: chrome=39.0.2171.99)
  (Driver info: chromedriver=2.9.248315,platform=Windows NT 6.1 SP1 x86_64) (WARNING: The server did not provide any stacktrace information)
Command duration or timeout: 9 milliseconds
Build info: version: '2.44.0', revision: '76d78cf323ce037c5f92db6c1bba601c2ac43ad8', time: '2014-10-23 13:11:40'
System info: host: 'EPUAKHAW0329', ip: '10.23.12.108', os.name: 'Windows 7', os.arch: 'amd64', os.version: '6.1', java.version: '1.7.0_67'
Session ID: 3a3414e6ce9f15ce281e97d7c399539f
Driver info: org.openqa.selenium.chrome.ChromeDriver
Capabilities [{platform=XP, acceptSslCerts=true, javascriptEnabled=true, browserName=chrome, chrome={userDataDir=C:\Users\Olha_Myroliubova\AppData\Local\Temp\scoped_dir6492_22289}, rotatable=false, locationContextEnabled=true, version=39.0.2171.99, takesHeapSnapshot=true, cssSelectorsEnabled=true, databaseEnabled=false, handlesAlerts=true, browserConnectionEnabled=false, webStorageEnabled=true, nativeEvents=true, applicationCacheEnabled=false, takesScreenshot=true}]]]>
            </message>
            <full-stacktrace>
              <![CDATA[org.openqa.selenium.NoSuchWindowException: no such window: target window already closed
from unknown error: web view not found
  (Session info: chrome=39.0.2171.99)
  (Driver info: chromedriver=2.9.248315,platform=Windows NT 6.1 SP1 x86_64) (WARNING: The server did not provide any stacktrace information)
Command duration or timeout: 9 milliseconds
Build info: version: '2.44.0', revision: '76d78cf323ce037c5f92db6c1bba601c2ac43ad8', time: '2014-10-23 13:11:40'
System info: host: 'EPUAKHAW0329', ip: '10.23.12.108', os.name: 'Windows 7', os.arch: 'amd64', os.version: '6.1', java.version: '1.7.0_67'
Session ID: 3a3414e6ce9f15ce281e97d7c399539f
Driver info: org.openqa.selenium.chrome.ChromeDriver
Capabilities [{platform=XP, acceptSslCerts=true, javascriptEnabled=true, browserName=chrome, chrome={userDataDir=C:\Users\Olha_Myroliubova\AppData\Local\Temp\scoped_dir6492_22289}, rotatable=false, locationContextEnabled=true, version=39.0.2171.99, takesHeapSnapshot=true, cssSelectorsEnabled=true, databaseEnabled=false, handlesAlerts=true, browserConnectionEnabled=false, webStorageEnabled=true, nativeEvents=true, applicationCacheEnabled=false, takesScreenshot=true}]
	at sun.reflect.NativeConstructorAccessorImpl.newInstance0(Native Method)
	at sun.reflect.NativeConstructorAccessorImpl.newInstance(Unknown Source)
	at sun.reflect.DelegatingConstructorAccessorImpl.newInstance(Unknown Source)
	at java.lang.reflect.Constructor.newInstance(Unknown Source)
	at org.openqa.selenium.remote.ErrorHandler.createThrowable(ErrorHandler.java:204)
	at org.openqa.selenium.remote.ErrorHandler.throwIfResponseFailed(ErrorHandler.java:156)
	at org.openqa.selenium.remote.RemoteWebDriver.execute(RemoteWebDriver.java:599)
	at org.openqa.selenium.remote.RemoteWebDriver.execute(RemoteWebDriver.java:614)
	at org.openqa.selenium.remote.RemoteWebDriver$RemoteWebDriverOptions.deleteAllCookies(RemoteWebDriver.java:685)
	at com.epam.testexternalpart.core.BaseTest.tearDown(BaseTest.java:102)
	at sun.reflect.NativeMethodAccessorImpl.invoke0(Native Method)
	at sun.reflect.NativeMethodAccessorImpl.invoke(Unknown Source)
	at sun.reflect.DelegatingMethodAccessorImpl.invoke(Unknown Source)
	at java.lang.reflect.Method.invoke(Unknown Source)
	at org.testng.internal.MethodInvocationHelper.invokeMethod(MethodInvocationHelper.java:84)
	at org.testng.internal.Invoker.invokeConfigurationMethod(Invoker.java:564)
	at org.testng.internal.Invoker.invokeConfigurations(Invoker.java:213)
	at org.testng.internal.Invoker.invokeConfigurations(Invoker.java:138)
	at org.testng.internal.TestMethodWorker.invokeAfterClassMethods(TestMethodWorker.java:225)
	at org.testng.internal.TestMethodWorker.run(TestMethodWorker.java:114)
	at org.testng.TestRunner.privateRun(TestRunner.java:767)
	at org.testng.TestRunner.run(TestRunner.java:617)
	at org.testng.SuiteRunner.runTest(SuiteRunner.java:334)
	at org.testng.SuiteRunner.runSequentially(SuiteRunner.java:329)
	at org.testng.SuiteRunner.privateRun(SuiteRunner.java:291)
	at org.testng.SuiteRunner.run(SuiteRunner.java:240)
	at org.testng.SuiteRunnerWorker.runSuite(SuiteRunnerWorker.java:52)
	at org.testng.SuiteRunnerWorker.run(SuiteRunnerWorker.java:86)
	at org.testng.TestNG.runSuitesSequentially(TestNG.java:1224)
	at org.testng.TestNG.runSuitesLocally(TestNG.java:1149)
	at org.testng.TestNG.run(TestNG.java:1057)
	at org.testng.remote.RemoteTestNG.run(RemoteTestNG.java:111)
	at org.testng.remote.RemoteTestNG.initAndRun(RemoteTestNG.java:204)
	at org.testng.remote.RemoteTestNG.main(RemoteTestNG.java:175)
]]>
            </full-stacktrace>
          </exception> <!-- org.openqa.selenium.NoSuchWindowException -->
          <reporter-output>
          </reporter-output>
        </test-method> <!-- tearDown -->
      </class> <!-- com.epam.testexternalpart.tests.AddCandidateTest -->
    </test> <!-- Default test -->
  </suite> <!-- Default suite -->
</testng-results>
