<?xml version="1.0" encoding="UTF-8"?>
<testng-results skipped="0" failed="0" total="1" passed="1">
  <reporter-output>
    <line>
      <![CDATA[<br /><font size = 2 color = #000000>Click on [Click first_stream]</font>]]>
    </line>
    <line>
      <![CDATA[<br /><font size = 2 color = #000000>Click on [Click addCandidateButton]</font>]]>
    </line>
    <line>
      <![CDATA[<br /><font size = 2 color = #000000>Creating new candidate with fields-Harry;Potter;James;02.12.2013;sdhgjshg1j@mail.ru;+380505465345;</font>]]>
    </line>
    <line>
      <![CDATA[<br /><font size = 2 color = #000000>Click on [Click Create Candidate Button]</font>]]>
    </line>
    <line>
      <![CDATA[<br /><font size = 2 color = #000000>Checking the presence of the elemen [Create Profile Create Button]</font>]]>
    </line>
    <line>
      <![CDATA[<br /><font size = 2 color = #347C17>&nbsp;&nbsp;[Create Profile Create Button]is Not Present</font>]]>
    </line>
    <line>
      <![CDATA[<br /><font size = 2 color = #000000>Click on [Click on crumbs]</font>]]>
    </line>
    <line>
      <![CDATA[<br /><font size = 2 color = #000000>Click on [Click on netTab]</font>]]>
    </line>
    <line>
      <![CDATA[<br /><font size = 2 color = #000000>Click on [Click on first_stream]</font>]]>
    </line>
    <line>
      <![CDATA[<br /><font size = 2 color = #000000>Click on [Click on addCandidateButton]</font>]]>
    </line>
    <line>
      <![CDATA[<br /><font size = 2 color = #000000>Creating new candidate with fields-Harry;Potter;James;02.12.2013;sdhgjshg1j@mail.ru;+380505465345;</font>]]>
    </line>
    <line>
      <![CDATA[<br /><font size = 2 color = #000000>Click on [Click Create Candidate Button]</font>]]>
    </line>
    <line>
      <![CDATA[<br /><font size = 2 color = #000000>Checking the presence of the elemen [Create Profile Create Button]</font>]]>
    </line>
    <line>
      <![CDATA[<br /><font size = 2 color = #347C17>&nbsp;&nbsp;[Create Profile Create Button]is Not Present</font>]]>
    </line>
    <line>
      <![CDATA[<br /><font size = 2 color = #000000>Checking the presence of the elemen [Java : Java Spring 2015 - not tested
]</font>]]>
    </line>
    <line>
      <![CDATA[<br /><font size = 2 color = #347C17>&nbsp;&nbsp;[Java : Java Spring 2015 - not tested
]is Present</font>]]>
    </line>
    <line>
      <![CDATA[<br /><font size = 2 color = #000000>Click on [Click on crumbs]</font>]]>
    </line>
    <line>
      <![CDATA[<br /><font size = 2 color = #000000>Click on [Click javaTab]</font>]]>
    </line>
    <line>
      <![CDATA[<br /><font size = 2 color = #000000>Click on [Click first_stream]</font>]]>
    </line>
    <line>
      <![CDATA[<br /><font size = 2 color = #000000>Click on [check-box of last cand]</font>]]>
    </line>
    <line>
      <![CDATA[<br /><font size = 2 color = #000000>Click on [deleteButton]</font>]]>
    </line>
    <line>
      <![CDATA[<br /><font size = 2 color = #000000>Checking the presence of the elemen [delCandPopAp]</font>]]>
    </line>
    <line>
      <![CDATA[<br /><font size = 2 color = #347C17>&nbsp;&nbsp;[delCandPopAp]is Present</font>]]>
    </line>
    <line>
      <![CDATA[<br /><font size = 2 color = #000000>Click on [deleteCandPopApButton]</font>]]>
    </line>
    <line>
      <![CDATA[<br /><font size = 2 color = #000000>Click on [Click on crumbs]</font>]]>
    </line>
    <line>
      <![CDATA[<br /><font size = 2 color = #000000>Click on [Click on netTab]</font>]]>
    </line>
    <line>
      <![CDATA[<br /><font size = 2 color = #000000>Click on [Click on first_stream]</font>]]>
    </line>
    <line>
      <![CDATA[<br /><font size = 2 color = #000000>Click on [check-box of last cand]</font>]]>
    </line>
    <line>
      <![CDATA[<br /><font size = 2 color = #000000>Click on [deleteButton]</font>]]>
    </line>
    <line>
      <![CDATA[<br /><font size = 2 color = #000000>Checking the presence of the elemen [delCandPopAp]</font>]]>
    </line>
    <line>
      <![CDATA[<br /><font size = 2 color = #347C17>&nbsp;&nbsp;[delCandPopAp]is Present</font>]]>
    </line>
    <line>
      <![CDATA[<br /><font size = 2 color = #000000>Click on [deleteCandPopApButton]</font>]]>
    </line>
  </reporter-output>
  <suite name="Default suite" duration-ms="44529" started-at="2015-01-20T09:47:53Z" finished-at="2015-01-20T09:48:38Z">
    <groups>
    </groups>
    <test name="Default test" duration-ms="44529" started-at="2015-01-20T09:47:53Z" finished-at="2015-01-20T09:48:38Z">
      <class name="com.epam.testexternalpart.tests.SeveralStreamTest">
        <test-method status="PASS" signature="init()[pri:0, instance:com.epam.testexternalpart.tests.SeveralStreamTest@7f1a4c5e]" name="init" is-config="true" duration-ms="4213" started-at="2015-01-20T11:47:53Z" finished-at="2015-01-20T11:47:57Z">
          <reporter-output>
          </reporter-output>
        </test-method> <!-- init -->
        <test-method status="PASS" signature="startPage()[pri:0, instance:com.epam.testexternalpart.tests.SeveralStreamTest@7f1a4c5e]" name="startPage" is-config="true" duration-ms="410" started-at="2015-01-20T11:47:58Z" finished-at="2015-01-20T11:47:58Z">
          <reporter-output>
          </reporter-output>
        </test-method> <!-- startPage -->
        <test-method status="PASS" signature="addCandidateToSeveralDepartment(java.lang.String)[pri:0, instance:com.epam.testexternalpart.tests.SeveralStreamTest@7f1a4c5e]" name="addCandidateToSeveralDepartment" duration-ms="36926" started-at="2015-01-20T11:47:58Z" data-provider="testData" finished-at="2015-01-20T11:48:35Z">
          <params>
            <param index="0">
              <value>
                <![CDATA[Harry;Potter;James;02.12.2013;sdhgjshg1j@mail.ru;+380505465345;]]>
              </value>
            </param>
          </params>
          <reporter-output>
            <line>
              <![CDATA[<br /><font size = 2 color = #000000>Click on [Click first_stream]</font>]]>
            </line>
            <line>
              <![CDATA[<br /><font size = 2 color = #000000>Click on [Click addCandidateButton]</font>]]>
            </line>
            <line>
              <![CDATA[<br /><font size = 2 color = #000000>Creating new candidate with fields-Harry;Potter;James;02.12.2013;sdhgjshg1j@mail.ru;+380505465345;</font>]]>
            </line>
            <line>
              <![CDATA[<br /><font size = 2 color = #000000>Click on [Click Create Candidate Button]</font>]]>
            </line>
            <line>
              <![CDATA[<br /><font size = 2 color = #000000>Checking the presence of the elemen [Create Profile Create Button]</font>]]>
            </line>
            <line>
              <![CDATA[<br /><font size = 2 color = #347C17>&nbsp;&nbsp;[Create Profile Create Button]is Not Present</font>]]>
            </line>
            <line>
              <![CDATA[<br /><font size = 2 color = #000000>Click on [Click on crumbs]</font>]]>
            </line>
            <line>
              <![CDATA[<br /><font size = 2 color = #000000>Click on [Click on netTab]</font>]]>
            </line>
            <line>
              <![CDATA[<br /><font size = 2 color = #000000>Click on [Click on first_stream]</font>]]>
            </line>
            <line>
              <![CDATA[<br /><font size = 2 color = #000000>Click on [Click on addCandidateButton]</font>]]>
            </line>
            <line>
              <![CDATA[<br /><font size = 2 color = #000000>Creating new candidate with fields-Harry;Potter;James;02.12.2013;sdhgjshg1j@mail.ru;+380505465345;</font>]]>
            </line>
            <line>
              <![CDATA[<br /><font size = 2 color = #000000>Click on [Click Create Candidate Button]</font>]]>
            </line>
            <line>
              <![CDATA[<br /><font size = 2 color = #000000>Checking the presence of the elemen [Create Profile Create Button]</font>]]>
            </line>
            <line>
              <![CDATA[<br /><font size = 2 color = #347C17>&nbsp;&nbsp;[Create Profile Create Button]is Not Present</font>]]>
            </line>
            <line>
              <![CDATA[<br /><font size = 2 color = #000000>Checking the presence of the elemen [Java : Java Spring 2015 - not tested
]</font>]]>
            </line>
            <line>
              <![CDATA[<br /><font size = 2 color = #347C17>&nbsp;&nbsp;[Java : Java Spring 2015 - not tested
]is Present</font>]]>
            </line>
            <line>
              <![CDATA[<br /><font size = 2 color = #000000>Click on [Click on crumbs]</font>]]>
            </line>
            <line>
              <![CDATA[<br /><font size = 2 color = #000000>Click on [Click javaTab]</font>]]>
            </line>
            <line>
              <![CDATA[<br /><font size = 2 color = #000000>Click on [Click first_stream]</font>]]>
            </line>
            <line>
              <![CDATA[<br /><font size = 2 color = #000000>Click on [check-box of last cand]</font>]]>
            </line>
            <line>
              <![CDATA[<br /><font size = 2 color = #000000>Click on [deleteButton]</font>]]>
            </line>
            <line>
              <![CDATA[<br /><font size = 2 color = #000000>Checking the presence of the elemen [delCandPopAp]</font>]]>
            </line>
            <line>
              <![CDATA[<br /><font size = 2 color = #347C17>&nbsp;&nbsp;[delCandPopAp]is Present</font>]]>
            </line>
            <line>
              <![CDATA[<br /><font size = 2 color = #000000>Click on [deleteCandPopApButton]</font>]]>
            </line>
            <line>
              <![CDATA[<br /><font size = 2 color = #000000>Click on [Click on crumbs]</font>]]>
            </line>
            <line>
              <![CDATA[<br /><font size = 2 color = #000000>Click on [Click on netTab]</font>]]>
            </line>
            <line>
              <![CDATA[<br /><font size = 2 color = #000000>Click on [Click on first_stream]</font>]]>
            </line>
            <line>
              <![CDATA[<br /><font size = 2 color = #000000>Click on [check-box of last cand]</font>]]>
            </line>
            <line>
              <![CDATA[<br /><font size = 2 color = #000000>Click on [deleteButton]</font>]]>
            </line>
            <line>
              <![CDATA[<br /><font size = 2 color = #000000>Checking the presence of the elemen [delCandPopAp]</font>]]>
            </line>
            <line>
              <![CDATA[<br /><font size = 2 color = #347C17>&nbsp;&nbsp;[delCandPopAp]is Present</font>]]>
            </line>
            <line>
              <![CDATA[<br /><font size = 2 color = #000000>Click on [deleteCandPopApButton]</font>]]>
            </line>
          </reporter-output>
        </test-method> <!-- addCandidateToSeveralDepartment -->
        <test-method status="PASS" signature="tearDown()[pri:0, instance:com.epam.testexternalpart.tests.SeveralStreamTest@7f1a4c5e]" name="tearDown" is-config="true" duration-ms="2493" started-at="2015-01-20T11:48:35Z" finished-at="2015-01-20T11:48:38Z">
          <reporter-output>
          </reporter-output>
        </test-method> <!-- tearDown -->
      </class> <!-- com.epam.testexternalpart.tests.SeveralStreamTest -->
    </test> <!-- Default test -->
  </suite> <!-- Default suite -->
</testng-results>
