<?xml version="1.0" encoding="UTF-8"?>
<testng-results skipped="0" failed="0" total="31" passed="31">
  <reporter-output>
    <line>
      <![CDATA[<br /><font size = 2 color = #000000>Checking that Stream Create Button reffering to Add Stream Page</font>]]>
    </line>
    <line>
      <![CDATA[<br /><font size = 2 color = #000000>Checking the presence of the elemen [java Tab]</font>]]>
    </line>
    <line>
      <![CDATA[<br /><font size = 2 color = #347C17>&nbsp;&nbsp;[java Tab]is Not Present</font>]]>
    </line>
    <line>
      <![CDATA[<br /><font size = 2 color = #000000>Create new Stream with name Autumn 2015</font>]]>
    </line>
    <line>
      <![CDATA[<br /><font size = 2 color = #000000>Click on [AddStreamButton]</font>]]>
    </line>
    <line>
      <![CDATA[<br /><font size = 2 color = #000000>Click on [Select stream on Department Page]</font>]]>
    </line>
    <line>
      <![CDATA[<br /><font size = 2 color = #000000>Checking the presence of the elemen [javaTab]</font>]]>
    </line>
    <line>
      <![CDATA[<br /><font size = 2 color = #347C17>&nbsp;&nbsp;[javaTab]is Not Present</font>]]>
    </line>
    <line>
      <![CDATA[<br /><font size = 2 color = #000000>Click on [Select stream on Department Page]</font>]]>
    </line>
    <line>
      <![CDATA[<br /><font size = 2 color = #000000>Checking the presence of the elemen [javaTab]</font>]]>
    </line>
    <line>
      <![CDATA[<br /><font size = 2 color = #347C17>&nbsp;&nbsp;[javaTab]is Not Present</font>]]>
    </line>
    <line>
      <![CDATA[<br /><font size = 2 color = #000000>Checking that Stream Create Button reffering to Add Stream Page</font>]]>
    </line>
    <line>
      <![CDATA[<br /><font size = 2 color = #000000>Checking the presence of the elemen [add Candidate Button]</font>]]>
    </line>
    <line>
      <![CDATA[<br /><font size = 2 color = #347C17>&nbsp;&nbsp;[add Candidate Button]is Not Present</font>]]>
    </line>
    <line>
      <![CDATA[<br /><font size = 2 color = #000000>Creating new candidates for test</font>]]>
    </line>
    <line>
      <![CDATA[<br /><font size = 2 color = #000000>Click on [Create Candidate Button]</font>]]>
    </line>
    <line>
      <![CDATA[<br /><font size = 2 color = #000000>Check if new candidate was added</font>]]>
    </line>
    <line>
      <![CDATA[<br /><font size = 2 color = #347C17>&nbsp;&nbsp;candidate was added</font>]]>
    </line>
    <line>
      <![CDATA[<br /><font size = 2 color = #000000>Click on [Select stream on Department Page]</font>]]>
    </line>
    <line>
      <![CDATA[<br /><font size = 2 color = #000000>Checking the presence of the elemen [javaTab]</font>]]>
    </line>
    <line>
      <![CDATA[<br /><font size = 2 color = #347C17>&nbsp;&nbsp;[javaTab]is Not Present</font>]]>
    </line>
    <line>
      <![CDATA[<br /><font size = 2 color = #000000>Checking that Stream Create Button reffering to Add Stream Page</font>]]>
    </line>
    <line>
      <![CDATA[<br /><font size = 2 color = #000000>Checking the presence of the elemen [add Candidate Button]</font>]]>
    </line>
    <line>
      <![CDATA[<br /><font size = 2 color = #347C17>&nbsp;&nbsp;[add Candidate Button]is Not Present</font>]]>
    </line>
    <line>
      <![CDATA[<br /><font size = 2 color = #000000>Creating new candidates for test</font>]]>
    </line>
    <line>
      <![CDATA[<br /><font size = 2 color = #000000>Click on [Create Candidate Button]</font>]]>
    </line>
    <line>
      <![CDATA[<br /><font size = 2 color = #000000>Check if new candidate was added</font>]]>
    </line>
    <line>
      <![CDATA[<br /><font size = 2 color = #347C17>&nbsp;&nbsp;candidate was added</font>]]>
    </line>
    <line>
      <![CDATA[<br /><font size = 2 color = #000000>Click on [Select stream on Department Page]</font>]]>
    </line>
    <line>
      <![CDATA[<br /><font size = 2 color = #000000>Checking the presence of the elemen [javaTab]</font>]]>
    </line>
    <line>
      <![CDATA[<br /><font size = 2 color = #347C17>&nbsp;&nbsp;[javaTab]is Not Present</font>]]>
    </line>
    <line>
      <![CDATA[<br /><font size = 2 color = #000000>Checking that Stream Create Button reffering to Add Stream Page</font>]]>
    </line>
    <line>
      <![CDATA[<br /><font size = 2 color = #000000>Checking the presence of the elemen [add Candidate Button]</font>]]>
    </line>
    <line>
      <![CDATA[<br /><font size = 2 color = #347C17>&nbsp;&nbsp;[add Candidate Button]is Not Present</font>]]>
    </line>
    <line>
      <![CDATA[<br /><font size = 2 color = #000000>Creating new candidates for test</font>]]>
    </line>
    <line>
      <![CDATA[<br /><font size = 2 color = #000000>Click on [Create Candidate Button]</font>]]>
    </line>
    <line>
      <![CDATA[<br /><font size = 2 color = #000000>Check if new candidate was added</font>]]>
    </line>
    <line>
      <![CDATA[<br /><font size = 2 color = #347C17>&nbsp;&nbsp;candidate was added</font>]]>
    </line>
    <line>
      <![CDATA[<br /><font size = 2 color = #000000>Click on [Select stream on Department Page]</font>]]>
    </line>
    <line>
      <![CDATA[<br /><font size = 2 color = #000000>Checking the presence of the elemen [javaTab]</font>]]>
    </line>
    <line>
      <![CDATA[<br /><font size = 2 color = #347C17>&nbsp;&nbsp;[javaTab]is Not Present</font>]]>
    </line>
    <line>
      <![CDATA[<br /><font size = 2 color = #000000>Checking that Stream Create Button reffering to Add Stream Page</font>]]>
    </line>
    <line>
      <![CDATA[<br /><font size = 2 color = #000000>Checking the presence of the elemen [add Candidate Button]</font>]]>
    </line>
    <line>
      <![CDATA[<br /><font size = 2 color = #347C17>&nbsp;&nbsp;[add Candidate Button]is Not Present</font>]]>
    </line>
    <line>
      <![CDATA[<br /><font size = 2 color = #000000>Creating new candidates for test</font>]]>
    </line>
    <line>
      <![CDATA[<br /><font size = 2 color = #000000>Click on [Create Candidate Button]</font>]]>
    </line>
    <line>
      <![CDATA[<br /><font size = 2 color = #000000>Check if new candidate was added</font>]]>
    </line>
    <line>
      <![CDATA[<br /><font size = 2 color = #347C17>&nbsp;&nbsp;candidate was added</font>]]>
    </line>
    <line>
      <![CDATA[<br /><font size = 2 color = #000000>Click on [Select stream on Department Page]</font>]]>
    </line>
    <line>
      <![CDATA[<br /><font size = 2 color = #000000>Checking the presence of the elemen [javaTab]</font>]]>
    </line>
    <line>
      <![CDATA[<br /><font size = 2 color = #347C17>&nbsp;&nbsp;[javaTab]is Not Present</font>]]>
    </line>
    <line>
      <![CDATA[<br /><font size = 2 color = #000000>Checking that Stream Create Button reffering to Add Stream Page</font>]]>
    </line>
    <line>
      <![CDATA[<br /><font size = 2 color = #000000>Checking the presence of the elemen [add Candidate Button]</font>]]>
    </line>
    <line>
      <![CDATA[<br /><font size = 2 color = #347C17>&nbsp;&nbsp;[add Candidate Button]is Not Present</font>]]>
    </line>
    <line>
      <![CDATA[<br /><font size = 2 color = #000000>Creating new candidates for test</font>]]>
    </line>
    <line>
      <![CDATA[<br /><font size = 2 color = #000000>Click on [Create Candidate Button]</font>]]>
    </line>
    <line>
      <![CDATA[<br /><font size = 2 color = #000000>Check if new candidate was added</font>]]>
    </line>
    <line>
      <![CDATA[<br /><font size = 2 color = #347C17>&nbsp;&nbsp;candidate was added</font>]]>
    </line>
    <line>
      <![CDATA[<br /><font size = 2 color = #000000>Click on [Select stream on Department Page]</font>]]>
    </line>
    <line>
      <![CDATA[<br /><font size = 2 color = #000000>Checking the presence of the elemen [javaTab]</font>]]>
    </line>
    <line>
      <![CDATA[<br /><font size = 2 color = #347C17>&nbsp;&nbsp;[javaTab]is Not Present</font>]]>
    </line>
    <line>
      <![CDATA[<br /><font size = 2 color = #000000>Checking that Stream Create Button reffering to Add Stream Page</font>]]>
    </line>
    <line>
      <![CDATA[<br /><font size = 2 color = #000000>Checking the presence of the elemen [add Candidate Button]</font>]]>
    </line>
    <line>
      <![CDATA[<br /><font size = 2 color = #347C17>&nbsp;&nbsp;[add Candidate Button]is Not Present</font>]]>
    </line>
    <line>
      <![CDATA[<br /><font size = 2 color = #000000>Creating new candidates for test</font>]]>
    </line>
    <line>
      <![CDATA[<br /><font size = 2 color = #000000>Click on [Create Candidate Button]</font>]]>
    </line>
    <line>
      <![CDATA[<br /><font size = 2 color = #000000>Check if new candidate was added</font>]]>
    </line>
    <line>
      <![CDATA[<br /><font size = 2 color = #347C17>&nbsp;&nbsp;candidate was added</font>]]>
    </line>
    <line>
      <![CDATA[<br /><font size = 2 color = #000000>Click on [Select stream on Department Page]</font>]]>
    </line>
    <line>
      <![CDATA[<br /><font size = 2 color = #000000>Checking the presence of the elemen [javaTab]</font>]]>
    </line>
    <line>
      <![CDATA[<br /><font size = 2 color = #347C17>&nbsp;&nbsp;[javaTab]is Not Present</font>]]>
    </line>
    <line>
      <![CDATA[<br /><font size = 2 color = #000000>Checking that Stream Create Button reffering to Add Stream Page</font>]]>
    </line>
    <line>
      <![CDATA[<br /><font size = 2 color = #000000>Checking the presence of the elemen [add Candidate Button]</font>]]>
    </line>
    <line>
      <![CDATA[<br /><font size = 2 color = #347C17>&nbsp;&nbsp;[add Candidate Button]is Not Present</font>]]>
    </line>
    <line>
      <![CDATA[<br /><font size = 2 color = #000000>Creating new candidates for test</font>]]>
    </line>
    <line>
      <![CDATA[<br /><font size = 2 color = #000000>Click on [Create Candidate Button]</font>]]>
    </line>
    <line>
      <![CDATA[<br /><font size = 2 color = #000000>Check if new candidate was added</font>]]>
    </line>
    <line>
      <![CDATA[<br /><font size = 2 color = #347C17>&nbsp;&nbsp;candidate was added</font>]]>
    </line>
    <line>
      <![CDATA[<br /><font size = 2 color = #000000>Click on [Select stream on Department Page]</font>]]>
    </line>
    <line>
      <![CDATA[<br /><font size = 2 color = #000000>Checking the presence of the elemen [javaTab]</font>]]>
    </line>
    <line>
      <![CDATA[<br /><font size = 2 color = #347C17>&nbsp;&nbsp;[javaTab]is Not Present</font>]]>
    </line>
    <line>
      <![CDATA[<br /><font size = 2 color = #000000>Click on [click notTestedCandidate]</font>]]>
    </line>
    <line>
      <![CDATA[<br /><font size = 2 color = #000000>Checking not testing Candidates</font>]]>
    </line>
    <line>
      <![CDATA[<br /><font size = 2 color = #000000>Click on [Select stream on Department Page]</font>]]>
    </line>
    <line>
      <![CDATA[<br /><font size = 2 color = #000000>Checking the presence of the elemen [javaTab]</font>]]>
    </line>
    <line>
      <![CDATA[<br /><font size = 2 color = #347C17>&nbsp;&nbsp;[javaTab]is Not Present</font>]]>
    </line>
    <line>
      <![CDATA[<br /><font size = 2 color = #000000>Click on [click notTestedCandidate]</font>]]>
    </line>
    <line>
      <![CDATA[<br /><font size = 2 color = #000000>Checking not testing Candidates</font>]]>
    </line>
    <line>
      <![CDATA[<br /><font size = 2 color = #000000>Click on [Select stream on Department Page]</font>]]>
    </line>
    <line>
      <![CDATA[<br /><font size = 2 color = #000000>Checking the presence of the elemen [javaTab]</font>]]>
    </line>
    <line>
      <![CDATA[<br /><font size = 2 color = #347C17>&nbsp;&nbsp;[javaTab]is Not Present</font>]]>
    </line>
    <line>
      <![CDATA[<br /><font size = 2 color = #000000>Click on [click notTestedCandidate]</font>]]>
    </line>
    <line>
      <![CDATA[<br /><font size = 2 color = #000000>Checking not testing Candidates</font>]]>
    </line>
    <line>
      <![CDATA[<br /><font size = 2 color = #000000>Click on [Select stream on Department Page]</font>]]>
    </line>
    <line>
      <![CDATA[<br /><font size = 2 color = #000000>Checking the presence of the elemen [javaTab]</font>]]>
    </line>
    <line>
      <![CDATA[<br /><font size = 2 color = #347C17>&nbsp;&nbsp;[javaTab]is Not Present</font>]]>
    </line>
    <line>
      <![CDATA[<br /><font size = 2 color = #000000>Click on [click notTestedCandidate]</font>]]>
    </line>
    <line>
      <![CDATA[<br /><font size = 2 color = #000000>Checking not testing Candidates</font>]]>
    </line>
    <line>
      <![CDATA[<br /><font size = 2 color = #000000>Click on [Select stream on Department Page]</font>]]>
    </line>
    <line>
      <![CDATA[<br /><font size = 2 color = #000000>Checking the presence of the elemen [javaTab]</font>]]>
    </line>
    <line>
      <![CDATA[<br /><font size = 2 color = #347C17>&nbsp;&nbsp;[javaTab]is Not Present</font>]]>
    </line>
    <line>
      <![CDATA[<br /><font size = 2 color = #000000>Click on [click notTestedCandidate]</font>]]>
    </line>
    <line>
      <![CDATA[<br /><font size = 2 color = #000000>Checking not testing Candidates</font>]]>
    </line>
    <line>
      <![CDATA[<br /><font size = 2 color = #000000>Click on [Select stream on Department Page]</font>]]>
    </line>
    <line>
      <![CDATA[<br /><font size = 2 color = #000000>Checking the presence of the elemen [javaTab]</font>]]>
    </line>
    <line>
      <![CDATA[<br /><font size = 2 color = #347C17>&nbsp;&nbsp;[javaTab]is Not Present</font>]]>
    </line>
    <line>
      <![CDATA[<br /><font size = 2 color = #000000>Click on [click notTestedCandidate]</font>]]>
    </line>
    <line>
      <![CDATA[<br /><font size = 2 color = #000000>Checking not testing Candidates</font>]]>
    </line>
    <line>
      <![CDATA[<br /><font size = 2 color = #000000>Click on [Select stream on Department Page]</font>]]>
    </line>
    <line>
      <![CDATA[<br /><font size = 2 color = #000000>Checking the presence of the elemen [javaTab]</font>]]>
    </line>
    <line>
      <![CDATA[<br /><font size = 2 color = #347C17>&nbsp;&nbsp;[javaTab]is Not Present</font>]]>
    </line>
    <line>
      <![CDATA[<br /><font size = 2 color = #000000>Click on [click notTestedCandidate]</font>]]>
    </line>
    <line>
      <![CDATA[<br /><font size = 2 color = #000000>Checking not testing Candidates</font>]]>
    </line>
    <line>
      <![CDATA[<br /><font size = 2 color = #000000>Click on [Select stream on Department Page]</font>]]>
    </line>
    <line>
      <![CDATA[<br /><font size = 2 color = #000000>Checking the presence of the elemen [javaTab]</font>]]>
    </line>
    <line>
      <![CDATA[<br /><font size = 2 color = #347C17>&nbsp;&nbsp;[javaTab]is Not Present</font>]]>
    </line>
    <line>
      <![CDATA[<br /><font size = 2 color = #000000>Click on [Select cabdidates to assigning to test]</font>]]>
    </line>
    <line>
      <![CDATA[<br /><font size = 2 color = #000000>Click on [Click assignTestButton]</font>]]>
    </line>
    <line>
      <![CDATA[<br /><font size = 2 color = #000000>Send invitation to candidates</font>]]>
    </line>
    <line>
      <![CDATA[<br /><font size = 2 color = #000000>Click on [click sendInvitationButton]</font>]]>
    </line>
    <line>
      <![CDATA[<br /><font size = 2 color = #347C17>&nbsp;&nbsp;Invitation were sent</font>]]>
    </line>
    <line>
      <![CDATA[<br /><font size = 2 color = #000000>Check results of sending invitation</font>]]>
    </line>
    <line>
      <![CDATA[<br /><font size = 2 color = #000000>Checking the presence of the elemen [Results pop up]</font>]]>
    </line>
    <line>
      <![CDATA[<br /><font size = 2 color = #347C17>&nbsp;&nbsp;[Results pop up]is Present</font>]]>
    </line>
    <line>
      <![CDATA[<br /><font size = 2 color = #000000>Click on [Select stream on Department Page]</font>]]>
    </line>
    <line>
      <![CDATA[<br /><font size = 2 color = #000000>Checking the presence of the elemen [javaTab]</font>]]>
    </line>
    <line>
      <![CDATA[<br /><font size = 2 color = #347C17>&nbsp;&nbsp;[javaTab]is Not Present</font>]]>
    </line>
    <line>
      <![CDATA[<br /><font size = 2 color = #000000>Click on [click assignedToTestTab]</font>]]>
    </line>
    <line>
      <![CDATA[<br /><font size = 2 color = #000000>Checking not testing Candidates</font>]]>
    </line>
    <line>
      <![CDATA[<br /><font size = 2 color = #000000>Click on [Select stream on Department Page]</font>]]>
    </line>
    <line>
      <![CDATA[<br /><font size = 2 color = #000000>Checking the presence of the elemen [javaTab]</font>]]>
    </line>
    <line>
      <![CDATA[<br /><font size = 2 color = #347C17>&nbsp;&nbsp;[javaTab]is Not Present</font>]]>
    </line>
    <line>
      <![CDATA[<br /><font size = 2 color = #000000>Click on [click assignedToTestTab]</font>]]>
    </line>
    <line>
      <![CDATA[<br /><font size = 2 color = #000000>Checking not testing Candidates</font>]]>
    </line>
    <line>
      <![CDATA[<br /><font size = 2 color = #000000>Click on [Select stream on Department Page]</font>]]>
    </line>
    <line>
      <![CDATA[<br /><font size = 2 color = #000000>Checking the presence of the elemen [javaTab]</font>]]>
    </line>
    <line>
      <![CDATA[<br /><font size = 2 color = #347C17>&nbsp;&nbsp;[javaTab]is Not Present</font>]]>
    </line>
    <line>
      <![CDATA[<br /><font size = 2 color = #000000>Click on [click assignedToTestTab]</font>]]>
    </line>
    <line>
      <![CDATA[<br /><font size = 2 color = #000000>Checking not testing Candidates</font>]]>
    </line>
    <line>
      <![CDATA[<br /><font size = 2 color = #000000>Click on [Select stream on Department Page]</font>]]>
    </line>
    <line>
      <![CDATA[<br /><font size = 2 color = #000000>Checking the presence of the elemen [javaTab]</font>]]>
    </line>
    <line>
      <![CDATA[<br /><font size = 2 color = #347C17>&nbsp;&nbsp;[javaTab]is Not Present</font>]]>
    </line>
    <line>
      <![CDATA[<br /><font size = 2 color = #000000>Click on [click assignedToTestTab]</font>]]>
    </line>
    <line>
      <![CDATA[<br /><font size = 2 color = #000000>Checking not testing Candidates</font>]]>
    </line>
    <line>
      <![CDATA[<br /><font size = 2 color = #000000>Click on [Select stream on Department Page]</font>]]>
    </line>
    <line>
      <![CDATA[<br /><font size = 2 color = #000000>Checking the presence of the elemen [javaTab]</font>]]>
    </line>
    <line>
      <![CDATA[<br /><font size = 2 color = #347C17>&nbsp;&nbsp;[javaTab]is Not Present</font>]]>
    </line>
    <line>
      <![CDATA[<br /><font size = 2 color = #000000>Click on [click assignedToTestTab]</font>]]>
    </line>
    <line>
      <![CDATA[<br /><font size = 2 color = #000000>Checking not testing Candidates</font>]]>
    </line>
    <line>
      <![CDATA[<br /><font size = 2 color = #000000>Click on [Select stream on Department Page]</font>]]>
    </line>
    <line>
      <![CDATA[<br /><font size = 2 color = #000000>Checking the presence of the elemen [javaTab]</font>]]>
    </line>
    <line>
      <![CDATA[<br /><font size = 2 color = #347C17>&nbsp;&nbsp;[javaTab]is Not Present</font>]]>
    </line>
    <line>
      <![CDATA[<br /><font size = 2 color = #000000>Click on [click assignedToTestTab]</font>]]>
    </line>
    <line>
      <![CDATA[<br /><font size = 2 color = #000000>Checking not testing Candidates</font>]]>
    </line>
    <line>
      <![CDATA[<br /><font size = 2 color = #000000>Click on [logginButton]</font>]]>
    </line>
    <line>
      <![CDATA[<br /><font size = 2 color = #000000>Click on [inputBoxRow]</font>]]>
    </line>
    <line>
      <![CDATA[<br /><font size = 2 color = #000000>Click on [confirmed Answer]</font>]]>
    </line>
    <line>
      <![CDATA[<br /><font size = 2 color = #000000>Click on [settingsButton]</font>]]>
    </line>
    <line>
      <![CDATA[<br /><font size = 2 color = #000000>Click on [logoutButton]</font>]]>
    </line>
    <line>
      <![CDATA[<br /><font size = 2 color = #000000>Click on [logginButton]</font>]]>
    </line>
    <line>
      <![CDATA[<br /><font size = 2 color = #000000>Click on [readMessages]</font>]]>
    </line>
    <line>
      <![CDATA[<br /><font size = 2 color = #000000>Click on [confirmed Answer]</font>]]>
    </line>
    <line>
      <![CDATA[<br /><font size = 2 color = #000000>Click on [settingsButton]</font>]]>
    </line>
    <line>
      <![CDATA[<br /><font size = 2 color = #000000>Click on [logoutButton]</font>]]>
    </line>
    <line>
      <![CDATA[<br /><font size = 2 color = #000000>Click on [logginButton]</font>]]>
    </line>
    <line>
      <![CDATA[<br /><font size = 2 color = #000000>Click on [inputBoxRow]</font>]]>
    </line>
    <line>
      <![CDATA[<br /><font size = 2 color = #000000>Click on [not Actual Answer]</font>]]>
    </line>
    <line>
      <![CDATA[<br /><font size = 2 color = #000000>Click on [click inputBoxRow]</font>]]>
    </line>
    <line>
      <![CDATA[<br /><font size = 2 color = #000000>Click on [click newTimeAnswer]</font>]]>
    </line>
    <line>
      <![CDATA[<br /><font size = 2 color = #000000>Click on [Select stream on Department Page]</font>]]>
    </line>
    <line>
      <![CDATA[<br /><font size = 2 color = #000000>Checking the presence of the elemen [javaTab]</font>]]>
    </line>
    <line>
      <![CDATA[<br /><font size = 2 color = #347C17>&nbsp;&nbsp;[javaTab]is Not Present</font>]]>
    </line>
    <line>
      <![CDATA[<br /><font size = 2 color = #000000>Click on [click confirmedTab]</font>]]>
    </line>
    <line>
      <![CDATA[<br /><font size = 2 color = #000000>Checking not testing Candidates</font>]]>
    </line>
    <line>
      <![CDATA[<br /><font size = 2 color = #000000>Click on [Select stream on Department Page]</font>]]>
    </line>
    <line>
      <![CDATA[<br /><font size = 2 color = #000000>Checking the presence of the elemen [javaTab]</font>]]>
    </line>
    <line>
      <![CDATA[<br /><font size = 2 color = #347C17>&nbsp;&nbsp;[javaTab]is Not Present</font>]]>
    </line>
    <line>
      <![CDATA[<br /><font size = 2 color = #000000>Click on [click notActualTab]</font>]]>
    </line>
    <line>
      <![CDATA[<br /><font size = 2 color = #000000>Checking not testing Candidates</font>]]>
    </line>
    <line>
      <![CDATA[<br /><font size = 2 color = #000000>Click on [Select stream on Department Page]</font>]]>
    </line>
    <line>
      <![CDATA[<br /><font size = 2 color = #000000>Checking the presence of the elemen [javaTab]</font>]]>
    </line>
    <line>
      <![CDATA[<br /><font size = 2 color = #347C17>&nbsp;&nbsp;[javaTab]is Not Present</font>]]>
    </line>
    <line>
      <![CDATA[<br /><font size = 2 color = #000000>Click on [click notTestedCandidate]</font>]]>
    </line>
    <line>
      <![CDATA[<br /><font size = 2 color = #000000>Checking not testing Candidates</font>]]>
    </line>
    <line>
      <![CDATA[<br /><font size = 2 color = #000000>Click on [Select stream on Department Page]</font>]]>
    </line>
    <line>
      <![CDATA[<br /><font size = 2 color = #000000>Checking the presence of the elemen [javaTab]</font>]]>
    </line>
    <line>
      <![CDATA[<br /><font size = 2 color = #347C17>&nbsp;&nbsp;[javaTab]is Not Present</font>]]>
    </line>
    <line>
      <![CDATA[<br /><font size = 2 color = #000000>Click on [click notTestedCandidate]</font>]]>
    </line>
    <line>
      <![CDATA[<br /><font size = 2 color = #000000>Checking not testing Candidates</font>]]>
    </line>
    <line>
      <![CDATA[<br /><font size = 2 color = #000000>Click on [settingsButton]</font>]]>
    </line>
    <line>
      <![CDATA[<br /><font size = 2 color = #000000>Click on [emailTemplatesButtton]</font>]]>
    </line>
    <line>
      <![CDATA[<br /><font size = 2 color = #000000>Click on [answerDuplicationTittle]</font>]]>
    </line>
    <line>
      <![CDATA[<br /><font size = 2 color = #000000>Click on [logginButton]</font>]]>
    </line>
    <line>
      <![CDATA[<br /><font size = 2 color = #000000>Click on [inputBoxRow]</font>]]>
    </line>
    <line>
      <![CDATA[<br /><font size = 2 color = #000000>Click on [Select stream on Department Page]</font>]]>
    </line>
    <line>
      <![CDATA[<br /><font size = 2 color = #000000>Checking the presence of the elemen [javaTab]</font>]]>
    </line>
    <line>
      <![CDATA[<br /><font size = 2 color = #347C17>&nbsp;&nbsp;[javaTab]is Not Present</font>]]>
    </line>
    <line>
      <![CDATA[<br /><font size = 2 color = #000000>Click on [click notTestedCandidate]</font>]]>
    </line>
    <line>
      <![CDATA[<br /><font size = 2 color = #000000>Click on [Select cabdidates to assigning to test]</font>]]>
    </line>
    <line>
      <![CDATA[<br /><font size = 2 color = #000000>Click on [Click assignTestButton]</font>]]>
    </line>
    <line>
      <![CDATA[<br /><font size = 2 color = #000000>Send invitation to candidates</font>]]>
    </line>
    <line>
      <![CDATA[<br /><font size = 2 color = #000000>Click on [click sendInvitationButton]</font>]]>
    </line>
    <line>
      <![CDATA[<br /><font size = 2 color = #347C17>&nbsp;&nbsp;Invitation were sent</font>]]>
    </line>
    <line>
      <![CDATA[<br /><font size = 2 color = #000000>Click on [click inputBoxRow]</font>]]>
    </line>
    <line>
      <![CDATA[<br /><font size = 2 color = #000000>Click on [click newTimeAnswer]</font>]]>
    </line>
    <line>
      <![CDATA[<br /><font size = 2 color = #000000>Click on [Select stream on Department Page]</font>]]>
    </line>
    <line>
      <![CDATA[<br /><font size = 2 color = #000000>Checking the presence of the elemen [javaTab]</font>]]>
    </line>
    <line>
      <![CDATA[<br /><font size = 2 color = #347C17>&nbsp;&nbsp;[javaTab]is Not Present</font>]]>
    </line>
    <line>
      <![CDATA[<br /><font size = 2 color = #000000>Click on [click notTestedCandidate]</font>]]>
    </line>
    <line>
      <![CDATA[<br /><font size = 2 color = #000000>Click on [Select cabdidates to assigning to test]</font>]]>
    </line>
    <line>
      <![CDATA[<br /><font size = 2 color = #000000>Click on [Click assignTestButton]</font>]]>
    </line>
    <line>
      <![CDATA[<br /><font size = 2 color = #000000>Send invitation to candidates</font>]]>
    </line>
    <line>
      <![CDATA[<br /><font size = 2 color = #000000>Click on [click sendInvitationButton]</font>]]>
    </line>
    <line>
      <![CDATA[<br /><font size = 2 color = #347C17>&nbsp;&nbsp;Invitation were sent</font>]]>
    </line>
    <line>
      <![CDATA[<br /><font size = 2 color = #000000>Click on [click inputBoxRow]</font>]]>
    </line>
    <line>
      <![CDATA[<br /><font size = 2 color = #000000>Click on [click newTimeAnswer]</font>]]>
    </line>
    <line>
      <![CDATA[<br /><font size = 2 color = #000000>Click on [Select stream on Department Page]</font>]]>
    </line>
    <line>
      <![CDATA[<br /><font size = 2 color = #000000>Checking the presence of the elemen [javaTab]</font>]]>
    </line>
    <line>
      <![CDATA[<br /><font size = 2 color = #347C17>&nbsp;&nbsp;[javaTab]is Not Present</font>]]>
    </line>
    <line>
      <![CDATA[<br /><font size = 2 color = #000000>Click on [click bannedTab]</font>]]>
    </line>
    <line>
      <![CDATA[<br /><font size = 2 color = #000000>Checking not testing Candidates</font>]]>
    </line>
  </reporter-output>
  <suite name="Default suite" duration-ms="699559" started-at="2015-01-15T16:42:01Z" finished-at="2015-01-15T16:53:40Z">
    <groups>
    </groups>
    <test name="Default test" duration-ms="699559" started-at="2015-01-15T16:42:01Z" finished-at="2015-01-15T16:53:40Z">
      <class name="com.epam.testexternalpart.tests.AssigningToTest">
        <test-method status="PASS" signature="init()[pri:0, instance:com.epam.testexternalpart.tests.AssigningToTest@75bd9247]" name="init" is-config="true" duration-ms="6347" started-at="2015-01-15T18:42:01Z" finished-at="2015-01-15T18:42:07Z">
          <reporter-output>
          </reporter-output>
        </test-method> <!-- init -->
        <test-method status="PASS" signature="startPage()[pri:0, instance:com.epam.testexternalpart.tests.AssigningToTest@75bd9247]" name="startPage" is-config="true" duration-ms="242" started-at="2015-01-15T18:42:08Z" finished-at="2015-01-15T18:42:08Z">
          <reporter-output>
          </reporter-output>
        </test-method> <!-- startPage -->
        <test-method status="PASS" signature="addStream(java.lang.String)[pri:0, instance:com.epam.testexternalpart.tests.AssigningToTest@75bd9247]" name="addStream" duration-ms="22215" started-at="2015-01-15T18:42:08Z" data-provider="testData" finished-at="2015-01-15T18:42:30Z">
          <params>
            <param index="0">
              <value>
                <![CDATA[Autumn 2015]]>
              </value>
            </param>
          </params>
          <reporter-output>
            <line>
              <![CDATA[<br /><font size = 2 color = #000000>Checking that Stream Create Button reffering to Add Stream Page</font>]]>
            </line>
            <line>
              <![CDATA[<br /><font size = 2 color = #000000>Checking the presence of the elemen [java Tab]</font>]]>
            </line>
            <line>
              <![CDATA[<br /><font size = 2 color = #347C17>&nbsp;&nbsp;[java Tab]is Not Present</font>]]>
            </line>
            <line>
              <![CDATA[<br /><font size = 2 color = #000000>Create new Stream with name Autumn 2015</font>]]>
            </line>
            <line>
              <![CDATA[<br /><font size = 2 color = #000000>Click on [AddStreamButton]</font>]]>
            </line>
            <line>
              <![CDATA[<br /><font size = 2 color = #000000>Click on [Select stream on Department Page]</font>]]>
            </line>
            <line>
              <![CDATA[<br /><font size = 2 color = #000000>Checking the presence of the elemen [javaTab]</font>]]>
            </line>
            <line>
              <![CDATA[<br /><font size = 2 color = #347C17>&nbsp;&nbsp;[javaTab]is Not Present</font>]]>
            </line>
          </reporter-output>
        </test-method> <!-- addStream -->
        <test-method status="PASS" signature="startPage()[pri:0, instance:com.epam.testexternalpart.tests.AssigningToTest@75bd9247]" name="startPage" is-config="true" duration-ms="160" started-at="2015-01-15T18:42:30Z" finished-at="2015-01-15T18:42:31Z">
          <reporter-output>
          </reporter-output>
        </test-method> <!-- startPage -->
        <test-method status="PASS" signature="addCandidates(java.lang.String, java.lang.String)[pri:0, instance:com.epam.testexternalpart.tests.AssigningToTest@75bd9247]" name="addCandidates" duration-ms="28657" started-at="2015-01-15T18:42:31Z" data-provider="testData" finished-at="2015-01-15T18:42:59Z">
          <params>
            <param index="0">
              <value>
                <![CDATA[Autumn 2015]]>
              </value>
            </param>
            <param index="1">
              <value>
                <![CDATA[Олег;Ромашкин;Федорович;21.09.1990;pupkin379@rambler.ru;+397894164112;+097894164111;ХПИ;Компютерных наук;специалист;2004;2009;компьютерная академия ШАГ;основные понятия по Java;русский, украинский - разговорный, английский - со словарем]]>
              </value>
            </param>
          </params>
          <reporter-output>
            <line>
              <![CDATA[<br /><font size = 2 color = #000000>Click on [Select stream on Department Page]</font>]]>
            </line>
            <line>
              <![CDATA[<br /><font size = 2 color = #000000>Checking the presence of the elemen [javaTab]</font>]]>
            </line>
            <line>
              <![CDATA[<br /><font size = 2 color = #347C17>&nbsp;&nbsp;[javaTab]is Not Present</font>]]>
            </line>
            <line>
              <![CDATA[<br /><font size = 2 color = #000000>Checking that Stream Create Button reffering to Add Stream Page</font>]]>
            </line>
            <line>
              <![CDATA[<br /><font size = 2 color = #000000>Checking the presence of the elemen [add Candidate Button]</font>]]>
            </line>
            <line>
              <![CDATA[<br /><font size = 2 color = #347C17>&nbsp;&nbsp;[add Candidate Button]is Not Present</font>]]>
            </line>
            <line>
              <![CDATA[<br /><font size = 2 color = #000000>Creating new candidates for test</font>]]>
            </line>
            <line>
              <![CDATA[<br /><font size = 2 color = #000000>Click on [Create Candidate Button]</font>]]>
            </line>
            <line>
              <![CDATA[<br /><font size = 2 color = #000000>Check if new candidate was added</font>]]>
            </line>
            <line>
              <![CDATA[<br /><font size = 2 color = #347C17>&nbsp;&nbsp;candidate was added</font>]]>
            </line>
          </reporter-output>
        </test-method> <!-- addCandidates -->
        <test-method status="PASS" signature="startPage()[pri:0, instance:com.epam.testexternalpart.tests.AssigningToTest@75bd9247]" name="startPage" is-config="true" duration-ms="171" started-at="2015-01-15T18:42:59Z" finished-at="2015-01-15T18:42:59Z">
          <reporter-output>
          </reporter-output>
        </test-method> <!-- startPage -->
        <test-method status="PASS" signature="addCandidates(java.lang.String, java.lang.String)[pri:0, instance:com.epam.testexternalpart.tests.AssigningToTest@75bd9247]" name="addCandidates" duration-ms="28420" started-at="2015-01-15T18:42:59Z" data-provider="testData" finished-at="2015-01-15T18:43:28Z">
          <params>
            <param index="0">
              <value>
                <![CDATA[Autumn 2015]]>
              </value>
            </param>
            <param index="1">
              <value>
                <![CDATA[Денис;Петрушкин;Геннадьевич;16.04.1991;pupkin379@i.ua;+087894156114;+097894164111;ХПИ;Компютерных наук;специалист;2004;2009;компьютерная академия ШАГ;основные понятия по Java;русский, украинский - разговорный, английский - со словарем]]>
              </value>
            </param>
          </params>
          <reporter-output>
            <line>
              <![CDATA[<br /><font size = 2 color = #000000>Click on [Select stream on Department Page]</font>]]>
            </line>
            <line>
              <![CDATA[<br /><font size = 2 color = #000000>Checking the presence of the elemen [javaTab]</font>]]>
            </line>
            <line>
              <![CDATA[<br /><font size = 2 color = #347C17>&nbsp;&nbsp;[javaTab]is Not Present</font>]]>
            </line>
            <line>
              <![CDATA[<br /><font size = 2 color = #000000>Checking that Stream Create Button reffering to Add Stream Page</font>]]>
            </line>
            <line>
              <![CDATA[<br /><font size = 2 color = #000000>Checking the presence of the elemen [add Candidate Button]</font>]]>
            </line>
            <line>
              <![CDATA[<br /><font size = 2 color = #347C17>&nbsp;&nbsp;[add Candidate Button]is Not Present</font>]]>
            </line>
            <line>
              <![CDATA[<br /><font size = 2 color = #000000>Creating new candidates for test</font>]]>
            </line>
            <line>
              <![CDATA[<br /><font size = 2 color = #000000>Click on [Create Candidate Button]</font>]]>
            </line>
            <line>
              <![CDATA[<br /><font size = 2 color = #000000>Check if new candidate was added</font>]]>
            </line>
            <line>
              <![CDATA[<br /><font size = 2 color = #347C17>&nbsp;&nbsp;candidate was added</font>]]>
            </line>
          </reporter-output>
        </test-method> <!-- addCandidates -->
        <test-method status="PASS" signature="startPage()[pri:0, instance:com.epam.testexternalpart.tests.AssigningToTest@75bd9247]" name="startPage" is-config="true" duration-ms="173" started-at="2015-01-15T18:43:28Z" finished-at="2015-01-15T18:43:28Z">
          <reporter-output>
          </reporter-output>
        </test-method> <!-- startPage -->
        <test-method status="PASS" signature="addCandidates(java.lang.String, java.lang.String)[pri:0, instance:com.epam.testexternalpart.tests.AssigningToTest@75bd9247]" name="addCandidates" duration-ms="28527" started-at="2015-01-15T18:43:28Z" data-provider="testData" finished-at="2015-01-15T18:43:57Z">
          <params>
            <param index="0">
              <value>
                <![CDATA[Autumn 2015]]>
              </value>
            </param>
            <param index="1">
              <value>
                <![CDATA[Семен;Пяточкин;Сергеевич;04.02.1990;vasya.pupkin379@yandex.ru;+087894156114;+097894164111;ХПИ;Компютерных наук;специалист;2004;2009;компьютерная академия ШАГ;основные понятия по Java;русский, украинский - разговорный, английский - со словарем]]>
              </value>
            </param>
          </params>
          <reporter-output>
            <line>
              <![CDATA[<br /><font size = 2 color = #000000>Click on [Select stream on Department Page]</font>]]>
            </line>
            <line>
              <![CDATA[<br /><font size = 2 color = #000000>Checking the presence of the elemen [javaTab]</font>]]>
            </line>
            <line>
              <![CDATA[<br /><font size = 2 color = #347C17>&nbsp;&nbsp;[javaTab]is Not Present</font>]]>
            </line>
            <line>
              <![CDATA[<br /><font size = 2 color = #000000>Checking that Stream Create Button reffering to Add Stream Page</font>]]>
            </line>
            <line>
              <![CDATA[<br /><font size = 2 color = #000000>Checking the presence of the elemen [add Candidate Button]</font>]]>
            </line>
            <line>
              <![CDATA[<br /><font size = 2 color = #347C17>&nbsp;&nbsp;[add Candidate Button]is Not Present</font>]]>
            </line>
            <line>
              <![CDATA[<br /><font size = 2 color = #000000>Creating new candidates for test</font>]]>
            </line>
            <line>
              <![CDATA[<br /><font size = 2 color = #000000>Click on [Create Candidate Button]</font>]]>
            </line>
            <line>
              <![CDATA[<br /><font size = 2 color = #000000>Check if new candidate was added</font>]]>
            </line>
            <line>
              <![CDATA[<br /><font size = 2 color = #347C17>&nbsp;&nbsp;candidate was added</font>]]>
            </line>
          </reporter-output>
        </test-method> <!-- addCandidates -->
        <test-method status="PASS" signature="startPage()[pri:0, instance:com.epam.testexternalpart.tests.AssigningToTest@75bd9247]" name="startPage" is-config="true" duration-ms="159" started-at="2015-01-15T18:43:57Z" finished-at="2015-01-15T18:43:57Z">
          <reporter-output>
          </reporter-output>
        </test-method> <!-- startPage -->
        <test-method status="PASS" signature="addCandidates(java.lang.String, java.lang.String)[pri:0, instance:com.epam.testexternalpart.tests.AssigningToTest@75bd9247]" name="addCandidates" duration-ms="28343" started-at="2015-01-15T18:43:57Z" data-provider="testData" finished-at="2015-01-15T18:44:25Z">
          <params>
            <param index="0">
              <value>
                <![CDATA[Autumn 2015]]>
              </value>
            </param>
            <param index="1">
              <value>
                <![CDATA[Илья;Сметанкин;Олегович;13.05.1992;student19843@mail.ru;+045894156114;+097894164111;ХПИ;Компютерных наук;специалист;2004;2009;компьютерная академия ШАГ;основные понятия по Java;русский, украинский - разговорный, английский - со словарем]]>
              </value>
            </param>
          </params>
          <reporter-output>
            <line>
              <![CDATA[<br /><font size = 2 color = #000000>Click on [Select stream on Department Page]</font>]]>
            </line>
            <line>
              <![CDATA[<br /><font size = 2 color = #000000>Checking the presence of the elemen [javaTab]</font>]]>
            </line>
            <line>
              <![CDATA[<br /><font size = 2 color = #347C17>&nbsp;&nbsp;[javaTab]is Not Present</font>]]>
            </line>
            <line>
              <![CDATA[<br /><font size = 2 color = #000000>Checking that Stream Create Button reffering to Add Stream Page</font>]]>
            </line>
            <line>
              <![CDATA[<br /><font size = 2 color = #000000>Checking the presence of the elemen [add Candidate Button]</font>]]>
            </line>
            <line>
              <![CDATA[<br /><font size = 2 color = #347C17>&nbsp;&nbsp;[add Candidate Button]is Not Present</font>]]>
            </line>
            <line>
              <![CDATA[<br /><font size = 2 color = #000000>Creating new candidates for test</font>]]>
            </line>
            <line>
              <![CDATA[<br /><font size = 2 color = #000000>Click on [Create Candidate Button]</font>]]>
            </line>
            <line>
              <![CDATA[<br /><font size = 2 color = #000000>Check if new candidate was added</font>]]>
            </line>
            <line>
              <![CDATA[<br /><font size = 2 color = #347C17>&nbsp;&nbsp;candidate was added</font>]]>
            </line>
          </reporter-output>
        </test-method> <!-- addCandidates -->
        <test-method status="PASS" signature="startPage()[pri:0, instance:com.epam.testexternalpart.tests.AssigningToTest@75bd9247]" name="startPage" is-config="true" duration-ms="145" started-at="2015-01-15T18:44:25Z" finished-at="2015-01-15T18:44:25Z">
          <reporter-output>
          </reporter-output>
        </test-method> <!-- startPage -->
        <test-method status="PASS" signature="addCandidates(java.lang.String, java.lang.String)[pri:0, instance:com.epam.testexternalpart.tests.AssigningToTest@75bd9247]" name="addCandidates" duration-ms="28280" started-at="2015-01-15T18:44:25Z" data-provider="testData" finished-at="2015-01-15T18:44:53Z">
          <params>
            <param index="0">
              <value>
                <![CDATA[Autumn 2015]]>
              </value>
            </param>
            <param index="1">
              <value>
                <![CDATA[Лев;Топорин;Борисович;15.06.1992;student18844@gmail.com;+045894156114;+097894164111;ХПИ;Компютерных наук;специалист;2004;2009;компьютерная академия ШАГ;основные понятия по Java;русский, украинский - разговорный, английский - со словарем]]>
              </value>
            </param>
          </params>
          <reporter-output>
            <line>
              <![CDATA[<br /><font size = 2 color = #000000>Click on [Select stream on Department Page]</font>]]>
            </line>
            <line>
              <![CDATA[<br /><font size = 2 color = #000000>Checking the presence of the elemen [javaTab]</font>]]>
            </line>
            <line>
              <![CDATA[<br /><font size = 2 color = #347C17>&nbsp;&nbsp;[javaTab]is Not Present</font>]]>
            </line>
            <line>
              <![CDATA[<br /><font size = 2 color = #000000>Checking that Stream Create Button reffering to Add Stream Page</font>]]>
            </line>
            <line>
              <![CDATA[<br /><font size = 2 color = #000000>Checking the presence of the elemen [add Candidate Button]</font>]]>
            </line>
            <line>
              <![CDATA[<br /><font size = 2 color = #347C17>&nbsp;&nbsp;[add Candidate Button]is Not Present</font>]]>
            </line>
            <line>
              <![CDATA[<br /><font size = 2 color = #000000>Creating new candidates for test</font>]]>
            </line>
            <line>
              <![CDATA[<br /><font size = 2 color = #000000>Click on [Create Candidate Button]</font>]]>
            </line>
            <line>
              <![CDATA[<br /><font size = 2 color = #000000>Check if new candidate was added</font>]]>
            </line>
            <line>
              <![CDATA[<br /><font size = 2 color = #347C17>&nbsp;&nbsp;candidate was added</font>]]>
            </line>
          </reporter-output>
        </test-method> <!-- addCandidates -->
        <test-method status="PASS" signature="startPage()[pri:0, instance:com.epam.testexternalpart.tests.AssigningToTest@75bd9247]" name="startPage" is-config="true" duration-ms="160" started-at="2015-01-15T18:44:53Z" finished-at="2015-01-15T18:44:54Z">
          <reporter-output>
          </reporter-output>
        </test-method> <!-- startPage -->
        <test-method status="PASS" signature="addCandidates(java.lang.String, java.lang.String)[pri:0, instance:com.epam.testexternalpart.tests.AssigningToTest@75bd9247]" name="addCandidates" duration-ms="28208" started-at="2015-01-15T18:44:54Z" data-provider="testData" finished-at="2015-01-15T18:45:22Z">
          <params>
            <param index="0">
              <value>
                <![CDATA[Autumn 2015]]>
              </value>
            </param>
            <param index="1">
              <value>
                <![CDATA[Леонид;Незнающий;Клементьевич;15.06.1992;student@com;+045894156114;+097894164111;ХПИ;Компютерных наук;специалист;2004;2009;компьютерная академия ШАГ;основные понятия по Java;русский, украинский - разговорный, английский - со словарем]]>
              </value>
            </param>
          </params>
          <reporter-output>
            <line>
              <![CDATA[<br /><font size = 2 color = #000000>Click on [Select stream on Department Page]</font>]]>
            </line>
            <line>
              <![CDATA[<br /><font size = 2 color = #000000>Checking the presence of the elemen [javaTab]</font>]]>
            </line>
            <line>
              <![CDATA[<br /><font size = 2 color = #347C17>&nbsp;&nbsp;[javaTab]is Not Present</font>]]>
            </line>
            <line>
              <![CDATA[<br /><font size = 2 color = #000000>Checking that Stream Create Button reffering to Add Stream Page</font>]]>
            </line>
            <line>
              <![CDATA[<br /><font size = 2 color = #000000>Checking the presence of the elemen [add Candidate Button]</font>]]>
            </line>
            <line>
              <![CDATA[<br /><font size = 2 color = #347C17>&nbsp;&nbsp;[add Candidate Button]is Not Present</font>]]>
            </line>
            <line>
              <![CDATA[<br /><font size = 2 color = #000000>Creating new candidates for test</font>]]>
            </line>
            <line>
              <![CDATA[<br /><font size = 2 color = #000000>Click on [Create Candidate Button]</font>]]>
            </line>
            <line>
              <![CDATA[<br /><font size = 2 color = #000000>Check if new candidate was added</font>]]>
            </line>
            <line>
              <![CDATA[<br /><font size = 2 color = #347C17>&nbsp;&nbsp;candidate was added</font>]]>
            </line>
          </reporter-output>
        </test-method> <!-- addCandidates -->
        <test-method status="PASS" signature="startPage()[pri:0, instance:com.epam.testexternalpart.tests.AssigningToTest@75bd9247]" name="startPage" is-config="true" duration-ms="194" started-at="2015-01-15T18:45:22Z" finished-at="2015-01-15T18:45:22Z">
          <reporter-output>
          </reporter-output>
        </test-method> <!-- startPage -->
        <test-method status="PASS" signature="addCandidates(java.lang.String, java.lang.String)[pri:0, instance:com.epam.testexternalpart.tests.AssigningToTest@75bd9247]" name="addCandidates" duration-ms="28727" started-at="2015-01-15T18:45:22Z" data-provider="testData" finished-at="2015-01-15T18:45:51Z">
          <params>
            <param index="0">
              <value>
                <![CDATA[Autumn 2015]]>
              </value>
            </param>
            <param index="1">
              <value>
                <![CDATA[Кирилл;Хмельной;Артурович;15.06.1992;student19843@ukr.net;+045894156114;+097894164111;ХПИ;Компютерных наук;специалист;2004;2009;компьютерная академия ШАГ;основные понятия по Java;русский, украинский - разговорный, английский - со словарем]]>
              </value>
            </param>
          </params>
          <reporter-output>
            <line>
              <![CDATA[<br /><font size = 2 color = #000000>Click on [Select stream on Department Page]</font>]]>
            </line>
            <line>
              <![CDATA[<br /><font size = 2 color = #000000>Checking the presence of the elemen [javaTab]</font>]]>
            </line>
            <line>
              <![CDATA[<br /><font size = 2 color = #347C17>&nbsp;&nbsp;[javaTab]is Not Present</font>]]>
            </line>
            <line>
              <![CDATA[<br /><font size = 2 color = #000000>Checking that Stream Create Button reffering to Add Stream Page</font>]]>
            </line>
            <line>
              <![CDATA[<br /><font size = 2 color = #000000>Checking the presence of the elemen [add Candidate Button]</font>]]>
            </line>
            <line>
              <![CDATA[<br /><font size = 2 color = #347C17>&nbsp;&nbsp;[add Candidate Button]is Not Present</font>]]>
            </line>
            <line>
              <![CDATA[<br /><font size = 2 color = #000000>Creating new candidates for test</font>]]>
            </line>
            <line>
              <![CDATA[<br /><font size = 2 color = #000000>Click on [Create Candidate Button]</font>]]>
            </line>
            <line>
              <![CDATA[<br /><font size = 2 color = #000000>Check if new candidate was added</font>]]>
            </line>
            <line>
              <![CDATA[<br /><font size = 2 color = #347C17>&nbsp;&nbsp;candidate was added</font>]]>
            </line>
          </reporter-output>
        </test-method> <!-- addCandidates -->
        <test-method status="PASS" signature="startPage()[pri:0, instance:com.epam.testexternalpart.tests.AssigningToTest@75bd9247]" name="startPage" is-config="true" duration-ms="156" started-at="2015-01-15T18:45:51Z" finished-at="2015-01-15T18:45:51Z">
          <reporter-output>
          </reporter-output>
        </test-method> <!-- startPage -->
        <test-method status="PASS" signature="checkNotTestedCand(java.lang.String, java.lang.String, java.lang.String)[pri:0, instance:com.epam.testexternalpart.tests.AssigningToTest@75bd9247]" name="checkNotTestedCand" duration-ms="12133" started-at="2015-01-15T18:45:51Z" data-provider="testData" finished-at="2015-01-15T18:46:03Z">
          <params>
            <param index="0">
              <value>
                <![CDATA[Autumn 2015]]>
              </value>
            </param>
            <param index="1">
              <value>
                <![CDATA[Кирилл;Хмельной;Артурович;15.06.1992;student19843@ukr.net;+045894156114]]>
              </value>
            </param>
            <param index="2">
              <value>
                <![CDATA[1.0]]>
              </value>
            </param>
          </params>
          <reporter-output>
            <line>
              <![CDATA[<br /><font size = 2 color = #000000>Click on [Select stream on Department Page]</font>]]>
            </line>
            <line>
              <![CDATA[<br /><font size = 2 color = #000000>Checking the presence of the elemen [javaTab]</font>]]>
            </line>
            <line>
              <![CDATA[<br /><font size = 2 color = #347C17>&nbsp;&nbsp;[javaTab]is Not Present</font>]]>
            </line>
            <line>
              <![CDATA[<br /><font size = 2 color = #000000>Click on [click notTestedCandidate]</font>]]>
            </line>
            <line>
              <![CDATA[<br /><font size = 2 color = #000000>Checking not testing Candidates</font>]]>
            </line>
          </reporter-output>
        </test-method> <!-- checkNotTestedCand -->
        <test-method status="PASS" signature="startPage()[pri:0, instance:com.epam.testexternalpart.tests.AssigningToTest@75bd9247]" name="startPage" is-config="true" duration-ms="212" started-at="2015-01-15T18:46:03Z" finished-at="2015-01-15T18:46:03Z">
          <reporter-output>
          </reporter-output>
        </test-method> <!-- startPage -->
        <test-method status="PASS" signature="checkNotTestedCand(java.lang.String, java.lang.String, java.lang.String)[pri:0, instance:com.epam.testexternalpart.tests.AssigningToTest@75bd9247]" name="checkNotTestedCand" duration-ms="12083" started-at="2015-01-15T18:46:03Z" data-provider="testData" finished-at="2015-01-15T18:46:15Z">
          <params>
            <param index="0">
              <value>
                <![CDATA[Autumn 2015]]>
              </value>
            </param>
            <param index="1">
              <value>
                <![CDATA[Леонид;Незнающий;Клементьевич;15.06.1992;student@com;+045894156114]]>
              </value>
            </param>
            <param index="2">
              <value>
                <![CDATA[2.0]]>
              </value>
            </param>
          </params>
          <reporter-output>
            <line>
              <![CDATA[<br /><font size = 2 color = #000000>Click on [Select stream on Department Page]</font>]]>
            </line>
            <line>
              <![CDATA[<br /><font size = 2 color = #000000>Checking the presence of the elemen [javaTab]</font>]]>
            </line>
            <line>
              <![CDATA[<br /><font size = 2 color = #347C17>&nbsp;&nbsp;[javaTab]is Not Present</font>]]>
            </line>
            <line>
              <![CDATA[<br /><font size = 2 color = #000000>Click on [click notTestedCandidate]</font>]]>
            </line>
            <line>
              <![CDATA[<br /><font size = 2 color = #000000>Checking not testing Candidates</font>]]>
            </line>
          </reporter-output>
        </test-method> <!-- checkNotTestedCand -->
        <test-method status="PASS" signature="startPage()[pri:0, instance:com.epam.testexternalpart.tests.AssigningToTest@75bd9247]" name="startPage" is-config="true" duration-ms="133" started-at="2015-01-15T18:46:15Z" finished-at="2015-01-15T18:46:16Z">
          <reporter-output>
          </reporter-output>
        </test-method> <!-- startPage -->
        <test-method status="PASS" signature="checkNotTestedCand(java.lang.String, java.lang.String, java.lang.String)[pri:0, instance:com.epam.testexternalpart.tests.AssigningToTest@75bd9247]" name="checkNotTestedCand" duration-ms="12120" started-at="2015-01-15T18:46:16Z" data-provider="testData" finished-at="2015-01-15T18:46:28Z">
          <params>
            <param index="0">
              <value>
                <![CDATA[Autumn 2015]]>
              </value>
            </param>
            <param index="1">
              <value>
                <![CDATA[Лев;Топорин;Борисович;15.06.1992;student18844@gmail.com;+045894156114]]>
              </value>
            </param>
            <param index="2">
              <value>
                <![CDATA[3.0]]>
              </value>
            </param>
          </params>
          <reporter-output>
            <line>
              <![CDATA[<br /><font size = 2 color = #000000>Click on [Select stream on Department Page]</font>]]>
            </line>
            <line>
              <![CDATA[<br /><font size = 2 color = #000000>Checking the presence of the elemen [javaTab]</font>]]>
            </line>
            <line>
              <![CDATA[<br /><font size = 2 color = #347C17>&nbsp;&nbsp;[javaTab]is Not Present</font>]]>
            </line>
            <line>
              <![CDATA[<br /><font size = 2 color = #000000>Click on [click notTestedCandidate]</font>]]>
            </line>
            <line>
              <![CDATA[<br /><font size = 2 color = #000000>Checking not testing Candidates</font>]]>
            </line>
          </reporter-output>
        </test-method> <!-- checkNotTestedCand -->
        <test-method status="PASS" signature="startPage()[pri:0, instance:com.epam.testexternalpart.tests.AssigningToTest@75bd9247]" name="startPage" is-config="true" duration-ms="135" started-at="2015-01-15T18:46:28Z" finished-at="2015-01-15T18:46:28Z">
          <reporter-output>
          </reporter-output>
        </test-method> <!-- startPage -->
        <test-method status="PASS" signature="checkNotTestedCand(java.lang.String, java.lang.String, java.lang.String)[pri:0, instance:com.epam.testexternalpart.tests.AssigningToTest@75bd9247]" name="checkNotTestedCand" duration-ms="12040" started-at="2015-01-15T18:46:28Z" data-provider="testData" finished-at="2015-01-15T18:46:40Z">
          <params>
            <param index="0">
              <value>
                <![CDATA[Autumn 2015]]>
              </value>
            </param>
            <param index="1">
              <value>
                <![CDATA[Илья;Сметанкин;Олегович;13.05.1992;student19843@mail.ru;+045894156114]]>
              </value>
            </param>
            <param index="2">
              <value>
                <![CDATA[4.0]]>
              </value>
            </param>
          </params>
          <reporter-output>
            <line>
              <![CDATA[<br /><font size = 2 color = #000000>Click on [Select stream on Department Page]</font>]]>
            </line>
            <line>
              <![CDATA[<br /><font size = 2 color = #000000>Checking the presence of the elemen [javaTab]</font>]]>
            </line>
            <line>
              <![CDATA[<br /><font size = 2 color = #347C17>&nbsp;&nbsp;[javaTab]is Not Present</font>]]>
            </line>
            <line>
              <![CDATA[<br /><font size = 2 color = #000000>Click on [click notTestedCandidate]</font>]]>
            </line>
            <line>
              <![CDATA[<br /><font size = 2 color = #000000>Checking not testing Candidates</font>]]>
            </line>
          </reporter-output>
        </test-method> <!-- checkNotTestedCand -->
        <test-method status="PASS" signature="startPage()[pri:0, instance:com.epam.testexternalpart.tests.AssigningToTest@75bd9247]" name="startPage" is-config="true" duration-ms="169" started-at="2015-01-15T18:46:40Z" finished-at="2015-01-15T18:46:40Z">
          <reporter-output>
          </reporter-output>
        </test-method> <!-- startPage -->
        <test-method status="PASS" signature="checkNotTestedCand(java.lang.String, java.lang.String, java.lang.String)[pri:0, instance:com.epam.testexternalpart.tests.AssigningToTest@75bd9247]" name="checkNotTestedCand" duration-ms="12087" started-at="2015-01-15T18:46:40Z" data-provider="testData" finished-at="2015-01-15T18:46:52Z">
          <params>
            <param index="0">
              <value>
                <![CDATA[Autumn 2015]]>
              </value>
            </param>
            <param index="1">
              <value>
                <![CDATA[Семен;Пяточкин;Сергеевич;04.02.1990;vasya.pupkin379@yandex.ru;+087894156114]]>
              </value>
            </param>
            <param index="2">
              <value>
                <![CDATA[5.0]]>
              </value>
            </param>
          </params>
          <reporter-output>
            <line>
              <![CDATA[<br /><font size = 2 color = #000000>Click on [Select stream on Department Page]</font>]]>
            </line>
            <line>
              <![CDATA[<br /><font size = 2 color = #000000>Checking the presence of the elemen [javaTab]</font>]]>
            </line>
            <line>
              <![CDATA[<br /><font size = 2 color = #347C17>&nbsp;&nbsp;[javaTab]is Not Present</font>]]>
            </line>
            <line>
              <![CDATA[<br /><font size = 2 color = #000000>Click on [click notTestedCandidate]</font>]]>
            </line>
            <line>
              <![CDATA[<br /><font size = 2 color = #000000>Checking not testing Candidates</font>]]>
            </line>
          </reporter-output>
        </test-method> <!-- checkNotTestedCand -->
        <test-method status="PASS" signature="startPage()[pri:0, instance:com.epam.testexternalpart.tests.AssigningToTest@75bd9247]" name="startPage" is-config="true" duration-ms="154" started-at="2015-01-15T18:46:52Z" finished-at="2015-01-15T18:46:52Z">
          <reporter-output>
          </reporter-output>
        </test-method> <!-- startPage -->
        <test-method status="PASS" signature="checkNotTestedCand(java.lang.String, java.lang.String, java.lang.String)[pri:0, instance:com.epam.testexternalpart.tests.AssigningToTest@75bd9247]" name="checkNotTestedCand" duration-ms="12101" started-at="2015-01-15T18:46:52Z" data-provider="testData" finished-at="2015-01-15T18:47:04Z">
          <params>
            <param index="0">
              <value>
                <![CDATA[Autumn 2015]]>
              </value>
            </param>
            <param index="1">
              <value>
                <![CDATA[Денис;Петрушкин;Геннадьевич;16.04.1991;pupkin379@i.ua;+087894156114]]>
              </value>
            </param>
            <param index="2">
              <value>
                <![CDATA[6.0]]>
              </value>
            </param>
          </params>
          <reporter-output>
            <line>
              <![CDATA[<br /><font size = 2 color = #000000>Click on [Select stream on Department Page]</font>]]>
            </line>
            <line>
              <![CDATA[<br /><font size = 2 color = #000000>Checking the presence of the elemen [javaTab]</font>]]>
            </line>
            <line>
              <![CDATA[<br /><font size = 2 color = #347C17>&nbsp;&nbsp;[javaTab]is Not Present</font>]]>
            </line>
            <line>
              <![CDATA[<br /><font size = 2 color = #000000>Click on [click notTestedCandidate]</font>]]>
            </line>
            <line>
              <![CDATA[<br /><font size = 2 color = #000000>Checking not testing Candidates</font>]]>
            </line>
          </reporter-output>
        </test-method> <!-- checkNotTestedCand -->
        <test-method status="PASS" signature="startPage()[pri:0, instance:com.epam.testexternalpart.tests.AssigningToTest@75bd9247]" name="startPage" is-config="true" duration-ms="211" started-at="2015-01-15T18:47:04Z" finished-at="2015-01-15T18:47:05Z">
          <reporter-output>
          </reporter-output>
        </test-method> <!-- startPage -->
        <test-method status="PASS" signature="checkNotTestedCand(java.lang.String, java.lang.String, java.lang.String)[pri:0, instance:com.epam.testexternalpart.tests.AssigningToTest@75bd9247]" name="checkNotTestedCand" duration-ms="12146" started-at="2015-01-15T18:47:05Z" data-provider="testData" finished-at="2015-01-15T18:47:17Z">
          <params>
            <param index="0">
              <value>
                <![CDATA[Autumn 2015]]>
              </value>
            </param>
            <param index="1">
              <value>
                <![CDATA[Олег;Ромашкин;Федорович;21.09.1990;pupkin379@rambler.ru;+397894164112]]>
              </value>
            </param>
            <param index="2">
              <value>
                <![CDATA[7.0]]>
              </value>
            </param>
          </params>
          <reporter-output>
            <line>
              <![CDATA[<br /><font size = 2 color = #000000>Click on [Select stream on Department Page]</font>]]>
            </line>
            <line>
              <![CDATA[<br /><font size = 2 color = #000000>Checking the presence of the elemen [javaTab]</font>]]>
            </line>
            <line>
              <![CDATA[<br /><font size = 2 color = #347C17>&nbsp;&nbsp;[javaTab]is Not Present</font>]]>
            </line>
            <line>
              <![CDATA[<br /><font size = 2 color = #000000>Click on [click notTestedCandidate]</font>]]>
            </line>
            <line>
              <![CDATA[<br /><font size = 2 color = #000000>Checking not testing Candidates</font>]]>
            </line>
          </reporter-output>
        </test-method> <!-- checkNotTestedCand -->
        <test-method status="PASS" signature="startPage()[pri:0, instance:com.epam.testexternalpart.tests.AssigningToTest@75bd9247]" name="startPage" is-config="true" duration-ms="206" started-at="2015-01-15T18:47:17Z" finished-at="2015-01-15T18:47:17Z">
          <reporter-output>
          </reporter-output>
        </test-method> <!-- startPage -->
        <test-method status="PASS" signature="assignTest(java.lang.String)[pri:0, instance:com.epam.testexternalpart.tests.AssigningToTest@75bd9247]" name="assignTest" duration-ms="33872" started-at="2015-01-15T18:47:17Z" data-provider="testData" finished-at="2015-01-15T18:47:51Z">
          <params>
            <param index="0">
              <value>
                <![CDATA[Autumn 2015]]>
              </value>
            </param>
          </params>
          <reporter-output>
            <line>
              <![CDATA[<br /><font size = 2 color = #000000>Click on [Select stream on Department Page]</font>]]>
            </line>
            <line>
              <![CDATA[<br /><font size = 2 color = #000000>Checking the presence of the elemen [javaTab]</font>]]>
            </line>
            <line>
              <![CDATA[<br /><font size = 2 color = #347C17>&nbsp;&nbsp;[javaTab]is Not Present</font>]]>
            </line>
            <line>
              <![CDATA[<br /><font size = 2 color = #000000>Click on [Select cabdidates to assigning to test]</font>]]>
            </line>
            <line>
              <![CDATA[<br /><font size = 2 color = #000000>Click on [Click assignTestButton]</font>]]>
            </line>
            <line>
              <![CDATA[<br /><font size = 2 color = #000000>Send invitation to candidates</font>]]>
            </line>
            <line>
              <![CDATA[<br /><font size = 2 color = #000000>Click on [click sendInvitationButton]</font>]]>
            </line>
            <line>
              <![CDATA[<br /><font size = 2 color = #347C17>&nbsp;&nbsp;Invitation were sent</font>]]>
            </line>
            <line>
              <![CDATA[<br /><font size = 2 color = #000000>Check results of sending invitation</font>]]>
            </line>
            <line>
              <![CDATA[<br /><font size = 2 color = #000000>Checking the presence of the elemen [Results pop up]</font>]]>
            </line>
            <line>
              <![CDATA[<br /><font size = 2 color = #347C17>&nbsp;&nbsp;[Results pop up]is Present</font>]]>
            </line>
          </reporter-output>
        </test-method> <!-- assignTest -->
        <test-method status="PASS" signature="startPage()[pri:0, instance:com.epam.testexternalpart.tests.AssigningToTest@75bd9247]" name="startPage" is-config="true" duration-ms="212" started-at="2015-01-15T18:47:51Z" finished-at="2015-01-15T18:47:51Z">
          <reporter-output>
          </reporter-output>
        </test-method> <!-- startPage -->
        <test-method status="PASS" signature="checkAssignedToTestCand(java.lang.String, java.lang.String, java.lang.String)[pri:0, instance:com.epam.testexternalpart.tests.AssigningToTest@75bd9247]" name="checkAssignedToTestCand" duration-ms="11537" started-at="2015-01-15T18:47:51Z" data-provider="testData" finished-at="2015-01-15T18:48:03Z">
          <params>
            <param index="0">
              <value>
                <![CDATA[Autumn 2015]]>
              </value>
            </param>
            <param index="1">
              <value>
                <![CDATA[Кирилл;Хмельной;Артурович;15.06.1992;student19843@ukr.net;+045894156114]]>
              </value>
            </param>
            <param index="2">
              <value>
                <![CDATA[1.0]]>
              </value>
            </param>
          </params>
          <reporter-output>
            <line>
              <![CDATA[<br /><font size = 2 color = #000000>Click on [Select stream on Department Page]</font>]]>
            </line>
            <line>
              <![CDATA[<br /><font size = 2 color = #000000>Checking the presence of the elemen [javaTab]</font>]]>
            </line>
            <line>
              <![CDATA[<br /><font size = 2 color = #347C17>&nbsp;&nbsp;[javaTab]is Not Present</font>]]>
            </line>
            <line>
              <![CDATA[<br /><font size = 2 color = #000000>Click on [click assignedToTestTab]</font>]]>
            </line>
            <line>
              <![CDATA[<br /><font size = 2 color = #000000>Checking not testing Candidates</font>]]>
            </line>
          </reporter-output>
        </test-method> <!-- checkAssignedToTestCand -->
        <test-method status="PASS" signature="startPage()[pri:0, instance:com.epam.testexternalpart.tests.AssigningToTest@75bd9247]" name="startPage" is-config="true" duration-ms="139" started-at="2015-01-15T18:48:03Z" finished-at="2015-01-15T18:48:03Z">
          <reporter-output>
          </reporter-output>
        </test-method> <!-- startPage -->
        <test-method status="PASS" signature="checkAssignedToTestCand(java.lang.String, java.lang.String, java.lang.String)[pri:0, instance:com.epam.testexternalpart.tests.AssigningToTest@75bd9247]" name="checkAssignedToTestCand" duration-ms="11255" started-at="2015-01-15T18:48:03Z" data-provider="testData" finished-at="2015-01-15T18:48:14Z">
          <params>
            <param index="0">
              <value>
                <![CDATA[Autumn 2015]]>
              </value>
            </param>
            <param index="1">
              <value>
                <![CDATA[Лев;Топорин;Борисович;15.06.1992;student18844@gmail.com;+045894156114]]>
              </value>
            </param>
            <param index="2">
              <value>
                <![CDATA[2.0]]>
              </value>
            </param>
          </params>
          <reporter-output>
            <line>
              <![CDATA[<br /><font size = 2 color = #000000>Click on [Select stream on Department Page]</font>]]>
            </line>
            <line>
              <![CDATA[<br /><font size = 2 color = #000000>Checking the presence of the elemen [javaTab]</font>]]>
            </line>
            <line>
              <![CDATA[<br /><font size = 2 color = #347C17>&nbsp;&nbsp;[javaTab]is Not Present</font>]]>
            </line>
            <line>
              <![CDATA[<br /><font size = 2 color = #000000>Click on [click assignedToTestTab]</font>]]>
            </line>
            <line>
              <![CDATA[<br /><font size = 2 color = #000000>Checking not testing Candidates</font>]]>
            </line>
          </reporter-output>
        </test-method> <!-- checkAssignedToTestCand -->
        <test-method status="PASS" signature="startPage()[pri:0, instance:com.epam.testexternalpart.tests.AssigningToTest@75bd9247]" name="startPage" is-config="true" duration-ms="208" started-at="2015-01-15T18:48:14Z" finished-at="2015-01-15T18:48:14Z">
          <reporter-output>
          </reporter-output>
        </test-method> <!-- startPage -->
        <test-method status="PASS" signature="checkAssignedToTestCand(java.lang.String, java.lang.String, java.lang.String)[pri:0, instance:com.epam.testexternalpart.tests.AssigningToTest@75bd9247]" name="checkAssignedToTestCand" duration-ms="11167" started-at="2015-01-15T18:48:14Z" data-provider="testData" finished-at="2015-01-15T18:48:25Z">
          <params>
            <param index="0">
              <value>
                <![CDATA[Autumn 2015]]>
              </value>
            </param>
            <param index="1">
              <value>
                <![CDATA[Илья;Сметанкин;Олегович;13.05.1992;student19843@mail.ru;+045894156114]]>
              </value>
            </param>
            <param index="2">
              <value>
                <![CDATA[3.0]]>
              </value>
            </param>
          </params>
          <reporter-output>
            <line>
              <![CDATA[<br /><font size = 2 color = #000000>Click on [Select stream on Department Page]</font>]]>
            </line>
            <line>
              <![CDATA[<br /><font size = 2 color = #000000>Checking the presence of the elemen [javaTab]</font>]]>
            </line>
            <line>
              <![CDATA[<br /><font size = 2 color = #347C17>&nbsp;&nbsp;[javaTab]is Not Present</font>]]>
            </line>
            <line>
              <![CDATA[<br /><font size = 2 color = #000000>Click on [click assignedToTestTab]</font>]]>
            </line>
            <line>
              <![CDATA[<br /><font size = 2 color = #000000>Checking not testing Candidates</font>]]>
            </line>
          </reporter-output>
        </test-method> <!-- checkAssignedToTestCand -->
        <test-method status="PASS" signature="startPage()[pri:0, instance:com.epam.testexternalpart.tests.AssigningToTest@75bd9247]" name="startPage" is-config="true" duration-ms="232" started-at="2015-01-15T18:48:25Z" finished-at="2015-01-15T18:48:26Z">
          <reporter-output>
          </reporter-output>
        </test-method> <!-- startPage -->
        <test-method status="PASS" signature="checkAssignedToTestCand(java.lang.String, java.lang.String, java.lang.String)[pri:0, instance:com.epam.testexternalpart.tests.AssigningToTest@75bd9247]" name="checkAssignedToTestCand" duration-ms="11238" started-at="2015-01-15T18:48:26Z" data-provider="testData" finished-at="2015-01-15T18:48:37Z">
          <params>
            <param index="0">
              <value>
                <![CDATA[Autumn 2015]]>
              </value>
            </param>
            <param index="1">
              <value>
                <![CDATA[Семен;Пяточкин;Сергеевич;04.02.1990;vasya.pupkin379@yandex.ru;+087894156114]]>
              </value>
            </param>
            <param index="2">
              <value>
                <![CDATA[4.0]]>
              </value>
            </param>
          </params>
          <reporter-output>
            <line>
              <![CDATA[<br /><font size = 2 color = #000000>Click on [Select stream on Department Page]</font>]]>
            </line>
            <line>
              <![CDATA[<br /><font size = 2 color = #000000>Checking the presence of the elemen [javaTab]</font>]]>
            </line>
            <line>
              <![CDATA[<br /><font size = 2 color = #347C17>&nbsp;&nbsp;[javaTab]is Not Present</font>]]>
            </line>
            <line>
              <![CDATA[<br /><font size = 2 color = #000000>Click on [click assignedToTestTab]</font>]]>
            </line>
            <line>
              <![CDATA[<br /><font size = 2 color = #000000>Checking not testing Candidates</font>]]>
            </line>
          </reporter-output>
        </test-method> <!-- checkAssignedToTestCand -->
        <test-method status="PASS" signature="startPage()[pri:0, instance:com.epam.testexternalpart.tests.AssigningToTest@75bd9247]" name="startPage" is-config="true" duration-ms="233" started-at="2015-01-15T18:48:37Z" finished-at="2015-01-15T18:48:37Z">
          <reporter-output>
          </reporter-output>
        </test-method> <!-- startPage -->
        <test-method status="PASS" signature="checkAssignedToTestCand(java.lang.String, java.lang.String, java.lang.String)[pri:0, instance:com.epam.testexternalpart.tests.AssigningToTest@75bd9247]" name="checkAssignedToTestCand" duration-ms="11197" started-at="2015-01-15T18:48:37Z" data-provider="testData" finished-at="2015-01-15T18:48:48Z">
          <params>
            <param index="0">
              <value>
                <![CDATA[Autumn 2015]]>
              </value>
            </param>
            <param index="1">
              <value>
                <![CDATA[Денис;Петрушкин;Геннадьевич;16.04.1991;pupkin379@i.ua;+087894156114]]>
              </value>
            </param>
            <param index="2">
              <value>
                <![CDATA[5.0]]>
              </value>
            </param>
          </params>
          <reporter-output>
            <line>
              <![CDATA[<br /><font size = 2 color = #000000>Click on [Select stream on Department Page]</font>]]>
            </line>
            <line>
              <![CDATA[<br /><font size = 2 color = #000000>Checking the presence of the elemen [javaTab]</font>]]>
            </line>
            <line>
              <![CDATA[<br /><font size = 2 color = #347C17>&nbsp;&nbsp;[javaTab]is Not Present</font>]]>
            </line>
            <line>
              <![CDATA[<br /><font size = 2 color = #000000>Click on [click assignedToTestTab]</font>]]>
            </line>
            <line>
              <![CDATA[<br /><font size = 2 color = #000000>Checking not testing Candidates</font>]]>
            </line>
          </reporter-output>
        </test-method> <!-- checkAssignedToTestCand -->
        <test-method status="PASS" signature="startPage()[pri:0, instance:com.epam.testexternalpart.tests.AssigningToTest@75bd9247]" name="startPage" is-config="true" duration-ms="204" started-at="2015-01-15T18:48:48Z" finished-at="2015-01-15T18:48:49Z">
          <reporter-output>
          </reporter-output>
        </test-method> <!-- startPage -->
        <test-method status="PASS" signature="checkAssignedToTestCand(java.lang.String, java.lang.String, java.lang.String)[pri:0, instance:com.epam.testexternalpart.tests.AssigningToTest@75bd9247]" name="checkAssignedToTestCand" duration-ms="11207" started-at="2015-01-15T18:48:49Z" data-provider="testData" finished-at="2015-01-15T18:49:00Z">
          <params>
            <param index="0">
              <value>
                <![CDATA[Autumn 2015]]>
              </value>
            </param>
            <param index="1">
              <value>
                <![CDATA[Олег;Ромашкин;Федорович;21.09.1990;pupkin379@rambler.ru;+397894164112]]>
              </value>
            </param>
            <param index="2">
              <value>
                <![CDATA[6.0]]>
              </value>
            </param>
          </params>
          <reporter-output>
            <line>
              <![CDATA[<br /><font size = 2 color = #000000>Click on [Select stream on Department Page]</font>]]>
            </line>
            <line>
              <![CDATA[<br /><font size = 2 color = #000000>Checking the presence of the elemen [javaTab]</font>]]>
            </line>
            <line>
              <![CDATA[<br /><font size = 2 color = #347C17>&nbsp;&nbsp;[javaTab]is Not Present</font>]]>
            </line>
            <line>
              <![CDATA[<br /><font size = 2 color = #000000>Click on [click assignedToTestTab]</font>]]>
            </line>
            <line>
              <![CDATA[<br /><font size = 2 color = #000000>Checking not testing Candidates</font>]]>
            </line>
          </reporter-output>
        </test-method> <!-- checkAssignedToTestCand -->
        <test-method status="PASS" signature="startPage()[pri:0, instance:com.epam.testexternalpart.tests.AssigningToTest@75bd9247]" name="startPage" is-config="true" duration-ms="143" started-at="2015-01-15T18:49:00Z" finished-at="2015-01-15T18:49:00Z">
          <reporter-output>
          </reporter-output>
        </test-method> <!-- startPage -->
        <test-method status="PASS" signature="responseFromCandidates()[pri:0, instance:com.epam.testexternalpart.tests.AssigningToTest@75bd9247]" name="responseFromCandidates" duration-ms="103677" started-at="2015-01-15T18:49:00Z" finished-at="2015-01-15T18:50:44Z">
          <reporter-output>
            <line>
              <![CDATA[<br /><font size = 2 color = #000000>Click on [logginButton]</font>]]>
            </line>
            <line>
              <![CDATA[<br /><font size = 2 color = #000000>Click on [inputBoxRow]</font>]]>
            </line>
            <line>
              <![CDATA[<br /><font size = 2 color = #000000>Click on [confirmed Answer]</font>]]>
            </line>
            <line>
              <![CDATA[<br /><font size = 2 color = #000000>Click on [settingsButton]</font>]]>
            </line>
            <line>
              <![CDATA[<br /><font size = 2 color = #000000>Click on [logoutButton]</font>]]>
            </line>
            <line>
              <![CDATA[<br /><font size = 2 color = #000000>Click on [logginButton]</font>]]>
            </line>
            <line>
              <![CDATA[<br /><font size = 2 color = #000000>Click on [readMessages]</font>]]>
            </line>
            <line>
              <![CDATA[<br /><font size = 2 color = #000000>Click on [confirmed Answer]</font>]]>
            </line>
            <line>
              <![CDATA[<br /><font size = 2 color = #000000>Click on [settingsButton]</font>]]>
            </line>
            <line>
              <![CDATA[<br /><font size = 2 color = #000000>Click on [logoutButton]</font>]]>
            </line>
            <line>
              <![CDATA[<br /><font size = 2 color = #000000>Click on [logginButton]</font>]]>
            </line>
            <line>
              <![CDATA[<br /><font size = 2 color = #000000>Click on [inputBoxRow]</font>]]>
            </line>
            <line>
              <![CDATA[<br /><font size = 2 color = #000000>Click on [not Actual Answer]</font>]]>
            </line>
            <line>
              <![CDATA[<br /><font size = 2 color = #000000>Click on [click inputBoxRow]</font>]]>
            </line>
            <line>
              <![CDATA[<br /><font size = 2 color = #000000>Click on [click newTimeAnswer]</font>]]>
            </line>
          </reporter-output>
        </test-method> <!-- responseFromCandidates -->
        <test-method status="PASS" signature="startPage()[pri:0, instance:com.epam.testexternalpart.tests.AssigningToTest@75bd9247]" name="startPage" is-config="true" duration-ms="162" started-at="2015-01-15T18:50:44Z" finished-at="2015-01-15T18:50:44Z">
          <reporter-output>
          </reporter-output>
        </test-method> <!-- startPage -->
        <test-method status="PASS" signature="checkConfirmedCand(java.lang.String, java.lang.String, java.lang.String)[pri:0, instance:com.epam.testexternalpart.tests.AssigningToTest@75bd9247]" name="checkConfirmedCand" duration-ms="11217" started-at="2015-01-15T18:50:44Z" data-provider="testData" finished-at="2015-01-15T18:50:55Z">
          <params>
            <param index="0">
              <value>
                <![CDATA[Autumn 2015]]>
              </value>
            </param>
            <param index="1">
              <value>
                <![CDATA[Денис;Петрушкин;Геннадьевич;16.04.1991;pupkin379@i.ua;+087894156114]]>
              </value>
            </param>
            <param index="2">
              <value>
                <![CDATA[1.0]]>
              </value>
            </param>
          </params>
          <reporter-output>
            <line>
              <![CDATA[<br /><font size = 2 color = #000000>Click on [Select stream on Department Page]</font>]]>
            </line>
            <line>
              <![CDATA[<br /><font size = 2 color = #000000>Checking the presence of the elemen [javaTab]</font>]]>
            </line>
            <line>
              <![CDATA[<br /><font size = 2 color = #347C17>&nbsp;&nbsp;[javaTab]is Not Present</font>]]>
            </line>
            <line>
              <![CDATA[<br /><font size = 2 color = #000000>Click on [click confirmedTab]</font>]]>
            </line>
            <line>
              <![CDATA[<br /><font size = 2 color = #000000>Checking not testing Candidates</font>]]>
            </line>
          </reporter-output>
        </test-method> <!-- checkConfirmedCand -->
        <test-method status="PASS" signature="startPage()[pri:0, instance:com.epam.testexternalpart.tests.AssigningToTest@75bd9247]" name="startPage" is-config="true" duration-ms="144" started-at="2015-01-15T18:50:55Z" finished-at="2015-01-15T18:50:55Z">
          <reporter-output>
          </reporter-output>
        </test-method> <!-- startPage -->
        <test-method status="PASS" signature="checkNotActualCand(java.lang.String, java.lang.String, java.lang.String)[pri:0, instance:com.epam.testexternalpart.tests.AssigningToTest@75bd9247]" name="checkNotActualCand" duration-ms="11184" started-at="2015-01-15T18:50:55Z" data-provider="testData" finished-at="2015-01-15T18:51:06Z">
          <params>
            <param index="0">
              <value>
                <![CDATA[Autumn 2015]]>
              </value>
            </param>
            <param index="1">
              <value>
                <![CDATA[Семен;Пяточкин;Сергеевич;04.02.1990;vasya.pupkin379@yandex.ru;+087894156114]]>
              </value>
            </param>
            <param index="2">
              <value>
                <![CDATA[1.0]]>
              </value>
            </param>
          </params>
          <reporter-output>
            <line>
              <![CDATA[<br /><font size = 2 color = #000000>Click on [Select stream on Department Page]</font>]]>
            </line>
            <line>
              <![CDATA[<br /><font size = 2 color = #000000>Checking the presence of the elemen [javaTab]</font>]]>
            </line>
            <line>
              <![CDATA[<br /><font size = 2 color = #347C17>&nbsp;&nbsp;[javaTab]is Not Present</font>]]>
            </line>
            <line>
              <![CDATA[<br /><font size = 2 color = #000000>Click on [click notActualTab]</font>]]>
            </line>
            <line>
              <![CDATA[<br /><font size = 2 color = #000000>Checking not testing Candidates</font>]]>
            </line>
          </reporter-output>
        </test-method> <!-- checkNotActualCand -->
        <test-method status="PASS" signature="startPage()[pri:0, instance:com.epam.testexternalpart.tests.AssigningToTest@75bd9247]" name="startPage" is-config="true" duration-ms="210" started-at="2015-01-15T18:51:06Z" finished-at="2015-01-15T18:51:07Z">
          <reporter-output>
          </reporter-output>
        </test-method> <!-- startPage -->
        <test-method status="PASS" signature="checkNewTimeCand(java.lang.String, java.lang.String, java.lang.String)[pri:0, instance:com.epam.testexternalpart.tests.AssigningToTest@75bd9247]" name="checkNewTimeCand" duration-ms="12073" started-at="2015-01-15T18:51:07Z" data-provider="testData" finished-at="2015-01-15T18:51:19Z">
          <params>
            <param index="0">
              <value>
                <![CDATA[Autumn 2015]]>
              </value>
            </param>
            <param index="1">
              <value>
                <![CDATA[Леонид;Незнающий;Клементьевич;15.06.1992;student@com;+045894156114]]>
              </value>
            </param>
            <param index="2">
              <value>
                <![CDATA[1.0]]>
              </value>
            </param>
          </params>
          <reporter-output>
            <line>
              <![CDATA[<br /><font size = 2 color = #000000>Click on [Select stream on Department Page]</font>]]>
            </line>
            <line>
              <![CDATA[<br /><font size = 2 color = #000000>Checking the presence of the elemen [javaTab]</font>]]>
            </line>
            <line>
              <![CDATA[<br /><font size = 2 color = #347C17>&nbsp;&nbsp;[javaTab]is Not Present</font>]]>
            </line>
            <line>
              <![CDATA[<br /><font size = 2 color = #000000>Click on [click notTestedCandidate]</font>]]>
            </line>
            <line>
              <![CDATA[<br /><font size = 2 color = #000000>Checking not testing Candidates</font>]]>
            </line>
          </reporter-output>
        </test-method> <!-- checkNewTimeCand -->
        <test-method status="PASS" signature="startPage()[pri:0, instance:com.epam.testexternalpart.tests.AssigningToTest@75bd9247]" name="startPage" is-config="true" duration-ms="194" started-at="2015-01-15T18:51:19Z" finished-at="2015-01-15T18:51:19Z">
          <reporter-output>
          </reporter-output>
        </test-method> <!-- startPage -->
        <test-method status="PASS" signature="checkNewTimeCand(java.lang.String, java.lang.String, java.lang.String)[pri:0, instance:com.epam.testexternalpart.tests.AssigningToTest@75bd9247]" name="checkNewTimeCand" duration-ms="12133" started-at="2015-01-15T18:51:19Z" data-provider="testData" finished-at="2015-01-15T18:51:31Z">
          <params>
            <param index="0">
              <value>
                <![CDATA[Autumn 2015]]>
              </value>
            </param>
            <param index="1">
              <value>
                <![CDATA[Олег;Ромашкин;Федорович;21.09.1990;pupkin379@rambler.ru;+397894164112]]>
              </value>
            </param>
            <param index="2">
              <value>
                <![CDATA[2.0]]>
              </value>
            </param>
          </params>
          <reporter-output>
            <line>
              <![CDATA[<br /><font size = 2 color = #000000>Click on [Select stream on Department Page]</font>]]>
            </line>
            <line>
              <![CDATA[<br /><font size = 2 color = #000000>Checking the presence of the elemen [javaTab]</font>]]>
            </line>
            <line>
              <![CDATA[<br /><font size = 2 color = #347C17>&nbsp;&nbsp;[javaTab]is Not Present</font>]]>
            </line>
            <line>
              <![CDATA[<br /><font size = 2 color = #000000>Click on [click notTestedCandidate]</font>]]>
            </line>
            <line>
              <![CDATA[<br /><font size = 2 color = #000000>Checking not testing Candidates</font>]]>
            </line>
          </reporter-output>
        </test-method> <!-- checkNewTimeCand -->
        <test-method status="PASS" signature="startPage()[pri:0, instance:com.epam.testexternalpart.tests.AssigningToTest@75bd9247]" name="startPage" is-config="true" duration-ms="214" started-at="2015-01-15T18:51:31Z" finished-at="2015-01-15T18:51:31Z">
          <reporter-output>
          </reporter-output>
        </test-method> <!-- startPage -->
        <test-method status="PASS" signature="checkDublicateAnswer()[pri:0, instance:com.epam.testexternalpart.tests.AssigningToTest@75bd9247]" name="checkDublicateAnswer" duration-ms="14972" started-at="2015-01-15T18:51:31Z" finished-at="2015-01-15T18:51:46Z">
          <reporter-output>
            <line>
              <![CDATA[<br /><font size = 2 color = #000000>Click on [settingsButton]</font>]]>
            </line>
            <line>
              <![CDATA[<br /><font size = 2 color = #000000>Click on [emailTemplatesButtton]</font>]]>
            </line>
            <line>
              <![CDATA[<br /><font size = 2 color = #000000>Click on [answerDuplicationTittle]</font>]]>
            </line>
            <line>
              <![CDATA[<br /><font size = 2 color = #000000>Click on [logginButton]</font>]]>
            </line>
            <line>
              <![CDATA[<br /><font size = 2 color = #000000>Click on [inputBoxRow]</font>]]>
            </line>
          </reporter-output>
        </test-method> <!-- checkDublicateAnswer -->
        <test-method status="PASS" signature="startPage()[pri:0, instance:com.epam.testexternalpart.tests.AssigningToTest@75bd9247]" name="startPage" is-config="true" duration-ms="200" started-at="2015-01-15T18:51:46Z" finished-at="2015-01-15T18:51:47Z">
          <reporter-output>
          </reporter-output>
        </test-method> <!-- startPage -->
        <test-method status="PASS" signature="invitateSecondTime(java.lang.String)[pri:0, instance:com.epam.testexternalpart.tests.AssigningToTest@75bd9247]" name="invitateSecondTime" duration-ms="49393" started-at="2015-01-15T18:51:47Z" data-provider="testData" finished-at="2015-01-15T18:52:36Z">
          <params>
            <param index="0">
              <value>
                <![CDATA[Autumn 2015]]>
              </value>
            </param>
          </params>
          <reporter-output>
            <line>
              <![CDATA[<br /><font size = 2 color = #000000>Click on [Select stream on Department Page]</font>]]>
            </line>
            <line>
              <![CDATA[<br /><font size = 2 color = #000000>Checking the presence of the elemen [javaTab]</font>]]>
            </line>
            <line>
              <![CDATA[<br /><font size = 2 color = #347C17>&nbsp;&nbsp;[javaTab]is Not Present</font>]]>
            </line>
            <line>
              <![CDATA[<br /><font size = 2 color = #000000>Click on [click notTestedCandidate]</font>]]>
            </line>
            <line>
              <![CDATA[<br /><font size = 2 color = #000000>Click on [Select cabdidates to assigning to test]</font>]]>
            </line>
            <line>
              <![CDATA[<br /><font size = 2 color = #000000>Click on [Click assignTestButton]</font>]]>
            </line>
            <line>
              <![CDATA[<br /><font size = 2 color = #000000>Send invitation to candidates</font>]]>
            </line>
            <line>
              <![CDATA[<br /><font size = 2 color = #000000>Click on [click sendInvitationButton]</font>]]>
            </line>
            <line>
              <![CDATA[<br /><font size = 2 color = #347C17>&nbsp;&nbsp;Invitation were sent</font>]]>
            </line>
            <line>
              <![CDATA[<br /><font size = 2 color = #000000>Click on [click inputBoxRow]</font>]]>
            </line>
            <line>
              <![CDATA[<br /><font size = 2 color = #000000>Click on [click newTimeAnswer]</font>]]>
            </line>
          </reporter-output>
        </test-method> <!-- invitateSecondTime -->
        <test-method status="PASS" signature="startPage()[pri:0, instance:com.epam.testexternalpart.tests.AssigningToTest@75bd9247]" name="startPage" is-config="true" duration-ms="235" started-at="2015-01-15T18:52:36Z" finished-at="2015-01-15T18:52:36Z">
          <reporter-output>
          </reporter-output>
        </test-method> <!-- startPage -->
        <test-method status="PASS" signature="invitateThirdTime(java.lang.String)[pri:0, instance:com.epam.testexternalpart.tests.AssigningToTest@75bd9247]" name="invitateThirdTime" duration-ms="49355" started-at="2015-01-15T18:52:36Z" data-provider="testData" finished-at="2015-01-15T18:53:26Z">
          <params>
            <param index="0">
              <value>
                <![CDATA[Autumn 2015]]>
              </value>
            </param>
          </params>
          <reporter-output>
            <line>
              <![CDATA[<br /><font size = 2 color = #000000>Click on [Select stream on Department Page]</font>]]>
            </line>
            <line>
              <![CDATA[<br /><font size = 2 color = #000000>Checking the presence of the elemen [javaTab]</font>]]>
            </line>
            <line>
              <![CDATA[<br /><font size = 2 color = #347C17>&nbsp;&nbsp;[javaTab]is Not Present</font>]]>
            </line>
            <line>
              <![CDATA[<br /><font size = 2 color = #000000>Click on [click notTestedCandidate]</font>]]>
            </line>
            <line>
              <![CDATA[<br /><font size = 2 color = #000000>Click on [Select cabdidates to assigning to test]</font>]]>
            </line>
            <line>
              <![CDATA[<br /><font size = 2 color = #000000>Click on [Click assignTestButton]</font>]]>
            </line>
            <line>
              <![CDATA[<br /><font size = 2 color = #000000>Send invitation to candidates</font>]]>
            </line>
            <line>
              <![CDATA[<br /><font size = 2 color = #000000>Click on [click sendInvitationButton]</font>]]>
            </line>
            <line>
              <![CDATA[<br /><font size = 2 color = #347C17>&nbsp;&nbsp;Invitation were sent</font>]]>
            </line>
            <line>
              <![CDATA[<br /><font size = 2 color = #000000>Click on [click inputBoxRow]</font>]]>
            </line>
            <line>
              <![CDATA[<br /><font size = 2 color = #000000>Click on [click newTimeAnswer]</font>]]>
            </line>
          </reporter-output>
        </test-method> <!-- invitateThirdTime -->
        <test-method status="PASS" signature="startPage()[pri:0, instance:com.epam.testexternalpart.tests.AssigningToTest@75bd9247]" name="startPage" is-config="true" duration-ms="216" started-at="2015-01-15T18:53:26Z" finished-at="2015-01-15T18:53:26Z">
          <reporter-output>
          </reporter-output>
        </test-method> <!-- startPage -->
        <test-method status="PASS" signature="checkBannedCandidate(java.lang.String, java.lang.String, java.lang.String)[pri:0, instance:com.epam.testexternalpart.tests.AssigningToTest@75bd9247]" name="checkBannedCandidate" duration-ms="11702" started-at="2015-01-15T18:53:26Z" data-provider="testData" finished-at="2015-01-15T18:53:38Z">
          <params>
            <param index="0">
              <value>
                <![CDATA[Autumn 2015]]>
              </value>
            </param>
            <param index="1">
              <value>
                <![CDATA[Олег;Ромашкин;Федорович;21.09.1990;pupkin379@rambler.ru;+397894164112]]>
              </value>
            </param>
            <param index="2">
              <value>
                <![CDATA[1.0]]>
              </value>
            </param>
          </params>
          <reporter-output>
            <line>
              <![CDATA[<br /><font size = 2 color = #000000>Click on [Select stream on Department Page]</font>]]>
            </line>
            <line>
              <![CDATA[<br /><font size = 2 color = #000000>Checking the presence of the elemen [javaTab]</font>]]>
            </line>
            <line>
              <![CDATA[<br /><font size = 2 color = #347C17>&nbsp;&nbsp;[javaTab]is Not Present</font>]]>
            </line>
            <line>
              <![CDATA[<br /><font size = 2 color = #000000>Click on [click bannedTab]</font>]]>
            </line>
            <line>
              <![CDATA[<br /><font size = 2 color = #000000>Checking not testing Candidates</font>]]>
            </line>
          </reporter-output>
        </test-method> <!-- checkBannedCandidate -->
        <test-method status="PASS" signature="tearDown()[pri:0, instance:com.epam.testexternalpart.tests.AssigningToTest@75bd9247]" name="tearDown" is-config="true" duration-ms="2892" started-at="2015-01-15T18:53:38Z" finished-at="2015-01-15T18:53:40Z">
          <reporter-output>
          </reporter-output>
        </test-method> <!-- tearDown -->
      </class> <!-- com.epam.testexternalpart.tests.AssigningToTest -->
    </test> <!-- Default test -->
  </suite> <!-- Default suite -->
</testng-results>
