<?xml version="1.0" encoding="UTF-8"?>
<testng-results skipped="0" failed="0" total="1" passed="1">
  <reporter-output>
    <line>
      <![CDATA[<br /><font size = 2 color = #000000>Click on [settingsButton]</font>]]>
    </line>
    <line>
      <![CDATA[<br /><font size = 2 color = #000000>Click on [emailTemplatesButtton]</font>]]>
    </line>
    <line>
      <![CDATA[<br /><font size = 2 color = #000000>Click on [answerDuplicationTittle]</font>]]>
    </line>
    <line>
      <![CDATA[<br /><font size = 2 color = #000000>Click on [logginButton]</font>]]>
    </line>
    <line>
      <![CDATA[<br /><font size = 2 color = #000000>Click on [inputBoxRow]</font>]]>
    </line>
  </reporter-output>
  <suite name="Default suite" duration-ms="30410" started-at="2015-01-20T09:19:12Z" finished-at="2015-01-20T09:19:42Z">
    <groups>
    </groups>
    <test name="Default test" duration-ms="30410" started-at="2015-01-20T09:19:12Z" finished-at="2015-01-20T09:19:42Z">
      <class name="com.epam.testexternalpart.tests.AssigningToTest">
        <test-method status="PASS" signature="init()[pri:0, instance:com.epam.testexternalpart.tests.AssigningToTest@2c8d66b2]" name="init" is-config="true" duration-ms="7539" started-at="2015-01-20T11:19:12Z" finished-at="2015-01-20T11:19:20Z">
          <reporter-output>
          </reporter-output>
        </test-method> <!-- init -->
        <test-method status="PASS" signature="startPage()[pri:0, instance:com.epam.testexternalpart.tests.AssigningToTest@2c8d66b2]" name="startPage" is-config="true" duration-ms="295" started-at="2015-01-20T11:19:20Z" finished-at="2015-01-20T11:19:20Z">
          <reporter-output>
          </reporter-output>
        </test-method> <!-- startPage -->
        <test-method status="PASS" signature="checkDublicateAnswer()[pri:0, instance:com.epam.testexternalpart.tests.AssigningToTest@2c8d66b2]" name="checkDublicateAnswer" duration-ms="20007" started-at="2015-01-20T11:19:20Z" finished-at="2015-01-20T11:19:40Z">
          <reporter-output>
            <line>
              <![CDATA[<br /><font size = 2 color = #000000>Click on [settingsButton]</font>]]>
            </line>
            <line>
              <![CDATA[<br /><font size = 2 color = #000000>Click on [emailTemplatesButtton]</font>]]>
            </line>
            <line>
              <![CDATA[<br /><font size = 2 color = #000000>Click on [answerDuplicationTittle]</font>]]>
            </line>
            <line>
              <![CDATA[<br /><font size = 2 color = #000000>Click on [logginButton]</font>]]>
            </line>
            <line>
              <![CDATA[<br /><font size = 2 color = #000000>Click on [inputBoxRow]</font>]]>
            </line>
          </reporter-output>
        </test-method> <!-- checkDublicateAnswer -->
        <test-method status="PASS" signature="tearDown()[pri:0, instance:com.epam.testexternalpart.tests.AssigningToTest@2c8d66b2]" name="tearDown" is-config="true" duration-ms="2563" started-at="2015-01-20T11:19:40Z" finished-at="2015-01-20T11:19:42Z">
          <reporter-output>
          </reporter-output>
        </test-method> <!-- tearDown -->
      </class> <!-- com.epam.testexternalpart.tests.AssigningToTest -->
    </test> <!-- Default test -->
  </suite> <!-- Default suite -->
</testng-results>
