<?xml version="1.0" encoding="UTF-8"?>
<testng-results skipped="0" failed="0" total="2" passed="2">
  <reporter-output>
    <line>
      <![CDATA[<br /><b><font size = 2 color = #000099>Check search in AllCandidatesPage</font></b><br/>]]>
    </line>
    <line>
      <![CDATA[<br /><font size = 2 color = #000000>Click on [First stream on first dep]</font>]]>
    </line>
    <line>
      <![CDATA[<br><b><font size = 2 color = #000000>Create candidates for test</font></b><br>]]>
    </line>
    <line>
      <![CDATA[<br /><font size = 2 color = #000000>Click on [addCandidateBut]</font>]]>
    </line>
    <line>
      <![CDATA[<br /><font size = 2 color = #000000>Creating new candidate with fields-Ololo;Ololoev;Olololoevich;02.12.2013;sdhgjshgj@mail.ru;+380505465345;</font>]]>
    </line>
    <line>
      <![CDATA[<br /><font size = 2 color = #000000>Click on [Click Create Candidate Button]</font>]]>
    </line>
    <line>
      <![CDATA[<br /><font size = 2 color = #000000>Checking the presence of the elemen [Create Profile Create Button]</font>]]>
    </line>
    <line>
      <![CDATA[<br /><font size = 2 color = #347C17>&nbsp;&nbsp;[Create Profile Create Button]is Not Present</font>]]>
    </line>
    <line>
      <![CDATA[<br /><font size = 2 color = #000000>Check if new candidate was added</font>]]>
    </line>
    <line>
      <![CDATA[<br /><font size = 2 color = #347C17>&nbsp;&nbsp;candidate was added</font>]]>
    </line>
    <line>
      <![CDATA[<br /><font size = 2 color = #000000>Click on [addCandidateBut]</font>]]>
    </line>
    <line>
      <![CDATA[<br /><font size = 2 color = #000000>Creating new candidate with fields-Ololo1;Ololoev1;Olololoevich1;02.12.2013;sdhgjshgj1@mail.ru;+380505465346;</font>]]>
    </line>
    <line>
      <![CDATA[<br /><font size = 2 color = #000000>Click on [Click Create Candidate Button]</font>]]>
    </line>
    <line>
      <![CDATA[<br /><font size = 2 color = #000000>Checking the presence of the elemen [Create Profile Create Button]</font>]]>
    </line>
    <line>
      <![CDATA[<br /><font size = 2 color = #347C17>&nbsp;&nbsp;[Create Profile Create Button]is Not Present</font>]]>
    </line>
    <line>
      <![CDATA[<br /><font size = 2 color = #000000>Check if new candidate was added</font>]]>
    </line>
    <line>
      <![CDATA[<br /><font size = 2 color = #347C17>&nbsp;&nbsp;candidate was added</font>]]>
    </line>
    <line>
      <![CDATA[<br /><font size = 2 color = #000000>Click on [addCandidateBut]</font>]]>
    </line>
    <line>
      <![CDATA[<br /><font size = 2 color = #000000>Creating new candidate with fields-Ololo2;Ololoev2;Olololoevich2;02.12.2013;sdhgjshgj2@mail.ru;+380505465347;</font>]]>
    </line>
    <line>
      <![CDATA[<br /><font size = 2 color = #000000>Click on [Click Create Candidate Button]</font>]]>
    </line>
    <line>
      <![CDATA[<br /><font size = 2 color = #000000>Checking the presence of the elemen [Create Profile Create Button]</font>]]>
    </line>
    <line>
      <![CDATA[<br /><font size = 2 color = #347C17>&nbsp;&nbsp;[Create Profile Create Button]is Not Present</font>]]>
    </line>
    <line>
      <![CDATA[<br /><font size = 2 color = #000000>Check if new candidate was added</font>]]>
    </line>
    <line>
      <![CDATA[<br /><font size = 2 color = #347C17>&nbsp;&nbsp;candidate was added</font>]]>
    </line>
    <line>
      <![CDATA[<br /><font size = 2 color = #000000>Click on [allCandidatesButton]</font>]]>
    </line>
    <line>
      <![CDATA[<br><b><font size = 2 color = #000000>Perform search for Ololo1</font></b><br>]]>
    </line>
    <line>
      <![CDATA[<br /><font size = 2 color = #000000>Search for [Ololo1]</font>]]>
    </line>
    <line>
      <![CDATA[<br><b><font size = 2 color = #000000>Perform search for Ololoev</font></b><br>]]>
    </line>
    <line>
      <![CDATA[<br /><font size = 2 color = #000000>Search for [Ololoev]</font>]]>
    </line>
    <line>
      <![CDATA[<br /><b><font size = 2 color = #000099>Check search in Stream</font></b><br/>]]>
    </line>
    <line>
      <![CDATA[<br /><font size = 2 color = #000000>Click on [First stream on first dep]</font>]]>
    </line>
    <line>
      <![CDATA[<br><b><font size = 2 color = #000000>Create candidates for test</font></b><br>]]>
    </line>
    <line>
      <![CDATA[<br /><font size = 2 color = #000000>Click on [addCandidateBut]</font>]]>
    </line>
    <line>
      <![CDATA[<br /><font size = 2 color = #000000>Creating new candidate with fields-Ololo;Ololoev;Olololoevich;02.12.2013;sdhgjshgj@mail.ru;+380505465345;</font>]]>
    </line>
    <line>
      <![CDATA[<br /><font size = 2 color = #000000>Click on [Click Create Candidate Button]</font>]]>
    </line>
    <line>
      <![CDATA[<br /><font size = 2 color = #000000>Checking the presence of the elemen [Create Profile Create Button]</font>]]>
    </line>
    <line>
      <![CDATA[<br /><font size = 2 color = #347C17>&nbsp;&nbsp;[Create Profile Create Button]is Not Present</font>]]>
    </line>
    <line>
      <![CDATA[<br /><font size = 2 color = #000000>Check if new candidate was added</font>]]>
    </line>
    <line>
      <![CDATA[<br /><font size = 2 color = #347C17>&nbsp;&nbsp;candidate was added</font>]]>
    </line>
    <line>
      <![CDATA[<br /><font size = 2 color = #000000>Click on [addCandidateBut]</font>]]>
    </line>
    <line>
      <![CDATA[<br /><font size = 2 color = #000000>Creating new candidate with fields-Ololo1;Ololoev1;Olololoevich1;02.12.2013;sdhgjshgj1@mail.ru;+380505465346;</font>]]>
    </line>
    <line>
      <![CDATA[<br /><font size = 2 color = #000000>Click on [Click Create Candidate Button]</font>]]>
    </line>
    <line>
      <![CDATA[<br /><font size = 2 color = #000000>Checking the presence of the elemen [Create Profile Create Button]</font>]]>
    </line>
    <line>
      <![CDATA[<br /><font size = 2 color = #347C17>&nbsp;&nbsp;[Create Profile Create Button]is Not Present</font>]]>
    </line>
    <line>
      <![CDATA[<br /><font size = 2 color = #000000>Check if new candidate was added</font>]]>
    </line>
    <line>
      <![CDATA[<br /><font size = 2 color = #347C17>&nbsp;&nbsp;candidate was added</font>]]>
    </line>
    <line>
      <![CDATA[<br /><font size = 2 color = #000000>Click on [addCandidateBut]</font>]]>
    </line>
    <line>
      <![CDATA[<br /><font size = 2 color = #000000>Creating new candidate with fields-Ololo2;Ololoev2;Olololoevich2;02.12.2013;sdhgjshgj2@mail.ru;+380505465347;</font>]]>
    </line>
    <line>
      <![CDATA[<br /><font size = 2 color = #000000>Click on [Click Create Candidate Button]</font>]]>
    </line>
    <line>
      <![CDATA[<br /><font size = 2 color = #000000>Checking the presence of the elemen [Create Profile Create Button]</font>]]>
    </line>
    <line>
      <![CDATA[<br /><font size = 2 color = #347C17>&nbsp;&nbsp;[Create Profile Create Button]is Not Present</font>]]>
    </line>
    <line>
      <![CDATA[<br /><font size = 2 color = #000000>Check if new candidate was added</font>]]>
    </line>
    <line>
      <![CDATA[<br /><font size = 2 color = #347C17>&nbsp;&nbsp;candidate was added</font>]]>
    </line>
    <line>
      <![CDATA[<br><b><font size = 2 color = #000000>Perform search for Ololo1</font></b><br>]]>
    </line>
    <line>
      <![CDATA[<br /><font size = 2 color = #000000>Search for [Ololo1]</font>]]>
    </line>
    <line>
      <![CDATA[<br><b><font size = 2 color = #000000>Perform search for Ololoev</font></b><br>]]>
    </line>
    <line>
      <![CDATA[<br /><font size = 2 color = #000000>Search for [Ololoev]</font>]]>
    </line>
  </reporter-output>
  <suite name="Default suite" duration-ms="137646" started-at="2015-01-14T12:56:39Z" finished-at="2015-01-14T12:58:56Z">
    <groups>
    </groups>
    <test name="Default test" duration-ms="137646" started-at="2015-01-14T12:56:39Z" finished-at="2015-01-14T12:58:56Z">
      <class name="com.epam.testexternalpart.tests.SearchTest">
        <test-method status="PASS" signature="init()[pri:0, instance:com.epam.testexternalpart.tests.SearchTest@7b01e0b5]" name="init" is-config="true" duration-ms="3828" started-at="2015-01-14T14:56:39Z" finished-at="2015-01-14T14:56:43Z">
          <reporter-output>
          </reporter-output>
        </test-method> <!-- init -->
        <test-method status="PASS" signature="startPage()[pri:0, instance:com.epam.testexternalpart.tests.SearchTest@7b01e0b5]" name="startPage" is-config="true" duration-ms="212" started-at="2015-01-14T14:56:43Z" finished-at="2015-01-14T14:56:43Z">
          <reporter-output>
          </reporter-output>
        </test-method> <!-- startPage -->
        <test-method status="PASS" signature="allCandidatesSearch(java.lang.String, java.lang.String, java.lang.String, java.lang.String, java.lang.String)[pri:0, instance:com.epam.testexternalpart.tests.SearchTest@7b01e0b5]" name="allCandidatesSearch" duration-ms="66207" started-at="2015-01-14T14:56:43Z" data-provider="testData" finished-at="2015-01-14T14:57:50Z">
          <params>
            <param index="0">
              <value>
                <![CDATA[Ololo;Ololoev;Olololoevich;02.12.2013;sdhgjshgj@mail.ru;+380505465345;]]>
              </value>
            </param>
            <param index="1">
              <value>
                <![CDATA[Ololo1;Ololoev1;Olololoevich1;02.12.2013;sdhgjshgj1@mail.ru;+380505465346;]]>
              </value>
            </param>
            <param index="2">
              <value>
                <![CDATA[Ololo2;Ololoev2;Olololoevich2;02.12.2013;sdhgjshgj2@mail.ru;+380505465347;]]>
              </value>
            </param>
            <param index="3">
              <value>
                <![CDATA[Ololo1]]>
              </value>
            </param>
            <param index="4">
              <value>
                <![CDATA[Ololoev]]>
              </value>
            </param>
          </params>
          <reporter-output>
            <line>
              <![CDATA[<br /><b><font size = 2 color = #000099>Check search in AllCandidatesPage</font></b><br/>]]>
            </line>
            <line>
              <![CDATA[<br /><font size = 2 color = #000000>Click on [First stream on first dep]</font>]]>
            </line>
            <line>
              <![CDATA[<br><b><font size = 2 color = #000000>Create candidates for test</font></b><br>]]>
            </line>
            <line>
              <![CDATA[<br /><font size = 2 color = #000000>Click on [addCandidateBut]</font>]]>
            </line>
            <line>
              <![CDATA[<br /><font size = 2 color = #000000>Creating new candidate with fields-Ololo;Ololoev;Olololoevich;02.12.2013;sdhgjshgj@mail.ru;+380505465345;</font>]]>
            </line>
            <line>
              <![CDATA[<br /><font size = 2 color = #000000>Click on [Click Create Candidate Button]</font>]]>
            </line>
            <line>
              <![CDATA[<br /><font size = 2 color = #000000>Checking the presence of the elemen [Create Profile Create Button]</font>]]>
            </line>
            <line>
              <![CDATA[<br /><font size = 2 color = #347C17>&nbsp;&nbsp;[Create Profile Create Button]is Not Present</font>]]>
            </line>
            <line>
              <![CDATA[<br /><font size = 2 color = #000000>Check if new candidate was added</font>]]>
            </line>
            <line>
              <![CDATA[<br /><font size = 2 color = #347C17>&nbsp;&nbsp;candidate was added</font>]]>
            </line>
            <line>
              <![CDATA[<br /><font size = 2 color = #000000>Click on [addCandidateBut]</font>]]>
            </line>
            <line>
              <![CDATA[<br /><font size = 2 color = #000000>Creating new candidate with fields-Ololo1;Ololoev1;Olololoevich1;02.12.2013;sdhgjshgj1@mail.ru;+380505465346;</font>]]>
            </line>
            <line>
              <![CDATA[<br /><font size = 2 color = #000000>Click on [Click Create Candidate Button]</font>]]>
            </line>
            <line>
              <![CDATA[<br /><font size = 2 color = #000000>Checking the presence of the elemen [Create Profile Create Button]</font>]]>
            </line>
            <line>
              <![CDATA[<br /><font size = 2 color = #347C17>&nbsp;&nbsp;[Create Profile Create Button]is Not Present</font>]]>
            </line>
            <line>
              <![CDATA[<br /><font size = 2 color = #000000>Check if new candidate was added</font>]]>
            </line>
            <line>
              <![CDATA[<br /><font size = 2 color = #347C17>&nbsp;&nbsp;candidate was added</font>]]>
            </line>
            <line>
              <![CDATA[<br /><font size = 2 color = #000000>Click on [addCandidateBut]</font>]]>
            </line>
            <line>
              <![CDATA[<br /><font size = 2 color = #000000>Creating new candidate with fields-Ololo2;Ololoev2;Olololoevich2;02.12.2013;sdhgjshgj2@mail.ru;+380505465347;</font>]]>
            </line>
            <line>
              <![CDATA[<br /><font size = 2 color = #000000>Click on [Click Create Candidate Button]</font>]]>
            </line>
            <line>
              <![CDATA[<br /><font size = 2 color = #000000>Checking the presence of the elemen [Create Profile Create Button]</font>]]>
            </line>
            <line>
              <![CDATA[<br /><font size = 2 color = #347C17>&nbsp;&nbsp;[Create Profile Create Button]is Not Present</font>]]>
            </line>
            <line>
              <![CDATA[<br /><font size = 2 color = #000000>Check if new candidate was added</font>]]>
            </line>
            <line>
              <![CDATA[<br /><font size = 2 color = #347C17>&nbsp;&nbsp;candidate was added</font>]]>
            </line>
            <line>
              <![CDATA[<br /><font size = 2 color = #000000>Click on [allCandidatesButton]</font>]]>
            </line>
            <line>
              <![CDATA[<br><b><font size = 2 color = #000000>Perform search for Ololo1</font></b><br>]]>
            </line>
            <line>
              <![CDATA[<br /><font size = 2 color = #000000>Search for [Ololo1]</font>]]>
            </line>
            <line>
              <![CDATA[<br><b><font size = 2 color = #000000>Perform search for Ololoev</font></b><br>]]>
            </line>
            <line>
              <![CDATA[<br /><font size = 2 color = #000000>Search for [Ololoev]</font>]]>
            </line>
          </reporter-output>
        </test-method> <!-- allCandidatesSearch -->
        <test-method status="PASS" signature="startPage()[pri:0, instance:com.epam.testexternalpart.tests.SearchTest@7b01e0b5]" name="startPage" is-config="true" duration-ms="125" started-at="2015-01-14T14:57:50Z" finished-at="2015-01-14T14:57:50Z">
          <reporter-output>
          </reporter-output>
        </test-method> <!-- startPage -->
        <test-method status="PASS" signature="streamSearch(java.lang.String, java.lang.String, java.lang.String, java.lang.String, java.lang.String)[pri:0, instance:com.epam.testexternalpart.tests.SearchTest@7b01e0b5]" name="streamSearch" duration-ms="64237" started-at="2015-01-14T14:57:50Z" data-provider="testData" finished-at="2015-01-14T14:58:54Z">
          <params>
            <param index="0">
              <value>
                <![CDATA[Ololo;Ololoev;Olololoevich;02.12.2013;sdhgjshgj@mail.ru;+380505465345;]]>
              </value>
            </param>
            <param index="1">
              <value>
                <![CDATA[Ololo1;Ololoev1;Olololoevich1;02.12.2013;sdhgjshgj1@mail.ru;+380505465346;]]>
              </value>
            </param>
            <param index="2">
              <value>
                <![CDATA[Ololo2;Ololoev2;Olololoevich2;02.12.2013;sdhgjshgj2@mail.ru;+380505465347;]]>
              </value>
            </param>
            <param index="3">
              <value>
                <![CDATA[Ololo1]]>
              </value>
            </param>
            <param index="4">
              <value>
                <![CDATA[Ololoev]]>
              </value>
            </param>
          </params>
          <reporter-output>
            <line>
              <![CDATA[<br /><b><font size = 2 color = #000099>Check search in Stream</font></b><br/>]]>
            </line>
            <line>
              <![CDATA[<br /><font size = 2 color = #000000>Click on [First stream on first dep]</font>]]>
            </line>
            <line>
              <![CDATA[<br><b><font size = 2 color = #000000>Create candidates for test</font></b><br>]]>
            </line>
            <line>
              <![CDATA[<br /><font size = 2 color = #000000>Click on [addCandidateBut]</font>]]>
            </line>
            <line>
              <![CDATA[<br /><font size = 2 color = #000000>Creating new candidate with fields-Ololo;Ololoev;Olololoevich;02.12.2013;sdhgjshgj@mail.ru;+380505465345;</font>]]>
            </line>
            <line>
              <![CDATA[<br /><font size = 2 color = #000000>Click on [Click Create Candidate Button]</font>]]>
            </line>
            <line>
              <![CDATA[<br /><font size = 2 color = #000000>Checking the presence of the elemen [Create Profile Create Button]</font>]]>
            </line>
            <line>
              <![CDATA[<br /><font size = 2 color = #347C17>&nbsp;&nbsp;[Create Profile Create Button]is Not Present</font>]]>
            </line>
            <line>
              <![CDATA[<br /><font size = 2 color = #000000>Check if new candidate was added</font>]]>
            </line>
            <line>
              <![CDATA[<br /><font size = 2 color = #347C17>&nbsp;&nbsp;candidate was added</font>]]>
            </line>
            <line>
              <![CDATA[<br /><font size = 2 color = #000000>Click on [addCandidateBut]</font>]]>
            </line>
            <line>
              <![CDATA[<br /><font size = 2 color = #000000>Creating new candidate with fields-Ololo1;Ololoev1;Olololoevich1;02.12.2013;sdhgjshgj1@mail.ru;+380505465346;</font>]]>
            </line>
            <line>
              <![CDATA[<br /><font size = 2 color = #000000>Click on [Click Create Candidate Button]</font>]]>
            </line>
            <line>
              <![CDATA[<br /><font size = 2 color = #000000>Checking the presence of the elemen [Create Profile Create Button]</font>]]>
            </line>
            <line>
              <![CDATA[<br /><font size = 2 color = #347C17>&nbsp;&nbsp;[Create Profile Create Button]is Not Present</font>]]>
            </line>
            <line>
              <![CDATA[<br /><font size = 2 color = #000000>Check if new candidate was added</font>]]>
            </line>
            <line>
              <![CDATA[<br /><font size = 2 color = #347C17>&nbsp;&nbsp;candidate was added</font>]]>
            </line>
            <line>
              <![CDATA[<br /><font size = 2 color = #000000>Click on [addCandidateBut]</font>]]>
            </line>
            <line>
              <![CDATA[<br /><font size = 2 color = #000000>Creating new candidate with fields-Ololo2;Ololoev2;Olololoevich2;02.12.2013;sdhgjshgj2@mail.ru;+380505465347;</font>]]>
            </line>
            <line>
              <![CDATA[<br /><font size = 2 color = #000000>Click on [Click Create Candidate Button]</font>]]>
            </line>
            <line>
              <![CDATA[<br /><font size = 2 color = #000000>Checking the presence of the elemen [Create Profile Create Button]</font>]]>
            </line>
            <line>
              <![CDATA[<br /><font size = 2 color = #347C17>&nbsp;&nbsp;[Create Profile Create Button]is Not Present</font>]]>
            </line>
            <line>
              <![CDATA[<br /><font size = 2 color = #000000>Check if new candidate was added</font>]]>
            </line>
            <line>
              <![CDATA[<br /><font size = 2 color = #347C17>&nbsp;&nbsp;candidate was added</font>]]>
            </line>
            <line>
              <![CDATA[<br><b><font size = 2 color = #000000>Perform search for Ololo1</font></b><br>]]>
            </line>
            <line>
              <![CDATA[<br /><font size = 2 color = #000000>Search for [Ololo1]</font>]]>
            </line>
            <line>
              <![CDATA[<br><b><font size = 2 color = #000000>Perform search for Ololoev</font></b><br>]]>
            </line>
            <line>
              <![CDATA[<br /><font size = 2 color = #000000>Search for [Ololoev]</font>]]>
            </line>
          </reporter-output>
        </test-method> <!-- streamSearch -->
        <test-method status="PASS" signature="tearDown()[pri:0, instance:com.epam.testexternalpart.tests.SearchTest@7b01e0b5]" name="tearDown" is-config="true" duration-ms="2460" started-at="2015-01-14T14:58:54Z" finished-at="2015-01-14T14:58:56Z">
          <reporter-output>
          </reporter-output>
        </test-method> <!-- tearDown -->
      </class> <!-- com.epam.testexternalpart.tests.SearchTest -->
    </test> <!-- Default test -->
  </suite> <!-- Default suite -->
</testng-results>
