<?xml version="1.0" encoding="UTF-8"?>
<testng-results skipped="0" failed="0" total="1" passed="1">
  <reporter-output>
    <line>
      <![CDATA[<br /><b><font size = 2 color = #000099>Check the possibility of adding ñandidate manually</font></b><br/>]]>
    </line>
    <line>
      <![CDATA[<br /><font size = 2 color = #000000>Click on [First stream on first dep]</font>]]>
    </line>
    <line>
      <![CDATA[<br /><font size = 2 color = #000000>Click on [addCandidateBut]</font>]]>
    </line>
    <line>
      <![CDATA[<br /><font size = 2 color = #000000>Creating new candidate with fields-Ololo;Ololoev;Olololoevich;02.12.2013;sdhgjshgj@mail.ru;+380505465345;</font>]]>
    </line>
    <line>
      <![CDATA[<br /><font size = 2 color = #000000>Click on [Click Create Candidate Button]</font>]]>
    </line>
    <line>
      <![CDATA[<br /><font size = 2 color = #000000>Checking the presence of the elemen [Create Profile Create Button]</font>]]>
    </line>
    <line>
      <![CDATA[<br /><font size = 2 color = #347C17>&nbsp;&nbsp;[Create Profile Create Button]is Not Present</font>]]>
    </line>
    <line>
      <![CDATA[<br /><font size = 2 color = #000000>Check if new candidate was added</font>]]>
    </line>
    <line>
      <![CDATA[<br /><font size = 2 color = #347C17>&nbsp;&nbsp;candidate was added</font>]]>
    </line>
    <line>
      <![CDATA[<br /><font size = 2 color = #000000>Click on [check-box of last cand]</font>]]>
    </line>
    <line>
      <![CDATA[<br /><font size = 2 color = #000000>Click on [deleteButton]</font>]]>
    </line>
    <line>
      <![CDATA[<br /><font size = 2 color = #000000>Checking the presence of the elemen [delCandPopAp]</font>]]>
    </line>
    <line>
      <![CDATA[<br /><font size = 2 color = #347C17>&nbsp;&nbsp;[delCandPopAp]is Present</font>]]>
    </line>
    <line>
      <![CDATA[<br /><font size = 2 color = #000000>Click on [deleteCandPopApButton]</font>]]>
    </line>
  </reporter-output>
  <suite name="Default suite" duration-ms="33691" started-at="2015-01-15T09:09:37Z" finished-at="2015-01-15T09:10:11Z">
    <groups>
    </groups>
    <test name="Default test" duration-ms="33691" started-at="2015-01-15T09:09:37Z" finished-at="2015-01-15T09:10:11Z">
      <class name="com.epam.testexternalpart.tests.AddCandidateTest">
        <test-method status="PASS" signature="init()[pri:0, instance:com.epam.testexternalpart.tests.AddCandidateTest@131d0b89]" name="init" is-config="true" duration-ms="6730" started-at="2015-01-15T11:09:37Z" finished-at="2015-01-15T11:09:44Z">
          <reporter-output>
          </reporter-output>
        </test-method> <!-- init -->
        <test-method status="PASS" signature="startPage()[pri:0, instance:com.epam.testexternalpart.tests.AddCandidateTest@131d0b89]" name="startPage" is-config="true" duration-ms="199" started-at="2015-01-15T11:09:44Z" finished-at="2015-01-15T11:09:45Z">
          <reporter-output>
          </reporter-output>
        </test-method> <!-- startPage -->
        <test-method status="PASS" signature="addCandidateManually(java.lang.String)[pri:0, instance:com.epam.testexternalpart.tests.AddCandidateTest@131d0b89]" name="addCandidateManually" duration-ms="23754" started-at="2015-01-15T11:09:45Z" data-provider="testData" finished-at="2015-01-15T11:10:08Z">
          <params>
            <param index="0">
              <value>
                <![CDATA[Ololo;Ololoev;Olololoevich;02.12.2013;sdhgjshgj@mail.ru;+380505465345;]]>
              </value>
            </param>
          </params>
          <reporter-output>
            <line>
              <![CDATA[<br /><b><font size = 2 color = #000099>Check the possibility of adding ñandidate manually</font></b><br/>]]>
            </line>
            <line>
              <![CDATA[<br /><font size = 2 color = #000000>Click on [First stream on first dep]</font>]]>
            </line>
            <line>
              <![CDATA[<br /><font size = 2 color = #000000>Click on [addCandidateBut]</font>]]>
            </line>
            <line>
              <![CDATA[<br /><font size = 2 color = #000000>Creating new candidate with fields-Ololo;Ololoev;Olololoevich;02.12.2013;sdhgjshgj@mail.ru;+380505465345;</font>]]>
            </line>
            <line>
              <![CDATA[<br /><font size = 2 color = #000000>Click on [Click Create Candidate Button]</font>]]>
            </line>
            <line>
              <![CDATA[<br /><font size = 2 color = #000000>Checking the presence of the elemen [Create Profile Create Button]</font>]]>
            </line>
            <line>
              <![CDATA[<br /><font size = 2 color = #347C17>&nbsp;&nbsp;[Create Profile Create Button]is Not Present</font>]]>
            </line>
            <line>
              <![CDATA[<br /><font size = 2 color = #000000>Check if new candidate was added</font>]]>
            </line>
            <line>
              <![CDATA[<br /><font size = 2 color = #347C17>&nbsp;&nbsp;candidate was added</font>]]>
            </line>
            <line>
              <![CDATA[<br /><font size = 2 color = #000000>Click on [check-box of last cand]</font>]]>
            </line>
            <line>
              <![CDATA[<br /><font size = 2 color = #000000>Click on [deleteButton]</font>]]>
            </line>
            <line>
              <![CDATA[<br /><font size = 2 color = #000000>Checking the presence of the elemen [delCandPopAp]</font>]]>
            </line>
            <line>
              <![CDATA[<br /><font size = 2 color = #347C17>&nbsp;&nbsp;[delCandPopAp]is Present</font>]]>
            </line>
            <line>
              <![CDATA[<br /><font size = 2 color = #000000>Click on [deleteCandPopApButton]</font>]]>
            </line>
          </reporter-output>
        </test-method> <!-- addCandidateManually -->
        <test-method status="PASS" signature="tearDown()[pri:0, instance:com.epam.testexternalpart.tests.AddCandidateTest@131d0b89]" name="tearDown" is-config="true" duration-ms="2472" started-at="2015-01-15T11:10:08Z" finished-at="2015-01-15T11:10:11Z">
          <reporter-output>
          </reporter-output>
        </test-method> <!-- tearDown -->
      </class> <!-- com.epam.testexternalpart.tests.AddCandidateTest -->
    </test> <!-- Default test -->
  </suite> <!-- Default suite -->
</testng-results>
