<?xml version="1.0" encoding="UTF-8"?>
<testng-results skipped="0" failed="0" total="1" passed="1">
  <reporter-output>
  </reporter-output>
  <suite name="Default suite" duration-ms="66420" started-at="2015-01-05T10:18:21Z" finished-at="2015-01-05T10:19:27Z">
    <groups>
    </groups>
    <test name="Default test" duration-ms="66420" started-at="2015-01-05T10:18:21Z" finished-at="2015-01-05T10:19:27Z">
      <class name="com.epam.testexternalpart.tests.AssigningToTest">
        <test-method status="PASS" signature="init()[pri:0, instance:com.epam.testexternalpart.tests.AssigningToTest@2c8d66b2]" name="init" is-config="true" duration-ms="9892" started-at="2015-01-05T12:18:21Z" finished-at="2015-01-05T12:18:31Z">
          <reporter-output>
          </reporter-output>
        </test-method> <!-- init -->
        <test-method status="PASS" signature="initEmails()[pri:0, instance:com.epam.testexternalpart.tests.AssigningToTest@2c8d66b2]" name="initEmails" is-config="true" duration-ms="20" started-at="2015-01-05T12:18:31Z" finished-at="2015-01-05T12:18:31Z">
          <reporter-output>
          </reporter-output>
        </test-method> <!-- initEmails -->
        <test-method status="PASS" signature="startPage()[pri:0, instance:com.epam.testexternalpart.tests.AssigningToTest@2c8d66b2]" name="startPage" is-config="true" duration-ms="562" started-at="2015-01-05T12:18:31Z" finished-at="2015-01-05T12:18:31Z">
          <reporter-output>
          </reporter-output>
        </test-method> <!-- startPage -->
        <test-method status="PASS" signature="responseFromCandidates()[pri:0, instance:com.epam.testexternalpart.tests.AssigningToTest@2c8d66b2]" name="responseFromCandidates" duration-ms="48313" started-at="2015-01-05T12:18:31Z" finished-at="2015-01-05T12:19:20Z">
          <reporter-output>
          </reporter-output>
        </test-method> <!-- responseFromCandidates -->
        <test-method status="PASS" signature="tearDown()[pri:0, instance:com.epam.testexternalpart.tests.AssigningToTest@2c8d66b2]" name="tearDown" is-config="true" duration-ms="7593" started-at="2015-01-05T12:19:20Z" finished-at="2015-01-05T12:19:27Z">
          <reporter-output>
          </reporter-output>
        </test-method> <!-- tearDown -->
      </class> <!-- com.epam.testexternalpart.tests.AssigningToTest -->
    </test> <!-- Default test -->
  </suite> <!-- Default suite -->
</testng-results>
