<?xml version="1.0" encoding="UTF-8"?>
<testsuite name="PlaceForTestingTest"
           tests="3"
           failures="0"
           errors="0"
           skipped="0"
           time="6,327">
  <properties />
  
  
            <testcase name="deleteNewPlaceForTesting" time="1,683" classname="com.epam.testexternalpart.tests.PlaceForTestingTest" />
                <testcase name="editNewPlaceForTesting" time="2,032" classname="com.epam.testexternalpart.tests.PlaceForTestingTest" />
                <testcase name="addNewPlaceForTesting" time="2,612" classname="com.epam.testexternalpart.tests.PlaceForTestingTest" />
      
</testsuite>
