<?xml version="1.0" encoding="UTF-8"?>
<testsuite name="DepartmentTest"
           tests="3"
           failures="0"
           errors="0"
           skipped="0"
           time="9.543">
  <properties />
  
  
            <testcase name="testEditDepartmentName" time="5.435" classname="com.epam.testexternalpart.tests.DepartmentTest" />
                <testcase name="testAddDepartment" time="0.589" classname="com.epam.testexternalpart.tests.DepartmentTest" />
                <testcase name="testAddDepartmentWithValidName" time="3.519" classname="com.epam.testexternalpart.tests.DepartmentTest" />
      
</testsuite>
